[ 2017-03-05T23:01:08+08:00 ] ::1 ::1 GET /pc/public/
[ log ] localhost/pc/public/ [运行时间：0.118276s][吞吐率：8.45req/s] [内存消耗：1,000.44kb] [文件加载：27]
[ info ] [ LANG ] D:\xampp\htdocs\pc\thinkphp\lang\zh-cn.php
[ info ] [ ROUTE ] array (
  'type' => 'module',
  'module' => 
  array (
    0 => '',
    1 => NULL,
    2 => NULL,
  ),
)
[ info ] [ HEADER ] array (
  'host' => 'localhost',
  'connection' => 'keep-alive',
  'accept' => 'text/html,application/xhtml+xml,application/xml;q=0.9,image/webp,*/*;q=0.8',
  'upgrade-insecure-requests' => '1',
  'user-agent' => 'Mozilla/5.0 (Windows NT 10.0; WOW64) AppleWebKit/537.36 (KHTML, like Gecko) Chrome/50.0.2661.102 Safari/537.36',
  'referer' => 'http://localhost/pc/',
  'accept-encoding' => 'gzip, deflate, sdch',
  'accept-language' => 'zh-CN,zh;q=0.8',
)
[ info ] [ PARAM ] array (
)
[ info ] [ LOG ] INIT File

---------------------------------------------------------------
[ 2017-03-05T23:02:24+08:00 ] ::1 ::1 GET /pc/public/
[ log ] localhost/pc/public/ [运行时间：0.015187s][吞吐率：65.85req/s] [内存消耗：1,000.42kb] [文件加载：27]
[ info ] [ LANG ] D:\xampp\htdocs\pc\thinkphp\lang\zh-cn.php
[ info ] [ ROUTE ] array (
  'type' => 'module',
  'module' => 
  array (
    0 => '',
    1 => NULL,
    2 => NULL,
  ),
)
[ info ] [ HEADER ] array (
  'host' => 'localhost',
  'connection' => 'keep-alive',
  'accept' => 'text/html,application/xhtml+xml,application/xml;q=0.9,image/webp,*/*;q=0.8',
  'upgrade-insecure-requests' => '1',
  'user-agent' => 'Mozilla/5.0 (Windows NT 10.0; WOW64) AppleWebKit/537.36 (KHTML, like Gecko) Chrome/50.0.2661.102 Safari/537.36',
  'referer' => 'http://localhost/pc/',
  'accept-encoding' => 'gzip, deflate, sdch',
  'accept-language' => 'zh-CN,zh;q=0.8',
)
[ info ] [ PARAM ] array (
)
[ info ] [ LOG ] INIT File

---------------------------------------------------------------
[ 2017-03-05T23:05:43+08:00 ] ::1 ::1 GET /pc/public/
[ log ] localhost/pc/public/ [运行时间：0.039493s][吞吐率：25.32req/s] [内存消耗：1,001.23kb] [文件加载：27]
[ info ] [ LANG ] D:\xampp\htdocs\pc\thinkphp\lang\zh-cn.php
[ info ] [ ROUTE ] array (
  'type' => 'module',
  'module' => 
  array (
    0 => '',
    1 => NULL,
    2 => NULL,
  ),
)
[ info ] [ HEADER ] array (
  'host' => 'localhost',
  'connection' => 'keep-alive',
  'cache-control' => 'max-age=0',
  'accept' => 'text/html,application/xhtml+xml,application/xml;q=0.9,image/webp,*/*;q=0.8',
  'upgrade-insecure-requests' => '1',
  'user-agent' => 'Mozilla/5.0 (Windows NT 10.0; WOW64) AppleWebKit/537.36 (KHTML, like Gecko) Chrome/50.0.2661.102 Safari/537.36',
  'referer' => 'http://localhost/pc/',
  'accept-encoding' => 'gzip, deflate, sdch',
  'accept-language' => 'zh-CN,zh;q=0.8',
)
[ info ] [ PARAM ] array (
)
[ info ] [ LOG ] INIT File

---------------------------------------------------------------
[ 2017-03-05T23:05:47+08:00 ] ::1 ::1 GET /pc/public/
[ log ] localhost/pc/public/ [运行时间：0.014687s][吞吐率：68.09req/s] [内存消耗：1,001.23kb] [文件加载：27]
[ info ] [ LANG ] D:\xampp\htdocs\pc\thinkphp\lang\zh-cn.php
[ info ] [ ROUTE ] array (
  'type' => 'module',
  'module' => 
  array (
    0 => '',
    1 => NULL,
    2 => NULL,
  ),
)
[ info ] [ HEADER ] array (
  'host' => 'localhost',
  'connection' => 'keep-alive',
  'cache-control' => 'max-age=0',
  'accept' => 'text/html,application/xhtml+xml,application/xml;q=0.9,image/webp,*/*;q=0.8',
  'upgrade-insecure-requests' => '1',
  'user-agent' => 'Mozilla/5.0 (Windows NT 10.0; WOW64) AppleWebKit/537.36 (KHTML, like Gecko) Chrome/50.0.2661.102 Safari/537.36',
  'referer' => 'http://localhost/pc/',
  'accept-encoding' => 'gzip, deflate, sdch',
  'accept-language' => 'zh-CN,zh;q=0.8',
)
[ info ] [ PARAM ] array (
)
[ info ] [ LOG ] INIT File

---------------------------------------------------------------
[ 2017-03-05T23:08:19+08:00 ] ::1 ::1 GET /pc/public/
[ log ] localhost/pc/public/ [运行时间：0.037432s][吞吐率：26.72req/s] [内存消耗：1,001.22kb] [文件加载：27]
[ info ] [ LANG ] D:\xampp\htdocs\pc\thinkphp\lang\zh-cn.php
[ info ] [ ROUTE ] array (
  'type' => 'module',
  'module' => 
  array (
    0 => '',
    1 => NULL,
    2 => NULL,
  ),
)
[ info ] [ HEADER ] array (
  'host' => 'localhost',
  'connection' => 'keep-alive',
  'cache-control' => 'max-age=0',
  'accept' => 'text/html,application/xhtml+xml,application/xml;q=0.9,image/webp,*/*;q=0.8',
  'upgrade-insecure-requests' => '1',
  'user-agent' => 'Mozilla/5.0 (Windows NT 10.0; WOW64) AppleWebKit/537.36 (KHTML, like Gecko) Chrome/50.0.2661.102 Safari/537.36',
  'referer' => 'http://localhost/pc/',
  'accept-encoding' => 'gzip, deflate, sdch',
  'accept-language' => 'zh-CN,zh;q=0.8',
)
[ info ] [ PARAM ] array (
)
[ info ] [ LOG ] INIT File

---------------------------------------------------------------
[ 2017-03-05T23:08:20+08:00 ] ::1 ::1 GET /pc/public/
[ log ] localhost/pc/public/ [运行时间：0.051107s][吞吐率：19.57req/s] [内存消耗：1,001.23kb] [文件加载：27]
[ info ] [ LANG ] D:\xampp\htdocs\pc\thinkphp\lang\zh-cn.php
[ info ] [ ROUTE ] array (
  'type' => 'module',
  'module' => 
  array (
    0 => '',
    1 => NULL,
    2 => NULL,
  ),
)
[ info ] [ HEADER ] array (
  'host' => 'localhost',
  'connection' => 'keep-alive',
  'cache-control' => 'max-age=0',
  'accept' => 'text/html,application/xhtml+xml,application/xml;q=0.9,image/webp,*/*;q=0.8',
  'upgrade-insecure-requests' => '1',
  'user-agent' => 'Mozilla/5.0 (Windows NT 10.0; WOW64) AppleWebKit/537.36 (KHTML, like Gecko) Chrome/50.0.2661.102 Safari/537.36',
  'referer' => 'http://localhost/pc/',
  'accept-encoding' => 'gzip, deflate, sdch',
  'accept-language' => 'zh-CN,zh;q=0.8',
)
[ info ] [ PARAM ] array (
)
[ info ] [ LOG ] INIT File

---------------------------------------------------------------
[ 2017-03-05T23:08:20+08:00 ] ::1 ::1 GET /pc/public/
[ log ] localhost/pc/public/ [运行时间：0.040055s][吞吐率：24.97req/s] [内存消耗：1,001.23kb] [文件加载：27]
[ info ] [ LANG ] D:\xampp\htdocs\pc\thinkphp\lang\zh-cn.php
[ info ] [ ROUTE ] array (
  'type' => 'module',
  'module' => 
  array (
    0 => '',
    1 => NULL,
    2 => NULL,
  ),
)
[ info ] [ HEADER ] array (
  'host' => 'localhost',
  'connection' => 'keep-alive',
  'cache-control' => 'max-age=0',
  'accept' => 'text/html,application/xhtml+xml,application/xml;q=0.9,image/webp,*/*;q=0.8',
  'upgrade-insecure-requests' => '1',
  'user-agent' => 'Mozilla/5.0 (Windows NT 10.0; WOW64) AppleWebKit/537.36 (KHTML, like Gecko) Chrome/50.0.2661.102 Safari/537.36',
  'referer' => 'http://localhost/pc/',
  'accept-encoding' => 'gzip, deflate, sdch',
  'accept-language' => 'zh-CN,zh;q=0.8',
)
[ info ] [ PARAM ] array (
)
[ info ] [ LOG ] INIT File

---------------------------------------------------------------
[ 2017-03-05T23:08:20+08:00 ] ::1 ::1 GET /pc/public/
[ log ] localhost/pc/public/ [运行时间：0.014701s][吞吐率：68.02req/s] [内存消耗：1,001.22kb] [文件加载：27]
[ info ] [ LANG ] D:\xampp\htdocs\pc\thinkphp\lang\zh-cn.php
[ info ] [ ROUTE ] array (
  'type' => 'module',
  'module' => 
  array (
    0 => '',
    1 => NULL,
    2 => NULL,
  ),
)
[ info ] [ HEADER ] array (
  'host' => 'localhost',
  'connection' => 'keep-alive',
  'cache-control' => 'max-age=0',
  'accept' => 'text/html,application/xhtml+xml,application/xml;q=0.9,image/webp,*/*;q=0.8',
  'upgrade-insecure-requests' => '1',
  'user-agent' => 'Mozilla/5.0 (Windows NT 10.0; WOW64) AppleWebKit/537.36 (KHTML, like Gecko) Chrome/50.0.2661.102 Safari/537.36',
  'referer' => 'http://localhost/pc/',
  'accept-encoding' => 'gzip, deflate, sdch',
  'accept-language' => 'zh-CN,zh;q=0.8',
)
[ info ] [ PARAM ] array (
)
[ info ] [ LOG ] INIT File

---------------------------------------------------------------
[ 2017-03-05T23:08:36+08:00 ] ::1 ::1 GET /pc/public/
[ log ] localhost/pc/public/ [运行时间：0.048785s][吞吐率：20.50req/s] [内存消耗：1,001.22kb] [文件加载：27]
[ info ] [ LANG ] D:\xampp\htdocs\pc\thinkphp\lang\zh-cn.php
[ info ] [ ROUTE ] array (
  'type' => 'module',
  'module' => 
  array (
    0 => '',
    1 => NULL,
    2 => NULL,
  ),
)
[ info ] [ HEADER ] array (
  'host' => 'localhost',
  'connection' => 'keep-alive',
  'cache-control' => 'max-age=0',
  'accept' => 'text/html,application/xhtml+xml,application/xml;q=0.9,image/webp,*/*;q=0.8',
  'upgrade-insecure-requests' => '1',
  'user-agent' => 'Mozilla/5.0 (Windows NT 10.0; WOW64) AppleWebKit/537.36 (KHTML, like Gecko) Chrome/50.0.2661.102 Safari/537.36',
  'referer' => 'http://localhost/pc/',
  'accept-encoding' => 'gzip, deflate, sdch',
  'accept-language' => 'zh-CN,zh;q=0.8',
)
[ info ] [ PARAM ] array (
)
[ info ] [ LOG ] INIT File

---------------------------------------------------------------
[ 2017-03-05T23:11:54+08:00 ] ::1 ::1 GET /pc/public/
[ log ] localhost/pc/public/ [运行时间：0.038440s][吞吐率：26.01req/s] [内存消耗：1,001.23kb] [文件加载：27]
[ info ] [ LANG ] D:\xampp\htdocs\pc\thinkphp\lang\zh-cn.php
[ info ] [ ROUTE ] array (
  'type' => 'module',
  'module' => 
  array (
    0 => '',
    1 => NULL,
    2 => NULL,
  ),
)
[ info ] [ HEADER ] array (
  'host' => 'localhost',
  'connection' => 'keep-alive',
  'cache-control' => 'max-age=0',
  'accept' => 'text/html,application/xhtml+xml,application/xml;q=0.9,image/webp,*/*;q=0.8',
  'upgrade-insecure-requests' => '1',
  'user-agent' => 'Mozilla/5.0 (Windows NT 10.0; WOW64) AppleWebKit/537.36 (KHTML, like Gecko) Chrome/50.0.2661.102 Safari/537.36',
  'referer' => 'http://localhost/pc/',
  'accept-encoding' => 'gzip, deflate, sdch',
  'accept-language' => 'zh-CN,zh;q=0.8',
)
[ info ] [ PARAM ] array (
)
[ info ] [ LOG ] INIT File

---------------------------------------------------------------
[ 2017-03-05T23:11:55+08:00 ] ::1 ::1 GET /pc/public/
[ log ] localhost/pc/public/ [运行时间：0.042108s][吞吐率：23.75req/s] [内存消耗：1,001.22kb] [文件加载：27]
[ info ] [ LANG ] D:\xampp\htdocs\pc\thinkphp\lang\zh-cn.php
[ info ] [ ROUTE ] array (
  'type' => 'module',
  'module' => 
  array (
    0 => '',
    1 => NULL,
    2 => NULL,
  ),
)
[ info ] [ HEADER ] array (
  'host' => 'localhost',
  'connection' => 'keep-alive',
  'cache-control' => 'max-age=0',
  'accept' => 'text/html,application/xhtml+xml,application/xml;q=0.9,image/webp,*/*;q=0.8',
  'upgrade-insecure-requests' => '1',
  'user-agent' => 'Mozilla/5.0 (Windows NT 10.0; WOW64) AppleWebKit/537.36 (KHTML, like Gecko) Chrome/50.0.2661.102 Safari/537.36',
  'referer' => 'http://localhost/pc/',
  'accept-encoding' => 'gzip, deflate, sdch',
  'accept-language' => 'zh-CN,zh;q=0.8',
)
[ info ] [ PARAM ] array (
)
[ info ] [ LOG ] INIT File

---------------------------------------------------------------
[ 2017-03-05T23:11:55+08:00 ] ::1 ::1 GET /pc/public/
[ log ] localhost/pc/public/ [运行时间：0.035477s][吞吐率：28.19req/s] [内存消耗：1,001.23kb] [文件加载：27]
[ info ] [ LANG ] D:\xampp\htdocs\pc\thinkphp\lang\zh-cn.php
[ info ] [ ROUTE ] array (
  'type' => 'module',
  'module' => 
  array (
    0 => '',
    1 => NULL,
    2 => NULL,
  ),
)
[ info ] [ HEADER ] array (
  'host' => 'localhost',
  'connection' => 'keep-alive',
  'cache-control' => 'max-age=0',
  'accept' => 'text/html,application/xhtml+xml,application/xml;q=0.9,image/webp,*/*;q=0.8',
  'upgrade-insecure-requests' => '1',
  'user-agent' => 'Mozilla/5.0 (Windows NT 10.0; WOW64) AppleWebKit/537.36 (KHTML, like Gecko) Chrome/50.0.2661.102 Safari/537.36',
  'referer' => 'http://localhost/pc/',
  'accept-encoding' => 'gzip, deflate, sdch',
  'accept-language' => 'zh-CN,zh;q=0.8',
)
[ info ] [ PARAM ] array (
)
[ info ] [ LOG ] INIT File

---------------------------------------------------------------
[ 2017-03-05T23:11:56+08:00 ] ::1 ::1 GET /pc/public/
[ log ] localhost/pc/public/ [运行时间：0.031455s][吞吐率：31.79req/s] [内存消耗：1,001.23kb] [文件加载：27]
[ info ] [ LANG ] D:\xampp\htdocs\pc\thinkphp\lang\zh-cn.php
[ info ] [ ROUTE ] array (
  'type' => 'module',
  'module' => 
  array (
    0 => '',
    1 => NULL,
    2 => NULL,
  ),
)
[ info ] [ HEADER ] array (
  'host' => 'localhost',
  'connection' => 'keep-alive',
  'cache-control' => 'max-age=0',
  'accept' => 'text/html,application/xhtml+xml,application/xml;q=0.9,image/webp,*/*;q=0.8',
  'upgrade-insecure-requests' => '1',
  'user-agent' => 'Mozilla/5.0 (Windows NT 10.0; WOW64) AppleWebKit/537.36 (KHTML, like Gecko) Chrome/50.0.2661.102 Safari/537.36',
  'referer' => 'http://localhost/pc/',
  'accept-encoding' => 'gzip, deflate, sdch',
  'accept-language' => 'zh-CN,zh;q=0.8',
)
[ info ] [ PARAM ] array (
)
[ info ] [ LOG ] INIT File

---------------------------------------------------------------
[ 2017-03-05T23:11:56+08:00 ] ::1 ::1 GET /pc/public/
[ log ] localhost/pc/public/ [运行时间：0.026116s][吞吐率：38.29req/s] [内存消耗：1,001.23kb] [文件加载：27]
[ info ] [ LANG ] D:\xampp\htdocs\pc\thinkphp\lang\zh-cn.php
[ info ] [ ROUTE ] array (
  'type' => 'module',
  'module' => 
  array (
    0 => '',
    1 => NULL,
    2 => NULL,
  ),
)
[ info ] [ HEADER ] array (
  'host' => 'localhost',
  'connection' => 'keep-alive',
  'cache-control' => 'max-age=0',
  'accept' => 'text/html,application/xhtml+xml,application/xml;q=0.9,image/webp,*/*;q=0.8',
  'upgrade-insecure-requests' => '1',
  'user-agent' => 'Mozilla/5.0 (Windows NT 10.0; WOW64) AppleWebKit/537.36 (KHTML, like Gecko) Chrome/50.0.2661.102 Safari/537.36',
  'referer' => 'http://localhost/pc/',
  'accept-encoding' => 'gzip, deflate, sdch',
  'accept-language' => 'zh-CN,zh;q=0.8',
)
[ info ] [ PARAM ] array (
)
[ info ] [ LOG ] INIT File

---------------------------------------------------------------
[ 2017-03-05T23:11:56+08:00 ] ::1 ::1 GET /pc/public/
[ log ] localhost/pc/public/ [运行时间：0.032192s][吞吐率：31.06req/s] [内存消耗：1,001.23kb] [文件加载：27]
[ info ] [ LANG ] D:\xampp\htdocs\pc\thinkphp\lang\zh-cn.php
[ info ] [ ROUTE ] array (
  'type' => 'module',
  'module' => 
  array (
    0 => '',
    1 => NULL,
    2 => NULL,
  ),
)
[ info ] [ HEADER ] array (
  'host' => 'localhost',
  'connection' => 'keep-alive',
  'cache-control' => 'max-age=0',
  'accept' => 'text/html,application/xhtml+xml,application/xml;q=0.9,image/webp,*/*;q=0.8',
  'upgrade-insecure-requests' => '1',
  'user-agent' => 'Mozilla/5.0 (Windows NT 10.0; WOW64) AppleWebKit/537.36 (KHTML, like Gecko) Chrome/50.0.2661.102 Safari/537.36',
  'referer' => 'http://localhost/pc/',
  'accept-encoding' => 'gzip, deflate, sdch',
  'accept-language' => 'zh-CN,zh;q=0.8',
)
[ info ] [ PARAM ] array (
)
[ info ] [ LOG ] INIT File

---------------------------------------------------------------
[ 2017-03-05T23:11:56+08:00 ] ::1 ::1 GET /pc/public/
[ log ] localhost/pc/public/ [运行时间：0.019877s][吞吐率：50.31req/s] [内存消耗：1,001.23kb] [文件加载：27]
[ info ] [ LANG ] D:\xampp\htdocs\pc\thinkphp\lang\zh-cn.php
[ info ] [ ROUTE ] array (
  'type' => 'module',
  'module' => 
  array (
    0 => '',
    1 => NULL,
    2 => NULL,
  ),
)
[ info ] [ HEADER ] array (
  'host' => 'localhost',
  'connection' => 'keep-alive',
  'cache-control' => 'max-age=0',
  'accept' => 'text/html,application/xhtml+xml,application/xml;q=0.9,image/webp,*/*;q=0.8',
  'upgrade-insecure-requests' => '1',
  'user-agent' => 'Mozilla/5.0 (Windows NT 10.0; WOW64) AppleWebKit/537.36 (KHTML, like Gecko) Chrome/50.0.2661.102 Safari/537.36',
  'referer' => 'http://localhost/pc/',
  'accept-encoding' => 'gzip, deflate, sdch',
  'accept-language' => 'zh-CN,zh;q=0.8',
)
[ info ] [ PARAM ] array (
)
[ info ] [ LOG ] INIT File

---------------------------------------------------------------
[ 2017-03-05T23:12:45+08:00 ] ::1 ::1 GET /pc/public/
[ log ] localhost/pc/public/ [运行时间：0.014072s][吞吐率：71.06req/s] [内存消耗：1,001.33kb] [文件加载：27]
[ info ] [ LANG ] D:\xampp\htdocs\pc\thinkphp\lang\zh-cn.php
[ info ] [ ROUTE ] array (
  'type' => 'module',
  'module' => 
  array (
    0 => '',
    1 => NULL,
    2 => NULL,
  ),
)
[ info ] [ HEADER ] array (
  'host' => 'localhost',
  'connection' => 'keep-alive',
  'accept' => 'text/html,application/xhtml+xml,application/xml;q=0.9,image/webp,*/*;q=0.8',
  'upgrade-insecure-requests' => '1',
  'user-agent' => 'Mozilla/5.0 (Windows NT 10.0; WOW64) AppleWebKit/537.36 (KHTML, like Gecko) Chrome/50.0.2661.102 Safari/537.36',
  'referer' => 'http://localhost/pc/',
  'accept-encoding' => 'gzip, deflate, sdch',
  'accept-language' => 'zh-CN,zh;q=0.8',
  'cookie' => 'pgv_pvi=3592348672; pgv_si=s9820104704',
)
[ info ] [ PARAM ] array (
)
[ info ] [ LOG ] INIT File

---------------------------------------------------------------
[ 2017-03-05T23:14:12+08:00 ] ::1 ::1 GET /pc/public/
[ log ] localhost/pc/public/ [运行时间：0.039147s][吞吐率：25.54req/s] [内存消耗：1,001.45kb] [文件加载：27]
[ info ] [ LANG ] D:\xampp\htdocs\pc\thinkphp\lang\zh-cn.php
[ info ] [ ROUTE ] array (
  'type' => 'module',
  'module' => 
  array (
    0 => '',
    1 => NULL,
    2 => NULL,
  ),
)
[ info ] [ HEADER ] array (
  'host' => 'localhost',
  'connection' => 'keep-alive',
  'cache-control' => 'max-age=0',
  'accept' => 'text/html,application/xhtml+xml,application/xml;q=0.9,image/webp,*/*;q=0.8',
  'upgrade-insecure-requests' => '1',
  'user-agent' => 'Mozilla/5.0 (Windows NT 10.0; WOW64) AppleWebKit/537.36 (KHTML, like Gecko) Chrome/50.0.2661.102 Safari/537.36',
  'referer' => 'http://localhost/pc/',
  'accept-encoding' => 'gzip, deflate, sdch',
  'accept-language' => 'zh-CN,zh;q=0.8',
  'cookie' => 'pgv_pvi=3592348672; pgv_si=s9820104704',
)
[ info ] [ PARAM ] array (
)
[ info ] [ LOG ] INIT File

---------------------------------------------------------------
[ 2017-03-05T23:15:51+08:00 ] ::1 ::1 GET /pc/public/
[ log ] localhost/pc/public/ [运行时间：0.035947s][吞吐率：27.82req/s] [内存消耗：1,000.84kb] [文件加载：27]
[ info ] [ LANG ] D:\xampp\htdocs\pc\thinkphp\lang\zh-cn.php
[ info ] [ ROUTE ] array (
  'type' => 'module',
  'module' => 
  array (
    0 => '',
    1 => NULL,
    2 => NULL,
  ),
)
[ info ] [ HEADER ] array (
  'host' => 'localhost',
  'connection' => 'keep-alive',
  'cache-control' => 'max-age=0',
  'accept' => 'text/html,application/xhtml+xml,application/xml;q=0.9,image/webp,*/*;q=0.8',
  'upgrade-insecure-requests' => '1',
  'user-agent' => 'Mozilla/5.0 (Windows NT 10.0; WOW64) AppleWebKit/537.36 (KHTML, like Gecko) Chrome/50.0.2661.102 Safari/537.36',
  'referer' => 'http://localhost/pc/',
  'accept-encoding' => 'gzip, deflate, sdch',
  'accept-language' => 'zh-CN,zh;q=0.8',
  'cookie' => 'pgv_pvi=3592348672; pgv_si=s9820104704',
)
[ info ] [ PARAM ] array (
)
[ info ] [ LOG ] INIT File

---------------------------------------------------------------
[ 2017-03-05T23:15:52+08:00 ] ::1 ::1 GET /pc/public/
[ log ] localhost/pc/public/ [运行时间：0.034898s][吞吐率：28.65req/s] [内存消耗：1,000.84kb] [文件加载：27]
[ info ] [ LANG ] D:\xampp\htdocs\pc\thinkphp\lang\zh-cn.php
[ info ] [ ROUTE ] array (
  'type' => 'module',
  'module' => 
  array (
    0 => '',
    1 => NULL,
    2 => NULL,
  ),
)
[ info ] [ HEADER ] array (
  'host' => 'localhost',
  'connection' => 'keep-alive',
  'cache-control' => 'max-age=0',
  'accept' => 'text/html,application/xhtml+xml,application/xml;q=0.9,image/webp,*/*;q=0.8',
  'upgrade-insecure-requests' => '1',
  'user-agent' => 'Mozilla/5.0 (Windows NT 10.0; WOW64) AppleWebKit/537.36 (KHTML, like Gecko) Chrome/50.0.2661.102 Safari/537.36',
  'referer' => 'http://localhost/pc/',
  'accept-encoding' => 'gzip, deflate, sdch',
  'accept-language' => 'zh-CN,zh;q=0.8',
  'cookie' => 'pgv_pvi=3592348672; pgv_si=s9820104704',
)
[ info ] [ PARAM ] array (
)
[ info ] [ LOG ] INIT File

---------------------------------------------------------------
[ 2017-03-05T23:15:52+08:00 ] ::1 ::1 GET /pc/public/
[ log ] localhost/pc/public/ [运行时间：0.017077s][吞吐率：58.56req/s] [内存消耗：1,000.84kb] [文件加载：27]
[ info ] [ LANG ] D:\xampp\htdocs\pc\thinkphp\lang\zh-cn.php
[ info ] [ ROUTE ] array (
  'type' => 'module',
  'module' => 
  array (
    0 => '',
    1 => NULL,
    2 => NULL,
  ),
)
[ info ] [ HEADER ] array (
  'host' => 'localhost',
  'connection' => 'keep-alive',
  'cache-control' => 'max-age=0',
  'accept' => 'text/html,application/xhtml+xml,application/xml;q=0.9,image/webp,*/*;q=0.8',
  'upgrade-insecure-requests' => '1',
  'user-agent' => 'Mozilla/5.0 (Windows NT 10.0; WOW64) AppleWebKit/537.36 (KHTML, like Gecko) Chrome/50.0.2661.102 Safari/537.36',
  'referer' => 'http://localhost/pc/',
  'accept-encoding' => 'gzip, deflate, sdch',
  'accept-language' => 'zh-CN,zh;q=0.8',
  'cookie' => 'pgv_pvi=3592348672; pgv_si=s9820104704',
)
[ info ] [ PARAM ] array (
)
[ info ] [ LOG ] INIT File

---------------------------------------------------------------
[ 2017-03-05T23:15:52+08:00 ] ::1 ::1 GET /pc/public/
[ log ] localhost/pc/public/ [运行时间：0.017123s][吞吐率：58.40req/s] [内存消耗：1,000.84kb] [文件加载：27]
[ info ] [ LANG ] D:\xampp\htdocs\pc\thinkphp\lang\zh-cn.php
[ info ] [ ROUTE ] array (
  'type' => 'module',
  'module' => 
  array (
    0 => '',
    1 => NULL,
    2 => NULL,
  ),
)
[ info ] [ HEADER ] array (
  'host' => 'localhost',
  'connection' => 'keep-alive',
  'cache-control' => 'max-age=0',
  'accept' => 'text/html,application/xhtml+xml,application/xml;q=0.9,image/webp,*/*;q=0.8',
  'upgrade-insecure-requests' => '1',
  'user-agent' => 'Mozilla/5.0 (Windows NT 10.0; WOW64) AppleWebKit/537.36 (KHTML, like Gecko) Chrome/50.0.2661.102 Safari/537.36',
  'referer' => 'http://localhost/pc/',
  'accept-encoding' => 'gzip, deflate, sdch',
  'accept-language' => 'zh-CN,zh;q=0.8',
  'cookie' => 'pgv_pvi=3592348672; pgv_si=s9820104704',
)
[ info ] [ PARAM ] array (
)
[ info ] [ LOG ] INIT File

---------------------------------------------------------------
[ 2017-03-05T23:16:07+08:00 ] ::1 ::1 GET /pc/public/
[ log ] localhost/pc/public/ [运行时间：0.042152s][吞吐率：23.72req/s] [内存消耗：1,001.45kb] [文件加载：27]
[ info ] [ LANG ] D:\xampp\htdocs\pc\thinkphp\lang\zh-cn.php
[ info ] [ ROUTE ] array (
  'type' => 'module',
  'module' => 
  array (
    0 => '',
    1 => NULL,
    2 => NULL,
  ),
)
[ info ] [ HEADER ] array (
  'host' => 'localhost',
  'connection' => 'keep-alive',
  'cache-control' => 'max-age=0',
  'accept' => 'text/html,application/xhtml+xml,application/xml;q=0.9,image/webp,*/*;q=0.8',
  'upgrade-insecure-requests' => '1',
  'user-agent' => 'Mozilla/5.0 (Windows NT 10.0; WOW64) AppleWebKit/537.36 (KHTML, like Gecko) Chrome/50.0.2661.102 Safari/537.36',
  'referer' => 'http://localhost/pc/',
  'accept-encoding' => 'gzip, deflate, sdch',
  'accept-language' => 'zh-CN,zh;q=0.8',
  'cookie' => 'pgv_pvi=3592348672; pgv_si=s9820104704',
)
[ info ] [ PARAM ] array (
)
[ info ] [ LOG ] INIT File

---------------------------------------------------------------
[ 2017-03-05T23:16:36+08:00 ] ::1 ::1 GET /pc/public/
[ log ] localhost/pc/public/ [运行时间：0.040145s][吞吐率：24.91req/s] [内存消耗：1,001.45kb] [文件加载：27]
[ info ] [ LANG ] D:\xampp\htdocs\pc\thinkphp\lang\zh-cn.php
[ info ] [ ROUTE ] array (
  'type' => 'module',
  'module' => 
  array (
    0 => '',
    1 => NULL,
    2 => NULL,
  ),
)
[ info ] [ HEADER ] array (
  'host' => 'localhost',
  'connection' => 'keep-alive',
  'cache-control' => 'max-age=0',
  'accept' => 'text/html,application/xhtml+xml,application/xml;q=0.9,image/webp,*/*;q=0.8',
  'upgrade-insecure-requests' => '1',
  'user-agent' => 'Mozilla/5.0 (Windows NT 10.0; WOW64) AppleWebKit/537.36 (KHTML, like Gecko) Chrome/50.0.2661.102 Safari/537.36',
  'referer' => 'http://localhost/pc/',
  'accept-encoding' => 'gzip, deflate, sdch',
  'accept-language' => 'zh-CN,zh;q=0.8',
  'cookie' => 'pgv_pvi=3592348672; pgv_si=s9820104704',
)
[ info ] [ PARAM ] array (
)
[ info ] [ LOG ] INIT File

---------------------------------------------------------------
[ 2017-03-05T23:16:37+08:00 ] ::1 ::1 GET /pc/public/
[ log ] localhost/pc/public/ [运行时间：0.045063s][吞吐率：22.19req/s] [内存消耗：1,001.45kb] [文件加载：27]
[ info ] [ LANG ] D:\xampp\htdocs\pc\thinkphp\lang\zh-cn.php
[ info ] [ ROUTE ] array (
  'type' => 'module',
  'module' => 
  array (
    0 => '',
    1 => NULL,
    2 => NULL,
  ),
)
[ info ] [ HEADER ] array (
  'host' => 'localhost',
  'connection' => 'keep-alive',
  'cache-control' => 'max-age=0',
  'accept' => 'text/html,application/xhtml+xml,application/xml;q=0.9,image/webp,*/*;q=0.8',
  'upgrade-insecure-requests' => '1',
  'user-agent' => 'Mozilla/5.0 (Windows NT 10.0; WOW64) AppleWebKit/537.36 (KHTML, like Gecko) Chrome/50.0.2661.102 Safari/537.36',
  'referer' => 'http://localhost/pc/',
  'accept-encoding' => 'gzip, deflate, sdch',
  'accept-language' => 'zh-CN,zh;q=0.8',
  'cookie' => 'pgv_pvi=3592348672; pgv_si=s9820104704',
)
[ info ] [ PARAM ] array (
)
[ info ] [ LOG ] INIT File

---------------------------------------------------------------
[ 2017-03-05T23:16:37+08:00 ] ::1 ::1 GET /pc/public/
[ log ] localhost/pc/public/ [运行时间：0.014034s][吞吐率：71.26req/s] [内存消耗：1,001.45kb] [文件加载：27]
[ info ] [ LANG ] D:\xampp\htdocs\pc\thinkphp\lang\zh-cn.php
[ info ] [ ROUTE ] array (
  'type' => 'module',
  'module' => 
  array (
    0 => '',
    1 => NULL,
    2 => NULL,
  ),
)
[ info ] [ HEADER ] array (
  'host' => 'localhost',
  'connection' => 'keep-alive',
  'cache-control' => 'max-age=0',
  'accept' => 'text/html,application/xhtml+xml,application/xml;q=0.9,image/webp,*/*;q=0.8',
  'upgrade-insecure-requests' => '1',
  'user-agent' => 'Mozilla/5.0 (Windows NT 10.0; WOW64) AppleWebKit/537.36 (KHTML, like Gecko) Chrome/50.0.2661.102 Safari/537.36',
  'referer' => 'http://localhost/pc/',
  'accept-encoding' => 'gzip, deflate, sdch',
  'accept-language' => 'zh-CN,zh;q=0.8',
  'cookie' => 'pgv_pvi=3592348672; pgv_si=s9820104704',
)
[ info ] [ PARAM ] array (
)
[ info ] [ LOG ] INIT File

---------------------------------------------------------------
[ 2017-03-05T23:16:38+08:00 ] ::1 ::1 GET /pc/public/
[ log ] localhost/pc/public/ [运行时间：0.051032s][吞吐率：19.60req/s] [内存消耗：1,001.45kb] [文件加载：27]
[ info ] [ LANG ] D:\xampp\htdocs\pc\thinkphp\lang\zh-cn.php
[ info ] [ ROUTE ] array (
  'type' => 'module',
  'module' => 
  array (
    0 => '',
    1 => NULL,
    2 => NULL,
  ),
)
[ info ] [ HEADER ] array (
  'host' => 'localhost',
  'connection' => 'keep-alive',
  'cache-control' => 'max-age=0',
  'accept' => 'text/html,application/xhtml+xml,application/xml;q=0.9,image/webp,*/*;q=0.8',
  'upgrade-insecure-requests' => '1',
  'user-agent' => 'Mozilla/5.0 (Windows NT 10.0; WOW64) AppleWebKit/537.36 (KHTML, like Gecko) Chrome/50.0.2661.102 Safari/537.36',
  'referer' => 'http://localhost/pc/',
  'accept-encoding' => 'gzip, deflate, sdch',
  'accept-language' => 'zh-CN,zh;q=0.8',
  'cookie' => 'pgv_pvi=3592348672; pgv_si=s9820104704',
)
[ info ] [ PARAM ] array (
)
[ info ] [ LOG ] INIT File

---------------------------------------------------------------
[ 2017-03-05T23:17:12+08:00 ] ::1 ::1 GET /pc/public/
[ log ] localhost/pc/public/ [运行时间：0.036403s][吞吐率：27.47req/s] [内存消耗：1,001.45kb] [文件加载：27]
[ info ] [ LANG ] D:\xampp\htdocs\pc\thinkphp\lang\zh-cn.php
[ info ] [ ROUTE ] array (
  'type' => 'module',
  'module' => 
  array (
    0 => '',
    1 => NULL,
    2 => NULL,
  ),
)
[ info ] [ HEADER ] array (
  'host' => 'localhost',
  'connection' => 'keep-alive',
  'cache-control' => 'max-age=0',
  'accept' => 'text/html,application/xhtml+xml,application/xml;q=0.9,image/webp,*/*;q=0.8',
  'upgrade-insecure-requests' => '1',
  'user-agent' => 'Mozilla/5.0 (Windows NT 10.0; WOW64) AppleWebKit/537.36 (KHTML, like Gecko) Chrome/50.0.2661.102 Safari/537.36',
  'referer' => 'http://localhost/pc/',
  'accept-encoding' => 'gzip, deflate, sdch',
  'accept-language' => 'zh-CN,zh;q=0.8',
  'cookie' => 'pgv_pvi=3592348672; pgv_si=s9820104704',
)
[ info ] [ PARAM ] array (
)
[ info ] [ LOG ] INIT File

---------------------------------------------------------------
[ 2017-03-05T23:17:13+08:00 ] ::1 ::1 GET /pc/public/
[ log ] localhost/pc/public/ [运行时间：0.039795s][吞吐率：25.13req/s] [内存消耗：1,001.45kb] [文件加载：27]
[ info ] [ LANG ] D:\xampp\htdocs\pc\thinkphp\lang\zh-cn.php
[ info ] [ ROUTE ] array (
  'type' => 'module',
  'module' => 
  array (
    0 => '',
    1 => NULL,
    2 => NULL,
  ),
)
[ info ] [ HEADER ] array (
  'host' => 'localhost',
  'connection' => 'keep-alive',
  'cache-control' => 'max-age=0',
  'accept' => 'text/html,application/xhtml+xml,application/xml;q=0.9,image/webp,*/*;q=0.8',
  'upgrade-insecure-requests' => '1',
  'user-agent' => 'Mozilla/5.0 (Windows NT 10.0; WOW64) AppleWebKit/537.36 (KHTML, like Gecko) Chrome/50.0.2661.102 Safari/537.36',
  'referer' => 'http://localhost/pc/',
  'accept-encoding' => 'gzip, deflate, sdch',
  'accept-language' => 'zh-CN,zh;q=0.8',
  'cookie' => 'pgv_pvi=3592348672; pgv_si=s9820104704',
)
[ info ] [ PARAM ] array (
)
[ info ] [ LOG ] INIT File

---------------------------------------------------------------
[ 2017-03-05T23:17:13+08:00 ] ::1 ::1 GET /pc/public/
[ log ] localhost/pc/public/ [运行时间：0.046981s][吞吐率：21.29req/s] [内存消耗：1,001.45kb] [文件加载：27]
[ info ] [ LANG ] D:\xampp\htdocs\pc\thinkphp\lang\zh-cn.php
[ info ] [ ROUTE ] array (
  'type' => 'module',
  'module' => 
  array (
    0 => '',
    1 => NULL,
    2 => NULL,
  ),
)
[ info ] [ HEADER ] array (
  'host' => 'localhost',
  'connection' => 'keep-alive',
  'cache-control' => 'max-age=0',
  'accept' => 'text/html,application/xhtml+xml,application/xml;q=0.9,image/webp,*/*;q=0.8',
  'upgrade-insecure-requests' => '1',
  'user-agent' => 'Mozilla/5.0 (Windows NT 10.0; WOW64) AppleWebKit/537.36 (KHTML, like Gecko) Chrome/50.0.2661.102 Safari/537.36',
  'referer' => 'http://localhost/pc/',
  'accept-encoding' => 'gzip, deflate, sdch',
  'accept-language' => 'zh-CN,zh;q=0.8',
  'cookie' => 'pgv_pvi=3592348672; pgv_si=s9820104704',
)
[ info ] [ PARAM ] array (
)
[ info ] [ LOG ] INIT File

---------------------------------------------------------------
[ 2017-03-05T23:17:19+08:00 ] ::1 ::1 GET /pc/public/
[ log ] localhost/pc/public/ [运行时间：0.039820s][吞吐率：25.11req/s] [内存消耗：1,001.39kb] [文件加载：27]
[ info ] [ LANG ] D:\xampp\htdocs\pc\thinkphp\lang\zh-cn.php
[ info ] [ ROUTE ] array (
  'type' => 'module',
  'module' => 
  array (
    0 => '',
    1 => NULL,
    2 => NULL,
  ),
)
[ info ] [ HEADER ] array (
  'host' => 'localhost',
  'connection' => 'keep-alive',
  'cache-control' => 'max-age=0',
  'accept' => 'text/html,application/xhtml+xml,application/xml;q=0.9,image/webp,*/*;q=0.8',
  'upgrade-insecure-requests' => '1',
  'user-agent' => 'Mozilla/5.0 (Windows NT 10.0; WOW64) AppleWebKit/537.36 (KHTML, like Gecko) Chrome/50.0.2661.102 Safari/537.36',
  'referer' => 'http://localhost/pc/',
  'accept-encoding' => 'gzip, deflate, sdch',
  'accept-language' => 'zh-CN,zh;q=0.8',
  'cookie' => 'pgv_pvi=3592348672; pgv_si=s9820104704',
)
[ info ] [ PARAM ] array (
)
[ info ] [ LOG ] INIT File

---------------------------------------------------------------
[ 2017-03-05T23:17:44+08:00 ] ::1 ::1 GET /pc/public/
[ log ] localhost/pc/public/ [运行时间：0.016464s][吞吐率：60.74req/s] [内存消耗：1,001.39kb] [文件加载：27]
[ info ] [ LANG ] D:\xampp\htdocs\pc\thinkphp\lang\zh-cn.php
[ info ] [ ROUTE ] array (
  'type' => 'module',
  'module' => 
  array (
    0 => '',
    1 => NULL,
    2 => NULL,
  ),
)
[ info ] [ HEADER ] array (
  'host' => 'localhost',
  'connection' => 'keep-alive',
  'cache-control' => 'max-age=0',
  'accept' => 'text/html,application/xhtml+xml,application/xml;q=0.9,image/webp,*/*;q=0.8',
  'upgrade-insecure-requests' => '1',
  'user-agent' => 'Mozilla/5.0 (Windows NT 10.0; WOW64) AppleWebKit/537.36 (KHTML, like Gecko) Chrome/50.0.2661.102 Safari/537.36',
  'referer' => 'http://localhost/pc/',
  'accept-encoding' => 'gzip, deflate, sdch',
  'accept-language' => 'zh-CN,zh;q=0.8',
  'cookie' => 'pgv_pvi=3592348672; pgv_si=s9820104704',
)
[ info ] [ PARAM ] array (
)
[ info ] [ LOG ] INIT File

---------------------------------------------------------------
[ 2017-03-05T23:17:44+08:00 ] ::1 ::1 GET /pc/public/
[ log ] localhost/pc/public/ [运行时间：0.039348s][吞吐率：25.41req/s] [内存消耗：1,001.39kb] [文件加载：27]
[ info ] [ LANG ] D:\xampp\htdocs\pc\thinkphp\lang\zh-cn.php
[ info ] [ ROUTE ] array (
  'type' => 'module',
  'module' => 
  array (
    0 => '',
    1 => NULL,
    2 => NULL,
  ),
)
[ info ] [ HEADER ] array (
  'host' => 'localhost',
  'connection' => 'keep-alive',
  'cache-control' => 'max-age=0',
  'accept' => 'text/html,application/xhtml+xml,application/xml;q=0.9,image/webp,*/*;q=0.8',
  'upgrade-insecure-requests' => '1',
  'user-agent' => 'Mozilla/5.0 (Windows NT 10.0; WOW64) AppleWebKit/537.36 (KHTML, like Gecko) Chrome/50.0.2661.102 Safari/537.36',
  'referer' => 'http://localhost/pc/',
  'accept-encoding' => 'gzip, deflate, sdch',
  'accept-language' => 'zh-CN,zh;q=0.8',
  'cookie' => 'pgv_pvi=3592348672; pgv_si=s9820104704',
)
[ info ] [ PARAM ] array (
)
[ info ] [ LOG ] INIT File

---------------------------------------------------------------
[ 2017-03-05T23:17:45+08:00 ] ::1 ::1 GET /pc/public/
[ log ] localhost/pc/public/ [运行时间：0.044477s][吞吐率：22.48req/s] [内存消耗：1,001.39kb] [文件加载：27]
[ info ] [ LANG ] D:\xampp\htdocs\pc\thinkphp\lang\zh-cn.php
[ info ] [ ROUTE ] array (
  'type' => 'module',
  'module' => 
  array (
    0 => '',
    1 => NULL,
    2 => NULL,
  ),
)
[ info ] [ HEADER ] array (
  'host' => 'localhost',
  'connection' => 'keep-alive',
  'cache-control' => 'max-age=0',
  'accept' => 'text/html,application/xhtml+xml,application/xml;q=0.9,image/webp,*/*;q=0.8',
  'upgrade-insecure-requests' => '1',
  'user-agent' => 'Mozilla/5.0 (Windows NT 10.0; WOW64) AppleWebKit/537.36 (KHTML, like Gecko) Chrome/50.0.2661.102 Safari/537.36',
  'referer' => 'http://localhost/pc/',
  'accept-encoding' => 'gzip, deflate, sdch',
  'accept-language' => 'zh-CN,zh;q=0.8',
  'cookie' => 'pgv_pvi=3592348672; pgv_si=s9820104704',
)
[ info ] [ PARAM ] array (
)
[ info ] [ LOG ] INIT File

---------------------------------------------------------------
[ 2017-03-05T23:18:08+08:00 ] ::1 ::1 GET /pc/public/
[ log ] localhost/pc/public/ [运行时间：0.042727s][吞吐率：23.40req/s] [内存消耗：1,001.39kb] [文件加载：27]
[ info ] [ LANG ] D:\xampp\htdocs\pc\thinkphp\lang\zh-cn.php
[ info ] [ ROUTE ] array (
  'type' => 'module',
  'module' => 
  array (
    0 => '',
    1 => NULL,
    2 => NULL,
  ),
)
[ info ] [ HEADER ] array (
  'host' => 'localhost',
  'connection' => 'keep-alive',
  'cache-control' => 'max-age=0',
  'accept' => 'text/html,application/xhtml+xml,application/xml;q=0.9,image/webp,*/*;q=0.8',
  'upgrade-insecure-requests' => '1',
  'user-agent' => 'Mozilla/5.0 (Windows NT 10.0; WOW64) AppleWebKit/537.36 (KHTML, like Gecko) Chrome/50.0.2661.102 Safari/537.36',
  'referer' => 'http://localhost/pc/',
  'accept-encoding' => 'gzip, deflate, sdch',
  'accept-language' => 'zh-CN,zh;q=0.8',
  'cookie' => 'pgv_pvi=3592348672; pgv_si=s9820104704',
)
[ info ] [ PARAM ] array (
)
[ info ] [ LOG ] INIT File

---------------------------------------------------------------
[ 2017-03-05T23:18:36+08:00 ] ::1 ::1 GET /pc/public/
[ log ] localhost/pc/public/ [运行时间：0.045199s][吞吐率：22.12req/s] [内存消耗：1,014.79kb] [文件加载：29]
[ info ] [ LANG ] D:\xampp\htdocs\pc\thinkphp\lang\zh-cn.php
[ info ] [ ROUTE ] array (
  'type' => 'module',
  'module' => 
  array (
    0 => '',
    1 => NULL,
    2 => NULL,
  ),
)
[ info ] [ HEADER ] array (
  'host' => 'localhost',
  'connection' => 'keep-alive',
  'cache-control' => 'max-age=0',
  'accept' => 'text/html,application/xhtml+xml,application/xml;q=0.9,image/webp,*/*;q=0.8',
  'upgrade-insecure-requests' => '1',
  'user-agent' => 'Mozilla/5.0 (Windows NT 10.0; WOW64) AppleWebKit/537.36 (KHTML, like Gecko) Chrome/50.0.2661.102 Safari/537.36',
  'referer' => 'http://localhost/pc/',
  'accept-encoding' => 'gzip, deflate, sdch',
  'accept-language' => 'zh-CN,zh;q=0.8',
  'cookie' => 'pgv_pvi=3592348672; pgv_si=s9820104704',
)
[ info ] [ PARAM ] array (
)
[ info ] [ LOG ] INIT File
[ error ] [1]Class 'Admin\Controller\Admin' not found[D:\xampp\htdocs\pc\application\index\Controller\Index.php:5]

---------------------------------------------------------------
[ 2017-03-05T23:19:05+08:00 ] ::1 ::1 GET /pc/public/
[ log ] localhost/pc/public/ [运行时间：0.043221s][吞吐率：23.14req/s] [内存消耗：1,014.79kb] [文件加载：29]
[ info ] [ LANG ] D:\xampp\htdocs\pc\thinkphp\lang\zh-cn.php
[ info ] [ ROUTE ] array (
  'type' => 'module',
  'module' => 
  array (
    0 => '',
    1 => NULL,
    2 => NULL,
  ),
)
[ info ] [ HEADER ] array (
  'host' => 'localhost',
  'connection' => 'keep-alive',
  'cache-control' => 'max-age=0',
  'accept' => 'text/html,application/xhtml+xml,application/xml;q=0.9,image/webp,*/*;q=0.8',
  'upgrade-insecure-requests' => '1',
  'user-agent' => 'Mozilla/5.0 (Windows NT 10.0; WOW64) AppleWebKit/537.36 (KHTML, like Gecko) Chrome/50.0.2661.102 Safari/537.36',
  'referer' => 'http://localhost/pc/',
  'accept-encoding' => 'gzip, deflate, sdch',
  'accept-language' => 'zh-CN,zh;q=0.8',
  'cookie' => 'pgv_pvi=3592348672; pgv_si=s9820104704',
)
[ info ] [ PARAM ] array (
)
[ info ] [ LOG ] INIT File
[ error ] [1]Class 'Admin\Controller\Admin' not found[D:\xampp\htdocs\pc\application\index\Controller\Index.php:5]

---------------------------------------------------------------
[ 2017-03-05T23:20:43+08:00 ] ::1 ::1 GET /pc/public/
[ log ] localhost/pc/public/ [运行时间：0.042010s][吞吐率：23.80req/s] [内存消耗：1,014.79kb] [文件加载：29]
[ info ] [ LANG ] D:\xampp\htdocs\pc\thinkphp\lang\zh-cn.php
[ info ] [ ROUTE ] array (
  'type' => 'module',
  'module' => 
  array (
    0 => '',
    1 => NULL,
    2 => NULL,
  ),
)
[ info ] [ HEADER ] array (
  'host' => 'localhost',
  'connection' => 'keep-alive',
  'cache-control' => 'max-age=0',
  'accept' => 'text/html,application/xhtml+xml,application/xml;q=0.9,image/webp,*/*;q=0.8',
  'upgrade-insecure-requests' => '1',
  'user-agent' => 'Mozilla/5.0 (Windows NT 10.0; WOW64) AppleWebKit/537.36 (KHTML, like Gecko) Chrome/50.0.2661.102 Safari/537.36',
  'referer' => 'http://localhost/pc/',
  'accept-encoding' => 'gzip, deflate, sdch',
  'accept-language' => 'zh-CN,zh;q=0.8',
  'cookie' => 'pgv_pvi=3592348672; pgv_si=s9820104704',
)
[ info ] [ PARAM ] array (
)
[ info ] [ LOG ] INIT File
[ error ] [1]Class 'Admin\Controller\Admin' not found[D:\xampp\htdocs\pc\application\index\Controller\Index.php:5]

---------------------------------------------------------------
[ 2017-03-05T23:20:43+08:00 ] ::1 ::1 GET /pc/public/
[ log ] localhost/pc/public/ [运行时间：0.039147s][吞吐率：25.54req/s] [内存消耗：1,014.79kb] [文件加载：29]
[ info ] [ LANG ] D:\xampp\htdocs\pc\thinkphp\lang\zh-cn.php
[ info ] [ ROUTE ] array (
  'type' => 'module',
  'module' => 
  array (
    0 => '',
    1 => NULL,
    2 => NULL,
  ),
)
[ info ] [ HEADER ] array (
  'host' => 'localhost',
  'connection' => 'keep-alive',
  'cache-control' => 'max-age=0',
  'accept' => 'text/html,application/xhtml+xml,application/xml;q=0.9,image/webp,*/*;q=0.8',
  'upgrade-insecure-requests' => '1',
  'user-agent' => 'Mozilla/5.0 (Windows NT 10.0; WOW64) AppleWebKit/537.36 (KHTML, like Gecko) Chrome/50.0.2661.102 Safari/537.36',
  'referer' => 'http://localhost/pc/',
  'accept-encoding' => 'gzip, deflate, sdch',
  'accept-language' => 'zh-CN,zh;q=0.8',
  'cookie' => 'pgv_pvi=3592348672; pgv_si=s9820104704',
)
[ info ] [ PARAM ] array (
)
[ info ] [ LOG ] INIT File
[ error ] [1]Class 'Admin\Controller\Admin' not found[D:\xampp\htdocs\pc\application\index\Controller\Index.php:5]

---------------------------------------------------------------
[ 2017-03-05T23:20:44+08:00 ] ::1 ::1 GET /pc/public/
[ log ] localhost/pc/public/ [运行时间：0.020437s][吞吐率：48.93req/s] [内存消耗：1,014.79kb] [文件加载：29]
[ info ] [ LANG ] D:\xampp\htdocs\pc\thinkphp\lang\zh-cn.php
[ info ] [ ROUTE ] array (
  'type' => 'module',
  'module' => 
  array (
    0 => '',
    1 => NULL,
    2 => NULL,
  ),
)
[ info ] [ HEADER ] array (
  'host' => 'localhost',
  'connection' => 'keep-alive',
  'cache-control' => 'max-age=0',
  'accept' => 'text/html,application/xhtml+xml,application/xml;q=0.9,image/webp,*/*;q=0.8',
  'upgrade-insecure-requests' => '1',
  'user-agent' => 'Mozilla/5.0 (Windows NT 10.0; WOW64) AppleWebKit/537.36 (KHTML, like Gecko) Chrome/50.0.2661.102 Safari/537.36',
  'referer' => 'http://localhost/pc/',
  'accept-encoding' => 'gzip, deflate, sdch',
  'accept-language' => 'zh-CN,zh;q=0.8',
  'cookie' => 'pgv_pvi=3592348672; pgv_si=s9820104704',
)
[ info ] [ PARAM ] array (
)
[ info ] [ LOG ] INIT File
[ error ] [1]Class 'Admin\Controller\Admin' not found[D:\xampp\htdocs\pc\application\index\Controller\Index.php:5]

---------------------------------------------------------------
[ 2017-03-05T23:20:44+08:00 ] ::1 ::1 GET /pc/public/
[ log ] localhost/pc/public/ [运行时间：0.014759s][吞吐率：67.75req/s] [内存消耗：1,014.79kb] [文件加载：29]
[ info ] [ LANG ] D:\xampp\htdocs\pc\thinkphp\lang\zh-cn.php
[ info ] [ ROUTE ] array (
  'type' => 'module',
  'module' => 
  array (
    0 => '',
    1 => NULL,
    2 => NULL,
  ),
)
[ info ] [ HEADER ] array (
  'host' => 'localhost',
  'connection' => 'keep-alive',
  'cache-control' => 'max-age=0',
  'accept' => 'text/html,application/xhtml+xml,application/xml;q=0.9,image/webp,*/*;q=0.8',
  'upgrade-insecure-requests' => '1',
  'user-agent' => 'Mozilla/5.0 (Windows NT 10.0; WOW64) AppleWebKit/537.36 (KHTML, like Gecko) Chrome/50.0.2661.102 Safari/537.36',
  'referer' => 'http://localhost/pc/',
  'accept-encoding' => 'gzip, deflate, sdch',
  'accept-language' => 'zh-CN,zh;q=0.8',
  'cookie' => 'pgv_pvi=3592348672; pgv_si=s9820104704',
)
[ info ] [ PARAM ] array (
)
[ info ] [ LOG ] INIT File
[ error ] [1]Class 'Admin\Controller\Admin' not found[D:\xampp\htdocs\pc\application\index\Controller\Index.php:5]

---------------------------------------------------------------
[ 2017-03-05T23:20:44+08:00 ] ::1 ::1 GET /pc/public/
[ log ] localhost/pc/public/ [运行时间：0.026709s][吞吐率：37.44req/s] [内存消耗：1,014.79kb] [文件加载：29]
[ info ] [ LANG ] D:\xampp\htdocs\pc\thinkphp\lang\zh-cn.php
[ info ] [ ROUTE ] array (
  'type' => 'module',
  'module' => 
  array (
    0 => '',
    1 => NULL,
    2 => NULL,
  ),
)
[ info ] [ HEADER ] array (
  'host' => 'localhost',
  'connection' => 'keep-alive',
  'cache-control' => 'max-age=0',
  'accept' => 'text/html,application/xhtml+xml,application/xml;q=0.9,image/webp,*/*;q=0.8',
  'upgrade-insecure-requests' => '1',
  'user-agent' => 'Mozilla/5.0 (Windows NT 10.0; WOW64) AppleWebKit/537.36 (KHTML, like Gecko) Chrome/50.0.2661.102 Safari/537.36',
  'referer' => 'http://localhost/pc/',
  'accept-encoding' => 'gzip, deflate, sdch',
  'accept-language' => 'zh-CN,zh;q=0.8',
  'cookie' => 'pgv_pvi=3592348672; pgv_si=s9820104704',
)
[ info ] [ PARAM ] array (
)
[ info ] [ LOG ] INIT File
[ error ] [1]Class 'Admin\Controller\Admin' not found[D:\xampp\htdocs\pc\application\index\Controller\Index.php:5]

---------------------------------------------------------------
[ 2017-03-05T23:24:31+08:00 ] ::1 ::1 GET /pc/public/
[ log ] localhost/pc/public/ [运行时间：0.039528s][吞吐率：25.30req/s] [内存消耗：1,014.81kb] [文件加载：29]
[ info ] [ LANG ] D:\xampp\htdocs\pc\thinkphp\lang\zh-cn.php
[ info ] [ ROUTE ] array (
  'type' => 'module',
  'module' => 
  array (
    0 => '',
    1 => NULL,
    2 => NULL,
  ),
)
[ info ] [ HEADER ] array (
  'host' => 'localhost',
  'connection' => 'keep-alive',
  'cache-control' => 'max-age=0',
  'accept' => 'text/html,application/xhtml+xml,application/xml;q=0.9,image/webp,*/*;q=0.8',
  'upgrade-insecure-requests' => '1',
  'user-agent' => 'Mozilla/5.0 (Windows NT 10.0; WOW64) AppleWebKit/537.36 (KHTML, like Gecko) Chrome/50.0.2661.102 Safari/537.36',
  'referer' => 'http://localhost/pc/',
  'accept-encoding' => 'gzip, deflate, sdch',
  'accept-language' => 'zh-CN,zh;q=0.8',
  'cookie' => 'pgv_pvi=3592348672; pgv_si=s9820104704',
)
[ info ] [ PARAM ] array (
)
[ info ] [ LOG ] INIT File
[ error ] [1]Class 'admin\index\controller\Admin' not found[D:\xampp\htdocs\pc\application\index\Controller\Index.php:5]

---------------------------------------------------------------
[ 2017-03-05T23:25:02+08:00 ] ::1 ::1 GET /pc/public/
[ log ] localhost/pc/public/ [运行时间：0.028556s][吞吐率：35.02req/s] [内存消耗：1,014.82kb] [文件加载：29]
[ info ] [ LANG ] D:\xampp\htdocs\pc\thinkphp\lang\zh-cn.php
[ info ] [ ROUTE ] array (
  'type' => 'module',
  'module' => 
  array (
    0 => '',
    1 => NULL,
    2 => NULL,
  ),
)
[ info ] [ HEADER ] array (
  'host' => 'localhost',
  'connection' => 'keep-alive',
  'cache-control' => 'max-age=0',
  'accept' => 'text/html,application/xhtml+xml,application/xml;q=0.9,image/webp,*/*;q=0.8',
  'upgrade-insecure-requests' => '1',
  'user-agent' => 'Mozilla/5.0 (Windows NT 10.0; WOW64) AppleWebKit/537.36 (KHTML, like Gecko) Chrome/50.0.2661.102 Safari/537.36',
  'referer' => 'http://localhost/pc/',
  'accept-encoding' => 'gzip, deflate, sdch',
  'accept-language' => 'zh-CN,zh;q=0.8',
  'cookie' => 'pgv_pvi=3592348672; pgv_si=s9820104704',
)
[ info ] [ PARAM ] array (
)
[ info ] [ LOG ] INIT File
[ error ] [1]Class 'index\controller\Admin' not found[D:\xampp\htdocs\pc\application\index\Controller\Index.php:5]

---------------------------------------------------------------
[ 2017-03-05T23:25:29+08:00 ] ::1 ::1 GET /pc/public/
[ log ] localhost/pc/public/ [运行时间：0.042106s][吞吐率：23.75req/s] [内存消耗：1,002.55kb] [文件加载：28]
[ info ] [ LANG ] D:\xampp\htdocs\pc\thinkphp\lang\zh-cn.php
[ info ] [ ROUTE ] array (
  'type' => 'module',
  'module' => 
  array (
    0 => '',
    1 => NULL,
    2 => NULL,
  ),
)
[ info ] [ HEADER ] array (
  'host' => 'localhost',
  'connection' => 'keep-alive',
  'cache-control' => 'max-age=0',
  'accept' => 'text/html,application/xhtml+xml,application/xml;q=0.9,image/webp,*/*;q=0.8',
  'upgrade-insecure-requests' => '1',
  'user-agent' => 'Mozilla/5.0 (Windows NT 10.0; WOW64) AppleWebKit/537.36 (KHTML, like Gecko) Chrome/50.0.2661.102 Safari/537.36',
  'referer' => 'http://localhost/pc/',
  'accept-encoding' => 'gzip, deflate, sdch',
  'accept-language' => 'zh-CN,zh;q=0.8',
  'cookie' => 'pgv_pvi=3592348672; pgv_si=s9820104704',
)
[ info ] [ PARAM ] array (
)
[ info ] [ LOG ] INIT File

---------------------------------------------------------------
[ 2017-03-05T23:25:37+08:00 ] ::1 ::1 GET /pc/public/
[ log ] localhost/pc/public/ [运行时间：0.038541s][吞吐率：25.95req/s] [内存消耗：1,002.59kb] [文件加载：28]
[ info ] [ LANG ] D:\xampp\htdocs\pc\thinkphp\lang\zh-cn.php
[ info ] [ ROUTE ] array (
  'type' => 'module',
  'module' => 
  array (
    0 => '',
    1 => NULL,
    2 => NULL,
  ),
)
[ info ] [ HEADER ] array (
  'host' => 'localhost',
  'connection' => 'keep-alive',
  'cache-control' => 'max-age=0',
  'accept' => 'text/html,application/xhtml+xml,application/xml;q=0.9,image/webp,*/*;q=0.8',
  'upgrade-insecure-requests' => '1',
  'user-agent' => 'Mozilla/5.0 (Windows NT 10.0; WOW64) AppleWebKit/537.36 (KHTML, like Gecko) Chrome/50.0.2661.102 Safari/537.36',
  'referer' => 'http://localhost/pc/',
  'accept-encoding' => 'gzip, deflate, sdch',
  'accept-language' => 'zh-CN,zh;q=0.8',
  'cookie' => 'pgv_pvi=3592348672; pgv_si=s9820104704',
)
[ info ] [ PARAM ] array (
)
[ info ] [ LOG ] INIT File

---------------------------------------------------------------
[ 2017-03-05T23:26:17+08:00 ] ::1 ::1 GET /pc/public/
[ log ] localhost/pc/public/ [运行时间：0.024736s][吞吐率：40.43req/s] [内存消耗：1,014.76kb] [文件加载：29]
[ info ] [ LANG ] D:\xampp\htdocs\pc\thinkphp\lang\zh-cn.php
[ info ] [ ROUTE ] array (
  'type' => 'module',
  'module' => 
  array (
    0 => '',
    1 => NULL,
    2 => NULL,
  ),
)
[ info ] [ HEADER ] array (
  'host' => 'localhost',
  'connection' => 'keep-alive',
  'cache-control' => 'max-age=0',
  'accept' => 'text/html,application/xhtml+xml,application/xml;q=0.9,image/webp,*/*;q=0.8',
  'upgrade-insecure-requests' => '1',
  'user-agent' => 'Mozilla/5.0 (Windows NT 10.0; WOW64) AppleWebKit/537.36 (KHTML, like Gecko) Chrome/50.0.2661.102 Safari/537.36',
  'referer' => 'http://localhost/pc/',
  'accept-encoding' => 'gzip, deflate, sdch',
  'accept-language' => 'zh-CN,zh;q=0.8',
  'cookie' => 'pgv_pvi=3592348672; pgv_si=s9820104704',
)
[ info ] [ PARAM ] array (
)
[ info ] [ RUN ] app\index\controller\Index->index[ D:\xampp\htdocs\pc\application\index\Controller\Index.php ]
[ info ] [ LOG ] INIT File
[ error ] [1]Call to undefined method app\index\controller\Index::display()[D:\xampp\htdocs\pc\application\index\Controller\Index.php:8]

---------------------------------------------------------------
[ 2017-03-05T23:26:42+08:00 ] ::1 ::1 GET /pc/public/
[ log ] localhost/pc/public/ [运行时间：0.013497s][吞吐率：74.09req/s] [内存消耗：967.34kb] [文件加载：25]
[ info ] [ LANG ] D:\xampp\htdocs\pc\thinkphp\lang\zh-cn.php
[ info ] [ ROUTE ] array (
  'type' => 'module',
  'module' => 
  array (
    0 => '',
    1 => NULL,
    2 => NULL,
  ),
)
[ info ] [ HEADER ] array (
  'host' => 'localhost',
  'connection' => 'keep-alive',
  'cache-control' => 'max-age=0',
  'accept' => 'text/html,application/xhtml+xml,application/xml;q=0.9,image/webp,*/*;q=0.8',
  'upgrade-insecure-requests' => '1',
  'user-agent' => 'Mozilla/5.0 (Windows NT 10.0; WOW64) AppleWebKit/537.36 (KHTML, like Gecko) Chrome/50.0.2661.102 Safari/537.36',
  'referer' => 'http://localhost/pc/',
  'accept-encoding' => 'gzip, deflate, sdch',
  'accept-language' => 'zh-CN,zh;q=0.8',
  'cookie' => 'pgv_pvi=3592348672; pgv_si=s9820104704',
)
[ info ] [ PARAM ] array (
)
[ info ] [ RUN ] app\index\controller\Index->index[ D:\xampp\htdocs\pc\application\index\Controller\Index.php ]
[ info ] [ LOG ] INIT File

---------------------------------------------------------------
[ 2017-03-05T23:26:58+08:00 ] ::1 ::1 GET /pc/public/
[ log ] localhost/pc/public/ [运行时间：0.013504s][吞吐率：74.05req/s] [内存消耗：969.02kb] [文件加载：26]
[ info ] [ LANG ] D:\xampp\htdocs\pc\thinkphp\lang\zh-cn.php
[ info ] [ ROUTE ] array (
  'type' => 'module',
  'module' => 
  array (
    0 => '',
    1 => NULL,
    2 => NULL,
  ),
)
[ info ] [ HEADER ] array (
  'host' => 'localhost',
  'connection' => 'keep-alive',
  'cache-control' => 'max-age=0',
  'accept' => 'text/html,application/xhtml+xml,application/xml;q=0.9,image/webp,*/*;q=0.8',
  'upgrade-insecure-requests' => '1',
  'user-agent' => 'Mozilla/5.0 (Windows NT 10.0; WOW64) AppleWebKit/537.36 (KHTML, like Gecko) Chrome/50.0.2661.102 Safari/537.36',
  'referer' => 'http://localhost/pc/',
  'accept-encoding' => 'gzip, deflate, sdch',
  'accept-language' => 'zh-CN,zh;q=0.8',
  'cookie' => 'pgv_pvi=3592348672; pgv_si=s9820104704',
)
[ info ] [ PARAM ] array (
)
[ info ] [ RUN ] app\index\controller\Index->index[ D:\xampp\htdocs\pc\application\index\Controller\Index.php ]
[ info ] [ LOG ] INIT File

---------------------------------------------------------------
[ 2017-03-05T23:27:00+08:00 ] ::1 ::1 GET /pc/public/
[ log ] localhost/pc/public/ [运行时间：0.039799s][吞吐率：25.13req/s] [内存消耗：969.02kb] [文件加载：26]
[ info ] [ LANG ] D:\xampp\htdocs\pc\thinkphp\lang\zh-cn.php
[ info ] [ ROUTE ] array (
  'type' => 'module',
  'module' => 
  array (
    0 => '',
    1 => NULL,
    2 => NULL,
  ),
)
[ info ] [ HEADER ] array (
  'host' => 'localhost',
  'connection' => 'keep-alive',
  'cache-control' => 'max-age=0',
  'accept' => 'text/html,application/xhtml+xml,application/xml;q=0.9,image/webp,*/*;q=0.8',
  'upgrade-insecure-requests' => '1',
  'user-agent' => 'Mozilla/5.0 (Windows NT 10.0; WOW64) AppleWebKit/537.36 (KHTML, like Gecko) Chrome/50.0.2661.102 Safari/537.36',
  'referer' => 'http://localhost/pc/',
  'accept-encoding' => 'gzip, deflate, sdch',
  'accept-language' => 'zh-CN,zh;q=0.8',
  'cookie' => 'pgv_pvi=3592348672; pgv_si=s9820104704',
)
[ info ] [ PARAM ] array (
)
[ info ] [ RUN ] app\index\controller\Index->index[ D:\xampp\htdocs\pc\application\index\Controller\Index.php ]
[ info ] [ LOG ] INIT File

---------------------------------------------------------------
[ 2017-03-05T23:27:10+08:00 ] ::1 ::1 GET /pc/public/
[ log ] localhost/pc/public/ [运行时间：0.037344s][吞吐率：26.78req/s] [内存消耗：969.30kb] [文件加载：26]
[ info ] [ LANG ] D:\xampp\htdocs\pc\thinkphp\lang\zh-cn.php
[ info ] [ ROUTE ] array (
  'type' => 'module',
  'module' => 
  array (
    0 => '',
    1 => NULL,
    2 => NULL,
  ),
)
[ info ] [ HEADER ] array (
  'host' => 'localhost',
  'connection' => 'keep-alive',
  'cache-control' => 'max-age=0',
  'accept' => 'text/html,application/xhtml+xml,application/xml;q=0.9,image/webp,*/*;q=0.8',
  'upgrade-insecure-requests' => '1',
  'user-agent' => 'Mozilla/5.0 (Windows NT 10.0; WOW64) AppleWebKit/537.36 (KHTML, like Gecko) Chrome/50.0.2661.102 Safari/537.36',
  'referer' => 'http://localhost/pc/',
  'accept-encoding' => 'gzip, deflate, sdch',
  'accept-language' => 'zh-CN,zh;q=0.8',
  'cookie' => 'pgv_pvi=3592348672; pgv_si=s9820104704',
)
[ info ] [ PARAM ] array (
)
[ info ] [ RUN ] app\index\controller\Index->index[ D:\xampp\htdocs\pc\application\index\Controller\Index.php ]
[ info ] [ LOG ] INIT File

---------------------------------------------------------------
[ 2017-03-05T23:27:11+08:00 ] ::1 ::1 GET /pc/public/
[ log ] localhost/pc/public/ [运行时间：0.033515s][吞吐率：29.84req/s] [内存消耗：969.30kb] [文件加载：26]
[ info ] [ LANG ] D:\xampp\htdocs\pc\thinkphp\lang\zh-cn.php
[ info ] [ ROUTE ] array (
  'type' => 'module',
  'module' => 
  array (
    0 => '',
    1 => NULL,
    2 => NULL,
  ),
)
[ info ] [ HEADER ] array (
  'host' => 'localhost',
  'connection' => 'keep-alive',
  'cache-control' => 'max-age=0',
  'accept' => 'text/html,application/xhtml+xml,application/xml;q=0.9,image/webp,*/*;q=0.8',
  'upgrade-insecure-requests' => '1',
  'user-agent' => 'Mozilla/5.0 (Windows NT 10.0; WOW64) AppleWebKit/537.36 (KHTML, like Gecko) Chrome/50.0.2661.102 Safari/537.36',
  'referer' => 'http://localhost/pc/',
  'accept-encoding' => 'gzip, deflate, sdch',
  'accept-language' => 'zh-CN,zh;q=0.8',
  'cookie' => 'pgv_pvi=3592348672; pgv_si=s9820104704',
)
[ info ] [ PARAM ] array (
)
[ info ] [ RUN ] app\index\controller\Index->index[ D:\xampp\htdocs\pc\application\index\Controller\Index.php ]
[ info ] [ LOG ] INIT File

---------------------------------------------------------------
[ 2017-03-05T23:27:12+08:00 ] ::1 ::1 GET /pc/public/
[ log ] localhost/pc/public/ [运行时间：0.035541s][吞吐率：28.14req/s] [内存消耗：969.30kb] [文件加载：26]
[ info ] [ LANG ] D:\xampp\htdocs\pc\thinkphp\lang\zh-cn.php
[ info ] [ ROUTE ] array (
  'type' => 'module',
  'module' => 
  array (
    0 => '',
    1 => NULL,
    2 => NULL,
  ),
)
[ info ] [ HEADER ] array (
  'host' => 'localhost',
  'connection' => 'keep-alive',
  'cache-control' => 'max-age=0',
  'accept' => 'text/html,application/xhtml+xml,application/xml;q=0.9,image/webp,*/*;q=0.8',
  'upgrade-insecure-requests' => '1',
  'user-agent' => 'Mozilla/5.0 (Windows NT 10.0; WOW64) AppleWebKit/537.36 (KHTML, like Gecko) Chrome/50.0.2661.102 Safari/537.36',
  'referer' => 'http://localhost/pc/',
  'accept-encoding' => 'gzip, deflate, sdch',
  'accept-language' => 'zh-CN,zh;q=0.8',
  'cookie' => 'pgv_pvi=3592348672; pgv_si=s9820104704',
)
[ info ] [ PARAM ] array (
)
[ info ] [ RUN ] app\index\controller\Index->index[ D:\xampp\htdocs\pc\application\index\Controller\Index.php ]
[ info ] [ LOG ] INIT File

---------------------------------------------------------------
[ 2017-03-05T23:27:18+08:00 ] ::1 ::1 GET /pc/public/
[ log ] localhost/pc/public/ [运行时间：0.048211s][吞吐率：20.74req/s] [内存消耗：969.33kb] [文件加载：26]
[ info ] [ LANG ] D:\xampp\htdocs\pc\thinkphp\lang\zh-cn.php
[ info ] [ ROUTE ] array (
  'type' => 'module',
  'module' => 
  array (
    0 => '',
    1 => NULL,
    2 => NULL,
  ),
)
[ info ] [ HEADER ] array (
  'host' => 'localhost',
  'connection' => 'keep-alive',
  'cache-control' => 'max-age=0',
  'accept' => 'text/html,application/xhtml+xml,application/xml;q=0.9,image/webp,*/*;q=0.8',
  'upgrade-insecure-requests' => '1',
  'user-agent' => 'Mozilla/5.0 (Windows NT 10.0; WOW64) AppleWebKit/537.36 (KHTML, like Gecko) Chrome/50.0.2661.102 Safari/537.36',
  'referer' => 'http://localhost/pc/',
  'accept-encoding' => 'gzip, deflate, sdch',
  'accept-language' => 'zh-CN,zh;q=0.8',
  'cookie' => 'pgv_pvi=3592348672; pgv_si=s9820104704',
)
[ info ] [ PARAM ] array (
)
[ info ] [ RUN ] app\index\controller\Index->index[ D:\xampp\htdocs\pc\application\index\Controller\Index.php ]
[ info ] [ LOG ] INIT File

---------------------------------------------------------------
[ 2017-03-05T23:27:26+08:00 ] ::1 ::1 GET /pc/public/
[ log ] localhost/pc/public/ [运行时间：0.048748s][吞吐率：20.51req/s] [内存消耗：969.02kb] [文件加载：26]
[ info ] [ LANG ] D:\xampp\htdocs\pc\thinkphp\lang\zh-cn.php
[ info ] [ ROUTE ] array (
  'type' => 'module',
  'module' => 
  array (
    0 => '',
    1 => NULL,
    2 => NULL,
  ),
)
[ info ] [ HEADER ] array (
  'host' => 'localhost',
  'connection' => 'keep-alive',
  'cache-control' => 'max-age=0',
  'accept' => 'text/html,application/xhtml+xml,application/xml;q=0.9,image/webp,*/*;q=0.8',
  'upgrade-insecure-requests' => '1',
  'user-agent' => 'Mozilla/5.0 (Windows NT 10.0; WOW64) AppleWebKit/537.36 (KHTML, like Gecko) Chrome/50.0.2661.102 Safari/537.36',
  'referer' => 'http://localhost/pc/',
  'accept-encoding' => 'gzip, deflate, sdch',
  'accept-language' => 'zh-CN,zh;q=0.8',
  'cookie' => 'pgv_pvi=3592348672; pgv_si=s9820104704',
)
[ info ] [ PARAM ] array (
)
[ info ] [ RUN ] app\index\controller\Index->index[ D:\xampp\htdocs\pc\application\index\Controller\Index.php ]
[ info ] [ LOG ] INIT File

---------------------------------------------------------------
[ 2017-03-05T23:28:45+08:00 ] ::1 ::1 GET /pc/public/
[ log ] localhost/pc/public/ [运行时间：0.045185s][吞吐率：22.13req/s] [内存消耗：1,022.84kb] [文件加载：28]
[ info ] [ LANG ] D:\xampp\htdocs\pc\thinkphp\lang\zh-cn.php
[ info ] [ ROUTE ] array (
  'type' => 'module',
  'module' => 
  array (
    0 => '',
    1 => NULL,
    2 => NULL,
  ),
)
[ info ] [ HEADER ] array (
  'host' => 'localhost',
  'connection' => 'keep-alive',
  'cache-control' => 'max-age=0',
  'accept' => 'text/html,application/xhtml+xml,application/xml;q=0.9,image/webp,*/*;q=0.8',
  'upgrade-insecure-requests' => '1',
  'user-agent' => 'Mozilla/5.0 (Windows NT 10.0; WOW64) AppleWebKit/537.36 (KHTML, like Gecko) Chrome/50.0.2661.102 Safari/537.36',
  'referer' => 'http://localhost/pc/',
  'accept-encoding' => 'gzip, deflate, sdch',
  'accept-language' => 'zh-CN,zh;q=0.8',
  'cookie' => 'pgv_pvi=3592348672; pgv_si=s9820104704',
)
[ info ] [ PARAM ] array (
)
[ info ] [ RUN ] app\index\controller\Index->index[ D:\xampp\htdocs\pc\application\index\Controller\Index.php ]
[ info ] [ LOG ] INIT File

---------------------------------------------------------------
[ 2017-03-05T23:29:46+08:00 ] ::1 ::1 GET /pc/public/
[ log ] localhost/pc/public/ [运行时间：0.020619s][吞吐率：48.50req/s] [内存消耗：1,071.34kb] [文件加载：32]
[ info ] [ LANG ] D:\xampp\htdocs\pc\thinkphp\lang\zh-cn.php
[ info ] [ ROUTE ] array (
  'type' => 'module',
  'module' => 
  array (
    0 => '',
    1 => NULL,
    2 => NULL,
  ),
)
[ info ] [ HEADER ] array (
  'host' => 'localhost',
  'connection' => 'keep-alive',
  'cache-control' => 'max-age=0',
  'accept' => 'text/html,application/xhtml+xml,application/xml;q=0.9,image/webp,*/*;q=0.8',
  'upgrade-insecure-requests' => '1',
  'user-agent' => 'Mozilla/5.0 (Windows NT 10.0; WOW64) AppleWebKit/537.36 (KHTML, like Gecko) Chrome/50.0.2661.102 Safari/537.36',
  'referer' => 'http://localhost/pc/',
  'accept-encoding' => 'gzip, deflate, sdch',
  'accept-language' => 'zh-CN,zh;q=0.8',
  'cookie' => 'pgv_pvi=3592348672; pgv_si=s9820104704',
)
[ info ] [ PARAM ] array (
)
[ info ] [ RUN ] app\index\controller\Index->index[ D:\xampp\htdocs\pc\application\index\Controller\Index.php ]
[ info ] [ LOG ] INIT File
[ error ] [1]Call to a member function url() on null[D:\xampp\htdocs\pc\application\index\Controller\Index.php:7]

---------------------------------------------------------------
[ 2017-03-05T23:30:00+08:00 ] ::1 ::1 GET /pc/public/
[ log ] localhost/pc/public/ [运行时间：0.067405s][吞吐率：14.84req/s] [内存消耗：1,497.84kb] [文件加载：40]
[ info ] [ LANG ] D:\xampp\htdocs\pc\thinkphp\lang\zh-cn.php
[ info ] [ ROUTE ] array (
  'type' => 'module',
  'module' => 
  array (
    0 => '',
    1 => NULL,
    2 => NULL,
  ),
)
[ info ] [ HEADER ] array (
  'host' => 'localhost',
  'connection' => 'keep-alive',
  'cache-control' => 'max-age=0',
  'accept' => 'text/html,application/xhtml+xml,application/xml;q=0.9,image/webp,*/*;q=0.8',
  'upgrade-insecure-requests' => '1',
  'user-agent' => 'Mozilla/5.0 (Windows NT 10.0; WOW64) AppleWebKit/537.36 (KHTML, like Gecko) Chrome/50.0.2661.102 Safari/537.36',
  'referer' => 'http://localhost/pc/',
  'accept-encoding' => 'gzip, deflate, sdch',
  'accept-language' => 'zh-CN,zh;q=0.8',
  'cookie' => 'pgv_pvi=3592348672; pgv_si=s9820104704',
)
[ info ] [ PARAM ] array (
)
[ info ] [ RUN ] app\index\controller\Index->index[ D:\xampp\htdocs\pc\application\index\Controller\Index.php ]
[ info ] [ VIEW ] D:\xampp\htdocs\pc\public/../application/index\view\index\index.html [ array (
) ]
[ info ] [ LOG ] INIT File
[ error ] [1]Call to undefined function U()[D:\xampp\htdocs\pc\runtime\temp\3380afd28c1576c2d362268f0f650a6c.php:27]

---------------------------------------------------------------
[ 2017-03-05T23:45:42+08:00 ] ::1 ::1 GET /pc/public/
[ log ] localhost/pc/public/ [运行时间：0.041651s][吞吐率：24.01req/s] [内存消耗：1,071.30kb] [文件加载：32]
[ info ] [ LANG ] D:\xampp\htdocs\pc\thinkphp\lang\zh-cn.php
[ info ] [ ROUTE ] array (
  'type' => 'module',
  'module' => 
  array (
    0 => '',
    1 => NULL,
    2 => NULL,
  ),
)
[ info ] [ HEADER ] array (
  'host' => 'localhost',
  'connection' => 'keep-alive',
  'cache-control' => 'max-age=0',
  'accept' => 'text/html,application/xhtml+xml,application/xml;q=0.9,image/webp,*/*;q=0.8',
  'upgrade-insecure-requests' => '1',
  'user-agent' => 'Mozilla/5.0 (Windows NT 10.0; WOW64) AppleWebKit/537.36 (KHTML, like Gecko) Chrome/50.0.2661.102 Safari/537.36',
  'referer' => 'http://localhost/pc/',
  'accept-encoding' => 'gzip, deflate, sdch',
  'accept-language' => 'zh-CN,zh;q=0.8',
  'cookie' => 'pgv_pvi=3592348672; pgv_si=s9820104704',
)
[ info ] [ PARAM ] array (
)
[ info ] [ RUN ] app\index\controller\Index->index[ D:\xampp\htdocs\pc\application\index\Controller\Index.php ]
[ info ] [ LOG ] INIT File
[ error ] [1]Call to a member function fetch() on null[D:\xampp\htdocs\pc\thinkphp\library\think\Controller.php:111]

---------------------------------------------------------------
[ 2017-03-05T23:46:37+08:00 ] ::1 ::1 GET /pc/public/
[ log ] localhost/pc/public/ [运行时间：0.036043s][吞吐率：27.74req/s] [内存消耗：1,071.23kb] [文件加载：32]
[ info ] [ LANG ] D:\xampp\htdocs\pc\thinkphp\lang\zh-cn.php
[ info ] [ ROUTE ] array (
  'type' => 'module',
  'module' => 
  array (
    0 => '',
    1 => NULL,
    2 => NULL,
  ),
)
[ info ] [ HEADER ] array (
  'host' => 'localhost',
  'connection' => 'keep-alive',
  'cache-control' => 'max-age=0',
  'accept' => 'text/html,application/xhtml+xml,application/xml;q=0.9,image/webp,*/*;q=0.8',
  'upgrade-insecure-requests' => '1',
  'user-agent' => 'Mozilla/5.0 (Windows NT 10.0; WOW64) AppleWebKit/537.36 (KHTML, like Gecko) Chrome/50.0.2661.102 Safari/537.36',
  'referer' => 'http://localhost/pc/',
  'accept-encoding' => 'gzip, deflate, sdch',
  'accept-language' => 'zh-CN,zh;q=0.8',
  'cookie' => 'pgv_pvi=3592348672; pgv_si=s9820104704',
)
[ info ] [ PARAM ] array (
)
[ info ] [ RUN ] app\index\controller\Index->index[ D:\xampp\htdocs\pc\application\index\Controller\Index.php ]
[ info ] [ LOG ] INIT File
[ error ] [1]Call to a member function fetch() on null[D:\xampp\htdocs\pc\thinkphp\library\think\Controller.php:111]

---------------------------------------------------------------
[ 2017-03-05T23:46:38+08:00 ] ::1 ::1 GET /pc/public/
[ log ] localhost/pc/public/ [运行时间：0.063216s][吞吐率：15.82req/s] [内存消耗：1,071.23kb] [文件加载：32]
[ info ] [ LANG ] D:\xampp\htdocs\pc\thinkphp\lang\zh-cn.php
[ info ] [ ROUTE ] array (
  'type' => 'module',
  'module' => 
  array (
    0 => '',
    1 => NULL,
    2 => NULL,
  ),
)
[ info ] [ HEADER ] array (
  'host' => 'localhost',
  'connection' => 'keep-alive',
  'cache-control' => 'max-age=0',
  'accept' => 'text/html,application/xhtml+xml,application/xml;q=0.9,image/webp,*/*;q=0.8',
  'upgrade-insecure-requests' => '1',
  'user-agent' => 'Mozilla/5.0 (Windows NT 10.0; WOW64) AppleWebKit/537.36 (KHTML, like Gecko) Chrome/50.0.2661.102 Safari/537.36',
  'referer' => 'http://localhost/pc/',
  'accept-encoding' => 'gzip, deflate, sdch',
  'accept-language' => 'zh-CN,zh;q=0.8',
  'cookie' => 'pgv_pvi=3592348672; pgv_si=s9820104704',
)
[ info ] [ PARAM ] array (
)
[ info ] [ RUN ] app\index\controller\Index->index[ D:\xampp\htdocs\pc\application\index\Controller\Index.php ]
[ info ] [ LOG ] INIT File
[ error ] [1]Call to a member function fetch() on null[D:\xampp\htdocs\pc\thinkphp\library\think\Controller.php:111]

---------------------------------------------------------------
[ 2017-03-05T23:46:38+08:00 ] ::1 ::1 GET /pc/public/
[ log ] localhost/pc/public/ [运行时间：0.018647s][吞吐率：53.63req/s] [内存消耗：1,071.23kb] [文件加载：32]
[ info ] [ LANG ] D:\xampp\htdocs\pc\thinkphp\lang\zh-cn.php
[ info ] [ ROUTE ] array (
  'type' => 'module',
  'module' => 
  array (
    0 => '',
    1 => NULL,
    2 => NULL,
  ),
)
[ info ] [ HEADER ] array (
  'host' => 'localhost',
  'connection' => 'keep-alive',
  'cache-control' => 'max-age=0',
  'accept' => 'text/html,application/xhtml+xml,application/xml;q=0.9,image/webp,*/*;q=0.8',
  'upgrade-insecure-requests' => '1',
  'user-agent' => 'Mozilla/5.0 (Windows NT 10.0; WOW64) AppleWebKit/537.36 (KHTML, like Gecko) Chrome/50.0.2661.102 Safari/537.36',
  'referer' => 'http://localhost/pc/',
  'accept-encoding' => 'gzip, deflate, sdch',
  'accept-language' => 'zh-CN,zh;q=0.8',
  'cookie' => 'pgv_pvi=3592348672; pgv_si=s9820104704',
)
[ info ] [ PARAM ] array (
)
[ info ] [ RUN ] app\index\controller\Index->index[ D:\xampp\htdocs\pc\application\index\Controller\Index.php ]
[ info ] [ LOG ] INIT File
[ error ] [1]Call to a member function fetch() on null[D:\xampp\htdocs\pc\thinkphp\library\think\Controller.php:111]

---------------------------------------------------------------
[ 2017-03-05T23:46:59+08:00 ] ::1 ::1 GET /pc/public/
[ log ] localhost/pc/public/ [运行时间：0.017127s][吞吐率：58.39req/s] [内存消耗：1,070.88kb] [文件加载：32]
[ info ] [ LANG ] D:\xampp\htdocs\pc\thinkphp\lang\zh-cn.php
[ info ] [ ROUTE ] array (
  'type' => 'module',
  'module' => 
  array (
    0 => '',
    1 => NULL,
    2 => NULL,
  ),
)
[ info ] [ HEADER ] array (
  'host' => 'localhost',
  'connection' => 'keep-alive',
  'cache-control' => 'max-age=0',
  'accept' => 'text/html,application/xhtml+xml,application/xml;q=0.9,image/webp,*/*;q=0.8',
  'upgrade-insecure-requests' => '1',
  'user-agent' => 'Mozilla/5.0 (Windows NT 10.0; WOW64) AppleWebKit/537.36 (KHTML, like Gecko) Chrome/50.0.2661.102 Safari/537.36',
  'referer' => 'http://localhost/pc/',
  'accept-encoding' => 'gzip, deflate, sdch',
  'accept-language' => 'zh-CN,zh;q=0.8',
  'cookie' => 'pgv_pvi=3592348672; pgv_si=s9820104704',
)
[ info ] [ PARAM ] array (
)
[ info ] [ RUN ] app\index\controller\Index->index[ D:\xampp\htdocs\pc\application\index\Controller\Index.php ]
[ info ] [ LOG ] INIT File
[ error ] [1]Call to a member function fetch() on null[D:\xampp\htdocs\pc\thinkphp\library\think\Controller.php:111]

---------------------------------------------------------------
[ 2017-03-05T23:46:59+08:00 ] ::1 ::1 GET /pc/public/
[ log ] localhost/pc/public/ [运行时间：0.045654s][吞吐率：21.90req/s] [内存消耗：1,070.88kb] [文件加载：32]
[ info ] [ LANG ] D:\xampp\htdocs\pc\thinkphp\lang\zh-cn.php
[ info ] [ ROUTE ] array (
  'type' => 'module',
  'module' => 
  array (
    0 => '',
    1 => NULL,
    2 => NULL,
  ),
)
[ info ] [ HEADER ] array (
  'host' => 'localhost',
  'connection' => 'keep-alive',
  'cache-control' => 'max-age=0',
  'accept' => 'text/html,application/xhtml+xml,application/xml;q=0.9,image/webp,*/*;q=0.8',
  'upgrade-insecure-requests' => '1',
  'user-agent' => 'Mozilla/5.0 (Windows NT 10.0; WOW64) AppleWebKit/537.36 (KHTML, like Gecko) Chrome/50.0.2661.102 Safari/537.36',
  'referer' => 'http://localhost/pc/',
  'accept-encoding' => 'gzip, deflate, sdch',
  'accept-language' => 'zh-CN,zh;q=0.8',
  'cookie' => 'pgv_pvi=3592348672; pgv_si=s9820104704',
)
[ info ] [ PARAM ] array (
)
[ info ] [ RUN ] app\index\controller\Index->index[ D:\xampp\htdocs\pc\application\index\Controller\Index.php ]
[ info ] [ LOG ] INIT File
[ error ] [1]Call to a member function fetch() on null[D:\xampp\htdocs\pc\thinkphp\library\think\Controller.php:111]

---------------------------------------------------------------
[ 2017-03-05T23:47:00+08:00 ] ::1 ::1 GET /pc/public/
[ log ] localhost/pc/public/ [运行时间：0.028738s][吞吐率：34.80req/s] [内存消耗：1,070.88kb] [文件加载：32]
[ info ] [ LANG ] D:\xampp\htdocs\pc\thinkphp\lang\zh-cn.php
[ info ] [ ROUTE ] array (
  'type' => 'module',
  'module' => 
  array (
    0 => '',
    1 => NULL,
    2 => NULL,
  ),
)
[ info ] [ HEADER ] array (
  'host' => 'localhost',
  'connection' => 'keep-alive',
  'cache-control' => 'max-age=0',
  'accept' => 'text/html,application/xhtml+xml,application/xml;q=0.9,image/webp,*/*;q=0.8',
  'upgrade-insecure-requests' => '1',
  'user-agent' => 'Mozilla/5.0 (Windows NT 10.0; WOW64) AppleWebKit/537.36 (KHTML, like Gecko) Chrome/50.0.2661.102 Safari/537.36',
  'referer' => 'http://localhost/pc/',
  'accept-encoding' => 'gzip, deflate, sdch',
  'accept-language' => 'zh-CN,zh;q=0.8',
  'cookie' => 'pgv_pvi=3592348672; pgv_si=s9820104704',
)
[ info ] [ PARAM ] array (
)
[ info ] [ RUN ] app\index\controller\Index->index[ D:\xampp\htdocs\pc\application\index\Controller\Index.php ]
[ info ] [ LOG ] INIT File
[ error ] [1]Call to a member function fetch() on null[D:\xampp\htdocs\pc\thinkphp\library\think\Controller.php:111]

---------------------------------------------------------------
[ 2017-03-05T23:47:13+08:00 ] ::1 ::1 GET /pc/public/
[ log ] localhost/pc/public/ [运行时间：0.039883s][吞吐率：25.07req/s] [内存消耗：1,071.08kb] [文件加载：32]
[ info ] [ LANG ] D:\xampp\htdocs\pc\thinkphp\lang\zh-cn.php
[ info ] [ ROUTE ] array (
  'type' => 'module',
  'module' => 
  array (
    0 => '',
    1 => NULL,
    2 => NULL,
  ),
)
[ info ] [ HEADER ] array (
  'host' => 'localhost',
  'connection' => 'keep-alive',
  'cache-control' => 'max-age=0',
  'accept' => 'text/html,application/xhtml+xml,application/xml;q=0.9,image/webp,*/*;q=0.8',
  'upgrade-insecure-requests' => '1',
  'user-agent' => 'Mozilla/5.0 (Windows NT 10.0; WOW64) AppleWebKit/537.36 (KHTML, like Gecko) Chrome/50.0.2661.102 Safari/537.36',
  'referer' => 'http://localhost/pc/',
  'accept-encoding' => 'gzip, deflate, sdch',
  'accept-language' => 'zh-CN,zh;q=0.8',
  'cookie' => 'pgv_pvi=3592348672; pgv_si=s9820104704',
)
[ info ] [ PARAM ] array (
)
[ info ] [ RUN ] app\index\controller\Index->index[ D:\xampp\htdocs\pc\application\index\Controller\Index.php ]
[ info ] [ LOG ] INIT File
[ error ] [1]Call to a member function fetch() on null[D:\xampp\htdocs\pc\thinkphp\library\think\Controller.php:111]

---------------------------------------------------------------
[ 2017-03-05T23:47:53+08:00 ] ::1 ::1 GET /pc/public/
[ log ] localhost/pc/public/ [运行时间：0.079784s][吞吐率：12.53req/s] [内存消耗：1,401.46kb] [文件加载：36]
[ info ] [ LANG ] D:\xampp\htdocs\pc\thinkphp\lang\zh-cn.php
[ info ] [ ROUTE ] array (
  'type' => 'module',
  'module' => 
  array (
    0 => '',
    1 => NULL,
    2 => NULL,
  ),
)
[ info ] [ HEADER ] array (
  'host' => 'localhost',
  'connection' => 'keep-alive',
  'cache-control' => 'max-age=0',
  'accept' => 'text/html,application/xhtml+xml,application/xml;q=0.9,image/webp,*/*;q=0.8',
  'upgrade-insecure-requests' => '1',
  'user-agent' => 'Mozilla/5.0 (Windows NT 10.0; WOW64) AppleWebKit/537.36 (KHTML, like Gecko) Chrome/50.0.2661.102 Safari/537.36',
  'referer' => 'http://localhost/pc/',
  'accept-encoding' => 'gzip, deflate, sdch',
  'accept-language' => 'zh-CN,zh;q=0.8',
  'cookie' => 'pgv_pvi=3592348672; pgv_si=s9820104704',
)
[ info ] [ PARAM ] array (
)
[ info ] [ RUN ] app\index\controller\Index->index[ D:\xampp\htdocs\pc\application\index\Controller\Index.php ]
[ info ] [ VIEW ] D:\xampp\htdocs\pc\public/../application/index\view\index\index.html [ array (
  0 => 'name',
  1 => 'email',
) ]
[ info ] [ LOG ] INIT File

---------------------------------------------------------------
