[ 2017-03-25T14:02:50+08:00 ] ::1 ::1 GET /pc/pc/public/index/task/index.html
[ log ] localhost/pc/pc/public/index/task/index.html [运行时间：0.120630s][吞吐率：8.29req/s] [内存消耗：2,051.58kb] [文件加载：41]
[ info ] [ LANG ] C:\xampp\htdocs\pc\pc\thinkphp\lang\zh-cn.php
[ info ] [ ROUTE ] array (
  'type' => 'module',
  'module' => 
  array (
    0 => 'index',
    1 => 'task',
    2 => 'index',
  ),
)
[ info ] [ HEADER ] array (
  'host' => 'localhost',
  'connection' => 'keep-alive',
  'accept' => 'text/html,application/xhtml+xml,application/xml;q=0.9,image/webp,*/*;q=0.8',
  'upgrade-insecure-requests' => '1',
  'user-agent' => 'Mozilla/5.0 (Windows NT 10.0; WOW64) AppleWebKit/537.36 (KHTML, like Gecko) Chrome/50.0.2661.102 Safari/537.36',
  'referer' => 'http://localhost/pc/pc/public/index/task/detail/id/8.html',
  'accept-encoding' => 'gzip, deflate, sdch',
  'accept-language' => 'zh-CN,zh;q=0.8',
  'cookie' => 'PHPSESSID=8snon2h43u8qaj3bhfju4tbul4; Hm_lvt_89e183299f55076126198f1f546c1b7a=1488367801; Hm_lpvt_89e183299f55076126198f1f546c1b7a=1488367807; UM_distinctid=15ac5f7b1d68a-0e0de0f729c3d6-3e64430f-1fa400-15ac5f7b1d74a7; CNZZDATA1261441349=1340536119-1489374826-%7C1490331844; Hm_lvt_6681fc6da2f37578acbb0f5b2cc6f10c=1489380031; Hm_lpvt_6681fc6da2f37578acbb0f5b2cc6f10c=1490333228',
)
[ info ] [ PARAM ] array (
)
[ info ] [ DB ] INIT mysql
[ info ] [ RUN ] app\index\controller\Task->index[ C:\xampp\htdocs\pc\pc\application\index\Controller\Task.php ]
[ info ] [ VIEW ] C:\xampp\htdocs\pc\pc\public/../application/index\view\task\index.html [ array (
  0 => 'projects',
) ]
[ info ] [ LOG ] INIT File
[ sql ] [ DB ] CONNECT:[ UseTime:0.001321s ] mysql:dbname=blue;host=127.0.0.1;charset=utf8

---------------------------------------------------------------
[ 2017-03-25T14:17:07+08:00 ] ::1 ::1 GET /pc/pc/public/index/task/projects/id/1.html
[ log ] localhost/pc/pc/public/index/task/projects/id/1.html [运行时间：0.104074s][吞吐率：9.61req/s] [内存消耗：2,092.21kb] [文件加载：41]
[ info ] [ LANG ] C:\xampp\htdocs\pc\pc\thinkphp\lang\zh-cn.php
[ info ] [ ROUTE ] array (
  'type' => 'module',
  'module' => 
  array (
    0 => 'index',
    1 => 'task',
    2 => 'projects',
  ),
)
[ info ] [ HEADER ] array (
  'host' => 'localhost',
  'connection' => 'keep-alive',
  'accept' => 'text/html,application/xhtml+xml,application/xml;q=0.9,image/webp,*/*;q=0.8',
  'upgrade-insecure-requests' => '1',
  'user-agent' => 'Mozilla/5.0 (Windows NT 10.0; WOW64) AppleWebKit/537.36 (KHTML, like Gecko) Chrome/50.0.2661.102 Safari/537.36',
  'referer' => 'http://localhost/pc/pc/public/index/task/index.html',
  'accept-encoding' => 'gzip, deflate, sdch',
  'accept-language' => 'zh-CN,zh;q=0.8',
  'cookie' => 'PHPSESSID=8snon2h43u8qaj3bhfju4tbul4; Hm_lvt_89e183299f55076126198f1f546c1b7a=1488367801; Hm_lpvt_89e183299f55076126198f1f546c1b7a=1488367807; UM_distinctid=15ac5f7b1d68a-0e0de0f729c3d6-3e64430f-1fa400-15ac5f7b1d74a7; CNZZDATA1261441349=1340536119-1489374826-%7C1490331844; Hm_lvt_6681fc6da2f37578acbb0f5b2cc6f10c=1489380031; Hm_lpvt_6681fc6da2f37578acbb0f5b2cc6f10c=1490333228',
)
[ info ] [ PARAM ] array (
  'id' => '1',
)
[ info ] [ DB ] INIT mysql
[ info ] [ RUN ] app\index\controller\Task->projects[ C:\xampp\htdocs\pc\pc\application\index\Controller\Task.php ]
[ info ] [ VIEW ] C:\xampp\htdocs\pc\pc\public/../application/index\view\task\projects.html [ array (
  0 => 'data',
  1 => 'data_without_categorys',
  2 => 'project_id',
) ]
[ info ] [ LOG ] INIT File
[ sql ] [ DB ] CONNECT:[ UseTime:0.001534s ] mysql:dbname=blue;host=127.0.0.1;charset=utf8

---------------------------------------------------------------
[ 2017-03-25T14:17:13+08:00 ] ::1 ::1 GET /pc/pc/public/index/task/detail/id/8.html
[ log ] localhost/pc/pc/public/index/task/detail/id/8.html [运行时间：0.063162s][吞吐率：15.83req/s] [内存消耗：2,059.64kb] [文件加载：41]
[ info ] [ LANG ] C:\xampp\htdocs\pc\pc\thinkphp\lang\zh-cn.php
[ info ] [ ROUTE ] array (
  'type' => 'module',
  'module' => 
  array (
    0 => 'index',
    1 => 'task',
    2 => 'detail',
  ),
)
[ info ] [ HEADER ] array (
  'host' => 'localhost',
  'connection' => 'keep-alive',
  'accept' => 'text/html,application/xhtml+xml,application/xml;q=0.9,image/webp,*/*;q=0.8',
  'upgrade-insecure-requests' => '1',
  'user-agent' => 'Mozilla/5.0 (Windows NT 10.0; WOW64) AppleWebKit/537.36 (KHTML, like Gecko) Chrome/50.0.2661.102 Safari/537.36',
  'referer' => 'http://localhost/pc/pc/public/index/task/projects/id/1.html',
  'accept-encoding' => 'gzip, deflate, sdch',
  'accept-language' => 'zh-CN,zh;q=0.8',
  'cookie' => 'PHPSESSID=8snon2h43u8qaj3bhfju4tbul4; Hm_lvt_89e183299f55076126198f1f546c1b7a=1488367801; Hm_lpvt_89e183299f55076126198f1f546c1b7a=1488367807; UM_distinctid=15ac5f7b1d68a-0e0de0f729c3d6-3e64430f-1fa400-15ac5f7b1d74a7; CNZZDATA1261441349=1340536119-1489374826-%7C1490331844; Hm_lvt_6681fc6da2f37578acbb0f5b2cc6f10c=1489380031; Hm_lpvt_6681fc6da2f37578acbb0f5b2cc6f10c=1490333228',
)
[ info ] [ PARAM ] array (
  'id' => '8',
)
[ info ] [ DB ] INIT mysql
[ info ] [ RUN ] app\index\controller\Task->detail[ C:\xampp\htdocs\pc\pc\application\index\Controller\Task.php ]
[ info ] [ VIEW ] C:\xampp\htdocs\pc\pc\public/../application/index\view\task\detail.html [ array (
  0 => 'task',
) ]
[ info ] [ LOG ] INIT File
[ sql ] [ DB ] CONNECT:[ UseTime:0.000797s ] mysql:dbname=blue;host=127.0.0.1;charset=utf8

---------------------------------------------------------------
[ 2017-03-25T14:20:05+08:00 ] ::1 ::1 GET /pc/pc/public/index/task/detail/id/8.html
[ log ] localhost/pc/pc/public/index/task/detail/id/8.html [运行时间：0.064717s][吞吐率：15.45req/s] [内存消耗：2,060.27kb] [文件加载：41]
[ info ] [ LANG ] C:\xampp\htdocs\pc\pc\thinkphp\lang\zh-cn.php
[ info ] [ ROUTE ] array (
  'type' => 'module',
  'module' => 
  array (
    0 => 'index',
    1 => 'task',
    2 => 'detail',
  ),
)
[ info ] [ HEADER ] array (
  'host' => 'localhost',
  'connection' => 'keep-alive',
  'cache-control' => 'max-age=0',
  'accept' => 'text/html,application/xhtml+xml,application/xml;q=0.9,image/webp,*/*;q=0.8',
  'upgrade-insecure-requests' => '1',
  'user-agent' => 'Mozilla/5.0 (Windows NT 10.0; WOW64) AppleWebKit/537.36 (KHTML, like Gecko) Chrome/50.0.2661.102 Safari/537.36',
  'referer' => 'http://localhost/pc/pc/public/index/task/projects/id/1.html',
  'accept-encoding' => 'gzip, deflate, sdch',
  'accept-language' => 'zh-CN,zh;q=0.8',
  'cookie' => 'PHPSESSID=8snon2h43u8qaj3bhfju4tbul4; Hm_lvt_89e183299f55076126198f1f546c1b7a=1488367801; Hm_lpvt_89e183299f55076126198f1f546c1b7a=1488367807; UM_distinctid=15ac5f7b1d68a-0e0de0f729c3d6-3e64430f-1fa400-15ac5f7b1d74a7; CNZZDATA1261441349=1340536119-1489374826-%7C1490331844; Hm_lvt_6681fc6da2f37578acbb0f5b2cc6f10c=1489380031; Hm_lpvt_6681fc6da2f37578acbb0f5b2cc6f10c=1490333228',
)
[ info ] [ PARAM ] array (
  'id' => '8',
)
[ info ] [ DB ] INIT mysql
[ info ] [ RUN ] app\index\controller\Task->detail[ C:\xampp\htdocs\pc\pc\application\index\Controller\Task.php ]
[ info ] [ VIEW ] C:\xampp\htdocs\pc\pc\public/../application/index\view\task\detail.html [ array (
  0 => 'task',
) ]
[ info ] [ LOG ] INIT File
[ sql ] [ DB ] CONNECT:[ UseTime:0.001689s ] mysql:dbname=blue;host=127.0.0.1;charset=utf8

---------------------------------------------------------------
[ 2017-03-25T14:22:08+08:00 ] ::1 ::1 GET /pc/pc/public/index/task/detail/id/8.html
[ log ] localhost/pc/pc/public/index/task/detail/id/8.html [运行时间：0.067304s][吞吐率：14.86req/s] [内存消耗：2,060.32kb] [文件加载：41]
[ info ] [ LANG ] C:\xampp\htdocs\pc\pc\thinkphp\lang\zh-cn.php
[ info ] [ ROUTE ] array (
  'type' => 'module',
  'module' => 
  array (
    0 => 'index',
    1 => 'task',
    2 => 'detail',
  ),
)
[ info ] [ HEADER ] array (
  'host' => 'localhost',
  'connection' => 'keep-alive',
  'cache-control' => 'max-age=0',
  'accept' => 'text/html,application/xhtml+xml,application/xml;q=0.9,image/webp,*/*;q=0.8',
  'upgrade-insecure-requests' => '1',
  'user-agent' => 'Mozilla/5.0 (Windows NT 10.0; WOW64) AppleWebKit/537.36 (KHTML, like Gecko) Chrome/50.0.2661.102 Safari/537.36',
  'referer' => 'http://localhost/pc/pc/public/index/task/projects/id/1.html',
  'accept-encoding' => 'gzip, deflate, sdch',
  'accept-language' => 'zh-CN,zh;q=0.8',
  'cookie' => 'PHPSESSID=8snon2h43u8qaj3bhfju4tbul4; Hm_lvt_89e183299f55076126198f1f546c1b7a=1488367801; Hm_lpvt_89e183299f55076126198f1f546c1b7a=1488367807; UM_distinctid=15ac5f7b1d68a-0e0de0f729c3d6-3e64430f-1fa400-15ac5f7b1d74a7; CNZZDATA1261441349=1340536119-1489374826-%7C1490331844; Hm_lvt_6681fc6da2f37578acbb0f5b2cc6f10c=1489380031; Hm_lpvt_6681fc6da2f37578acbb0f5b2cc6f10c=1490333228',
)
[ info ] [ PARAM ] array (
  'id' => '8',
)
[ info ] [ DB ] INIT mysql
[ info ] [ RUN ] app\index\controller\Task->detail[ C:\xampp\htdocs\pc\pc\application\index\Controller\Task.php ]
[ info ] [ VIEW ] C:\xampp\htdocs\pc\pc\public/../application/index\view\task\detail.html [ array (
  0 => 'task',
) ]
[ info ] [ LOG ] INIT File
[ sql ] [ DB ] CONNECT:[ UseTime:0.001015s ] mysql:dbname=blue;host=127.0.0.1;charset=utf8

---------------------------------------------------------------
[ 2017-03-25T15:03:11+08:00 ] ::1 ::1 GET /pc/pc/public/static/css/bootstrap.min.css.map
[ log ] localhost/pc/pc/public/static/css/bootstrap.min.css.map [运行时间：0.033822s][吞吐率：29.57req/s] [内存消耗：1,001.00kb] [文件加载：27]
[ info ] [ LANG ] C:\xampp\htdocs\pc\pc\thinkphp\lang\zh-cn.php
[ info ] [ ROUTE ] array (
  'type' => 'module',
  'module' => 
  array (
    0 => 'static',
    1 => 'css',
    2 => 'bootstrap.min.css.map',
  ),
)
[ info ] [ HEADER ] array (
  'host' => 'localhost',
  'connection' => 'keep-alive',
  'user-agent' => 'Mozilla/5.0 (Windows NT 10.0; WOW64) AppleWebKit/537.36 (KHTML, like Gecko) Chrome/50.0.2661.102 Safari/537.36',
  'accept-encoding' => 'gzip, deflate, sdch',
  'accept-language' => 'zh-CN,zh;q=0.8',
  'cookie' => 'PHPSESSID=8snon2h43u8qaj3bhfju4tbul4; Hm_lvt_89e183299f55076126198f1f546c1b7a=1488367801; Hm_lpvt_89e183299f55076126198f1f546c1b7a=1488367807; UM_distinctid=15ac5f7b1d68a-0e0de0f729c3d6-3e64430f-1fa400-15ac5f7b1d74a7; CNZZDATA1261441349=1340536119-1489374826-%7C1490331844; Hm_lvt_6681fc6da2f37578acbb0f5b2cc6f10c=1489380031; Hm_lpvt_6681fc6da2f37578acbb0f5b2cc6f10c=1490333228',
)
[ info ] [ PARAM ] array (
)
[ info ] [ LOG ] INIT File

---------------------------------------------------------------
[ 2017-03-25T15:12:40+08:00 ] ::1 ::1 GET /pc/pc/public/index/task/detail/id/8.html
[ log ] localhost/pc/pc/public/index/task/detail/id/8.html [运行时间：0.068112s][吞吐率：14.68req/s] [内存消耗：2,216.76kb] [文件加载：43]
[ info ] [ LANG ] C:\xampp\htdocs\pc\pc\thinkphp\lang\zh-cn.php
[ info ] [ ROUTE ] array (
  'type' => 'module',
  'module' => 
  array (
    0 => 'index',
    1 => 'task',
    2 => 'detail',
  ),
)
[ info ] [ HEADER ] array (
  'host' => 'localhost',
  'connection' => 'keep-alive',
  'cache-control' => 'max-age=0',
  'accept' => 'text/html,application/xhtml+xml,application/xml;q=0.9,image/webp,*/*;q=0.8',
  'upgrade-insecure-requests' => '1',
  'user-agent' => 'Mozilla/5.0 (Windows NT 10.0; WOW64) AppleWebKit/537.36 (KHTML, like Gecko) Chrome/50.0.2661.102 Safari/537.36',
  'referer' => 'http://localhost/pc/pc/public/index/task/projects/id/1.html',
  'accept-encoding' => 'gzip, deflate, sdch',
  'accept-language' => 'zh-CN,zh;q=0.8',
  'cookie' => 'PHPSESSID=8snon2h43u8qaj3bhfju4tbul4; Hm_lvt_89e183299f55076126198f1f546c1b7a=1488367801; Hm_lpvt_89e183299f55076126198f1f546c1b7a=1488367807; UM_distinctid=15ac5f7b1d68a-0e0de0f729c3d6-3e64430f-1fa400-15ac5f7b1d74a7; CNZZDATA1261441349=1340536119-1489374826-%7C1490331844; Hm_lvt_6681fc6da2f37578acbb0f5b2cc6f10c=1489380031; Hm_lpvt_6681fc6da2f37578acbb0f5b2cc6f10c=1490333228',
)
[ info ] [ PARAM ] array (
  'id' => '8',
)
[ info ] [ DB ] INIT mysql
[ info ] [ RUN ] app\index\controller\Task->detail[ C:\xampp\htdocs\pc\pc\application\index\Controller\Task.php ]
[ info ] [ VIEW ] C:\xampp\htdocs\pc\pc\public/../application/index\view\task\detail.html [ array (
  0 => 'task',
) ]
[ info ] [ LOG ] INIT File
[ sql ] [ DB ] CONNECT:[ UseTime:0.001273s ] mysql:dbname=blue;host=127.0.0.1;charset=utf8

---------------------------------------------------------------
[ 2017-03-25T15:12:40+08:00 ] ::1 ::1 GET /pc/pc/public/static/css/bootstrap.min.css.map
[ log ] localhost/pc/pc/public/static/css/bootstrap.min.css.map [运行时间：0.035364s][吞吐率：28.28req/s] [内存消耗：1,001.02kb] [文件加载：27]
[ info ] [ LANG ] C:\xampp\htdocs\pc\pc\thinkphp\lang\zh-cn.php
[ info ] [ ROUTE ] array (
  'type' => 'module',
  'module' => 
  array (
    0 => 'static',
    1 => 'css',
    2 => 'bootstrap.min.css.map',
  ),
)
[ info ] [ HEADER ] array (
  'host' => 'localhost',
  'connection' => 'keep-alive',
  'user-agent' => 'Mozilla/5.0 (Windows NT 10.0; WOW64) AppleWebKit/537.36 (KHTML, like Gecko) Chrome/50.0.2661.102 Safari/537.36',
  'accept-encoding' => 'gzip, deflate, sdch',
  'accept-language' => 'zh-CN,zh;q=0.8',
  'cookie' => 'PHPSESSID=8snon2h43u8qaj3bhfju4tbul4; Hm_lvt_89e183299f55076126198f1f546c1b7a=1488367801; Hm_lpvt_89e183299f55076126198f1f546c1b7a=1488367807; UM_distinctid=15ac5f7b1d68a-0e0de0f729c3d6-3e64430f-1fa400-15ac5f7b1d74a7; CNZZDATA1261441349=1340536119-1489374826-%7C1490331844; Hm_lvt_6681fc6da2f37578acbb0f5b2cc6f10c=1489380031; Hm_lpvt_6681fc6da2f37578acbb0f5b2cc6f10c=1490333228',
)
[ info ] [ PARAM ] array (
)
[ info ] [ LOG ] INIT File

---------------------------------------------------------------
[ 2017-03-25T15:31:42+08:00 ] ::1 ::1 GET /pc/pc/public/index/task/detail/id/8.html
[ log ] localhost/pc/pc/public/index/task/detail/id/8.html [运行时间：0.047657s][吞吐率：20.98req/s] [内存消耗：1,532.54kb] [文件加载：40]
[ info ] [ LANG ] C:\xampp\htdocs\pc\pc\thinkphp\lang\zh-cn.php
[ info ] [ ROUTE ] array (
  'type' => 'module',
  'module' => 
  array (
    0 => 'index',
    1 => 'task',
    2 => 'detail',
  ),
)
[ info ] [ HEADER ] array (
  'host' => 'localhost',
  'connection' => 'keep-alive',
  'cache-control' => 'max-age=0',
  'accept' => 'text/html,application/xhtml+xml,application/xml;q=0.9,image/webp,*/*;q=0.8',
  'upgrade-insecure-requests' => '1',
  'user-agent' => 'Mozilla/5.0 (Windows NT 10.0; WOW64) AppleWebKit/537.36 (KHTML, like Gecko) Chrome/50.0.2661.102 Safari/537.36',
  'referer' => 'http://localhost/pc/pc/public/index/task/projects/id/1.html',
  'accept-encoding' => 'gzip, deflate, sdch',
  'accept-language' => 'zh-CN,zh;q=0.8',
  'cookie' => 'PHPSESSID=8snon2h43u8qaj3bhfju4tbul4; Hm_lvt_89e183299f55076126198f1f546c1b7a=1488367801; Hm_lpvt_89e183299f55076126198f1f546c1b7a=1488367807; UM_distinctid=15ac5f7b1d68a-0e0de0f729c3d6-3e64430f-1fa400-15ac5f7b1d74a7; CNZZDATA1261441349=1340536119-1489374826-%7C1490331844; Hm_lvt_6681fc6da2f37578acbb0f5b2cc6f10c=1489380031; Hm_lpvt_6681fc6da2f37578acbb0f5b2cc6f10c=1490333228',
)
[ info ] [ PARAM ] array (
  'id' => '8',
)
[ info ] [ DB ] INIT mysql
[ info ] [ RUN ] app\index\controller\Task->detail[ C:\xampp\htdocs\pc\pc\application\index\Controller\Task.php ]
[ info ] [ LOG ] INIT File
[ sql ] [ DB ] CONNECT:[ UseTime:0.001239s ] mysql:dbname=blue;host=127.0.0.1;charset=utf8
[ error ] [2]Invalid argument supplied for foreach()[C:\xampp\htdocs\pc\pc\application\index\Controller\Task.php:95]

---------------------------------------------------------------
[ 2017-03-25T15:31:50+08:00 ] ::1 ::1 GET /pc/pc/public/index/task/detail/id/8.html
[ log ] localhost/pc/pc/public/index/task/detail/id/8.html [运行时间：0.034226s][吞吐率：29.22req/s] [内存消耗：1,412.01kb] [文件加载：34]
[ info ] [ LANG ] C:\xampp\htdocs\pc\pc\thinkphp\lang\zh-cn.php
[ info ] [ ROUTE ] array (
  'type' => 'module',
  'module' => 
  array (
    0 => 'index',
    1 => 'task',
    2 => 'detail',
  ),
)
[ info ] [ HEADER ] array (
  'host' => 'localhost',
  'connection' => 'keep-alive',
  'cache-control' => 'max-age=0',
  'accept' => 'text/html,application/xhtml+xml,application/xml;q=0.9,image/webp,*/*;q=0.8',
  'upgrade-insecure-requests' => '1',
  'user-agent' => 'Mozilla/5.0 (Windows NT 10.0; WOW64) AppleWebKit/537.36 (KHTML, like Gecko) Chrome/50.0.2661.102 Safari/537.36',
  'referer' => 'http://localhost/pc/pc/public/index/task/projects/id/1.html',
  'accept-encoding' => 'gzip, deflate, sdch',
  'accept-language' => 'zh-CN,zh;q=0.8',
  'cookie' => 'PHPSESSID=8snon2h43u8qaj3bhfju4tbul4; Hm_lvt_89e183299f55076126198f1f546c1b7a=1488367801; Hm_lpvt_89e183299f55076126198f1f546c1b7a=1488367807; UM_distinctid=15ac5f7b1d68a-0e0de0f729c3d6-3e64430f-1fa400-15ac5f7b1d74a7; CNZZDATA1261441349=1340536119-1489374826-%7C1490331844; Hm_lvt_6681fc6da2f37578acbb0f5b2cc6f10c=1489380031; Hm_lpvt_6681fc6da2f37578acbb0f5b2cc6f10c=1490333228',
)
[ info ] [ PARAM ] array (
  'id' => '8',
)
[ info ] [ DB ] INIT mysql
[ info ] [ RUN ] app\index\controller\Task->detail[ C:\xampp\htdocs\pc\pc\application\index\Controller\Task.php ]
[ info ] [ LOG ] INIT File
[ sql ] [ DB ] CONNECT:[ UseTime:0.001087s ] mysql:dbname=blue;host=127.0.0.1;charset=utf8

---------------------------------------------------------------
[ 2017-03-25T15:32:27+08:00 ] ::1 ::1 GET /pc/pc/public/index/task/detail/id/8.html
[ log ] localhost/pc/pc/public/index/task/detail/id/8.html [运行时间：0.033699s][吞吐率：29.67req/s] [内存消耗：1,422.00kb] [文件加载：34]
[ info ] [ LANG ] C:\xampp\htdocs\pc\pc\thinkphp\lang\zh-cn.php
[ info ] [ ROUTE ] array (
  'type' => 'module',
  'module' => 
  array (
    0 => 'index',
    1 => 'task',
    2 => 'detail',
  ),
)
[ info ] [ HEADER ] array (
  'host' => 'localhost',
  'connection' => 'keep-alive',
  'cache-control' => 'max-age=0',
  'accept' => 'text/html,application/xhtml+xml,application/xml;q=0.9,image/webp,*/*;q=0.8',
  'upgrade-insecure-requests' => '1',
  'user-agent' => 'Mozilla/5.0 (Windows NT 10.0; WOW64) AppleWebKit/537.36 (KHTML, like Gecko) Chrome/50.0.2661.102 Safari/537.36',
  'referer' => 'http://localhost/pc/pc/public/index/task/projects/id/1.html',
  'accept-encoding' => 'gzip, deflate, sdch',
  'accept-language' => 'zh-CN,zh;q=0.8',
  'cookie' => 'PHPSESSID=8snon2h43u8qaj3bhfju4tbul4; Hm_lvt_89e183299f55076126198f1f546c1b7a=1488367801; Hm_lpvt_89e183299f55076126198f1f546c1b7a=1488367807; UM_distinctid=15ac5f7b1d68a-0e0de0f729c3d6-3e64430f-1fa400-15ac5f7b1d74a7; CNZZDATA1261441349=1340536119-1489374826-%7C1490331844; Hm_lvt_6681fc6da2f37578acbb0f5b2cc6f10c=1489380031; Hm_lpvt_6681fc6da2f37578acbb0f5b2cc6f10c=1490333228',
)
[ info ] [ PARAM ] array (
  'id' => '8',
)
[ info ] [ DB ] INIT mysql
[ info ] [ RUN ] app\index\controller\Task->detail[ C:\xampp\htdocs\pc\pc\application\index\Controller\Task.php ]
[ info ] [ LOG ] INIT File
[ sql ] [ DB ] CONNECT:[ UseTime:0.001086s ] mysql:dbname=blue;host=127.0.0.1;charset=utf8

---------------------------------------------------------------
[ 2017-03-25T15:33:44+08:00 ] ::1 ::1 GET /pc/pc/public/index/task/detail/id/8.html
[ log ] localhost/pc/pc/public/index/task/detail/id/8.html [运行时间：0.040191s][吞吐率：24.88req/s] [内存消耗：1,416.43kb] [文件加载：34]
[ info ] [ LANG ] C:\xampp\htdocs\pc\pc\thinkphp\lang\zh-cn.php
[ info ] [ ROUTE ] array (
  'type' => 'module',
  'module' => 
  array (
    0 => 'index',
    1 => 'task',
    2 => 'detail',
  ),
)
[ info ] [ HEADER ] array (
  'host' => 'localhost',
  'connection' => 'keep-alive',
  'cache-control' => 'max-age=0',
  'accept' => 'text/html,application/xhtml+xml,application/xml;q=0.9,image/webp,*/*;q=0.8',
  'upgrade-insecure-requests' => '1',
  'user-agent' => 'Mozilla/5.0 (Windows NT 10.0; WOW64) AppleWebKit/537.36 (KHTML, like Gecko) Chrome/50.0.2661.102 Safari/537.36',
  'referer' => 'http://localhost/pc/pc/public/index/task/projects/id/1.html',
  'accept-encoding' => 'gzip, deflate, sdch',
  'accept-language' => 'zh-CN,zh;q=0.8',
  'cookie' => 'PHPSESSID=8snon2h43u8qaj3bhfju4tbul4; Hm_lvt_89e183299f55076126198f1f546c1b7a=1488367801; Hm_lpvt_89e183299f55076126198f1f546c1b7a=1488367807; UM_distinctid=15ac5f7b1d68a-0e0de0f729c3d6-3e64430f-1fa400-15ac5f7b1d74a7; CNZZDATA1261441349=1340536119-1489374826-%7C1490331844; Hm_lvt_6681fc6da2f37578acbb0f5b2cc6f10c=1489380031; Hm_lpvt_6681fc6da2f37578acbb0f5b2cc6f10c=1490333228',
)
[ info ] [ PARAM ] array (
  'id' => '8',
)
[ info ] [ DB ] INIT mysql
[ info ] [ RUN ] app\index\controller\Task->detail[ C:\xampp\htdocs\pc\pc\application\index\Controller\Task.php ]
[ info ] [ LOG ] INIT File
[ sql ] [ DB ] CONNECT:[ UseTime:0.000930s ] mysql:dbname=blue;host=127.0.0.1;charset=utf8

---------------------------------------------------------------
[ 2017-03-25T15:34:00+08:00 ] ::1 ::1 GET /pc/pc/public/index/task/detail/id/8.html
[ log ] localhost/pc/pc/public/index/task/detail/id/8.html [运行时间：0.043001s][吞吐率：23.26req/s] [内存消耗：1,714.77kb] [文件加载：40]
[ info ] [ LANG ] C:\xampp\htdocs\pc\pc\thinkphp\lang\zh-cn.php
[ info ] [ ROUTE ] array (
  'type' => 'module',
  'module' => 
  array (
    0 => 'index',
    1 => 'task',
    2 => 'detail',
  ),
)
[ info ] [ HEADER ] array (
  'host' => 'localhost',
  'connection' => 'keep-alive',
  'cache-control' => 'max-age=0',
  'accept' => 'text/html,application/xhtml+xml,application/xml;q=0.9,image/webp,*/*;q=0.8',
  'upgrade-insecure-requests' => '1',
  'user-agent' => 'Mozilla/5.0 (Windows NT 10.0; WOW64) AppleWebKit/537.36 (KHTML, like Gecko) Chrome/50.0.2661.102 Safari/537.36',
  'referer' => 'http://localhost/pc/pc/public/index/task/projects/id/1.html',
  'accept-encoding' => 'gzip, deflate, sdch',
  'accept-language' => 'zh-CN,zh;q=0.8',
  'cookie' => 'PHPSESSID=8snon2h43u8qaj3bhfju4tbul4; Hm_lvt_89e183299f55076126198f1f546c1b7a=1488367801; Hm_lpvt_89e183299f55076126198f1f546c1b7a=1488367807; UM_distinctid=15ac5f7b1d68a-0e0de0f729c3d6-3e64430f-1fa400-15ac5f7b1d74a7; CNZZDATA1261441349=1340536119-1489374826-%7C1490331844; Hm_lvt_6681fc6da2f37578acbb0f5b2cc6f10c=1489380031; Hm_lpvt_6681fc6da2f37578acbb0f5b2cc6f10c=1490333228',
)
[ info ] [ PARAM ] array (
  'id' => '8',
)
[ info ] [ DB ] INIT mysql
[ info ] [ RUN ] app\index\controller\Task->detail[ C:\xampp\htdocs\pc\pc\application\index\Controller\Task.php ]
[ info ] [ VIEW ] C:\xampp\htdocs\pc\pc\public/../application/index\view\task\detail.html [ array (
  0 => 'task',
  1 => 'task_person',
) ]
[ info ] [ LOG ] INIT File
[ sql ] [ DB ] CONNECT:[ UseTime:0.001066s ] mysql:dbname=blue;host=127.0.0.1;charset=utf8

---------------------------------------------------------------
[ 2017-03-25T15:34:00+08:00 ] ::1 ::1 GET /pc/pc/public/static/css/bootstrap.min.css.map
[ log ] localhost/pc/pc/public/static/css/bootstrap.min.css.map [运行时间：0.029409s][吞吐率：34.00req/s] [内存消耗：1,001.00kb] [文件加载：27]
[ info ] [ LANG ] C:\xampp\htdocs\pc\pc\thinkphp\lang\zh-cn.php
[ info ] [ ROUTE ] array (
  'type' => 'module',
  'module' => 
  array (
    0 => 'static',
    1 => 'css',
    2 => 'bootstrap.min.css.map',
  ),
)
[ info ] [ HEADER ] array (
  'host' => 'localhost',
  'connection' => 'keep-alive',
  'user-agent' => 'Mozilla/5.0 (Windows NT 10.0; WOW64) AppleWebKit/537.36 (KHTML, like Gecko) Chrome/50.0.2661.102 Safari/537.36',
  'accept-encoding' => 'gzip, deflate, sdch',
  'accept-language' => 'zh-CN,zh;q=0.8',
  'cookie' => 'PHPSESSID=8snon2h43u8qaj3bhfju4tbul4; Hm_lvt_89e183299f55076126198f1f546c1b7a=1488367801; Hm_lpvt_89e183299f55076126198f1f546c1b7a=1488367807; UM_distinctid=15ac5f7b1d68a-0e0de0f729c3d6-3e64430f-1fa400-15ac5f7b1d74a7; CNZZDATA1261441349=1340536119-1489374826-%7C1490331844; Hm_lvt_6681fc6da2f37578acbb0f5b2cc6f10c=1489380031; Hm_lpvt_6681fc6da2f37578acbb0f5b2cc6f10c=1490333228',
)
[ info ] [ PARAM ] array (
)
[ info ] [ LOG ] INIT File

---------------------------------------------------------------
[ 2017-03-25T15:39:45+08:00 ] ::1 ::1 GET /pc/pc/public/index/task/detail/id/8.html
[ log ] localhost/pc/pc/public/index/task/detail/id/8.html [运行时间：0.054764s][吞吐率：18.26req/s] [内存消耗：1,716.83kb] [文件加载：40]
[ info ] [ LANG ] C:\xampp\htdocs\pc\pc\thinkphp\lang\zh-cn.php
[ info ] [ ROUTE ] array (
  'type' => 'module',
  'module' => 
  array (
    0 => 'index',
    1 => 'task',
    2 => 'detail',
  ),
)
[ info ] [ HEADER ] array (
  'host' => 'localhost',
  'connection' => 'keep-alive',
  'cache-control' => 'max-age=0',
  'accept' => 'text/html,application/xhtml+xml,application/xml;q=0.9,image/webp,*/*;q=0.8',
  'upgrade-insecure-requests' => '1',
  'user-agent' => 'Mozilla/5.0 (Windows NT 10.0; WOW64) AppleWebKit/537.36 (KHTML, like Gecko) Chrome/50.0.2661.102 Safari/537.36',
  'referer' => 'http://localhost/pc/pc/public/index/task/projects/id/1.html',
  'accept-encoding' => 'gzip, deflate, sdch',
  'accept-language' => 'zh-CN,zh;q=0.8',
  'cookie' => 'PHPSESSID=8snon2h43u8qaj3bhfju4tbul4; Hm_lvt_89e183299f55076126198f1f546c1b7a=1488367801; Hm_lpvt_89e183299f55076126198f1f546c1b7a=1488367807; UM_distinctid=15ac5f7b1d68a-0e0de0f729c3d6-3e64430f-1fa400-15ac5f7b1d74a7; CNZZDATA1261441349=1340536119-1489374826-%7C1490331844; Hm_lvt_6681fc6da2f37578acbb0f5b2cc6f10c=1489380031; Hm_lpvt_6681fc6da2f37578acbb0f5b2cc6f10c=1490333228',
)
[ info ] [ PARAM ] array (
  'id' => '8',
)
[ info ] [ DB ] INIT mysql
[ info ] [ RUN ] app\index\controller\Task->detail[ C:\xampp\htdocs\pc\pc\application\index\Controller\Task.php ]
[ info ] [ VIEW ] C:\xampp\htdocs\pc\pc\public/../application/index\view\task\detail.html [ array (
  0 => 'task',
  1 => 'task_person',
) ]
[ info ] [ LOG ] INIT File
[ sql ] [ DB ] CONNECT:[ UseTime:0.001124s ] mysql:dbname=blue;host=127.0.0.1;charset=utf8

---------------------------------------------------------------
[ 2017-03-25T15:39:46+08:00 ] ::1 ::1 GET /pc/pc/public/static/css/bootstrap.min.css.map
[ log ] localhost/pc/pc/public/static/css/bootstrap.min.css.map [运行时间：0.033083s][吞吐率：30.23req/s] [内存消耗：1,001.00kb] [文件加载：27]
[ info ] [ LANG ] C:\xampp\htdocs\pc\pc\thinkphp\lang\zh-cn.php
[ info ] [ ROUTE ] array (
  'type' => 'module',
  'module' => 
  array (
    0 => 'static',
    1 => 'css',
    2 => 'bootstrap.min.css.map',
  ),
)
[ info ] [ HEADER ] array (
  'host' => 'localhost',
  'connection' => 'keep-alive',
  'user-agent' => 'Mozilla/5.0 (Windows NT 10.0; WOW64) AppleWebKit/537.36 (KHTML, like Gecko) Chrome/50.0.2661.102 Safari/537.36',
  'accept-encoding' => 'gzip, deflate, sdch',
  'accept-language' => 'zh-CN,zh;q=0.8',
  'cookie' => 'PHPSESSID=8snon2h43u8qaj3bhfju4tbul4; Hm_lvt_89e183299f55076126198f1f546c1b7a=1488367801; Hm_lpvt_89e183299f55076126198f1f546c1b7a=1488367807; UM_distinctid=15ac5f7b1d68a-0e0de0f729c3d6-3e64430f-1fa400-15ac5f7b1d74a7; CNZZDATA1261441349=1340536119-1489374826-%7C1490331844; Hm_lvt_6681fc6da2f37578acbb0f5b2cc6f10c=1489380031; Hm_lpvt_6681fc6da2f37578acbb0f5b2cc6f10c=1490333228',
)
[ info ] [ PARAM ] array (
)
[ info ] [ LOG ] INIT File

---------------------------------------------------------------
[ 2017-03-25T15:43:06+08:00 ] ::1 ::1 GET /pc/pc/public/index/task/detail/id/8.html
[ log ] localhost/pc/pc/public/index/task/detail/id/8.html [运行时间：0.049851s][吞吐率：20.06req/s] [内存消耗：1,716.99kb] [文件加载：40]
[ info ] [ LANG ] C:\xampp\htdocs\pc\pc\thinkphp\lang\zh-cn.php
[ info ] [ ROUTE ] array (
  'type' => 'module',
  'module' => 
  array (
    0 => 'index',
    1 => 'task',
    2 => 'detail',
  ),
)
[ info ] [ HEADER ] array (
  'host' => 'localhost',
  'connection' => 'keep-alive',
  'cache-control' => 'max-age=0',
  'accept' => 'text/html,application/xhtml+xml,application/xml;q=0.9,image/webp,*/*;q=0.8',
  'upgrade-insecure-requests' => '1',
  'user-agent' => 'Mozilla/5.0 (Windows NT 10.0; WOW64) AppleWebKit/537.36 (KHTML, like Gecko) Chrome/50.0.2661.102 Safari/537.36',
  'referer' => 'http://localhost/pc/pc/public/index/task/projects/id/1.html',
  'accept-encoding' => 'gzip, deflate, sdch',
  'accept-language' => 'zh-CN,zh;q=0.8',
  'cookie' => 'PHPSESSID=8snon2h43u8qaj3bhfju4tbul4; Hm_lvt_89e183299f55076126198f1f546c1b7a=1488367801; Hm_lpvt_89e183299f55076126198f1f546c1b7a=1488367807; UM_distinctid=15ac5f7b1d68a-0e0de0f729c3d6-3e64430f-1fa400-15ac5f7b1d74a7; CNZZDATA1261441349=1340536119-1489374826-%7C1490331844; Hm_lvt_6681fc6da2f37578acbb0f5b2cc6f10c=1489380031; Hm_lpvt_6681fc6da2f37578acbb0f5b2cc6f10c=1490333228',
)
[ info ] [ PARAM ] array (
  'id' => '8',
)
[ info ] [ DB ] INIT mysql
[ info ] [ RUN ] app\index\controller\Task->detail[ C:\xampp\htdocs\pc\pc\application\index\Controller\Task.php ]
[ info ] [ VIEW ] C:\xampp\htdocs\pc\pc\public/../application/index\view\task\detail.html [ array (
  0 => 'task',
  1 => 'task_person',
) ]
[ info ] [ LOG ] INIT File
[ sql ] [ DB ] CONNECT:[ UseTime:0.000998s ] mysql:dbname=blue;host=127.0.0.1;charset=utf8

---------------------------------------------------------------
[ 2017-03-25T15:43:06+08:00 ] ::1 ::1 GET /pc/pc/public/static/css/bootstrap.min.css.map
[ log ] localhost/pc/pc/public/static/css/bootstrap.min.css.map [运行时间：0.041566s][吞吐率：24.06req/s] [内存消耗：1,001.02kb] [文件加载：27]
[ info ] [ LANG ] C:\xampp\htdocs\pc\pc\thinkphp\lang\zh-cn.php
[ info ] [ ROUTE ] array (
  'type' => 'module',
  'module' => 
  array (
    0 => 'static',
    1 => 'css',
    2 => 'bootstrap.min.css.map',
  ),
)
[ info ] [ HEADER ] array (
  'host' => 'localhost',
  'connection' => 'keep-alive',
  'user-agent' => 'Mozilla/5.0 (Windows NT 10.0; WOW64) AppleWebKit/537.36 (KHTML, like Gecko) Chrome/50.0.2661.102 Safari/537.36',
  'accept-encoding' => 'gzip, deflate, sdch',
  'accept-language' => 'zh-CN,zh;q=0.8',
  'cookie' => 'PHPSESSID=8snon2h43u8qaj3bhfju4tbul4; Hm_lvt_89e183299f55076126198f1f546c1b7a=1488367801; Hm_lpvt_89e183299f55076126198f1f546c1b7a=1488367807; UM_distinctid=15ac5f7b1d68a-0e0de0f729c3d6-3e64430f-1fa400-15ac5f7b1d74a7; CNZZDATA1261441349=1340536119-1489374826-%7C1490331844; Hm_lvt_6681fc6da2f37578acbb0f5b2cc6f10c=1489380031; Hm_lpvt_6681fc6da2f37578acbb0f5b2cc6f10c=1490333228',
)
[ info ] [ PARAM ] array (
)
[ info ] [ LOG ] INIT File

---------------------------------------------------------------
[ 2017-03-25T15:44:17+08:00 ] ::1 ::1 GET /pc/pc/public/index/task/detail/id/8.html
[ log ] localhost/pc/pc/public/index/task/detail/id/8.html [运行时间：0.044808s][吞吐率：22.32req/s] [内存消耗：1,603.39kb] [文件加载：42]
[ info ] [ LANG ] C:\xampp\htdocs\pc\pc\thinkphp\lang\zh-cn.php
[ info ] [ ROUTE ] array (
  'type' => 'module',
  'module' => 
  array (
    0 => 'index',
    1 => 'task',
    2 => 'detail',
  ),
)
[ info ] [ HEADER ] array (
  'host' => 'localhost',
  'connection' => 'keep-alive',
  'cache-control' => 'max-age=0',
  'accept' => 'text/html,application/xhtml+xml,application/xml;q=0.9,image/webp,*/*;q=0.8',
  'upgrade-insecure-requests' => '1',
  'user-agent' => 'Mozilla/5.0 (Windows NT 10.0; WOW64) AppleWebKit/537.36 (KHTML, like Gecko) Chrome/50.0.2661.102 Safari/537.36',
  'referer' => 'http://localhost/pc/pc/public/index/task/projects/id/1.html',
  'accept-encoding' => 'gzip, deflate, sdch',
  'accept-language' => 'zh-CN,zh;q=0.8',
  'cookie' => 'PHPSESSID=8snon2h43u8qaj3bhfju4tbul4; Hm_lvt_89e183299f55076126198f1f546c1b7a=1488367801; Hm_lpvt_89e183299f55076126198f1f546c1b7a=1488367807; UM_distinctid=15ac5f7b1d68a-0e0de0f729c3d6-3e64430f-1fa400-15ac5f7b1d74a7; CNZZDATA1261441349=1340536119-1489374826-%7C1490331844; Hm_lvt_6681fc6da2f37578acbb0f5b2cc6f10c=1489380031; Hm_lpvt_6681fc6da2f37578acbb0f5b2cc6f10c=1490333228',
)
[ info ] [ PARAM ] array (
  'id' => '8',
)
[ info ] [ DB ] INIT mysql
[ info ] [ RUN ] app\index\controller\Task->detail[ C:\xampp\htdocs\pc\pc\application\index\Controller\Task.php ]
[ info ] [ VIEW ] C:\xampp\htdocs\pc\pc\public/../application/index\view\task\detail.html [ array (
  0 => 'task',
  1 => 'task_person',
) ]
[ info ] [ LOG ] INIT File
[ sql ] [ DB ] CONNECT:[ UseTime:0.000963s ] mysql:dbname=blue;host=127.0.0.1;charset=utf8
[ error ] [8]未定义数组下标: 0[C:\xampp\htdocs\pc\pc\runtime\temp\237c81f955dadc84cb8bad4c52d13151.php:158]

---------------------------------------------------------------
[ 2017-03-25T15:45:50+08:00 ] ::1 ::1 GET /pc/pc/public/index/task/detail/id/8.html
[ log ] localhost/pc/pc/public/index/task/detail/id/8.html [运行时间：0.043843s][吞吐率：22.81req/s] [内存消耗：1,719.02kb] [文件加载：40]
[ info ] [ LANG ] C:\xampp\htdocs\pc\pc\thinkphp\lang\zh-cn.php
[ info ] [ ROUTE ] array (
  'type' => 'module',
  'module' => 
  array (
    0 => 'index',
    1 => 'task',
    2 => 'detail',
  ),
)
[ info ] [ HEADER ] array (
  'host' => 'localhost',
  'connection' => 'keep-alive',
  'cache-control' => 'max-age=0',
  'accept' => 'text/html,application/xhtml+xml,application/xml;q=0.9,image/webp,*/*;q=0.8',
  'upgrade-insecure-requests' => '1',
  'user-agent' => 'Mozilla/5.0 (Windows NT 10.0; WOW64) AppleWebKit/537.36 (KHTML, like Gecko) Chrome/50.0.2661.102 Safari/537.36',
  'referer' => 'http://localhost/pc/pc/public/index/task/projects/id/1.html',
  'accept-encoding' => 'gzip, deflate, sdch',
  'accept-language' => 'zh-CN,zh;q=0.8',
  'cookie' => 'PHPSESSID=8snon2h43u8qaj3bhfju4tbul4; Hm_lvt_89e183299f55076126198f1f546c1b7a=1488367801; Hm_lpvt_89e183299f55076126198f1f546c1b7a=1488367807; UM_distinctid=15ac5f7b1d68a-0e0de0f729c3d6-3e64430f-1fa400-15ac5f7b1d74a7; CNZZDATA1261441349=1340536119-1489374826-%7C1490331844; Hm_lvt_6681fc6da2f37578acbb0f5b2cc6f10c=1489380031; Hm_lpvt_6681fc6da2f37578acbb0f5b2cc6f10c=1490333228',
)
[ info ] [ PARAM ] array (
  'id' => '8',
)
[ info ] [ DB ] INIT mysql
[ info ] [ RUN ] app\index\controller\Task->detail[ C:\xampp\htdocs\pc\pc\application\index\Controller\Task.php ]
[ info ] [ VIEW ] C:\xampp\htdocs\pc\pc\public/../application/index\view\task\detail.html [ array (
  0 => 'task',
  1 => 'task_person',
) ]
[ info ] [ LOG ] INIT File
[ sql ] [ DB ] CONNECT:[ UseTime:0.001044s ] mysql:dbname=blue;host=127.0.0.1;charset=utf8

---------------------------------------------------------------
[ 2017-03-25T15:45:50+08:00 ] ::1 ::1 GET /pc/pc/public/static/css/bootstrap.min.css.map
[ log ] localhost/pc/pc/public/static/css/bootstrap.min.css.map [运行时间：0.030790s][吞吐率：32.48req/s] [内存消耗：1,001.00kb] [文件加载：27]
[ info ] [ LANG ] C:\xampp\htdocs\pc\pc\thinkphp\lang\zh-cn.php
[ info ] [ ROUTE ] array (
  'type' => 'module',
  'module' => 
  array (
    0 => 'static',
    1 => 'css',
    2 => 'bootstrap.min.css.map',
  ),
)
[ info ] [ HEADER ] array (
  'host' => 'localhost',
  'connection' => 'keep-alive',
  'user-agent' => 'Mozilla/5.0 (Windows NT 10.0; WOW64) AppleWebKit/537.36 (KHTML, like Gecko) Chrome/50.0.2661.102 Safari/537.36',
  'accept-encoding' => 'gzip, deflate, sdch',
  'accept-language' => 'zh-CN,zh;q=0.8',
  'cookie' => 'PHPSESSID=8snon2h43u8qaj3bhfju4tbul4; Hm_lvt_89e183299f55076126198f1f546c1b7a=1488367801; Hm_lpvt_89e183299f55076126198f1f546c1b7a=1488367807; UM_distinctid=15ac5f7b1d68a-0e0de0f729c3d6-3e64430f-1fa400-15ac5f7b1d74a7; CNZZDATA1261441349=1340536119-1489374826-%7C1490331844; Hm_lvt_6681fc6da2f37578acbb0f5b2cc6f10c=1489380031; Hm_lpvt_6681fc6da2f37578acbb0f5b2cc6f10c=1490333228',
)
[ info ] [ PARAM ] array (
)
[ info ] [ LOG ] INIT File

---------------------------------------------------------------
[ 2017-03-25T15:46:48+08:00 ] ::1 ::1 GET /pc/pc/public/index/task/detail/id/8.html
[ log ] localhost/pc/pc/public/index/task/detail/id/8.html [运行时间：0.077138s][吞吐率：12.96req/s] [内存消耗：1,719.27kb] [文件加载：40]
[ info ] [ LANG ] C:\xampp\htdocs\pc\pc\thinkphp\lang\zh-cn.php
[ info ] [ ROUTE ] array (
  'type' => 'module',
  'module' => 
  array (
    0 => 'index',
    1 => 'task',
    2 => 'detail',
  ),
)
[ info ] [ HEADER ] array (
  'host' => 'localhost',
  'connection' => 'keep-alive',
  'cache-control' => 'max-age=0',
  'accept' => 'text/html,application/xhtml+xml,application/xml;q=0.9,image/webp,*/*;q=0.8',
  'upgrade-insecure-requests' => '1',
  'user-agent' => 'Mozilla/5.0 (Windows NT 10.0; WOW64) AppleWebKit/537.36 (KHTML, like Gecko) Chrome/50.0.2661.102 Safari/537.36',
  'referer' => 'http://localhost/pc/pc/public/index/task/projects/id/1.html',
  'accept-encoding' => 'gzip, deflate, sdch',
  'accept-language' => 'zh-CN,zh;q=0.8',
  'cookie' => 'PHPSESSID=8snon2h43u8qaj3bhfju4tbul4; Hm_lvt_89e183299f55076126198f1f546c1b7a=1488367801; Hm_lpvt_89e183299f55076126198f1f546c1b7a=1488367807; UM_distinctid=15ac5f7b1d68a-0e0de0f729c3d6-3e64430f-1fa400-15ac5f7b1d74a7; CNZZDATA1261441349=1340536119-1489374826-%7C1490331844; Hm_lvt_6681fc6da2f37578acbb0f5b2cc6f10c=1489380031; Hm_lpvt_6681fc6da2f37578acbb0f5b2cc6f10c=1490333228',
)
[ info ] [ PARAM ] array (
  'id' => '8',
)
[ info ] [ DB ] INIT mysql
[ info ] [ RUN ] app\index\controller\Task->detail[ C:\xampp\htdocs\pc\pc\application\index\Controller\Task.php ]
[ info ] [ VIEW ] C:\xampp\htdocs\pc\pc\public/../application/index\view\task\detail.html [ array (
  0 => 'task',
  1 => 'task_person',
) ]
[ info ] [ LOG ] INIT File
[ sql ] [ DB ] CONNECT:[ UseTime:0.002368s ] mysql:dbname=blue;host=127.0.0.1;charset=utf8

---------------------------------------------------------------
[ 2017-03-25T15:46:48+08:00 ] ::1 ::1 GET /pc/pc/public/static/css/bootstrap.min.css.map
[ log ] localhost/pc/pc/public/static/css/bootstrap.min.css.map [运行时间：0.035794s][吞吐率：27.94req/s] [内存消耗：1,001.00kb] [文件加载：27]
[ info ] [ LANG ] C:\xampp\htdocs\pc\pc\thinkphp\lang\zh-cn.php
[ info ] [ ROUTE ] array (
  'type' => 'module',
  'module' => 
  array (
    0 => 'static',
    1 => 'css',
    2 => 'bootstrap.min.css.map',
  ),
)
[ info ] [ HEADER ] array (
  'host' => 'localhost',
  'connection' => 'keep-alive',
  'user-agent' => 'Mozilla/5.0 (Windows NT 10.0; WOW64) AppleWebKit/537.36 (KHTML, like Gecko) Chrome/50.0.2661.102 Safari/537.36',
  'accept-encoding' => 'gzip, deflate, sdch',
  'accept-language' => 'zh-CN,zh;q=0.8',
  'cookie' => 'PHPSESSID=8snon2h43u8qaj3bhfju4tbul4; Hm_lvt_89e183299f55076126198f1f546c1b7a=1488367801; Hm_lpvt_89e183299f55076126198f1f546c1b7a=1488367807; UM_distinctid=15ac5f7b1d68a-0e0de0f729c3d6-3e64430f-1fa400-15ac5f7b1d74a7; CNZZDATA1261441349=1340536119-1489374826-%7C1490331844; Hm_lvt_6681fc6da2f37578acbb0f5b2cc6f10c=1489380031; Hm_lpvt_6681fc6da2f37578acbb0f5b2cc6f10c=1490333228',
)
[ info ] [ PARAM ] array (
)
[ info ] [ LOG ] INIT File

---------------------------------------------------------------
[ 2017-03-25T15:47:33+08:00 ] ::1 ::1 GET /pc/pc/public/index/task/detail/id/8.html
[ log ] localhost/pc/pc/public/index/task/detail/id/8.html [运行时间：0.044876s][吞吐率：22.28req/s] [内存消耗：1,719.59kb] [文件加载：40]
[ info ] [ LANG ] C:\xampp\htdocs\pc\pc\thinkphp\lang\zh-cn.php
[ info ] [ ROUTE ] array (
  'type' => 'module',
  'module' => 
  array (
    0 => 'index',
    1 => 'task',
    2 => 'detail',
  ),
)
[ info ] [ HEADER ] array (
  'host' => 'localhost',
  'connection' => 'keep-alive',
  'cache-control' => 'max-age=0',
  'accept' => 'text/html,application/xhtml+xml,application/xml;q=0.9,image/webp,*/*;q=0.8',
  'upgrade-insecure-requests' => '1',
  'user-agent' => 'Mozilla/5.0 (Windows NT 10.0; WOW64) AppleWebKit/537.36 (KHTML, like Gecko) Chrome/50.0.2661.102 Safari/537.36',
  'referer' => 'http://localhost/pc/pc/public/index/task/projects/id/1.html',
  'accept-encoding' => 'gzip, deflate, sdch',
  'accept-language' => 'zh-CN,zh;q=0.8',
  'cookie' => 'PHPSESSID=8snon2h43u8qaj3bhfju4tbul4; Hm_lvt_89e183299f55076126198f1f546c1b7a=1488367801; Hm_lpvt_89e183299f55076126198f1f546c1b7a=1488367807; UM_distinctid=15ac5f7b1d68a-0e0de0f729c3d6-3e64430f-1fa400-15ac5f7b1d74a7; CNZZDATA1261441349=1340536119-1489374826-%7C1490331844; Hm_lvt_6681fc6da2f37578acbb0f5b2cc6f10c=1489380031; Hm_lpvt_6681fc6da2f37578acbb0f5b2cc6f10c=1490333228',
)
[ info ] [ PARAM ] array (
  'id' => '8',
)
[ info ] [ DB ] INIT mysql
[ info ] [ RUN ] app\index\controller\Task->detail[ C:\xampp\htdocs\pc\pc\application\index\Controller\Task.php ]
[ info ] [ VIEW ] C:\xampp\htdocs\pc\pc\public/../application/index\view\task\detail.html [ array (
  0 => 'task',
  1 => 'task_person',
) ]
[ info ] [ LOG ] INIT File
[ sql ] [ DB ] CONNECT:[ UseTime:0.001015s ] mysql:dbname=blue;host=127.0.0.1;charset=utf8

---------------------------------------------------------------
[ 2017-03-25T15:47:33+08:00 ] ::1 ::1 GET /pc/pc/public/static/css/bootstrap.min.css.map
[ log ] localhost/pc/pc/public/static/css/bootstrap.min.css.map [运行时间：0.037041s][吞吐率：27.00req/s] [内存消耗：1,001.00kb] [文件加载：27]
[ info ] [ LANG ] C:\xampp\htdocs\pc\pc\thinkphp\lang\zh-cn.php
[ info ] [ ROUTE ] array (
  'type' => 'module',
  'module' => 
  array (
    0 => 'static',
    1 => 'css',
    2 => 'bootstrap.min.css.map',
  ),
)
[ info ] [ HEADER ] array (
  'host' => 'localhost',
  'connection' => 'keep-alive',
  'user-agent' => 'Mozilla/5.0 (Windows NT 10.0; WOW64) AppleWebKit/537.36 (KHTML, like Gecko) Chrome/50.0.2661.102 Safari/537.36',
  'accept-encoding' => 'gzip, deflate, sdch',
  'accept-language' => 'zh-CN,zh;q=0.8',
  'cookie' => 'PHPSESSID=8snon2h43u8qaj3bhfju4tbul4; Hm_lvt_89e183299f55076126198f1f546c1b7a=1488367801; Hm_lpvt_89e183299f55076126198f1f546c1b7a=1488367807; UM_distinctid=15ac5f7b1d68a-0e0de0f729c3d6-3e64430f-1fa400-15ac5f7b1d74a7; CNZZDATA1261441349=1340536119-1489374826-%7C1490331844; Hm_lvt_6681fc6da2f37578acbb0f5b2cc6f10c=1489380031; Hm_lpvt_6681fc6da2f37578acbb0f5b2cc6f10c=1490333228',
)
[ info ] [ PARAM ] array (
)
[ info ] [ LOG ] INIT File

---------------------------------------------------------------
[ 2017-03-25T15:50:28+08:00 ] ::1 ::1 GET /pc/pc/public/index/task/detail/id/8.html
[ log ] localhost/pc/pc/public/index/task/detail/id/8.html [运行时间：0.051622s][吞吐率：19.37req/s] [内存消耗：1,559.96kb] [文件加载：38]
[ info ] [ LANG ] C:\xampp\htdocs\pc\pc\thinkphp\lang\zh-cn.php
[ info ] [ ROUTE ] array (
  'type' => 'module',
  'module' => 
  array (
    0 => 'index',
    1 => 'task',
    2 => 'detail',
  ),
)
[ info ] [ HEADER ] array (
  'host' => 'localhost',
  'connection' => 'keep-alive',
  'cache-control' => 'max-age=0',
  'accept' => 'text/html,application/xhtml+xml,application/xml;q=0.9,image/webp,*/*;q=0.8',
  'upgrade-insecure-requests' => '1',
  'user-agent' => 'Mozilla/5.0 (Windows NT 10.0; WOW64) AppleWebKit/537.36 (KHTML, like Gecko) Chrome/50.0.2661.102 Safari/537.36',
  'referer' => 'http://localhost/pc/pc/public/index/task/projects/id/1.html',
  'accept-encoding' => 'gzip, deflate, sdch',
  'accept-language' => 'zh-CN,zh;q=0.8',
  'cookie' => 'PHPSESSID=8snon2h43u8qaj3bhfju4tbul4; Hm_lvt_89e183299f55076126198f1f546c1b7a=1488367801; Hm_lpvt_89e183299f55076126198f1f546c1b7a=1488367807; UM_distinctid=15ac5f7b1d68a-0e0de0f729c3d6-3e64430f-1fa400-15ac5f7b1d74a7; CNZZDATA1261441349=1340536119-1489374826-%7C1490331844; Hm_lvt_6681fc6da2f37578acbb0f5b2cc6f10c=1489380031; Hm_lpvt_6681fc6da2f37578acbb0f5b2cc6f10c=1490333228',
)
[ info ] [ PARAM ] array (
  'id' => '8',
)
[ info ] [ DB ] INIT mysql
[ info ] [ RUN ] app\index\controller\Task->detail[ C:\xampp\htdocs\pc\pc\application\index\Controller\Task.php ]
[ info ] [ VIEW ] C:\xampp\htdocs\pc\pc\public/../application/index\view\task\detail.html [ array (
  0 => 'task',
  1 => 'task_person',
) ]
[ info ] [ LOG ] INIT File
[ sql ] [ DB ] CONNECT:[ UseTime:0.000862s ] mysql:dbname=blue;host=127.0.0.1;charset=utf8

---------------------------------------------------------------
[ 2017-03-25T15:50:29+08:00 ] ::1 ::1 GET /pc/pc/public/static/css/bootstrap.min.css.map
[ log ] localhost/pc/pc/public/static/css/bootstrap.min.css.map [运行时间：0.042726s][吞吐率：23.40req/s] [内存消耗：1,001.00kb] [文件加载：27]
[ info ] [ LANG ] C:\xampp\htdocs\pc\pc\thinkphp\lang\zh-cn.php
[ info ] [ ROUTE ] array (
  'type' => 'module',
  'module' => 
  array (
    0 => 'static',
    1 => 'css',
    2 => 'bootstrap.min.css.map',
  ),
)
[ info ] [ HEADER ] array (
  'host' => 'localhost',
  'connection' => 'keep-alive',
  'user-agent' => 'Mozilla/5.0 (Windows NT 10.0; WOW64) AppleWebKit/537.36 (KHTML, like Gecko) Chrome/50.0.2661.102 Safari/537.36',
  'accept-encoding' => 'gzip, deflate, sdch',
  'accept-language' => 'zh-CN,zh;q=0.8',
  'cookie' => 'PHPSESSID=8snon2h43u8qaj3bhfju4tbul4; Hm_lvt_89e183299f55076126198f1f546c1b7a=1488367801; Hm_lpvt_89e183299f55076126198f1f546c1b7a=1488367807; UM_distinctid=15ac5f7b1d68a-0e0de0f729c3d6-3e64430f-1fa400-15ac5f7b1d74a7; CNZZDATA1261441349=1340536119-1489374826-%7C1490331844; Hm_lvt_6681fc6da2f37578acbb0f5b2cc6f10c=1489380031; Hm_lpvt_6681fc6da2f37578acbb0f5b2cc6f10c=1490333228',
)
[ info ] [ PARAM ] array (
)
[ info ] [ LOG ] INIT File

---------------------------------------------------------------
[ 2017-03-25T15:50:38+08:00 ] ::1 ::1 GET /pc/pc/public/index/task/detail/id/8.html
[ log ] localhost/pc/pc/public/index/task/detail/id/8.html [运行时间：0.042303s][吞吐率：23.64req/s] [内存消耗：1,719.60kb] [文件加载：40]
[ info ] [ LANG ] C:\xampp\htdocs\pc\pc\thinkphp\lang\zh-cn.php
[ info ] [ ROUTE ] array (
  'type' => 'module',
  'module' => 
  array (
    0 => 'index',
    1 => 'task',
    2 => 'detail',
  ),
)
[ info ] [ HEADER ] array (
  'host' => 'localhost',
  'connection' => 'keep-alive',
  'cache-control' => 'max-age=0',
  'accept' => 'text/html,application/xhtml+xml,application/xml;q=0.9,image/webp,*/*;q=0.8',
  'upgrade-insecure-requests' => '1',
  'user-agent' => 'Mozilla/5.0 (Windows NT 10.0; WOW64) AppleWebKit/537.36 (KHTML, like Gecko) Chrome/50.0.2661.102 Safari/537.36',
  'referer' => 'http://localhost/pc/pc/public/index/task/projects/id/1.html',
  'accept-encoding' => 'gzip, deflate, sdch',
  'accept-language' => 'zh-CN,zh;q=0.8',
  'cookie' => 'PHPSESSID=8snon2h43u8qaj3bhfju4tbul4; Hm_lvt_89e183299f55076126198f1f546c1b7a=1488367801; Hm_lpvt_89e183299f55076126198f1f546c1b7a=1488367807; UM_distinctid=15ac5f7b1d68a-0e0de0f729c3d6-3e64430f-1fa400-15ac5f7b1d74a7; CNZZDATA1261441349=1340536119-1489374826-%7C1490331844; Hm_lvt_6681fc6da2f37578acbb0f5b2cc6f10c=1489380031; Hm_lpvt_6681fc6da2f37578acbb0f5b2cc6f10c=1490333228',
)
[ info ] [ PARAM ] array (
  'id' => '8',
)
[ info ] [ DB ] INIT mysql
[ info ] [ RUN ] app\index\controller\Task->detail[ C:\xampp\htdocs\pc\pc\application\index\Controller\Task.php ]
[ info ] [ VIEW ] C:\xampp\htdocs\pc\pc\public/../application/index\view\task\detail.html [ array (
  0 => 'task',
  1 => 'task_person',
) ]
[ info ] [ LOG ] INIT File
[ sql ] [ DB ] CONNECT:[ UseTime:0.001035s ] mysql:dbname=blue;host=127.0.0.1;charset=utf8

---------------------------------------------------------------
[ 2017-03-25T15:50:39+08:00 ] ::1 ::1 GET /pc/pc/public/static/css/bootstrap.min.css.map
[ log ] localhost/pc/pc/public/static/css/bootstrap.min.css.map [运行时间：0.032135s][吞吐率：31.12req/s] [内存消耗：1,001.00kb] [文件加载：27]
[ info ] [ LANG ] C:\xampp\htdocs\pc\pc\thinkphp\lang\zh-cn.php
[ info ] [ ROUTE ] array (
  'type' => 'module',
  'module' => 
  array (
    0 => 'static',
    1 => 'css',
    2 => 'bootstrap.min.css.map',
  ),
)
[ info ] [ HEADER ] array (
  'host' => 'localhost',
  'connection' => 'keep-alive',
  'user-agent' => 'Mozilla/5.0 (Windows NT 10.0; WOW64) AppleWebKit/537.36 (KHTML, like Gecko) Chrome/50.0.2661.102 Safari/537.36',
  'accept-encoding' => 'gzip, deflate, sdch',
  'accept-language' => 'zh-CN,zh;q=0.8',
  'cookie' => 'PHPSESSID=8snon2h43u8qaj3bhfju4tbul4; Hm_lvt_89e183299f55076126198f1f546c1b7a=1488367801; Hm_lpvt_89e183299f55076126198f1f546c1b7a=1488367807; UM_distinctid=15ac5f7b1d68a-0e0de0f729c3d6-3e64430f-1fa400-15ac5f7b1d74a7; CNZZDATA1261441349=1340536119-1489374826-%7C1490331844; Hm_lvt_6681fc6da2f37578acbb0f5b2cc6f10c=1489380031; Hm_lpvt_6681fc6da2f37578acbb0f5b2cc6f10c=1490333228',
)
[ info ] [ PARAM ] array (
)
[ info ] [ LOG ] INIT File

---------------------------------------------------------------
[ 2017-03-25T15:53:18+08:00 ] ::1 ::1 GET /pc/pc/public/index/task/detail/id/8.html
[ log ] localhost/pc/pc/public/index/task/detail/id/8.html [运行时间：0.046715s][吞吐率：21.41req/s] [内存消耗：1,719.59kb] [文件加载：40]
[ info ] [ LANG ] C:\xampp\htdocs\pc\pc\thinkphp\lang\zh-cn.php
[ info ] [ ROUTE ] array (
  'type' => 'module',
  'module' => 
  array (
    0 => 'index',
    1 => 'task',
    2 => 'detail',
  ),
)
[ info ] [ HEADER ] array (
  'host' => 'localhost',
  'connection' => 'keep-alive',
  'cache-control' => 'max-age=0',
  'accept' => 'text/html,application/xhtml+xml,application/xml;q=0.9,image/webp,*/*;q=0.8',
  'upgrade-insecure-requests' => '1',
  'user-agent' => 'Mozilla/5.0 (Windows NT 10.0; WOW64) AppleWebKit/537.36 (KHTML, like Gecko) Chrome/50.0.2661.102 Safari/537.36',
  'referer' => 'http://localhost/pc/pc/public/index/task/projects/id/1.html',
  'accept-encoding' => 'gzip, deflate, sdch',
  'accept-language' => 'zh-CN,zh;q=0.8',
  'cookie' => 'PHPSESSID=8snon2h43u8qaj3bhfju4tbul4; Hm_lvt_89e183299f55076126198f1f546c1b7a=1488367801; Hm_lpvt_89e183299f55076126198f1f546c1b7a=1488367807; UM_distinctid=15ac5f7b1d68a-0e0de0f729c3d6-3e64430f-1fa400-15ac5f7b1d74a7; CNZZDATA1261441349=1340536119-1489374826-%7C1490331844; Hm_lvt_6681fc6da2f37578acbb0f5b2cc6f10c=1489380031; Hm_lpvt_6681fc6da2f37578acbb0f5b2cc6f10c=1490333228',
)
[ info ] [ PARAM ] array (
  'id' => '8',
)
[ info ] [ DB ] INIT mysql
[ info ] [ RUN ] app\index\controller\Task->detail[ C:\xampp\htdocs\pc\pc\application\index\Controller\Task.php ]
[ info ] [ VIEW ] C:\xampp\htdocs\pc\pc\public/../application/index\view\task\detail.html [ array (
  0 => 'task',
  1 => 'task_person',
) ]
[ info ] [ LOG ] INIT File
[ sql ] [ DB ] CONNECT:[ UseTime:0.001091s ] mysql:dbname=blue;host=127.0.0.1;charset=utf8

---------------------------------------------------------------
[ 2017-03-25T15:53:18+08:00 ] ::1 ::1 GET /pc/pc/public/static/css/bootstrap.min.css.map
[ log ] localhost/pc/pc/public/static/css/bootstrap.min.css.map [运行时间：0.036244s][吞吐率：27.59req/s] [内存消耗：1,001.00kb] [文件加载：27]
[ info ] [ LANG ] C:\xampp\htdocs\pc\pc\thinkphp\lang\zh-cn.php
[ info ] [ ROUTE ] array (
  'type' => 'module',
  'module' => 
  array (
    0 => 'static',
    1 => 'css',
    2 => 'bootstrap.min.css.map',
  ),
)
[ info ] [ HEADER ] array (
  'host' => 'localhost',
  'connection' => 'keep-alive',
  'user-agent' => 'Mozilla/5.0 (Windows NT 10.0; WOW64) AppleWebKit/537.36 (KHTML, like Gecko) Chrome/50.0.2661.102 Safari/537.36',
  'accept-encoding' => 'gzip, deflate, sdch',
  'accept-language' => 'zh-CN,zh;q=0.8',
  'cookie' => 'PHPSESSID=8snon2h43u8qaj3bhfju4tbul4; Hm_lvt_89e183299f55076126198f1f546c1b7a=1488367801; Hm_lpvt_89e183299f55076126198f1f546c1b7a=1488367807; UM_distinctid=15ac5f7b1d68a-0e0de0f729c3d6-3e64430f-1fa400-15ac5f7b1d74a7; CNZZDATA1261441349=1340536119-1489374826-%7C1490331844; Hm_lvt_6681fc6da2f37578acbb0f5b2cc6f10c=1489380031; Hm_lpvt_6681fc6da2f37578acbb0f5b2cc6f10c=1490333228',
)
[ info ] [ PARAM ] array (
)
[ info ] [ LOG ] INIT File

---------------------------------------------------------------
[ 2017-03-25T17:30:27+08:00 ] ::1 ::1 GET /pc/pc/public/index/task/detail/id/8.html
[ log ] localhost/pc/pc/public/index/task/detail/id/8.html [运行时间：0.064179s][吞吐率：15.58req/s] [内存消耗：1,720.62kb] [文件加载：40]
[ info ] [ LANG ] C:\xampp\htdocs\pc\pc\thinkphp\lang\zh-cn.php
[ info ] [ ROUTE ] array (
  'type' => 'module',
  'module' => 
  array (
    0 => 'index',
    1 => 'task',
    2 => 'detail',
  ),
)
[ info ] [ HEADER ] array (
  'host' => 'localhost',
  'connection' => 'keep-alive',
  'cache-control' => 'max-age=0',
  'accept' => 'text/html,application/xhtml+xml,application/xml;q=0.9,image/webp,*/*;q=0.8',
  'upgrade-insecure-requests' => '1',
  'user-agent' => 'Mozilla/5.0 (Windows NT 10.0; WOW64) AppleWebKit/537.36 (KHTML, like Gecko) Chrome/50.0.2661.102 Safari/537.36',
  'referer' => 'http://localhost/pc/pc/public/index/task/projects/id/1.html',
  'accept-encoding' => 'gzip, deflate, sdch',
  'accept-language' => 'zh-CN,zh;q=0.8',
  'cookie' => 'PHPSESSID=8snon2h43u8qaj3bhfju4tbul4; Hm_lvt_89e183299f55076126198f1f546c1b7a=1488367801; Hm_lpvt_89e183299f55076126198f1f546c1b7a=1488367807; UM_distinctid=15ac5f7b1d68a-0e0de0f729c3d6-3e64430f-1fa400-15ac5f7b1d74a7; CNZZDATA1261441349=1340536119-1489374826-%7C1490331844; Hm_lvt_6681fc6da2f37578acbb0f5b2cc6f10c=1489380031; Hm_lpvt_6681fc6da2f37578acbb0f5b2cc6f10c=1490333228',
)
[ info ] [ PARAM ] array (
  'id' => '8',
)
[ info ] [ DB ] INIT mysql
[ info ] [ RUN ] app\index\controller\Task->detail[ C:\xampp\htdocs\pc\pc\application\index\Controller\Task.php ]
[ info ] [ VIEW ] C:\xampp\htdocs\pc\pc\public/../application/index\view\task\detail.html [ array (
  0 => 'task',
  1 => 'task_person',
) ]
[ info ] [ LOG ] INIT File
[ sql ] [ DB ] CONNECT:[ UseTime:0.004154s ] mysql:dbname=blue;host=127.0.0.1;charset=utf8

---------------------------------------------------------------
[ 2017-03-25T17:30:28+08:00 ] ::1 ::1 GET /pc/pc/public/static/css/bootstrap.min.css.map
[ log ] localhost/pc/pc/public/static/css/bootstrap.min.css.map [运行时间：0.046628s][吞吐率：21.45req/s] [内存消耗：1,001.00kb] [文件加载：27]
[ info ] [ LANG ] C:\xampp\htdocs\pc\pc\thinkphp\lang\zh-cn.php
[ info ] [ ROUTE ] array (
  'type' => 'module',
  'module' => 
  array (
    0 => 'static',
    1 => 'css',
    2 => 'bootstrap.min.css.map',
  ),
)
[ info ] [ HEADER ] array (
  'host' => 'localhost',
  'connection' => 'keep-alive',
  'user-agent' => 'Mozilla/5.0 (Windows NT 10.0; WOW64) AppleWebKit/537.36 (KHTML, like Gecko) Chrome/50.0.2661.102 Safari/537.36',
  'accept-encoding' => 'gzip, deflate, sdch',
  'accept-language' => 'zh-CN,zh;q=0.8',
  'cookie' => 'PHPSESSID=8snon2h43u8qaj3bhfju4tbul4; Hm_lvt_89e183299f55076126198f1f546c1b7a=1488367801; Hm_lpvt_89e183299f55076126198f1f546c1b7a=1488367807; UM_distinctid=15ac5f7b1d68a-0e0de0f729c3d6-3e64430f-1fa400-15ac5f7b1d74a7; CNZZDATA1261441349=1340536119-1489374826-%7C1490331844; Hm_lvt_6681fc6da2f37578acbb0f5b2cc6f10c=1489380031; Hm_lpvt_6681fc6da2f37578acbb0f5b2cc6f10c=1490333228',
)
[ info ] [ PARAM ] array (
)
[ info ] [ LOG ] INIT File

---------------------------------------------------------------
[ 2017-03-25T17:31:15+08:00 ] ::1 ::1 GET /pc/pc/public/index/task/detail/id/8.html
[ log ] localhost/pc/pc/public/index/task/detail/id/8.html [运行时间：0.054747s][吞吐率：18.27req/s] [内存消耗：1,720.70kb] [文件加载：40]
[ info ] [ LANG ] C:\xampp\htdocs\pc\pc\thinkphp\lang\zh-cn.php
[ info ] [ ROUTE ] array (
  'type' => 'module',
  'module' => 
  array (
    0 => 'index',
    1 => 'task',
    2 => 'detail',
  ),
)
[ info ] [ HEADER ] array (
  'host' => 'localhost',
  'connection' => 'keep-alive',
  'cache-control' => 'max-age=0',
  'accept' => 'text/html,application/xhtml+xml,application/xml;q=0.9,image/webp,*/*;q=0.8',
  'upgrade-insecure-requests' => '1',
  'user-agent' => 'Mozilla/5.0 (Windows NT 10.0; WOW64) AppleWebKit/537.36 (KHTML, like Gecko) Chrome/50.0.2661.102 Safari/537.36',
  'referer' => 'http://localhost/pc/pc/public/index/task/projects/id/1.html',
  'accept-encoding' => 'gzip, deflate, sdch',
  'accept-language' => 'zh-CN,zh;q=0.8',
  'cookie' => 'PHPSESSID=8snon2h43u8qaj3bhfju4tbul4; Hm_lvt_89e183299f55076126198f1f546c1b7a=1488367801; Hm_lpvt_89e183299f55076126198f1f546c1b7a=1488367807; UM_distinctid=15ac5f7b1d68a-0e0de0f729c3d6-3e64430f-1fa400-15ac5f7b1d74a7; CNZZDATA1261441349=1340536119-1489374826-%7C1490331844; Hm_lvt_6681fc6da2f37578acbb0f5b2cc6f10c=1489380031; Hm_lpvt_6681fc6da2f37578acbb0f5b2cc6f10c=1490333228',
)
[ info ] [ PARAM ] array (
  'id' => '8',
)
[ info ] [ DB ] INIT mysql
[ info ] [ RUN ] app\index\controller\Task->detail[ C:\xampp\htdocs\pc\pc\application\index\Controller\Task.php ]
[ info ] [ VIEW ] C:\xampp\htdocs\pc\pc\public/../application/index\view\task\detail.html [ array (
  0 => 'task',
  1 => 'task_person',
) ]
[ info ] [ LOG ] INIT File
[ sql ] [ DB ] CONNECT:[ UseTime:0.000909s ] mysql:dbname=blue;host=127.0.0.1;charset=utf8

---------------------------------------------------------------
[ 2017-03-25T17:31:16+08:00 ] ::1 ::1 GET /pc/pc/public/static/css/bootstrap.min.css.map
[ log ] localhost/pc/pc/public/static/css/bootstrap.min.css.map [运行时间：0.045443s][吞吐率：22.01req/s] [内存消耗：1,001.00kb] [文件加载：27]
[ info ] [ LANG ] C:\xampp\htdocs\pc\pc\thinkphp\lang\zh-cn.php
[ info ] [ ROUTE ] array (
  'type' => 'module',
  'module' => 
  array (
    0 => 'static',
    1 => 'css',
    2 => 'bootstrap.min.css.map',
  ),
)
[ info ] [ HEADER ] array (
  'host' => 'localhost',
  'connection' => 'keep-alive',
  'user-agent' => 'Mozilla/5.0 (Windows NT 10.0; WOW64) AppleWebKit/537.36 (KHTML, like Gecko) Chrome/50.0.2661.102 Safari/537.36',
  'accept-encoding' => 'gzip, deflate, sdch',
  'accept-language' => 'zh-CN,zh;q=0.8',
  'cookie' => 'PHPSESSID=8snon2h43u8qaj3bhfju4tbul4; Hm_lvt_89e183299f55076126198f1f546c1b7a=1488367801; Hm_lpvt_89e183299f55076126198f1f546c1b7a=1488367807; UM_distinctid=15ac5f7b1d68a-0e0de0f729c3d6-3e64430f-1fa400-15ac5f7b1d74a7; CNZZDATA1261441349=1340536119-1489374826-%7C1490331844; Hm_lvt_6681fc6da2f37578acbb0f5b2cc6f10c=1489380031; Hm_lpvt_6681fc6da2f37578acbb0f5b2cc6f10c=1490333228',
)
[ info ] [ PARAM ] array (
)
[ info ] [ LOG ] INIT File

---------------------------------------------------------------
[ 2017-03-25T17:31:44+08:00 ] ::1 ::1 GET /pc/pc/public/index/task/detail/id/8.html
[ log ] localhost/pc/pc/public/index/task/detail/id/8.html [运行时间：0.042600s][吞吐率：23.47req/s] [内存消耗：1,720.70kb] [文件加载：40]
[ info ] [ LANG ] C:\xampp\htdocs\pc\pc\thinkphp\lang\zh-cn.php
[ info ] [ ROUTE ] array (
  'type' => 'module',
  'module' => 
  array (
    0 => 'index',
    1 => 'task',
    2 => 'detail',
  ),
)
[ info ] [ HEADER ] array (
  'host' => 'localhost',
  'connection' => 'keep-alive',
  'cache-control' => 'max-age=0',
  'accept' => 'text/html,application/xhtml+xml,application/xml;q=0.9,image/webp,*/*;q=0.8',
  'upgrade-insecure-requests' => '1',
  'user-agent' => 'Mozilla/5.0 (Windows NT 10.0; WOW64) AppleWebKit/537.36 (KHTML, like Gecko) Chrome/50.0.2661.102 Safari/537.36',
  'referer' => 'http://localhost/pc/pc/public/index/task/projects/id/1.html',
  'accept-encoding' => 'gzip, deflate, sdch',
  'accept-language' => 'zh-CN,zh;q=0.8',
  'cookie' => 'PHPSESSID=8snon2h43u8qaj3bhfju4tbul4; Hm_lvt_89e183299f55076126198f1f546c1b7a=1488367801; Hm_lpvt_89e183299f55076126198f1f546c1b7a=1488367807; UM_distinctid=15ac5f7b1d68a-0e0de0f729c3d6-3e64430f-1fa400-15ac5f7b1d74a7; CNZZDATA1261441349=1340536119-1489374826-%7C1490331844; Hm_lvt_6681fc6da2f37578acbb0f5b2cc6f10c=1489380031; Hm_lpvt_6681fc6da2f37578acbb0f5b2cc6f10c=1490333228',
)
[ info ] [ PARAM ] array (
  'id' => '8',
)
[ info ] [ DB ] INIT mysql
[ info ] [ RUN ] app\index\controller\Task->detail[ C:\xampp\htdocs\pc\pc\application\index\Controller\Task.php ]
[ info ] [ VIEW ] C:\xampp\htdocs\pc\pc\public/../application/index\view\task\detail.html [ array (
  0 => 'task',
  1 => 'task_person',
) ]
[ info ] [ LOG ] INIT File
[ sql ] [ DB ] CONNECT:[ UseTime:0.000866s ] mysql:dbname=blue;host=127.0.0.1;charset=utf8

---------------------------------------------------------------
[ 2017-03-25T17:31:44+08:00 ] ::1 ::1 GET /pc/pc/public/static/css/bootstrap.min.css.map
[ log ] localhost/pc/pc/public/static/css/bootstrap.min.css.map [运行时间：0.032905s][吞吐率：30.39req/s] [内存消耗：1,001.00kb] [文件加载：27]
[ info ] [ LANG ] C:\xampp\htdocs\pc\pc\thinkphp\lang\zh-cn.php
[ info ] [ ROUTE ] array (
  'type' => 'module',
  'module' => 
  array (
    0 => 'static',
    1 => 'css',
    2 => 'bootstrap.min.css.map',
  ),
)
[ info ] [ HEADER ] array (
  'host' => 'localhost',
  'connection' => 'keep-alive',
  'user-agent' => 'Mozilla/5.0 (Windows NT 10.0; WOW64) AppleWebKit/537.36 (KHTML, like Gecko) Chrome/50.0.2661.102 Safari/537.36',
  'accept-encoding' => 'gzip, deflate, sdch',
  'accept-language' => 'zh-CN,zh;q=0.8',
  'cookie' => 'PHPSESSID=8snon2h43u8qaj3bhfju4tbul4; Hm_lvt_89e183299f55076126198f1f546c1b7a=1488367801; Hm_lpvt_89e183299f55076126198f1f546c1b7a=1488367807; UM_distinctid=15ac5f7b1d68a-0e0de0f729c3d6-3e64430f-1fa400-15ac5f7b1d74a7; CNZZDATA1261441349=1340536119-1489374826-%7C1490331844; Hm_lvt_6681fc6da2f37578acbb0f5b2cc6f10c=1489380031; Hm_lpvt_6681fc6da2f37578acbb0f5b2cc6f10c=1490333228',
)
[ info ] [ PARAM ] array (
)
[ info ] [ LOG ] INIT File

---------------------------------------------------------------
[ 2017-03-25T17:32:23+08:00 ] ::1 ::1 GET /pc/pc/public/index/task/detail/id/8.html
[ log ] localhost/pc/pc/public/index/task/detail/id/8.html [运行时间：0.046186s][吞吐率：21.65req/s] [内存消耗：1,720.71kb] [文件加载：40]
[ info ] [ LANG ] C:\xampp\htdocs\pc\pc\thinkphp\lang\zh-cn.php
[ info ] [ ROUTE ] array (
  'type' => 'module',
  'module' => 
  array (
    0 => 'index',
    1 => 'task',
    2 => 'detail',
  ),
)
[ info ] [ HEADER ] array (
  'host' => 'localhost',
  'connection' => 'keep-alive',
  'cache-control' => 'max-age=0',
  'accept' => 'text/html,application/xhtml+xml,application/xml;q=0.9,image/webp,*/*;q=0.8',
  'upgrade-insecure-requests' => '1',
  'user-agent' => 'Mozilla/5.0 (Windows NT 10.0; WOW64) AppleWebKit/537.36 (KHTML, like Gecko) Chrome/50.0.2661.102 Safari/537.36',
  'referer' => 'http://localhost/pc/pc/public/index/task/projects/id/1.html',
  'accept-encoding' => 'gzip, deflate, sdch',
  'accept-language' => 'zh-CN,zh;q=0.8',
  'cookie' => 'PHPSESSID=8snon2h43u8qaj3bhfju4tbul4; Hm_lvt_89e183299f55076126198f1f546c1b7a=1488367801; Hm_lpvt_89e183299f55076126198f1f546c1b7a=1488367807; UM_distinctid=15ac5f7b1d68a-0e0de0f729c3d6-3e64430f-1fa400-15ac5f7b1d74a7; CNZZDATA1261441349=1340536119-1489374826-%7C1490331844; Hm_lvt_6681fc6da2f37578acbb0f5b2cc6f10c=1489380031; Hm_lpvt_6681fc6da2f37578acbb0f5b2cc6f10c=1490333228',
)
[ info ] [ PARAM ] array (
  'id' => '8',
)
[ info ] [ DB ] INIT mysql
[ info ] [ RUN ] app\index\controller\Task->detail[ C:\xampp\htdocs\pc\pc\application\index\Controller\Task.php ]
[ info ] [ VIEW ] C:\xampp\htdocs\pc\pc\public/../application/index\view\task\detail.html [ array (
  0 => 'task',
  1 => 'task_person',
) ]
[ info ] [ LOG ] INIT File
[ sql ] [ DB ] CONNECT:[ UseTime:0.000958s ] mysql:dbname=blue;host=127.0.0.1;charset=utf8

---------------------------------------------------------------
[ 2017-03-25T17:32:23+08:00 ] ::1 ::1 GET /pc/pc/public/static/css/bootstrap.min.css.map
[ log ] localhost/pc/pc/public/static/css/bootstrap.min.css.map [运行时间：0.037174s][吞吐率：26.90req/s] [内存消耗：1,001.00kb] [文件加载：27]
[ info ] [ LANG ] C:\xampp\htdocs\pc\pc\thinkphp\lang\zh-cn.php
[ info ] [ ROUTE ] array (
  'type' => 'module',
  'module' => 
  array (
    0 => 'static',
    1 => 'css',
    2 => 'bootstrap.min.css.map',
  ),
)
[ info ] [ HEADER ] array (
  'host' => 'localhost',
  'connection' => 'keep-alive',
  'user-agent' => 'Mozilla/5.0 (Windows NT 10.0; WOW64) AppleWebKit/537.36 (KHTML, like Gecko) Chrome/50.0.2661.102 Safari/537.36',
  'accept-encoding' => 'gzip, deflate, sdch',
  'accept-language' => 'zh-CN,zh;q=0.8',
  'cookie' => 'PHPSESSID=8snon2h43u8qaj3bhfju4tbul4; Hm_lvt_89e183299f55076126198f1f546c1b7a=1488367801; Hm_lpvt_89e183299f55076126198f1f546c1b7a=1488367807; UM_distinctid=15ac5f7b1d68a-0e0de0f729c3d6-3e64430f-1fa400-15ac5f7b1d74a7; CNZZDATA1261441349=1340536119-1489374826-%7C1490331844; Hm_lvt_6681fc6da2f37578acbb0f5b2cc6f10c=1489380031; Hm_lpvt_6681fc6da2f37578acbb0f5b2cc6f10c=1490333228',
)
[ info ] [ PARAM ] array (
)
[ info ] [ LOG ] INIT File

---------------------------------------------------------------
[ 2017-03-25T17:33:16+08:00 ] ::1 ::1 GET /pc/pc/public/index/task/detail/id/8.html
[ log ] localhost/pc/pc/public/index/task/detail/id/8.html [运行时间：0.055257s][吞吐率：18.10req/s] [内存消耗：1,720.71kb] [文件加载：40]
[ info ] [ LANG ] C:\xampp\htdocs\pc\pc\thinkphp\lang\zh-cn.php
[ info ] [ ROUTE ] array (
  'type' => 'module',
  'module' => 
  array (
    0 => 'index',
    1 => 'task',
    2 => 'detail',
  ),
)
[ info ] [ HEADER ] array (
  'host' => 'localhost',
  'connection' => 'keep-alive',
  'cache-control' => 'max-age=0',
  'accept' => 'text/html,application/xhtml+xml,application/xml;q=0.9,image/webp,*/*;q=0.8',
  'upgrade-insecure-requests' => '1',
  'user-agent' => 'Mozilla/5.0 (Windows NT 10.0; WOW64) AppleWebKit/537.36 (KHTML, like Gecko) Chrome/50.0.2661.102 Safari/537.36',
  'referer' => 'http://localhost/pc/pc/public/index/task/projects/id/1.html',
  'accept-encoding' => 'gzip, deflate, sdch',
  'accept-language' => 'zh-CN,zh;q=0.8',
  'cookie' => 'PHPSESSID=8snon2h43u8qaj3bhfju4tbul4; Hm_lvt_89e183299f55076126198f1f546c1b7a=1488367801; Hm_lpvt_89e183299f55076126198f1f546c1b7a=1488367807; UM_distinctid=15ac5f7b1d68a-0e0de0f729c3d6-3e64430f-1fa400-15ac5f7b1d74a7; CNZZDATA1261441349=1340536119-1489374826-%7C1490331844; Hm_lvt_6681fc6da2f37578acbb0f5b2cc6f10c=1489380031; Hm_lpvt_6681fc6da2f37578acbb0f5b2cc6f10c=1490333228',
)
[ info ] [ PARAM ] array (
  'id' => '8',
)
[ info ] [ DB ] INIT mysql
[ info ] [ RUN ] app\index\controller\Task->detail[ C:\xampp\htdocs\pc\pc\application\index\Controller\Task.php ]
[ info ] [ VIEW ] C:\xampp\htdocs\pc\pc\public/../application/index\view\task\detail.html [ array (
  0 => 'task',
  1 => 'task_person',
) ]
[ info ] [ LOG ] INIT File
[ sql ] [ DB ] CONNECT:[ UseTime:0.001042s ] mysql:dbname=blue;host=127.0.0.1;charset=utf8

---------------------------------------------------------------
[ 2017-03-25T17:33:17+08:00 ] ::1 ::1 GET /pc/pc/public/static/css/bootstrap.min.css.map
[ log ] localhost/pc/pc/public/static/css/bootstrap.min.css.map [运行时间：0.043636s][吞吐率：22.92req/s] [内存消耗：1,001.00kb] [文件加载：27]
[ info ] [ LANG ] C:\xampp\htdocs\pc\pc\thinkphp\lang\zh-cn.php
[ info ] [ ROUTE ] array (
  'type' => 'module',
  'module' => 
  array (
    0 => 'static',
    1 => 'css',
    2 => 'bootstrap.min.css.map',
  ),
)
[ info ] [ HEADER ] array (
  'host' => 'localhost',
  'connection' => 'keep-alive',
  'user-agent' => 'Mozilla/5.0 (Windows NT 10.0; WOW64) AppleWebKit/537.36 (KHTML, like Gecko) Chrome/50.0.2661.102 Safari/537.36',
  'accept-encoding' => 'gzip, deflate, sdch',
  'accept-language' => 'zh-CN,zh;q=0.8',
  'cookie' => 'PHPSESSID=8snon2h43u8qaj3bhfju4tbul4; Hm_lvt_89e183299f55076126198f1f546c1b7a=1488367801; Hm_lpvt_89e183299f55076126198f1f546c1b7a=1488367807; UM_distinctid=15ac5f7b1d68a-0e0de0f729c3d6-3e64430f-1fa400-15ac5f7b1d74a7; CNZZDATA1261441349=1340536119-1489374826-%7C1490331844; Hm_lvt_6681fc6da2f37578acbb0f5b2cc6f10c=1489380031; Hm_lpvt_6681fc6da2f37578acbb0f5b2cc6f10c=1490333228',
)
[ info ] [ PARAM ] array (
)
[ info ] [ LOG ] INIT File

---------------------------------------------------------------
[ 2017-03-25T17:33:57+08:00 ] ::1 ::1 GET /pc/pc/public/index/task/detail/id/8.html
[ log ] localhost/pc/pc/public/index/task/detail/id/8.html [运行时间：0.048768s][吞吐率：20.51req/s] [内存消耗：1,720.83kb] [文件加载：40]
[ info ] [ LANG ] C:\xampp\htdocs\pc\pc\thinkphp\lang\zh-cn.php
[ info ] [ ROUTE ] array (
  'type' => 'module',
  'module' => 
  array (
    0 => 'index',
    1 => 'task',
    2 => 'detail',
  ),
)
[ info ] [ HEADER ] array (
  'host' => 'localhost',
  'connection' => 'keep-alive',
  'cache-control' => 'max-age=0',
  'accept' => 'text/html,application/xhtml+xml,application/xml;q=0.9,image/webp,*/*;q=0.8',
  'upgrade-insecure-requests' => '1',
  'user-agent' => 'Mozilla/5.0 (Windows NT 10.0; WOW64) AppleWebKit/537.36 (KHTML, like Gecko) Chrome/50.0.2661.102 Safari/537.36',
  'referer' => 'http://localhost/pc/pc/public/index/task/projects/id/1.html',
  'accept-encoding' => 'gzip, deflate, sdch',
  'accept-language' => 'zh-CN,zh;q=0.8',
  'cookie' => 'PHPSESSID=8snon2h43u8qaj3bhfju4tbul4; Hm_lvt_89e183299f55076126198f1f546c1b7a=1488367801; Hm_lpvt_89e183299f55076126198f1f546c1b7a=1488367807; UM_distinctid=15ac5f7b1d68a-0e0de0f729c3d6-3e64430f-1fa400-15ac5f7b1d74a7; CNZZDATA1261441349=1340536119-1489374826-%7C1490331844; Hm_lvt_6681fc6da2f37578acbb0f5b2cc6f10c=1489380031; Hm_lpvt_6681fc6da2f37578acbb0f5b2cc6f10c=1490333228',
)
[ info ] [ PARAM ] array (
  'id' => '8',
)
[ info ] [ DB ] INIT mysql
[ info ] [ RUN ] app\index\controller\Task->detail[ C:\xampp\htdocs\pc\pc\application\index\Controller\Task.php ]
[ info ] [ VIEW ] C:\xampp\htdocs\pc\pc\public/../application/index\view\task\detail.html [ array (
  0 => 'task',
  1 => 'task_person',
) ]
[ info ] [ LOG ] INIT File
[ sql ] [ DB ] CONNECT:[ UseTime:0.001809s ] mysql:dbname=blue;host=127.0.0.1;charset=utf8

---------------------------------------------------------------
[ 2017-03-25T17:33:57+08:00 ] ::1 ::1 GET /pc/pc/public/static/css/bootstrap.min.css.map
[ log ] localhost/pc/pc/public/static/css/bootstrap.min.css.map [运行时间：0.033352s][吞吐率：29.98req/s] [内存消耗：1,001.00kb] [文件加载：27]
[ info ] [ LANG ] C:\xampp\htdocs\pc\pc\thinkphp\lang\zh-cn.php
[ info ] [ ROUTE ] array (
  'type' => 'module',
  'module' => 
  array (
    0 => 'static',
    1 => 'css',
    2 => 'bootstrap.min.css.map',
  ),
)
[ info ] [ HEADER ] array (
  'host' => 'localhost',
  'connection' => 'keep-alive',
  'user-agent' => 'Mozilla/5.0 (Windows NT 10.0; WOW64) AppleWebKit/537.36 (KHTML, like Gecko) Chrome/50.0.2661.102 Safari/537.36',
  'accept-encoding' => 'gzip, deflate, sdch',
  'accept-language' => 'zh-CN,zh;q=0.8',
  'cookie' => 'PHPSESSID=8snon2h43u8qaj3bhfju4tbul4; Hm_lvt_89e183299f55076126198f1f546c1b7a=1488367801; Hm_lpvt_89e183299f55076126198f1f546c1b7a=1488367807; UM_distinctid=15ac5f7b1d68a-0e0de0f729c3d6-3e64430f-1fa400-15ac5f7b1d74a7; CNZZDATA1261441349=1340536119-1489374826-%7C1490331844; Hm_lvt_6681fc6da2f37578acbb0f5b2cc6f10c=1489380031; Hm_lpvt_6681fc6da2f37578acbb0f5b2cc6f10c=1490333228',
)
[ info ] [ PARAM ] array (
)
[ info ] [ LOG ] INIT File

---------------------------------------------------------------
[ 2017-03-25T17:47:39+08:00 ] ::1 ::1 GET /pc/pc/public/index/task/detail/id/8.html
[ log ] localhost/pc/pc/public/index/task/detail/id/8.html [运行时间：0.064999s][吞吐率：15.38req/s] [内存消耗：1,721.48kb] [文件加载：40]
[ info ] [ LANG ] C:\xampp\htdocs\pc\pc\thinkphp\lang\zh-cn.php
[ info ] [ ROUTE ] array (
  'type' => 'module',
  'module' => 
  array (
    0 => 'index',
    1 => 'task',
    2 => 'detail',
  ),
)
[ info ] [ HEADER ] array (
  'host' => 'localhost',
  'connection' => 'keep-alive',
  'cache-control' => 'max-age=0',
  'accept' => 'text/html,application/xhtml+xml,application/xml;q=0.9,image/webp,*/*;q=0.8',
  'upgrade-insecure-requests' => '1',
  'user-agent' => 'Mozilla/5.0 (Windows NT 10.0; WOW64) AppleWebKit/537.36 (KHTML, like Gecko) Chrome/50.0.2661.102 Safari/537.36',
  'referer' => 'http://localhost/pc/pc/public/index/task/projects/id/1.html',
  'accept-encoding' => 'gzip, deflate, sdch',
  'accept-language' => 'zh-CN,zh;q=0.8',
  'cookie' => 'PHPSESSID=8snon2h43u8qaj3bhfju4tbul4; Hm_lvt_89e183299f55076126198f1f546c1b7a=1488367801; Hm_lpvt_89e183299f55076126198f1f546c1b7a=1488367807; UM_distinctid=15ac5f7b1d68a-0e0de0f729c3d6-3e64430f-1fa400-15ac5f7b1d74a7; CNZZDATA1261441349=1340536119-1489374826-%7C1490331844; Hm_lvt_6681fc6da2f37578acbb0f5b2cc6f10c=1489380031; Hm_lpvt_6681fc6da2f37578acbb0f5b2cc6f10c=1490333228',
)
[ info ] [ PARAM ] array (
  'id' => '8',
)
[ info ] [ DB ] INIT mysql
[ info ] [ RUN ] app\index\controller\Task->detail[ C:\xampp\htdocs\pc\pc\application\index\Controller\Task.php ]
[ info ] [ VIEW ] C:\xampp\htdocs\pc\pc\public/../application/index\view\task\detail.html [ array (
  0 => 'task',
  1 => 'task_person',
) ]
[ info ] [ LOG ] INIT File
[ sql ] [ DB ] CONNECT:[ UseTime:0.001192s ] mysql:dbname=blue;host=127.0.0.1;charset=utf8

---------------------------------------------------------------
[ 2017-03-25T17:47:48+08:00 ] ::1 ::1 GET /pc/pc/public/static/css/bootstrap.min.css.map
[ log ] localhost/pc/pc/public/static/css/bootstrap.min.css.map [运行时间：0.050037s][吞吐率：19.99req/s] [内存消耗：1,001.00kb] [文件加载：27]
[ info ] [ LANG ] C:\xampp\htdocs\pc\pc\thinkphp\lang\zh-cn.php
[ info ] [ ROUTE ] array (
  'type' => 'module',
  'module' => 
  array (
    0 => 'static',
    1 => 'css',
    2 => 'bootstrap.min.css.map',
  ),
)
[ info ] [ HEADER ] array (
  'host' => 'localhost',
  'connection' => 'keep-alive',
  'user-agent' => 'Mozilla/5.0 (Windows NT 10.0; WOW64) AppleWebKit/537.36 (KHTML, like Gecko) Chrome/50.0.2661.102 Safari/537.36',
  'accept-encoding' => 'gzip, deflate, sdch',
  'accept-language' => 'zh-CN,zh;q=0.8',
  'cookie' => 'PHPSESSID=8snon2h43u8qaj3bhfju4tbul4; Hm_lvt_89e183299f55076126198f1f546c1b7a=1488367801; Hm_lpvt_89e183299f55076126198f1f546c1b7a=1488367807; UM_distinctid=15ac5f7b1d68a-0e0de0f729c3d6-3e64430f-1fa400-15ac5f7b1d74a7; CNZZDATA1261441349=1340536119-1489374826-%7C1490331844; Hm_lvt_6681fc6da2f37578acbb0f5b2cc6f10c=1489380031; Hm_lpvt_6681fc6da2f37578acbb0f5b2cc6f10c=1490333228',
)
[ info ] [ PARAM ] array (
)
[ info ] [ LOG ] INIT File

---------------------------------------------------------------
[ 2017-03-25T17:48:24+08:00 ] ::1 ::1 GET /pc/pc/public/index/task/detail/id/8.html
[ log ] localhost/pc/pc/public/index/task/detail/id/8.html [运行时间：0.048165s][吞吐率：20.76req/s] [内存消耗：1,721.44kb] [文件加载：40]
[ info ] [ LANG ] C:\xampp\htdocs\pc\pc\thinkphp\lang\zh-cn.php
[ info ] [ ROUTE ] array (
  'type' => 'module',
  'module' => 
  array (
    0 => 'index',
    1 => 'task',
    2 => 'detail',
  ),
)
[ info ] [ HEADER ] array (
  'host' => 'localhost',
  'connection' => 'keep-alive',
  'cache-control' => 'max-age=0',
  'accept' => 'text/html,application/xhtml+xml,application/xml;q=0.9,image/webp,*/*;q=0.8',
  'upgrade-insecure-requests' => '1',
  'user-agent' => 'Mozilla/5.0 (Windows NT 10.0; WOW64) AppleWebKit/537.36 (KHTML, like Gecko) Chrome/50.0.2661.102 Safari/537.36',
  'referer' => 'http://localhost/pc/pc/public/index/task/projects/id/1.html',
  'accept-encoding' => 'gzip, deflate, sdch',
  'accept-language' => 'zh-CN,zh;q=0.8',
  'cookie' => 'PHPSESSID=8snon2h43u8qaj3bhfju4tbul4; Hm_lvt_89e183299f55076126198f1f546c1b7a=1488367801; Hm_lpvt_89e183299f55076126198f1f546c1b7a=1488367807; UM_distinctid=15ac5f7b1d68a-0e0de0f729c3d6-3e64430f-1fa400-15ac5f7b1d74a7; CNZZDATA1261441349=1340536119-1489374826-%7C1490331844; Hm_lvt_6681fc6da2f37578acbb0f5b2cc6f10c=1489380031; Hm_lpvt_6681fc6da2f37578acbb0f5b2cc6f10c=1490333228',
)
[ info ] [ PARAM ] array (
  'id' => '8',
)
[ info ] [ DB ] INIT mysql
[ info ] [ RUN ] app\index\controller\Task->detail[ C:\xampp\htdocs\pc\pc\application\index\Controller\Task.php ]
[ info ] [ VIEW ] C:\xampp\htdocs\pc\pc\public/../application/index\view\task\detail.html [ array (
  0 => 'task',
  1 => 'task_person',
) ]
[ info ] [ LOG ] INIT File
[ sql ] [ DB ] CONNECT:[ UseTime:0.000945s ] mysql:dbname=blue;host=127.0.0.1;charset=utf8

---------------------------------------------------------------
[ 2017-03-25T17:48:24+08:00 ] ::1 ::1 GET /pc/pc/public/static/css/bootstrap.min.css.map
[ log ] localhost/pc/pc/public/static/css/bootstrap.min.css.map [运行时间：0.044281s][吞吐率：22.58req/s] [内存消耗：1,001.00kb] [文件加载：27]
[ info ] [ LANG ] C:\xampp\htdocs\pc\pc\thinkphp\lang\zh-cn.php
[ info ] [ ROUTE ] array (
  'type' => 'module',
  'module' => 
  array (
    0 => 'static',
    1 => 'css',
    2 => 'bootstrap.min.css.map',
  ),
)
[ info ] [ HEADER ] array (
  'host' => 'localhost',
  'connection' => 'keep-alive',
  'user-agent' => 'Mozilla/5.0 (Windows NT 10.0; WOW64) AppleWebKit/537.36 (KHTML, like Gecko) Chrome/50.0.2661.102 Safari/537.36',
  'accept-encoding' => 'gzip, deflate, sdch',
  'accept-language' => 'zh-CN,zh;q=0.8',
  'cookie' => 'PHPSESSID=8snon2h43u8qaj3bhfju4tbul4; Hm_lvt_89e183299f55076126198f1f546c1b7a=1488367801; Hm_lpvt_89e183299f55076126198f1f546c1b7a=1488367807; UM_distinctid=15ac5f7b1d68a-0e0de0f729c3d6-3e64430f-1fa400-15ac5f7b1d74a7; CNZZDATA1261441349=1340536119-1489374826-%7C1490331844; Hm_lvt_6681fc6da2f37578acbb0f5b2cc6f10c=1489380031; Hm_lpvt_6681fc6da2f37578acbb0f5b2cc6f10c=1490333228',
)
[ info ] [ PARAM ] array (
)
[ info ] [ LOG ] INIT File

---------------------------------------------------------------
[ 2017-03-25T17:58:46+08:00 ] ::1 ::1 GET /pc/pc/public/index/task/index.html
[ log ] localhost/pc/pc/public/index/task/index.html [运行时间：0.065738s][吞吐率：15.21req/s] [内存消耗：2,052.13kb] [文件加载：41]
[ info ] [ LANG ] C:\xampp\htdocs\pc\pc\thinkphp\lang\zh-cn.php
[ info ] [ ROUTE ] array (
  'type' => 'module',
  'module' => 
  array (
    0 => 'index',
    1 => 'task',
    2 => 'index',
  ),
)
[ info ] [ HEADER ] array (
  'host' => 'localhost',
  'connection' => 'keep-alive',
  'accept' => 'text/html,application/xhtml+xml,application/xml;q=0.9,image/webp,*/*;q=0.8',
  'upgrade-insecure-requests' => '1',
  'user-agent' => 'Mozilla/5.0 (Windows NT 10.0; WOW64) AppleWebKit/537.36 (KHTML, like Gecko) Chrome/50.0.2661.102 Safari/537.36',
  'referer' => 'http://localhost/pc/pc/public/index/task/detail/id/8.html',
  'accept-encoding' => 'gzip, deflate, sdch',
  'accept-language' => 'zh-CN,zh;q=0.8',
  'cookie' => 'PHPSESSID=8snon2h43u8qaj3bhfju4tbul4; Hm_lvt_89e183299f55076126198f1f546c1b7a=1488367801; Hm_lpvt_89e183299f55076126198f1f546c1b7a=1488367807; UM_distinctid=15ac5f7b1d68a-0e0de0f729c3d6-3e64430f-1fa400-15ac5f7b1d74a7; CNZZDATA1261441349=1340536119-1489374826-%7C1490331844; Hm_lvt_6681fc6da2f37578acbb0f5b2cc6f10c=1489380031; Hm_lpvt_6681fc6da2f37578acbb0f5b2cc6f10c=1490333228',
)
[ info ] [ PARAM ] array (
)
[ info ] [ DB ] INIT mysql
[ info ] [ RUN ] app\index\controller\Task->index[ C:\xampp\htdocs\pc\pc\application\index\Controller\Task.php ]
[ info ] [ VIEW ] C:\xampp\htdocs\pc\pc\public/../application/index\view\task\index.html [ array (
  0 => 'projects',
) ]
[ info ] [ LOG ] INIT File
[ sql ] [ DB ] CONNECT:[ UseTime:0.001525s ] mysql:dbname=blue;host=127.0.0.1;charset=utf8

---------------------------------------------------------------
[ 2017-03-25T17:58:48+08:00 ] ::1 ::1 GET /pc/pc/public/index/task/projects/id/1.html
[ log ] localhost/pc/pc/public/index/task/projects/id/1.html [运行时间：0.080996s][吞吐率：12.35req/s] [内存消耗：2,092.76kb] [文件加载：41]
[ info ] [ LANG ] C:\xampp\htdocs\pc\pc\thinkphp\lang\zh-cn.php
[ info ] [ ROUTE ] array (
  'type' => 'module',
  'module' => 
  array (
    0 => 'index',
    1 => 'task',
    2 => 'projects',
  ),
)
[ info ] [ HEADER ] array (
  'host' => 'localhost',
  'connection' => 'keep-alive',
  'accept' => 'text/html,application/xhtml+xml,application/xml;q=0.9,image/webp,*/*;q=0.8',
  'upgrade-insecure-requests' => '1',
  'user-agent' => 'Mozilla/5.0 (Windows NT 10.0; WOW64) AppleWebKit/537.36 (KHTML, like Gecko) Chrome/50.0.2661.102 Safari/537.36',
  'referer' => 'http://localhost/pc/pc/public/index/task/index.html',
  'accept-encoding' => 'gzip, deflate, sdch',
  'accept-language' => 'zh-CN,zh;q=0.8',
  'cookie' => 'PHPSESSID=8snon2h43u8qaj3bhfju4tbul4; Hm_lvt_89e183299f55076126198f1f546c1b7a=1488367801; Hm_lpvt_89e183299f55076126198f1f546c1b7a=1488367807; UM_distinctid=15ac5f7b1d68a-0e0de0f729c3d6-3e64430f-1fa400-15ac5f7b1d74a7; CNZZDATA1261441349=1340536119-1489374826-%7C1490331844; Hm_lvt_6681fc6da2f37578acbb0f5b2cc6f10c=1489380031; Hm_lpvt_6681fc6da2f37578acbb0f5b2cc6f10c=1490333228',
)
[ info ] [ PARAM ] array (
  'id' => '1',
)
[ info ] [ DB ] INIT mysql
[ info ] [ RUN ] app\index\controller\Task->projects[ C:\xampp\htdocs\pc\pc\application\index\Controller\Task.php ]
[ info ] [ VIEW ] C:\xampp\htdocs\pc\pc\public/../application/index\view\task\projects.html [ array (
  0 => 'data',
  1 => 'data_without_categorys',
  2 => 'project_id',
) ]
[ info ] [ LOG ] INIT File
[ sql ] [ DB ] CONNECT:[ UseTime:0.000982s ] mysql:dbname=blue;host=127.0.0.1;charset=utf8

---------------------------------------------------------------
[ 2017-03-25T17:58:50+08:00 ] ::1 ::1 GET /pc/pc/public/index/task/detail/id/21.html
[ log ] localhost/pc/pc/public/index/task/detail/id/21.html [运行时间：0.047052s][吞吐率：21.25req/s] [内存消耗：1,555.98kb] [文件加载：38]
[ info ] [ LANG ] C:\xampp\htdocs\pc\pc\thinkphp\lang\zh-cn.php
[ info ] [ ROUTE ] array (
  'type' => 'module',
  'module' => 
  array (
    0 => 'index',
    1 => 'task',
    2 => 'detail',
  ),
)
[ info ] [ HEADER ] array (
  'host' => 'localhost',
  'connection' => 'keep-alive',
  'accept' => 'text/html,application/xhtml+xml,application/xml;q=0.9,image/webp,*/*;q=0.8',
  'upgrade-insecure-requests' => '1',
  'user-agent' => 'Mozilla/5.0 (Windows NT 10.0; WOW64) AppleWebKit/537.36 (KHTML, like Gecko) Chrome/50.0.2661.102 Safari/537.36',
  'referer' => 'http://localhost/pc/pc/public/index/task/projects/id/1.html',
  'accept-encoding' => 'gzip, deflate, sdch',
  'accept-language' => 'zh-CN,zh;q=0.8',
  'cookie' => 'PHPSESSID=8snon2h43u8qaj3bhfju4tbul4; Hm_lvt_89e183299f55076126198f1f546c1b7a=1488367801; Hm_lpvt_89e183299f55076126198f1f546c1b7a=1488367807; UM_distinctid=15ac5f7b1d68a-0e0de0f729c3d6-3e64430f-1fa400-15ac5f7b1d74a7; CNZZDATA1261441349=1340536119-1489374826-%7C1490331844; Hm_lvt_6681fc6da2f37578acbb0f5b2cc6f10c=1489380031; Hm_lpvt_6681fc6da2f37578acbb0f5b2cc6f10c=1490333228',
)
[ info ] [ PARAM ] array (
  'id' => '21',
)
[ info ] [ DB ] INIT mysql
[ info ] [ RUN ] app\index\controller\Task->detail[ C:\xampp\htdocs\pc\pc\application\index\Controller\Task.php ]
[ info ] [ VIEW ] C:\xampp\htdocs\pc\pc\public/../application/index\view\task\detail.html [ array (
  0 => 'task',
  1 => 'task_person',
) ]
[ info ] [ LOG ] INIT File
[ sql ] [ DB ] CONNECT:[ UseTime:0.000815s ] mysql:dbname=blue;host=127.0.0.1;charset=utf8

---------------------------------------------------------------
