[ 2018-06-04T00:08:13+08:00 ] 172.16.197.238 187.204.32.12 GET /
[ log ] 47.98.122.163:8080/ [运行时间：0.012152s][吞吐率：82.29req/s] [内存消耗：1,298.32kb] [文件加载：37]
[ info ] [ LANG ] /home/wwwroot/pc/pc/thinkphp/lang/zh-cn.php
[ info ] [ ROUTE ] array (
  'type' => 'module',
  'module' => 
  array (
    0 => '',
    1 => NULL,
    2 => NULL,
  ),
)
[ info ] [ HEADER ] array (
  'content-length' => '0',
  'user-agent' => 'Mozilla/5.0 (Macintosh; Intel Mac OS X 10_11_6) AppleWebKit/601.7.7 (KHTML, like Gecko) Version/9.1.2 Safari/601.7.7',
  'host' => '47.98.122.163:8080',
  'content-type' => '',
)
[ info ] [ PARAM ] array (
)
[ info ] [ DB ] INIT mysql
[ info ] [ RUN ] app\index\Controller\Index->index[ /home/wwwroot/pc/pc/application/index/controller/Index.php ]
[ info ] [ VIEW ] /home/wwwroot/pc/pc/public/../application/index/view/index/index.html [ array (
  0 => 'name',
) ]
[ info ] [ LOG ] INIT File

---------------------------------------------------------------
[ 2018-06-04T01:03:00+08:00 ] 172.16.197.238 47.93.90.175 GET /
[ log ] 47.92.69.126:8080/ [运行时间：0.012824s][吞吐率：77.98req/s] [内存消耗：1,297.94kb] [文件加载：37]
[ info ] [ LANG ] /home/wwwroot/pc/pc/thinkphp/lang/zh-cn.php
[ info ] [ ROUTE ] array (
  'type' => 'module',
  'module' => 
  array (
    0 => '',
    1 => NULL,
    2 => NULL,
  ),
)
[ info ] [ HEADER ] array (
  'accept-encoding' => 'identity',
  'connection' => 'Close',
  'host' => '47.92.69.126:8080',
  'content-type' => '',
  'content-length' => '',
)
[ info ] [ PARAM ] array (
)
[ info ] [ DB ] INIT mysql
[ info ] [ RUN ] app\index\Controller\Index->index[ /home/wwwroot/pc/pc/application/index/controller/Index.php ]
[ info ] [ VIEW ] /home/wwwroot/pc/pc/public/../application/index/view/index/index.html [ array (
  0 => 'name',
) ]
[ info ] [ LOG ] INIT File

---------------------------------------------------------------
[ 2018-06-04T02:50:59+08:00 ] 172.16.197.238 201.152.81.128 GET /
[ log ] 47.98.122.163:8080/ [运行时间：0.012350s][吞吐率：80.97req/s] [内存消耗：1,298.33kb] [文件加载：37]
[ info ] [ LANG ] /home/wwwroot/pc/pc/thinkphp/lang/zh-cn.php
[ info ] [ ROUTE ] array (
  'type' => 'module',
  'module' => 
  array (
    0 => '',
    1 => NULL,
    2 => NULL,
  ),
)
[ info ] [ HEADER ] array (
  'content-length' => '0',
  'user-agent' => 'Mozilla/5.0 (Windows NT 6.1; WOW64) AppleWebKit/537.36 (KHTML, like Gecko) Chrome/51.0.2704.103 Safari/537.36',
  'host' => '47.98.122.163:8080',
  'content-type' => '',
)
[ info ] [ PARAM ] array (
)
[ info ] [ DB ] INIT mysql
[ info ] [ RUN ] app\index\Controller\Index->index[ /home/wwwroot/pc/pc/application/index/controller/Index.php ]
[ info ] [ VIEW ] /home/wwwroot/pc/pc/public/../application/index/view/index/index.html [ array (
  0 => 'name',
) ]
[ info ] [ LOG ] INIT File

---------------------------------------------------------------
[ 2018-06-04T03:07:31+08:00 ] 172.16.197.238 187.202.225.11 GET /
[ log ] 47.98.122.163:8080/ [运行时间：0.013600s][吞吐率：73.53req/s] [内存消耗：1,298.33kb] [文件加载：37]
[ info ] [ LANG ] /home/wwwroot/pc/pc/thinkphp/lang/zh-cn.php
[ info ] [ ROUTE ] array (
  'type' => 'module',
  'module' => 
  array (
    0 => '',
    1 => NULL,
    2 => NULL,
  ),
)
[ info ] [ HEADER ] array (
  'content-length' => '0',
  'user-agent' => 'Mozilla/5.0 (Windows NT 10.0; WOW64) AppleWebKit/537.36 (KHTML, like Gecko) Chrome/52.0.2743.116 Safari/537.36',
  'host' => '47.98.122.163:8080',
  'content-type' => '',
)
[ info ] [ PARAM ] array (
)
[ info ] [ DB ] INIT mysql
[ info ] [ RUN ] app\index\Controller\Index->index[ /home/wwwroot/pc/pc/application/index/controller/Index.php ]
[ info ] [ VIEW ] /home/wwwroot/pc/pc/public/../application/index/view/index/index.html [ array (
  0 => 'name',
) ]
[ info ] [ LOG ] INIT File

---------------------------------------------------------------
[ 2018-06-04T03:24:01+08:00 ] 172.16.197.238 189.68.238.138 GET /
[ log ] 47.98.122.163:8080/ [运行时间：0.011269s][吞吐率：88.74req/s] [内存消耗：1,298.33kb] [文件加载：37]
[ info ] [ LANG ] /home/wwwroot/pc/pc/thinkphp/lang/zh-cn.php
[ info ] [ ROUTE ] array (
  'type' => 'module',
  'module' => 
  array (
    0 => '',
    1 => NULL,
    2 => NULL,
  ),
)
[ info ] [ HEADER ] array (
  'content-length' => '0',
  'user-agent' => 'Mozilla/5.0 (Windows NT 10.0; WOW64) AppleWebKit/537.36 (KHTML, like Gecko) Chrome/52.0.2743.116 Safari/537.36',
  'host' => '47.98.122.163:8080',
  'content-type' => '',
)
[ info ] [ PARAM ] array (
)
[ info ] [ DB ] INIT mysql
[ info ] [ RUN ] app\index\Controller\Index->index[ /home/wwwroot/pc/pc/application/index/controller/Index.php ]
[ info ] [ VIEW ] /home/wwwroot/pc/pc/public/../application/index/view/index/index.html [ array (
  0 => 'name',
) ]
[ info ] [ LOG ] INIT File

---------------------------------------------------------------
[ 2018-06-04T03:24:44+08:00 ] 172.16.197.238 77.45.7.216 GET /
[ log ] 47.98.122.163:8080/ [运行时间：0.012639s][吞吐率：79.12req/s] [内存消耗：1,298.33kb] [文件加载：37]
[ info ] [ LANG ] /home/wwwroot/pc/pc/thinkphp/lang/zh-cn.php
[ info ] [ ROUTE ] array (
  'type' => 'module',
  'module' => 
  array (
    0 => '',
    1 => NULL,
    2 => NULL,
  ),
)
[ info ] [ HEADER ] array (
  'content-length' => '0',
  'user-agent' => 'Mozilla/5.0 (Windows NT 6.1; WOW64) AppleWebKit/537.36 (KHTML, like Gecko) Chrome/51.0.2704.103 Safari/537.36',
  'host' => '47.98.122.163:8080',
  'content-type' => '',
)
[ info ] [ PARAM ] array (
)
[ info ] [ DB ] INIT mysql
[ info ] [ RUN ] app\index\Controller\Index->index[ /home/wwwroot/pc/pc/application/index/controller/Index.php ]
[ info ] [ VIEW ] /home/wwwroot/pc/pc/public/../application/index/view/index/index.html [ array (
  0 => 'name',
) ]
[ info ] [ LOG ] INIT File

---------------------------------------------------------------
[ 2018-06-04T04:15:25+08:00 ] 172.16.197.238 92.247.150.50 GET /
[ log ] 47.98.122.163:8080/ [运行时间：0.011445s][吞吐率：87.37req/s] [内存消耗：1,298.33kb] [文件加载：37]
[ info ] [ LANG ] /home/wwwroot/pc/pc/thinkphp/lang/zh-cn.php
[ info ] [ ROUTE ] array (
  'type' => 'module',
  'module' => 
  array (
    0 => '',
    1 => NULL,
    2 => NULL,
  ),
)
[ info ] [ HEADER ] array (
  'content-length' => '0',
  'user-agent' => 'Mozilla/5.0 (Windows NT 10.0; WOW64) AppleWebKit/537.36 (KHTML, like Gecko) Chrome/52.0.2743.116 Safari/537.36',
  'host' => '47.98.122.163:8080',
  'content-type' => '',
)
[ info ] [ PARAM ] array (
)
[ info ] [ DB ] INIT mysql
[ info ] [ RUN ] app\index\Controller\Index->index[ /home/wwwroot/pc/pc/application/index/controller/Index.php ]
[ info ] [ VIEW ] /home/wwwroot/pc/pc/public/../application/index/view/index/index.html [ array (
  0 => 'name',
) ]
[ info ] [ LOG ] INIT File

---------------------------------------------------------------
[ 2018-06-04T05:08:28+08:00 ] 172.16.197.238 191.17.62.66 GET /
[ log ] 47.98.122.163:8080/ [运行时间：0.011324s][吞吐率：88.31req/s] [内存消耗：1,298.33kb] [文件加载：37]
[ info ] [ LANG ] /home/wwwroot/pc/pc/thinkphp/lang/zh-cn.php
[ info ] [ ROUTE ] array (
  'type' => 'module',
  'module' => 
  array (
    0 => '',
    1 => NULL,
    2 => NULL,
  ),
)
[ info ] [ HEADER ] array (
  'content-length' => '0',
  'user-agent' => 'Mozilla/5.0 (Windows NT 6.1; WOW64) AppleWebKit/537.36 (KHTML, like Gecko) Chrome/51.0.2704.103 Safari/537.36',
  'host' => '47.98.122.163:8080',
  'content-type' => '',
)
[ info ] [ PARAM ] array (
)
[ info ] [ DB ] INIT mysql
[ info ] [ RUN ] app\index\Controller\Index->index[ /home/wwwroot/pc/pc/application/index/controller/Index.php ]
[ info ] [ VIEW ] /home/wwwroot/pc/pc/public/../application/index/view/index/index.html [ array (
  0 => 'name',
) ]
[ info ] [ LOG ] INIT File

---------------------------------------------------------------
[ 2018-06-04T08:29:05+08:00 ] 172.16.197.238 184.105.139.67 GET /
[ log ] 47.98.122.163/ [运行时间：0.012639s][吞吐率：79.12req/s] [内存消耗：1,297.46kb] [文件加载：37]
[ info ] [ LANG ] /home/wwwroot/pc/pc/thinkphp/lang/zh-cn.php
[ info ] [ ROUTE ] array (
  'type' => 'module',
  'module' => 
  array (
    0 => '',
    1 => NULL,
    2 => NULL,
  ),
)
[ info ] [ HEADER ] array (
  'host' => '47.98.122.163',
  'content-type' => '',
  'content-length' => '',
)
[ info ] [ PARAM ] array (
)
[ info ] [ DB ] INIT mysql
[ info ] [ RUN ] app\index\Controller\Index->index[ /home/wwwroot/pc/pc/application/index/controller/Index.php ]
[ info ] [ VIEW ] /home/wwwroot/pc/pc/public/../application/index/view/index/index.html [ array (
  0 => 'name',
) ]
[ info ] [ LOG ] INIT File

---------------------------------------------------------------
[ 2018-06-04T08:30:41+08:00 ] 172.16.197.238 199.66.157.93 GET /
[ log ] 47.98.122.163:8080/ [运行时间：0.012625s][吞吐率：79.21req/s] [内存消耗：1,298.33kb] [文件加载：37]
[ info ] [ LANG ] /home/wwwroot/pc/pc/thinkphp/lang/zh-cn.php
[ info ] [ ROUTE ] array (
  'type' => 'module',
  'module' => 
  array (
    0 => '',
    1 => NULL,
    2 => NULL,
  ),
)
[ info ] [ HEADER ] array (
  'content-length' => '0',
  'user-agent' => 'Mozilla/5.0 (Windows NT 10.0; WOW64) AppleWebKit/537.36 (KHTML, like Gecko) Chrome/51.0.2704.103 Safari/537.36',
  'host' => '47.98.122.163:8080',
  'content-type' => '',
)
[ info ] [ PARAM ] array (
)
[ info ] [ DB ] INIT mysql
[ info ] [ RUN ] app\index\Controller\Index->index[ /home/wwwroot/pc/pc/application/index/controller/Index.php ]
[ info ] [ VIEW ] /home/wwwroot/pc/pc/public/../application/index/view/index/index.html [ array (
  0 => 'name',
) ]
[ info ] [ LOG ] INIT File

---------------------------------------------------------------
[ 2018-06-04T08:49:55+08:00 ] 172.16.197.238 197.242.203.36 GET /
[ log ] 47.98.122.163:8080/ [运行时间：0.012117s][吞吐率：82.53req/s] [内存消耗：1,298.33kb] [文件加载：37]
[ info ] [ LANG ] /home/wwwroot/pc/pc/thinkphp/lang/zh-cn.php
[ info ] [ ROUTE ] array (
  'type' => 'module',
  'module' => 
  array (
    0 => '',
    1 => NULL,
    2 => NULL,
  ),
)
[ info ] [ HEADER ] array (
  'content-length' => '0',
  'user-agent' => 'Mozilla/5.0 (Macintosh; Intel Mac OS X 10_11_6) AppleWebKit/601.7.7 (KHTML, like Gecko) Version/9.1.2 Safari/601.7.7',
  'host' => '47.98.122.163:8080',
  'content-type' => '',
)
[ info ] [ PARAM ] array (
)
[ info ] [ DB ] INIT mysql
[ info ] [ RUN ] app\index\Controller\Index->index[ /home/wwwroot/pc/pc/application/index/controller/Index.php ]
[ info ] [ VIEW ] /home/wwwroot/pc/pc/public/../application/index/view/index/index.html [ array (
  0 => 'name',
) ]
[ info ] [ LOG ] INIT File

---------------------------------------------------------------
[ 2018-06-04T09:01:31+08:00 ] 172.16.197.238 47.93.112.232 GET /
[ log ] 47.92.4.156:8080/ [运行时间：0.012424s][吞吐率：80.49req/s] [内存消耗：1,297.94kb] [文件加载：37]
[ info ] [ LANG ] /home/wwwroot/pc/pc/thinkphp/lang/zh-cn.php
[ info ] [ ROUTE ] array (
  'type' => 'module',
  'module' => 
  array (
    0 => '',
    1 => NULL,
    2 => NULL,
  ),
)
[ info ] [ HEADER ] array (
  'accept-encoding' => 'identity',
  'connection' => 'Close',
  'host' => '47.92.4.156:8080',
  'content-type' => '',
  'content-length' => '',
)
[ info ] [ PARAM ] array (
)
[ info ] [ DB ] INIT mysql
[ info ] [ RUN ] app\index\Controller\Index->index[ /home/wwwroot/pc/pc/application/index/controller/Index.php ]
[ info ] [ VIEW ] /home/wwwroot/pc/pc/public/../application/index/view/index/index.html [ array (
  0 => 'name',
) ]
[ info ] [ LOG ] INIT File

---------------------------------------------------------------
[ 2018-06-04T09:13:20+08:00 ] 172.16.197.238 177.103.104.26 GET /
[ log ] 47.98.122.163:8080/ [运行时间：0.012287s][吞吐率：81.39req/s] [内存消耗：1,298.33kb] [文件加载：37]
[ info ] [ LANG ] /home/wwwroot/pc/pc/thinkphp/lang/zh-cn.php
[ info ] [ ROUTE ] array (
  'type' => 'module',
  'module' => 
  array (
    0 => '',
    1 => NULL,
    2 => NULL,
  ),
)
[ info ] [ HEADER ] array (
  'content-length' => '0',
  'user-agent' => 'Mozilla/5.0 (Windows NT 6.1; WOW64) AppleWebKit/537.36 (KHTML, like Gecko) Chrome/51.0.2704.103 Safari/537.36',
  'host' => '47.98.122.163:8080',
  'content-type' => '',
)
[ info ] [ PARAM ] array (
)
[ info ] [ DB ] INIT mysql
[ info ] [ RUN ] app\index\Controller\Index->index[ /home/wwwroot/pc/pc/application/index/controller/Index.php ]
[ info ] [ VIEW ] /home/wwwroot/pc/pc/public/../application/index/view/index/index.html [ array (
  0 => 'name',
) ]
[ info ] [ LOG ] INIT File

---------------------------------------------------------------
[ 2018-06-04T09:26:13+08:00 ] 172.16.197.238 47.98.160.162 GET /
[ log ] 47.98.122.163:8080/ [运行时间：0.012253s][吞吐率：81.61req/s] [内存消耗：1,298.21kb] [文件加载：37]
[ info ] [ LANG ] /home/wwwroot/pc/pc/thinkphp/lang/zh-cn.php
[ info ] [ ROUTE ] array (
  'type' => 'module',
  'module' => 
  array (
    0 => '',
    1 => NULL,
    2 => NULL,
  ),
)
[ info ] [ HEADER ] array (
  'user-agent' => 'Python-urllib/2.7',
  'connection' => 'close',
  'host' => '47.98.122.163:8080',
  'accept-encoding' => 'identity',
  'content-type' => '',
  'content-length' => '',
)
[ info ] [ PARAM ] array (
)
[ info ] [ DB ] INIT mysql
[ info ] [ RUN ] app\index\Controller\Index->index[ /home/wwwroot/pc/pc/application/index/controller/Index.php ]
[ info ] [ VIEW ] /home/wwwroot/pc/pc/public/../application/index/view/index/index.html [ array (
  0 => 'name',
) ]
[ info ] [ LOG ] INIT File

---------------------------------------------------------------
[ 2018-06-04T09:26:13+08:00 ] 172.16.197.238 47.98.160.162 GET /
[ log ] 47.98.122.163:8080/ [运行时间：0.011663s][吞吐率：85.74req/s] [内存消耗：1,298.21kb] [文件加载：37]
[ info ] [ LANG ] /home/wwwroot/pc/pc/thinkphp/lang/zh-cn.php
[ info ] [ ROUTE ] array (
  'type' => 'module',
  'module' => 
  array (
    0 => '',
    1 => NULL,
    2 => NULL,
  ),
)
[ info ] [ HEADER ] array (
  'user-agent' => 'Python-urllib/2.7',
  'connection' => 'close',
  'host' => '47.98.122.163:8080',
  'accept-encoding' => 'identity',
  'content-type' => '',
  'content-length' => '',
)
[ info ] [ PARAM ] array (
)
[ info ] [ DB ] INIT mysql
[ info ] [ RUN ] app\index\Controller\Index->index[ /home/wwwroot/pc/pc/application/index/controller/Index.php ]
[ info ] [ VIEW ] /home/wwwroot/pc/pc/public/../application/index/view/index/index.html [ array (
  0 => 'name',
) ]
[ info ] [ LOG ] INIT File

---------------------------------------------------------------
[ 2018-06-04T09:26:13+08:00 ] 172.16.197.238 47.98.160.162 GET //phpmyadmin
[ log ] 47.98.122.163:8080//phpmyadmin [运行时间：0.008681s][吞吐率：115.20req/s] [内存消耗：935.22kb] [文件加载：27]
[ info ] [ LANG ] /home/wwwroot/pc/pc/thinkphp/lang/zh-cn.php
[ info ] [ ROUTE ] array (
  'type' => 'module',
  'module' => 
  array (
    0 => 'phpmyadmin',
    1 => NULL,
    2 => NULL,
  ),
)
[ info ] [ HEADER ] array (
  'user-agent' => 'Python-urllib/2.7',
  'connection' => 'close',
  'host' => '47.98.122.163:8080',
  'accept-encoding' => 'identity',
  'content-type' => '',
  'content-length' => '',
)
[ info ] [ PARAM ] array (
)
[ info ] [ LOG ] INIT File

---------------------------------------------------------------
[ 2018-06-04T09:26:13+08:00 ] 172.16.197.238 47.98.160.162 GET //data/admin/ver.txt
[ log ] 47.98.122.163:8080//data/admin/ver.txt [运行时间：0.009031s][吞吐率：110.73req/s] [内存消耗：935.48kb] [文件加载：27]
[ info ] [ LANG ] /home/wwwroot/pc/pc/thinkphp/lang/zh-cn.php
[ info ] [ ROUTE ] array (
  'type' => 'module',
  'module' => 
  array (
    0 => 'data',
    1 => 'admin',
    2 => 'ver.txt',
  ),
)
[ info ] [ HEADER ] array (
  'user-agent' => 'Python-urllib/2.7',
  'connection' => 'close',
  'host' => '47.98.122.163:8080',
  'accept-encoding' => 'identity',
  'content-type' => '',
  'content-length' => '',
)
[ info ] [ PARAM ] array (
)
[ info ] [ LOG ] INIT File

---------------------------------------------------------------
[ 2018-06-04T09:26:13+08:00 ] 172.16.197.238 47.98.160.162 GET //data/admin/verifies.txt
[ log ] 47.98.122.163:8080//data/admin/verifies.txt [运行时间：0.008831s][吞吐率：113.24req/s] [内存消耗：935.60kb] [文件加载：27]
[ info ] [ LANG ] /home/wwwroot/pc/pc/thinkphp/lang/zh-cn.php
[ info ] [ ROUTE ] array (
  'type' => 'module',
  'module' => 
  array (
    0 => 'data',
    1 => 'admin',
    2 => 'verifies.txt',
  ),
)
[ info ] [ HEADER ] array (
  'user-agent' => 'Python-urllib/2.7',
  'connection' => 'close',
  'host' => '47.98.122.163:8080',
  'accept-encoding' => 'identity',
  'content-type' => '',
  'content-length' => '',
)
[ info ] [ PARAM ] array (
)
[ info ] [ LOG ] INIT File

---------------------------------------------------------------
[ 2018-06-04T09:26:13+08:00 ] 172.16.197.238 47.98.160.162 GET //license.txt
[ log ] 47.98.122.163:8080//license.txt [运行时间：0.009165s][吞吐率：109.11req/s] [内存消耗：935.22kb] [文件加载：27]
[ info ] [ LANG ] /home/wwwroot/pc/pc/thinkphp/lang/zh-cn.php
[ info ] [ ROUTE ] array (
  'type' => 'module',
  'module' => 
  array (
    0 => 'license.txt',
    1 => NULL,
    2 => NULL,
  ),
)
[ info ] [ HEADER ] array (
  'user-agent' => 'Python-urllib/2.7',
  'connection' => 'close',
  'host' => '47.98.122.163:8080',
  'accept-encoding' => 'identity',
  'content-type' => '',
  'content-length' => '',
)
[ info ] [ PARAM ] array (
)
[ info ] [ LOG ] INIT File

---------------------------------------------------------------
[ 2018-06-04T09:26:13+08:00 ] 172.16.197.238 47.98.160.162 GET //readme.txt
[ log ] 47.98.122.163:8080//readme.txt [运行时间：0.008940s][吞吐率：111.86req/s] [内存消耗：935.22kb] [文件加载：27]
[ info ] [ LANG ] /home/wwwroot/pc/pc/thinkphp/lang/zh-cn.php
[ info ] [ ROUTE ] array (
  'type' => 'module',
  'module' => 
  array (
    0 => 'readme.txt',
    1 => NULL,
    2 => NULL,
  ),
)
[ info ] [ HEADER ] array (
  'user-agent' => 'Python-urllib/2.7',
  'connection' => 'close',
  'host' => '47.98.122.163:8080',
  'accept-encoding' => 'identity',
  'content-type' => '',
  'content-length' => '',
)
[ info ] [ PARAM ] array (
)
[ info ] [ LOG ] INIT File

---------------------------------------------------------------
[ 2018-06-04T09:26:13+08:00 ] 172.16.197.238 47.98.160.162 GET //help.txt
[ log ] 47.98.122.163:8080//help.txt [运行时间：0.009019s][吞吐率：110.88req/s] [内存消耗：935.20kb] [文件加载：27]
[ info ] [ LANG ] /home/wwwroot/pc/pc/thinkphp/lang/zh-cn.php
[ info ] [ ROUTE ] array (
  'type' => 'module',
  'module' => 
  array (
    0 => 'help.txt',
    1 => NULL,
    2 => NULL,
  ),
)
[ info ] [ HEADER ] array (
  'user-agent' => 'Python-urllib/2.7',
  'connection' => 'close',
  'host' => '47.98.122.163:8080',
  'accept-encoding' => 'identity',
  'content-type' => '',
  'content-length' => '',
)
[ info ] [ PARAM ] array (
)
[ info ] [ LOG ] INIT File

---------------------------------------------------------------
[ 2018-06-04T09:26:14+08:00 ] 172.16.197.238 47.98.160.162 GET //readme.html
[ log ] 47.98.122.163:8080//readme.html [运行时间：0.008576s][吞吐率：116.61req/s] [内存消耗：935.26kb] [文件加载：27]
[ info ] [ LANG ] /home/wwwroot/pc/pc/thinkphp/lang/zh-cn.php
[ info ] [ ROUTE ] array (
  'type' => 'module',
  'module' => 
  array (
    0 => 'readme',
    1 => NULL,
    2 => NULL,
  ),
)
[ info ] [ HEADER ] array (
  'user-agent' => 'Python-urllib/2.7',
  'connection' => 'close',
  'host' => '47.98.122.163:8080',
  'accept-encoding' => 'identity',
  'content-type' => '',
  'content-length' => '',
)
[ info ] [ PARAM ] array (
)
[ info ] [ LOG ] INIT File

---------------------------------------------------------------
[ 2018-06-04T09:26:14+08:00 ] 172.16.197.238 47.98.160.162 GET //wcm/app/login.jsp
[ log ] 47.98.122.163:8080//wcm/app/login.jsp [运行时间：0.008471s][吞吐率：118.05req/s] [内存消耗：935.46kb] [文件加载：27]
[ info ] [ LANG ] /home/wwwroot/pc/pc/thinkphp/lang/zh-cn.php
[ info ] [ ROUTE ] array (
  'type' => 'module',
  'module' => 
  array (
    0 => 'wcm',
    1 => 'app',
    2 => 'login.jsp',
  ),
)
[ info ] [ HEADER ] array (
  'user-agent' => 'Python-urllib/2.7',
  'connection' => 'close',
  'host' => '47.98.122.163:8080',
  'accept-encoding' => 'identity',
  'content-type' => '',
  'content-length' => '',
)
[ info ] [ PARAM ] array (
)
[ info ] [ LOG ] INIT File

---------------------------------------------------------------
[ 2018-06-04T09:26:14+08:00 ] 172.16.197.238 47.98.160.162 GET //help/
[ log ] 47.98.122.163:8080//help/ [运行时间：0.008298s][吞吐率：120.51req/s] [内存消耗：936.68kb] [文件加载：27]
[ info ] [ LANG ] /home/wwwroot/pc/pc/thinkphp/lang/zh-cn.php
[ info ] [ ROUTE ] array (
  'type' => 'module',
  'module' => 
  array (
    0 => 'ATH_INFO',
    1 => NULL,
    2 => NULL,
  ),
)
[ info ] [ HEADER ] array (
  'user-agent' => 'Python-urllib/2.7',
  'connection' => 'close',
  'host' => '47.98.122.163:8080',
  'accept-encoding' => 'identity',
  'content-type' => '',
  'content-length' => '',
)
[ info ] [ PARAM ] array (
)
[ info ] [ LOG ] INIT File

---------------------------------------------------------------
[ 2018-06-04T09:26:14+08:00 ] 172.16.197.238 47.98.160.162 GET //help/io_login.html
[ log ] 47.98.122.163:8080//help/io_login.html [运行时间：0.008364s][吞吐率：119.56req/s] [内存消耗：935.52kb] [文件加载：27]
[ info ] [ LANG ] /home/wwwroot/pc/pc/thinkphp/lang/zh-cn.php
[ info ] [ ROUTE ] array (
  'type' => 'module',
  'module' => 
  array (
    0 => 'help',
    1 => 'io_login',
    2 => NULL,
  ),
)
[ info ] [ HEADER ] array (
  'user-agent' => 'Python-urllib/2.7',
  'connection' => 'close',
  'host' => '47.98.122.163:8080',
  'accept-encoding' => 'identity',
  'content-type' => '',
  'content-length' => '',
)
[ info ] [ PARAM ] array (
)
[ info ] [ LOG ] INIT File

---------------------------------------------------------------
[ 2018-06-04T09:26:15+08:00 ] 172.16.197.238 47.98.160.162 GET /
[ log ] 47.98.122.163:8080/ [运行时间：0.011539s][吞吐率：86.66req/s] [内存消耗：1,298.21kb] [文件加载：37]
[ info ] [ LANG ] /home/wwwroot/pc/pc/thinkphp/lang/zh-cn.php
[ info ] [ ROUTE ] array (
  'type' => 'module',
  'module' => 
  array (
    0 => '',
    1 => NULL,
    2 => NULL,
  ),
)
[ info ] [ HEADER ] array (
  'user-agent' => 'Python-urllib/2.7',
  'connection' => 'close',
  'host' => '47.98.122.163:8080',
  'accept-encoding' => 'identity',
  'content-type' => '',
  'content-length' => '',
)
[ info ] [ PARAM ] array (
)
[ info ] [ DB ] INIT mysql
[ info ] [ RUN ] app\index\Controller\Index->index[ /home/wwwroot/pc/pc/application/index/controller/Index.php ]
[ info ] [ VIEW ] /home/wwwroot/pc/pc/public/../application/index/view/index/index.html [ array (
  0 => 'name',
) ]
[ info ] [ LOG ] INIT File

---------------------------------------------------------------
[ 2018-06-04T09:26:15+08:00 ] 172.16.197.238 47.98.160.162 GET /is_test
[ log ] 47.98.122.163:8080/is_test [运行时间：0.008077s][吞吐率：123.81req/s] [内存消耗：935.20kb] [文件加载：27]
[ info ] [ LANG ] /home/wwwroot/pc/pc/thinkphp/lang/zh-cn.php
[ info ] [ ROUTE ] array (
  'type' => 'module',
  'module' => 
  array (
    0 => 'is_test',
    1 => NULL,
    2 => NULL,
  ),
)
[ info ] [ HEADER ] array (
  'user-agent' => 'Python-urllib/2.7',
  'connection' => 'close',
  'host' => '47.98.122.163:8080',
  'accept-encoding' => 'identity',
  'content-type' => '',
  'content-length' => '',
)
[ info ] [ PARAM ] array (
)
[ info ] [ LOG ] INIT File

---------------------------------------------------------------
[ 2018-06-04T09:26:15+08:00 ] 172.16.197.238 47.98.160.162 GET /axis2
[ log ] 47.98.122.163:8080/axis2 [运行时间：0.009535s][吞吐率：104.88req/s] [内存消耗：935.16kb] [文件加载：27]
[ info ] [ LANG ] /home/wwwroot/pc/pc/thinkphp/lang/zh-cn.php
[ info ] [ ROUTE ] array (
  'type' => 'module',
  'module' => 
  array (
    0 => 'axis2',
    1 => NULL,
    2 => NULL,
  ),
)
[ info ] [ HEADER ] array (
  'user-agent' => 'Python-urllib/2.7',
  'connection' => 'close',
  'host' => '47.98.122.163:8080',
  'accept-encoding' => 'identity',
  'content-type' => '',
  'content-length' => '',
)
[ info ] [ PARAM ] array (
)
[ info ] [ LOG ] INIT File

---------------------------------------------------------------
[ 2018-06-04T09:26:15+08:00 ] 172.16.197.238 47.98.160.162 GET /
[ log ] 47.98.122.163:8080/ [运行时间：0.011904s][吞吐率：84.01req/s] [内存消耗：1,298.21kb] [文件加载：37]
[ info ] [ LANG ] /home/wwwroot/pc/pc/thinkphp/lang/zh-cn.php
[ info ] [ ROUTE ] array (
  'type' => 'module',
  'module' => 
  array (
    0 => '',
    1 => NULL,
    2 => NULL,
  ),
)
[ info ] [ HEADER ] array (
  'user-agent' => 'Python-urllib/2.7',
  'connection' => 'close',
  'host' => '47.98.122.163:8080',
  'accept-encoding' => 'identity',
  'content-type' => '',
  'content-length' => '',
)
[ info ] [ PARAM ] array (
)
[ info ] [ DB ] INIT mysql
[ info ] [ RUN ] app\index\Controller\Index->index[ /home/wwwroot/pc/pc/application/index/controller/Index.php ]
[ info ] [ VIEW ] /home/wwwroot/pc/pc/public/../application/index/view/index/index.html [ array (
  0 => 'name',
) ]
[ info ] [ LOG ] INIT File

---------------------------------------------------------------
[ 2018-06-04T10:07:00+08:00 ] 172.16.197.238 116.231.15.172 GET /
[ log ] 47.98.122.163:8080/ [运行时间：0.011306s][吞吐率：88.45req/s] [内存消耗：1,301.04kb] [文件加载：37]
[ info ] [ LANG ] /home/wwwroot/pc/pc/thinkphp/lang/zh-cn.php
[ info ] [ ROUTE ] array (
  'type' => 'module',
  'module' => 
  array (
    0 => '',
    1 => NULL,
    2 => NULL,
  ),
)
[ info ] [ HEADER ] array (
  'accept-language' => 'zh-CN,zh;q=0.8',
  'accept-encoding' => 'gzip, deflate, sdch',
  'accept' => 'text/html,application/xhtml+xml,application/xml;q=0.9,image/webp,*/*;q=0.8',
  'user-agent' => 'Mozilla/5.0 (Windows NT 10.0; WOW64) AppleWebKit/537.36 (KHTML, like Gecko) Chrome/55.0.2883.87 Safari/537.36',
  'upgrade-insecure-requests' => '1',
  'connection' => 'keep-alive',
  'host' => '47.98.122.163:8080',
  'content-type' => '',
  'content-length' => '',
)
[ info ] [ PARAM ] array (
)
[ info ] [ DB ] INIT mysql
[ info ] [ RUN ] app\index\Controller\Index->index[ /home/wwwroot/pc/pc/application/index/controller/Index.php ]
[ info ] [ VIEW ] /home/wwwroot/pc/pc/public/../application/index/view/index/index.html [ array (
  0 => 'name',
) ]
[ info ] [ LOG ] INIT File

---------------------------------------------------------------
[ 2018-06-04T10:07:01+08:00 ] 172.16.197.238 116.231.15.172 GET /index/index/getschedule.html?start=2018-05-27&end=2018-07-08&_=1528078020383
[ log ] 47.98.122.163:8080/index/index/getschedule.html?start=2018-05-27&end=2018-07-08&_=1528078020383 [运行时间：0.012600s][吞吐率：79.36req/s] [内存消耗：1,309.83kb] [文件加载：36]
[ info ] [ LANG ] /home/wwwroot/pc/pc/thinkphp/lang/zh-cn.php
[ info ] [ ROUTE ] array (
  'type' => 'module',
  'module' => 
  array (
    0 => 'index',
    1 => 'index',
    2 => 'getschedule',
  ),
)
[ info ] [ HEADER ] array (
  'accept-language' => 'zh-CN,zh;q=0.8',
  'accept-encoding' => 'gzip, deflate, sdch',
  'referer' => 'http://47.98.122.163:8080/',
  'user-agent' => 'Mozilla/5.0 (Windows NT 10.0; WOW64) AppleWebKit/537.36 (KHTML, like Gecko) Chrome/55.0.2883.87 Safari/537.36',
  'x-requested-with' => 'XMLHttpRequest',
  'accept' => 'application/json, text/javascript, */*; q=0.01',
  'connection' => 'keep-alive',
  'host' => '47.98.122.163:8080',
  'content-type' => '',
  'content-length' => '',
)
[ info ] [ PARAM ] array (
  'start' => '2018-05-27',
  'end' => '2018-07-08',
  '_' => '1528078020383',
)
[ info ] [ DB ] INIT mysql
[ info ] [ RUN ] app\index\Controller\Index->getSchedule[ /home/wwwroot/pc/pc/application/index/controller/Index.php ]
[ info ] [ LOG ] INIT File

---------------------------------------------------------------
[ 2018-06-04T10:35:09+08:00 ] 172.16.197.238 201.114.198.17 GET /
[ log ] 47.98.122.163:8080/ [运行时间：0.015208s][吞吐率：65.75req/s] [内存消耗：1,298.33kb] [文件加载：37]
[ info ] [ LANG ] /home/wwwroot/pc/pc/thinkphp/lang/zh-cn.php
[ info ] [ ROUTE ] array (
  'type' => 'module',
  'module' => 
  array (
    0 => '',
    1 => NULL,
    2 => NULL,
  ),
)
[ info ] [ HEADER ] array (
  'content-length' => '0',
  'user-agent' => 'Mozilla/5.0 (Windows NT 6.1; WOW64) AppleWebKit/537.36 (KHTML, like Gecko) Chrome/52.0.2743.116 Safari/537.36',
  'host' => '47.98.122.163:8080',
  'content-type' => '',
)
[ info ] [ PARAM ] array (
)
[ info ] [ DB ] INIT mysql
[ info ] [ RUN ] app\index\Controller\Index->index[ /home/wwwroot/pc/pc/application/index/controller/Index.php ]
[ info ] [ VIEW ] /home/wwwroot/pc/pc/public/../application/index/view/index/index.html [ array (
  0 => 'name',
) ]
[ info ] [ LOG ] INIT File

---------------------------------------------------------------
[ 2018-06-04T11:07:11+08:00 ] 172.16.197.238 116.231.15.172 GET /
[ log ] 47.98.122.163:8080/ [运行时间：0.013584s][吞吐率：73.62req/s] [内存消耗：1,301.30kb] [文件加载：37]
[ info ] [ LANG ] /home/wwwroot/pc/pc/thinkphp/lang/zh-cn.php
[ info ] [ ROUTE ] array (
  'type' => 'module',
  'module' => 
  array (
    0 => '',
    1 => NULL,
    2 => NULL,
  ),
)
[ info ] [ HEADER ] array (
  'upgrade-insecure-requests' => '1',
  'connection' => 'keep-alive',
  'dnt' => '1',
  'accept-encoding' => 'gzip, deflate',
  'accept-language' => 'zh-CN,zh;q=0.8,zh-TW;q=0.7,zh-HK;q=0.5,en-US;q=0.3,en;q=0.2',
  'accept' => 'text/html,application/xhtml+xml,application/xml;q=0.9,*/*;q=0.8',
  'user-agent' => 'Mozilla/5.0 (Windows NT 10.0; Win64; x64; rv:60.0) Gecko/20100101 Firefox/60.0',
  'host' => '47.98.122.163:8080',
  'content-type' => '',
  'content-length' => '',
)
[ info ] [ PARAM ] array (
)
[ info ] [ DB ] INIT mysql
[ info ] [ RUN ] app\index\Controller\Index->index[ /home/wwwroot/pc/pc/application/index/controller/Index.php ]
[ info ] [ VIEW ] /home/wwwroot/pc/pc/public/../application/index/view/index/index.html [ array (
  0 => 'name',
) ]
[ info ] [ LOG ] INIT File

---------------------------------------------------------------
[ 2018-06-04T11:07:15+08:00 ] 172.16.197.238 116.231.15.172 GET /index/index/getschedule.html?start=2018-05-27&end=2018-07-08&_=1528081648261
[ log ] 47.98.122.163:8080/index/index/getschedule.html?start=2018-05-27&end=2018-07-08&_=1528081648261 [运行时间：0.012268s][吞吐率：81.51req/s] [内存消耗：1,311.25kb] [文件加载：36]
[ info ] [ LANG ] /home/wwwroot/pc/pc/thinkphp/lang/zh-cn.php
[ info ] [ ROUTE ] array (
  'type' => 'module',
  'module' => 
  array (
    0 => 'index',
    1 => 'index',
    2 => 'getschedule',
  ),
)
[ info ] [ HEADER ] array (
  'connection' => 'keep-alive',
  'dnt' => '1',
  'x-requested-with' => 'XMLHttpRequest',
  'referer' => 'http://47.98.122.163:8080/',
  'accept-encoding' => 'gzip, deflate',
  'accept-language' => 'zh-CN,zh;q=0.8,zh-TW;q=0.7,zh-HK;q=0.5,en-US;q=0.3,en;q=0.2',
  'accept' => 'application/json, text/javascript, */*; q=0.01',
  'user-agent' => 'Mozilla/5.0 (Windows NT 10.0; Win64; x64; rv:60.0) Gecko/20100101 Firefox/60.0',
  'host' => '47.98.122.163:8080',
  'content-type' => '',
  'content-length' => '',
)
[ info ] [ PARAM ] array (
  'start' => '2018-05-27',
  'end' => '2018-07-08',
  '_' => '1528081648261',
)
[ info ] [ DB ] INIT mysql
[ info ] [ RUN ] app\index\Controller\Index->getSchedule[ /home/wwwroot/pc/pc/application/index/controller/Index.php ]
[ info ] [ LOG ] INIT File

---------------------------------------------------------------
[ 2018-06-04T12:10:27+08:00 ] 172.16.197.238 106.120.160.114 GET /
[ log ] 47.98.122.163/ [运行时间：0.011422s][吞吐率：87.55req/s] [内存消耗：1,299.15kb] [文件加载：37]
[ info ] [ LANG ] /home/wwwroot/pc/pc/thinkphp/lang/zh-cn.php
[ info ] [ ROUTE ] array (
  'type' => 'module',
  'module' => 
  array (
    0 => '',
    1 => NULL,
    2 => NULL,
  ),
)
[ info ] [ HEADER ] array (
  'user-agent' => 'Mozilla/4.0 (compatible; MSIE 8.0; Windows NT 6.1; Trident/4.0; SLCC2; .NET CLR 2.0.50727; .NET CLR 3.5.30729; .NET CLR 3.0.30729; Media Center PC 6.0; Tablet PC 2.0)',
  'connection' => 'close',
  'accept-language' => 'zh-CN,zh;q=0.8',
  'host' => '47.98.122.163',
  'referer' => 'http://47.98.122.163:8080',
  'accept-encoding' => 'identity',
  'content-type' => '',
  'content-length' => '',
)
[ info ] [ PARAM ] array (
)
[ info ] [ DB ] INIT mysql
[ info ] [ RUN ] app\index\Controller\Index->index[ /home/wwwroot/pc/pc/application/index/controller/Index.php ]
[ info ] [ VIEW ] /home/wwwroot/pc/pc/public/../application/index/view/index/index.html [ array (
  0 => 'name',
) ]
[ info ] [ LOG ] INIT File

---------------------------------------------------------------
[ 2018-06-04T12:12:38+08:00 ] 172.16.197.238 101.199.108.119 GET /
[ log ] 47.98.122.163:8080/ [运行时间：0.011419s][吞吐率：87.57req/s] [内存消耗：1,301.27kb] [文件加载：37]
[ info ] [ LANG ] /home/wwwroot/pc/pc/thinkphp/lang/zh-cn.php
[ info ] [ ROUTE ] array (
  'type' => 'module',
  'module' => 
  array (
    0 => '',
    1 => NULL,
    2 => NULL,
  ),
)
[ info ] [ HEADER ] array (
  'accept-charset' => 'iso-8859-1,*,utf-8',
  'accept-encoding' => 'gzip,deflate',
  'referer' => 'http://47.98.122.163:8080/',
  'accept' => 'text/html,application/xhtml+xml,application/xml;q=0.9,*/*;q=0.8',
  'user-agent' => 'Mozilla/5.0 (Windows NT 6.1) AppleWebKit/537.36 (KHTML, like Gecko) Chrome/36.0.1985.125 Safari/537.36',
  'accept-language' => 'zh-CN,zh;q=0.8',
  'connection' => 'keep-alive',
  'host' => '47.98.122.163:8080',
  'content-type' => '',
  'content-length' => '',
)
[ info ] [ PARAM ] array (
)
[ info ] [ DB ] INIT mysql
[ info ] [ RUN ] app\index\Controller\Index->index[ /home/wwwroot/pc/pc/application/index/controller/Index.php ]
[ info ] [ VIEW ] /home/wwwroot/pc/pc/public/../application/index/view/index/index.html [ array (
  0 => 'name',
) ]
[ info ] [ LOG ] INIT File

---------------------------------------------------------------
[ 2018-06-04T12:12:39+08:00 ] 172.16.197.238 101.199.108.119 GET /index/index/getschedule.html?start=2018-05-27&end=2018-07-08&_=1528085559258
[ log ] 47.98.122.163:8080/index/index/getschedule.html?start=2018-05-27&end=2018-07-08&_=1528085559258 [运行时间：0.012036s][吞吐率：83.09req/s] [内存消耗：1,311.23kb] [文件加载：36]
[ info ] [ LANG ] /home/wwwroot/pc/pc/thinkphp/lang/zh-cn.php
[ info ] [ ROUTE ] array (
  'type' => 'module',
  'module' => 
  array (
    0 => 'index',
    1 => 'index',
    2 => 'getschedule',
  ),
)
[ info ] [ HEADER ] array (
  'accept-charset' => 'iso-8859-1,*,utf-8',
  'accept-language' => 'en-us,en',
  'accept-encoding' => 'gzip,deflate',
  'referer' => 'http://47.98.122.163:8080/',
  'accept' => 'application/json, text/javascript, */*; q=0.01',
  'user-agent' => 'Mozilla/5.0 (Windows NT 6.1) AppleWebKit/537.36 (KHTML, like Gecko) Chrome/36.0.1985.125 Safari/537.36',
  'x-requested-with' => 'XMLHttpRequest',
  'connection' => 'keep-alive',
  'host' => '47.98.122.163:8080',
  'content-type' => '',
  'content-length' => '',
)
[ info ] [ PARAM ] array (
  'start' => '2018-05-27',
  'end' => '2018-07-08',
  '_' => '1528085559258',
)
[ info ] [ DB ] INIT mysql
[ info ] [ RUN ] app\index\Controller\Index->getSchedule[ /home/wwwroot/pc/pc/application/index/controller/Index.php ]
[ info ] [ LOG ] INIT File

---------------------------------------------------------------
[ 2018-06-04T12:13:08+08:00 ] 172.16.197.238 210.209.93.178 GET /
[ log ] 47.98.122.163:8080/ [运行时间：0.012263s][吞吐率：81.55req/s] [内存消耗：1,301.48kb] [文件加载：37]
[ info ] [ LANG ] /home/wwwroot/pc/pc/thinkphp/lang/zh-cn.php
[ info ] [ ROUTE ] array (
  'type' => 'module',
  'module' => 
  array (
    0 => '',
    1 => NULL,
    2 => NULL,
  ),
)
[ info ] [ HEADER ] array (
  'connection' => 'keep-alive',
  'cache-control' => 'max-age=259200',
  'accept-charset' => 'iso-8859-1,*,utf-8',
  'accept-encoding' => 'gzip,deflate',
  'referer' => 'http://47.98.122.163:8080/',
  'accept' => 'text/html,application/xhtml+xml,application/xml;q=0.9,*/*;q=0.8',
  'user-agent' => 'Mozilla/5.0 (Windows NT 6.1) AppleWebKit/537.36 (KHTML, like Gecko) Chrome/36.0.1985.125 Safari/537.36',
  'accept-language' => 'zh-CN,zh;q=0.8',
  'host' => '47.98.122.163:8080',
  'content-type' => '',
  'content-length' => '',
)
[ info ] [ PARAM ] array (
)
[ info ] [ DB ] INIT mysql
[ info ] [ RUN ] app\index\Controller\Index->index[ /home/wwwroot/pc/pc/application/index/controller/Index.php ]
[ info ] [ VIEW ] /home/wwwroot/pc/pc/public/../application/index/view/index/index.html [ array (
  0 => 'name',
) ]
[ info ] [ LOG ] INIT File

---------------------------------------------------------------
[ 2018-06-04T12:13:14+08:00 ] 172.16.197.238 210.209.93.178 GET /index/index/getschedule.html?start=2018-05-27&end=2018-07-08&_=1528085591017
[ log ] 47.98.122.163:8080/index/index/getschedule.html?start=2018-05-27&end=2018-07-08&_=1528085591017 [运行时间：0.013312s][吞吐率：75.12req/s] [内存消耗：1,311.44kb] [文件加载：36]
[ info ] [ LANG ] /home/wwwroot/pc/pc/thinkphp/lang/zh-cn.php
[ info ] [ ROUTE ] array (
  'type' => 'module',
  'module' => 
  array (
    0 => 'index',
    1 => 'index',
    2 => 'getschedule',
  ),
)
[ info ] [ HEADER ] array (
  'connection' => 'keep-alive',
  'cache-control' => 'max-age=259200',
  'accept-charset' => 'iso-8859-1,*,utf-8',
  'accept-language' => 'en-us,en',
  'accept-encoding' => 'gzip,deflate',
  'referer' => 'http://47.98.122.163:8080/',
  'accept' => 'application/json, text/javascript, */*; q=0.01',
  'user-agent' => 'Mozilla/5.0 (Windows NT 6.1) AppleWebKit/537.36 (KHTML, like Gecko) Chrome/36.0.1985.125 Safari/537.36',
  'x-requested-with' => 'XMLHttpRequest',
  'host' => '47.98.122.163:8080',
  'content-type' => '',
  'content-length' => '',
)
[ info ] [ PARAM ] array (
  'start' => '2018-05-27',
  'end' => '2018-07-08',
  '_' => '1528085591017',
)
[ info ] [ DB ] INIT mysql
[ info ] [ RUN ] app\index\Controller\Index->getSchedule[ /home/wwwroot/pc/pc/application/index/controller/Index.php ]
[ info ] [ LOG ] INIT File

---------------------------------------------------------------
[ 2018-06-04T12:15:19+08:00 ] 172.16.197.238 180.163.220.95 GET /
[ log ] 47.98.122.163:8080/ [运行时间：0.011747s][吞吐率：85.13req/s] [内存消耗：1,299.13kb] [文件加载：37]
[ info ] [ LANG ] /home/wwwroot/pc/pc/thinkphp/lang/zh-cn.php
[ info ] [ ROUTE ] array (
  'type' => 'module',
  'module' => 
  array (
    0 => '',
    1 => NULL,
    2 => NULL,
  ),
)
[ info ] [ HEADER ] array (
  'host' => '47.98.122.163:8080',
  'accept-language' => 'en,*',
  'accept-encoding' => 'gzip, deflate',
  'connection' => 'Keep-Alive',
  'user-agent' => 'Mozilla/5.0 (Windows NT 6.1; WOW64) AppleWebKit/537.36 (KHTML, like Gecko) Chrome/50.0.2661.102 Safari/537.36',
  'accept' => 'text/html,application/xhtml+xml,application/xml;q=0.9,*/*;q=0.8',
  'content-type' => '',
  'content-length' => '',
)
[ info ] [ PARAM ] array (
)
[ info ] [ DB ] INIT mysql
[ info ] [ RUN ] app\index\Controller\Index->index[ /home/wwwroot/pc/pc/application/index/controller/Index.php ]
[ info ] [ VIEW ] /home/wwwroot/pc/pc/public/../application/index/view/index/index.html [ array (
  0 => 'name',
) ]
[ info ] [ LOG ] INIT File

---------------------------------------------------------------
[ 2018-06-04T12:15:20+08:00 ] 172.16.197.238 180.163.220.95 GET /index/index/getschedule.html?start=2018-05-27&end=2018-07-08&_=1528085720098
[ log ] 47.98.122.163:8080/index/index/getschedule.html?start=2018-05-27&end=2018-07-08&_=1528085720098 [运行时间：0.012933s][吞吐率：77.32req/s] [内存消耗：1,309.80kb] [文件加载：36]
[ info ] [ LANG ] /home/wwwroot/pc/pc/thinkphp/lang/zh-cn.php
[ info ] [ ROUTE ] array (
  'type' => 'module',
  'module' => 
  array (
    0 => 'index',
    1 => 'index',
    2 => 'getschedule',
  ),
)
[ info ] [ HEADER ] array (
  'host' => '47.98.122.163:8080',
  'accept-language' => 'en,*',
  'accept-encoding' => 'gzip, deflate',
  'connection' => 'Keep-Alive',
  'user-agent' => 'Mozilla/5.0 (Windows NT 6.1; WOW64) AppleWebKit/537.36 (KHTML, like Gecko) Chrome/50.0.2661.102 Safari/537.36',
  'x-requested-with' => 'XMLHttpRequest',
  'referer' => 'http://47.98.122.163:8080/',
  'accept' => 'application/json, text/javascript, */*; q=0.01',
  'content-type' => '',
  'content-length' => '',
)
[ info ] [ PARAM ] array (
  'start' => '2018-05-27',
  'end' => '2018-07-08',
  '_' => '1528085720098',
)
[ info ] [ DB ] INIT mysql
[ info ] [ RUN ] app\index\Controller\Index->getSchedule[ /home/wwwroot/pc/pc/application/index/controller/Index.php ]
[ info ] [ LOG ] INIT File

---------------------------------------------------------------
[ 2018-06-04T12:56:57+08:00 ] 172.16.197.238 60.191.38.78 GET /
[ log ] 47.98.122.163:8080/ [运行时间：0.012829s][吞吐率：77.95req/s] [内存消耗：1,298.56kb] [文件加载：37]
[ info ] [ LANG ] /home/wwwroot/pc/pc/thinkphp/lang/zh-cn.php
[ info ] [ ROUTE ] array (
  'type' => 'module',
  'module' => 
  array (
    0 => '',
    1 => NULL,
    2 => NULL,
  ),
)
[ info ] [ HEADER ] array (
  'connection' => 'keep-alive',
  'accept' => 'text/html,application/xhtml+xml,application/xml;q=0.9,*/*;q=0.8',
  'user-agent' => 'Mozilla/5.0 (Macintosh; Intel Mac OS X 10.11; rv:47.0) Gecko/20100101 Firefox/47.0',
  'host' => '47.98.122.163:8080',
  'content-type' => '',
  'content-length' => '',
)
[ info ] [ PARAM ] array (
)
[ info ] [ DB ] INIT mysql
[ info ] [ RUN ] app\index\Controller\Index->index[ /home/wwwroot/pc/pc/application/index/controller/Index.php ]
[ info ] [ VIEW ] /home/wwwroot/pc/pc/public/../application/index/view/index/index.html [ array (
  0 => 'name',
) ]
[ info ] [ LOG ] INIT File

---------------------------------------------------------------
[ 2018-06-04T13:02:01+08:00 ] 172.16.197.238 101.199.110.113 GET /
[ log ] 47.98.122.163:8080/ [运行时间：0.013160s][吞吐率：75.99req/s] [内存消耗：1,300.93kb] [文件加载：37]
[ info ] [ LANG ] /home/wwwroot/pc/pc/thinkphp/lang/zh-cn.php
[ info ] [ ROUTE ] array (
  'type' => 'module',
  'module' => 
  array (
    0 => '',
    1 => NULL,
    2 => NULL,
  ),
)
[ info ] [ HEADER ] array (
  'accept-charset' => 'iso-8859-1,*,utf-8',
  'accept-encoding' => 'gzip,deflate',
  'accept' => 'text/html,application/xhtml+xml,application/xml;q=0.9,*/*;q=0.8',
  'user-agent' => 'Mozilla/5.0 (Windows NT 6.1) AppleWebKit/537.36 (KHTML, like Gecko) Chrome/36.0.1985.125 Safari/537.36',
  'accept-language' => 'zh-CN,zh;q=0.8',
  'connection' => 'keep-alive',
  'host' => '47.98.122.163:8080',
  'content-type' => '',
  'content-length' => '',
)
[ info ] [ PARAM ] array (
)
[ info ] [ DB ] INIT mysql
[ info ] [ RUN ] app\index\Controller\Index->index[ /home/wwwroot/pc/pc/application/index/controller/Index.php ]
[ info ] [ VIEW ] /home/wwwroot/pc/pc/public/../application/index/view/index/index.html [ array (
  0 => 'name',
) ]
[ info ] [ LOG ] INIT File

---------------------------------------------------------------
[ 2018-06-04T13:02:18+08:00 ] 172.16.197.238 101.199.110.113 GET /index/index/getschedule.html?start=2018-05-27&end=2018-07-08&_=1528088533933
[ log ] 47.98.122.163:8080/index/index/getschedule.html?start=2018-05-27&end=2018-07-08&_=1528088533933 [运行时间：0.012844s][吞吐率：77.86req/s] [内存消耗：1,311.23kb] [文件加载：36]
[ info ] [ LANG ] /home/wwwroot/pc/pc/thinkphp/lang/zh-cn.php
[ info ] [ ROUTE ] array (
  'type' => 'module',
  'module' => 
  array (
    0 => 'index',
    1 => 'index',
    2 => 'getschedule',
  ),
)
[ info ] [ HEADER ] array (
  'accept-charset' => 'iso-8859-1,*,utf-8',
  'accept-language' => 'en-us,en',
  'accept-encoding' => 'gzip,deflate',
  'referer' => 'http://47.98.122.163:8080/',
  'accept' => 'application/json, text/javascript, */*; q=0.01',
  'user-agent' => 'Mozilla/5.0 (Windows NT 6.1) AppleWebKit/537.36 (KHTML, like Gecko) Chrome/36.0.1985.125 Safari/537.36',
  'x-requested-with' => 'XMLHttpRequest',
  'connection' => 'keep-alive',
  'host' => '47.98.122.163:8080',
  'content-type' => '',
  'content-length' => '',
)
[ info ] [ PARAM ] array (
  'start' => '2018-05-27',
  'end' => '2018-07-08',
  '_' => '1528088533933',
)
[ info ] [ DB ] INIT mysql
[ info ] [ RUN ] app\index\Controller\Index->getSchedule[ /home/wwwroot/pc/pc/application/index/controller/Index.php ]
[ info ] [ LOG ] INIT File

---------------------------------------------------------------
[ 2018-06-04T13:13:48+08:00 ] 172.16.197.238 47.92.5.11 GET /
[ log ] 47.98.122.163:8080/ [运行时间：0.011320s][吞吐率：88.34req/s] [内存消耗：1,298.53kb] [文件加载：37]
[ info ] [ LANG ] /home/wwwroot/pc/pc/thinkphp/lang/zh-cn.php
[ info ] [ ROUTE ] array (
  'type' => 'module',
  'module' => 
  array (
    0 => '',
    1 => NULL,
    2 => NULL,
  ),
)
[ info ] [ HEADER ] array (
  'connection' => 'keep-alive',
  'accept' => 'text/html, image/gif, image/jpeg, *; q=.2, */*; q=.2',
  'host' => '47.98.122.163:8080',
  'user-agent' => 'Mozilla/5.0 (X11; Ubuntu; Linux x86_64; rv:36.0) Gecko/20100101 Firefox/36.0',
  'content-type' => '',
  'content-length' => '',
)
[ info ] [ PARAM ] array (
)
[ info ] [ DB ] INIT mysql
[ info ] [ RUN ] app\index\Controller\Index->index[ /home/wwwroot/pc/pc/application/index/controller/Index.php ]
[ info ] [ VIEW ] /home/wwwroot/pc/pc/public/../application/index/view/index/index.html [ array (
  0 => 'name',
) ]
[ info ] [ LOG ] INIT File

---------------------------------------------------------------
[ 2018-06-04T13:24:42+08:00 ] 172.16.197.238 150.242.255.196 GET /
[ log ] 47.98.122.163:8080/ [运行时间：0.011945s][吞吐率：83.72req/s] [内存消耗：1,298.33kb] [文件加载：37]
[ info ] [ LANG ] /home/wwwroot/pc/pc/thinkphp/lang/zh-cn.php
[ info ] [ ROUTE ] array (
  'type' => 'module',
  'module' => 
  array (
    0 => '',
    1 => NULL,
    2 => NULL,
  ),
)
[ info ] [ HEADER ] array (
  'content-length' => '0',
  'user-agent' => 'Mozilla/5.0 (Windows NT 10.0; WOW64) AppleWebKit/537.36 (KHTML, like Gecko) Chrome/51.0.2704.103 Safari/537.36',
  'host' => '47.98.122.163:8080',
  'content-type' => '',
)
[ info ] [ PARAM ] array (
)
[ info ] [ DB ] INIT mysql
[ info ] [ RUN ] app\index\Controller\Index->index[ /home/wwwroot/pc/pc/application/index/controller/Index.php ]
[ info ] [ VIEW ] /home/wwwroot/pc/pc/public/../application/index/view/index/index.html [ array (
  0 => 'name',
) ]
[ info ] [ LOG ] INIT File

---------------------------------------------------------------
[ 2018-06-04T13:30:42+08:00 ] 172.16.197.238 37.70.128.165 GET /
[ log ] 47.98.122.163:8080/ [运行时间：0.012032s][吞吐率：83.11req/s] [内存消耗：1,298.33kb] [文件加载：37]
[ info ] [ LANG ] /home/wwwroot/pc/pc/thinkphp/lang/zh-cn.php
[ info ] [ ROUTE ] array (
  'type' => 'module',
  'module' => 
  array (
    0 => '',
    1 => NULL,
    2 => NULL,
  ),
)
[ info ] [ HEADER ] array (
  'content-length' => '0',
  'user-agent' => 'Mozilla/5.0 (Macintosh; Intel Mac OS X 10_11_6) AppleWebKit/601.7.7 (KHTML, like Gecko) Version/9.1.2 Safari/601.7.7',
  'host' => '47.98.122.163:8080',
  'content-type' => '',
)
[ info ] [ PARAM ] array (
)
[ info ] [ DB ] INIT mysql
[ info ] [ RUN ] app\index\Controller\Index->index[ /home/wwwroot/pc/pc/application/index/controller/Index.php ]
[ info ] [ VIEW ] /home/wwwroot/pc/pc/public/../application/index/view/index/index.html [ array (
  0 => 'name',
) ]
[ info ] [ LOG ] INIT File

---------------------------------------------------------------
[ 2018-06-04T13:30:42+08:00 ] 172.16.197.238 37.70.128.165 GET /
[ log ] 47.98.122.163:8080/ [运行时间：0.011443s][吞吐率：87.39req/s] [内存消耗：1,298.33kb] [文件加载：37]
[ info ] [ LANG ] /home/wwwroot/pc/pc/thinkphp/lang/zh-cn.php
[ info ] [ ROUTE ] array (
  'type' => 'module',
  'module' => 
  array (
    0 => '',
    1 => NULL,
    2 => NULL,
  ),
)
[ info ] [ HEADER ] array (
  'content-length' => '0',
  'user-agent' => 'Mozilla/5.0 (Windows NT 10.0; WOW64) AppleWebKit/537.36 (KHTML, like Gecko) Chrome/52.0.2743.116 Safari/537.36',
  'host' => '47.98.122.163:8080',
  'content-type' => '',
)
[ info ] [ PARAM ] array (
)
[ info ] [ DB ] INIT mysql
[ info ] [ RUN ] app\index\Controller\Index->index[ /home/wwwroot/pc/pc/application/index/controller/Index.php ]
[ info ] [ VIEW ] /home/wwwroot/pc/pc/public/../application/index/view/index/index.html [ array (
  0 => 'name',
) ]
[ info ] [ LOG ] INIT File

---------------------------------------------------------------
[ 2018-06-04T13:36:07+08:00 ] 172.16.197.238 201.110.152.43 POST /GponForm/diag_Form?images/
[ log ] 127.0.0.1:8080/GponForm/diag_Form?images/ [运行时间：0.009367s][吞吐率：106.76req/s] [内存消耗：937.33kb] [文件加载：27]
[ info ] [ LANG ] /home/wwwroot/pc/pc/thinkphp/lang/zh-cn.php
[ info ] [ ROUTE ] array (
  'type' => 'module',
  'module' => 
  array (
    0 => 'GponForm',
    1 => 'diag_Form',
    2 => NULL,
  ),
)
[ info ] [ HEADER ] array (
  'content-length' => '118',
  'user-agent' => 'Hello, World',
  'accept' => '*/*',
  'accept-encoding' => 'gzip, deflate',
  'connection' => 'keep-alive',
  'host' => '127.0.0.1:8080',
  'content-type' => '',
)
[ info ] [ PARAM ] array (
  'images/' => '',
)
[ info ] [ LOG ] INIT File

---------------------------------------------------------------
[ 2018-06-04T13:56:01+08:00 ] 172.16.197.238 187.144.133.187 GET /
[ log ] 47.98.122.163:8080/ [运行时间：0.011406s][吞吐率：87.67req/s] [内存消耗：1,298.33kb] [文件加载：37]
[ info ] [ LANG ] /home/wwwroot/pc/pc/thinkphp/lang/zh-cn.php
[ info ] [ ROUTE ] array (
  'type' => 'module',
  'module' => 
  array (
    0 => '',
    1 => NULL,
    2 => NULL,
  ),
)
[ info ] [ HEADER ] array (
  'content-length' => '0',
  'user-agent' => 'Mozilla/5.0 (Windows NT 10.0; WOW64) AppleWebKit/537.36 (KHTML, like Gecko) Chrome/52.0.2743.116 Safari/537.36',
  'host' => '47.98.122.163:8080',
  'content-type' => '',
)
[ info ] [ PARAM ] array (
)
[ info ] [ DB ] INIT mysql
[ info ] [ RUN ] app\index\Controller\Index->index[ /home/wwwroot/pc/pc/application/index/controller/Index.php ]
[ info ] [ VIEW ] /home/wwwroot/pc/pc/public/../application/index/view/index/index.html [ array (
  0 => 'name',
) ]
[ info ] [ LOG ] INIT File

---------------------------------------------------------------
[ 2018-06-04T14:01:41+08:00 ] 172.16.197.238 177.105.236.70 GET /
[ log ] 47.98.122.163:8080/ [运行时间：0.011814s][吞吐率：84.65req/s] [内存消耗：1,298.33kb] [文件加载：37]
[ info ] [ LANG ] /home/wwwroot/pc/pc/thinkphp/lang/zh-cn.php
[ info ] [ ROUTE ] array (
  'type' => 'module',
  'module' => 
  array (
    0 => '',
    1 => NULL,
    2 => NULL,
  ),
)
[ info ] [ HEADER ] array (
  'content-length' => '0',
  'user-agent' => 'Mozilla/5.0 (Windows NT 6.1; WOW64) AppleWebKit/537.36 (KHTML, like Gecko) Chrome/51.0.2704.103 Safari/537.36',
  'host' => '47.98.122.163:8080',
  'content-type' => '',
)
[ info ] [ PARAM ] array (
)
[ info ] [ DB ] INIT mysql
[ info ] [ RUN ] app\index\Controller\Index->index[ /home/wwwroot/pc/pc/application/index/controller/Index.php ]
[ info ] [ VIEW ] /home/wwwroot/pc/pc/public/../application/index/view/index/index.html [ array (
  0 => 'name',
) ]
[ info ] [ LOG ] INIT File

---------------------------------------------------------------
[ 2018-06-04T14:26:06+08:00 ] 172.16.197.238 101.199.121.223 GET /
[ log ] 47.98.122.163:8080/ [运行时间：0.012507s][吞吐率：79.96req/s] [内存消耗：1,299.25kb] [文件加载：37]
[ info ] [ LANG ] /home/wwwroot/pc/pc/thinkphp/lang/zh-cn.php
[ info ] [ ROUTE ] array (
  'type' => 'module',
  'module' => 
  array (
    0 => '',
    1 => NULL,
    2 => NULL,
  ),
)
[ info ] [ HEADER ] array (
  'accept-encoding' => 'gzip, deflate',
  'accept' => 'text/html,application/xhtml+xml,application/xml;q=0.9,image/webp,image/apng,*/*;q=0.8',
  'upgrade-insecure-requests' => '1',
  'user-agent' => 'Mozilla/5.0 (X11; Linux x86_64) AppleWebKit/537.36 (KHTML, like Gecko) HeadlessChrome/63.0.3239.132 Safari/537.36',
  'connection' => 'keep-alive',
  'host' => '47.98.122.163:8080',
  'content-type' => '',
  'content-length' => '',
)
[ info ] [ PARAM ] array (
)
[ info ] [ DB ] INIT mysql
[ info ] [ RUN ] app\index\Controller\Index->index[ /home/wwwroot/pc/pc/application/index/controller/Index.php ]
[ info ] [ VIEW ] /home/wwwroot/pc/pc/public/../application/index/view/index/index.html [ array (
  0 => 'name',
) ]
[ info ] [ LOG ] INIT File

---------------------------------------------------------------
[ 2018-06-04T14:26:10+08:00 ] 172.16.197.238 101.199.121.223 GET /index/index/getschedule.html?start=2018-05-27&end=2018-07-08&_=1528093478496
[ log ] 47.98.122.163:8080/index/index/getschedule.html?start=2018-05-27&end=2018-07-08&_=1528093478496 [运行时间：0.012458s][吞吐率：80.27req/s] [内存消耗：1,309.48kb] [文件加载：36]
[ info ] [ LANG ] /home/wwwroot/pc/pc/thinkphp/lang/zh-cn.php
[ info ] [ ROUTE ] array (
  'type' => 'module',
  'module' => 
  array (
    0 => 'index',
    1 => 'index',
    2 => 'getschedule',
  ),
)
[ info ] [ HEADER ] array (
  'accept-encoding' => 'gzip, deflate',
  'referer' => 'http://47.98.122.163:8080/',
  'user-agent' => 'Mozilla/5.0 (X11; Linux x86_64) AppleWebKit/537.36 (KHTML, like Gecko) HeadlessChrome/63.0.3239.132 Safari/537.36',
  'x-requested-with' => 'XMLHttpRequest',
  'accept' => 'application/json, text/javascript, */*; q=0.01',
  'connection' => 'keep-alive',
  'host' => '47.98.122.163:8080',
  'content-type' => '',
  'content-length' => '',
)
[ info ] [ PARAM ] array (
  'start' => '2018-05-27',
  'end' => '2018-07-08',
  '_' => '1528093478496',
)
[ info ] [ DB ] INIT mysql
[ info ] [ RUN ] app\index\Controller\Index->getSchedule[ /home/wwwroot/pc/pc/application/index/controller/Index.php ]
[ info ] [ LOG ] INIT File

---------------------------------------------------------------
[ 2018-06-04T16:15:23+08:00 ] 172.16.197.238 45.115.172.78 GET /
[ log ] 47.98.122.163:8080/ [运行时间：0.011706s][吞吐率：85.43req/s] [内存消耗：1,298.33kb] [文件加载：37]
[ info ] [ LANG ] /home/wwwroot/pc/pc/thinkphp/lang/zh-cn.php
[ info ] [ ROUTE ] array (
  'type' => 'module',
  'module' => 
  array (
    0 => '',
    1 => NULL,
    2 => NULL,
  ),
)
[ info ] [ HEADER ] array (
  'content-length' => '0',
  'user-agent' => 'Mozilla/5.0 (Windows NT 6.1; WOW64) AppleWebKit/537.36 (KHTML, like Gecko) Chrome/52.0.2743.116 Safari/537.36',
  'host' => '47.98.122.163:8080',
  'content-type' => '',
)
[ info ] [ PARAM ] array (
)
[ info ] [ DB ] INIT mysql
[ info ] [ RUN ] app\index\Controller\Index->index[ /home/wwwroot/pc/pc/application/index/controller/Index.php ]
[ info ] [ VIEW ] /home/wwwroot/pc/pc/public/../application/index/view/index/index.html [ array (
  0 => 'name',
) ]
[ info ] [ LOG ] INIT File

---------------------------------------------------------------
[ 2018-06-04T17:01:57+08:00 ] 172.16.197.238 47.93.90.175 GET /
[ log ] 47.92.11.126:8080/ [运行时间：0.011469s][吞吐率：87.19req/s] [内存消耗：1,297.94kb] [文件加载：37]
[ info ] [ LANG ] /home/wwwroot/pc/pc/thinkphp/lang/zh-cn.php
[ info ] [ ROUTE ] array (
  'type' => 'module',
  'module' => 
  array (
    0 => '',
    1 => NULL,
    2 => NULL,
  ),
)
[ info ] [ HEADER ] array (
  'accept-encoding' => 'identity',
  'connection' => 'Close',
  'host' => '47.92.11.126:8080',
  'content-type' => '',
  'content-length' => '',
)
[ info ] [ PARAM ] array (
)
[ info ] [ DB ] INIT mysql
[ info ] [ RUN ] app\index\Controller\Index->index[ /home/wwwroot/pc/pc/application/index/controller/Index.php ]
[ info ] [ VIEW ] /home/wwwroot/pc/pc/public/../application/index/view/index/index.html [ array (
  0 => 'name',
) ]
[ info ] [ LOG ] INIT File

---------------------------------------------------------------
[ 2018-06-04T18:06:33+08:00 ] 172.16.197.238 116.231.15.172 GET /
[ log ] 47.98.122.163:8080/ [运行时间：0.011486s][吞吐率：87.06req/s] [内存消耗：1,301.01kb] [文件加载：37]
[ info ] [ LANG ] /home/wwwroot/pc/pc/thinkphp/lang/zh-cn.php
[ info ] [ ROUTE ] array (
  'type' => 'module',
  'module' => 
  array (
    0 => '',
    1 => NULL,
    2 => NULL,
  ),
)
[ info ] [ HEADER ] array (
  'upgrade-insecure-requests' => '1',
  'connection' => 'keep-alive',
  'accept-encoding' => 'gzip, deflate',
  'accept-language' => 'zh-CN,zh;q=0.8,zh-TW;q=0.7,zh-HK;q=0.5,en-US;q=0.3,en;q=0.2',
  'accept' => 'text/html,application/xhtml+xml,application/xml;q=0.9,*/*;q=0.8',
  'user-agent' => 'Mozilla/5.0 (Windows NT 10.0; Win64; x64; rv:60.0) Gecko/20100101 Firefox/60.0',
  'host' => '47.98.122.163:8080',
  'content-type' => '',
  'content-length' => '',
)
[ info ] [ PARAM ] array (
)
[ info ] [ DB ] INIT mysql
[ info ] [ RUN ] app\index\Controller\Index->index[ /home/wwwroot/pc/pc/application/index/controller/Index.php ]
[ info ] [ VIEW ] /home/wwwroot/pc/pc/public/../application/index/view/index/index.html [ array (
  0 => 'name',
) ]
[ info ] [ LOG ] INIT File

---------------------------------------------------------------
[ 2018-06-04T18:06:36+08:00 ] 172.16.197.238 116.231.15.172 GET /index/index/getschedule.html?start=2018-05-27&end=2018-07-08&_=1528106794768
[ log ] 47.98.122.163:8080/index/index/getschedule.html?start=2018-05-27&end=2018-07-08&_=1528106794768 [运行时间：0.013564s][吞吐率：73.73req/s] [内存消耗：1,309.83kb] [文件加载：36]
[ info ] [ LANG ] /home/wwwroot/pc/pc/thinkphp/lang/zh-cn.php
[ info ] [ ROUTE ] array (
  'type' => 'module',
  'module' => 
  array (
    0 => 'index',
    1 => 'index',
    2 => 'getschedule',
  ),
)
[ info ] [ HEADER ] array (
  'connection' => 'keep-alive',
  'x-requested-with' => 'XMLHttpRequest',
  'referer' => 'http://47.98.122.163:8080/',
  'accept-encoding' => 'gzip, deflate',
  'accept-language' => 'zh-CN,zh;q=0.8,zh-TW;q=0.7,zh-HK;q=0.5,en-US;q=0.3,en;q=0.2',
  'accept' => 'application/json, text/javascript, */*; q=0.01',
  'user-agent' => 'Mozilla/5.0 (Windows NT 10.0; Win64; x64; rv:60.0) Gecko/20100101 Firefox/60.0',
  'host' => '47.98.122.163:8080',
  'content-type' => '',
  'content-length' => '',
)
[ info ] [ PARAM ] array (
  'start' => '2018-05-27',
  'end' => '2018-07-08',
  '_' => '1528106794768',
)
[ info ] [ DB ] INIT mysql
[ info ] [ RUN ] app\index\Controller\Index->getSchedule[ /home/wwwroot/pc/pc/application/index/controller/Index.php ]
[ info ] [ LOG ] INIT File

---------------------------------------------------------------
[ 2018-06-04T18:13:20+08:00 ] 172.16.197.238 141.237.107.75 GET /
[ log ] 47.98.122.163:8080/ [运行时间：0.011356s][吞吐率：88.06req/s] [内存消耗：1,298.33kb] [文件加载：37]
[ info ] [ LANG ] /home/wwwroot/pc/pc/thinkphp/lang/zh-cn.php
[ info ] [ ROUTE ] array (
  'type' => 'module',
  'module' => 
  array (
    0 => '',
    1 => NULL,
    2 => NULL,
  ),
)
[ info ] [ HEADER ] array (
  'content-length' => '0',
  'user-agent' => 'Mozilla/5.0 (Windows NT 10.0; WOW64) AppleWebKit/537.36 (KHTML, like Gecko) Chrome/52.0.2743.116 Safari/537.36',
  'host' => '47.98.122.163:8080',
  'content-type' => '',
)
[ info ] [ PARAM ] array (
)
[ info ] [ DB ] INIT mysql
[ info ] [ RUN ] app\index\Controller\Index->index[ /home/wwwroot/pc/pc/application/index/controller/Index.php ]
[ info ] [ VIEW ] /home/wwwroot/pc/pc/public/../application/index/view/index/index.html [ array (
  0 => 'name',
) ]
[ info ] [ LOG ] INIT File

---------------------------------------------------------------
[ 2018-06-04T19:09:01+08:00 ] 172.16.197.238 203.174.10.193 GET /
[ log ] 47.98.122.163:8080/ [运行时间：0.012904s][吞吐率：77.50req/s] [内存消耗：1,298.33kb] [文件加载：37]
[ info ] [ LANG ] /home/wwwroot/pc/pc/thinkphp/lang/zh-cn.php
[ info ] [ ROUTE ] array (
  'type' => 'module',
  'module' => 
  array (
    0 => '',
    1 => NULL,
    2 => NULL,
  ),
)
[ info ] [ HEADER ] array (
  'content-length' => '0',
  'user-agent' => 'Mozilla/5.0 (Macintosh; Intel Mac OS X 10_11_6) AppleWebKit/601.7.7 (KHTML, like Gecko) Version/9.1.2 Safari/601.7.7',
  'host' => '47.98.122.163:8080',
  'content-type' => '',
)
[ info ] [ PARAM ] array (
)
[ info ] [ DB ] INIT mysql
[ info ] [ RUN ] app\index\Controller\Index->index[ /home/wwwroot/pc/pc/application/index/controller/Index.php ]
[ info ] [ VIEW ] /home/wwwroot/pc/pc/public/../application/index/view/index/index.html [ array (
  0 => 'name',
) ]
[ info ] [ LOG ] INIT File

---------------------------------------------------------------
[ 2018-06-04T19:58:36+08:00 ] 172.16.197.238 189.112.217.226 GET /
[ log ] 47.98.122.163:8080/ [运行时间：0.011538s][吞吐率：86.67req/s] [内存消耗：1,298.33kb] [文件加载：37]
[ info ] [ LANG ] /home/wwwroot/pc/pc/thinkphp/lang/zh-cn.php
[ info ] [ ROUTE ] array (
  'type' => 'module',
  'module' => 
  array (
    0 => '',
    1 => NULL,
    2 => NULL,
  ),
)
[ info ] [ HEADER ] array (
  'content-length' => '0',
  'user-agent' => 'Mozilla/5.0 (Windows NT 10.0; WOW64) AppleWebKit/537.36 (KHTML, like Gecko) Chrome/52.0.2743.116 Safari/537.36',
  'host' => '47.98.122.163:8080',
  'content-type' => '',
)
[ info ] [ PARAM ] array (
)
[ info ] [ DB ] INIT mysql
[ info ] [ RUN ] app\index\Controller\Index->index[ /home/wwwroot/pc/pc/application/index/controller/Index.php ]
[ info ] [ VIEW ] /home/wwwroot/pc/pc/public/../application/index/view/index/index.html [ array (
  0 => 'name',
) ]
[ info ] [ LOG ] INIT File

---------------------------------------------------------------
[ 2018-06-04T20:15:33+08:00 ] 172.16.197.238 123.56.233.103 GET /
[ log ] 43.224.13.52:8080/ [运行时间：0.011706s][吞吐率：85.43req/s] [内存消耗：1,297.94kb] [文件加载：37]
[ info ] [ LANG ] /home/wwwroot/pc/pc/thinkphp/lang/zh-cn.php
[ info ] [ ROUTE ] array (
  'type' => 'module',
  'module' => 
  array (
    0 => '',
    1 => NULL,
    2 => NULL,
  ),
)
[ info ] [ HEADER ] array (
  'accept-encoding' => 'identity',
  'connection' => 'Close',
  'host' => '43.224.13.52:8080',
  'content-type' => '',
  'content-length' => '',
)
[ info ] [ PARAM ] array (
)
[ info ] [ DB ] INIT mysql
[ info ] [ RUN ] app\index\Controller\Index->index[ /home/wwwroot/pc/pc/application/index/controller/Index.php ]
[ info ] [ VIEW ] /home/wwwroot/pc/pc/public/../application/index/view/index/index.html [ array (
  0 => 'name',
) ]
[ info ] [ LOG ] INIT File

---------------------------------------------------------------
[ 2018-06-04T20:27:58+08:00 ] 172.16.197.238 189.163.10.129 GET /
[ log ] 47.98.122.163:8080/ [运行时间：0.011181s][吞吐率：89.44req/s] [内存消耗：1,298.33kb] [文件加载：37]
[ info ] [ LANG ] /home/wwwroot/pc/pc/thinkphp/lang/zh-cn.php
[ info ] [ ROUTE ] array (
  'type' => 'module',
  'module' => 
  array (
    0 => '',
    1 => NULL,
    2 => NULL,
  ),
)
[ info ] [ HEADER ] array (
  'content-length' => '0',
  'user-agent' => 'Mozilla/5.0 (Windows NT 6.1; WOW64) AppleWebKit/537.36 (KHTML, like Gecko) Chrome/52.0.2743.116 Safari/537.36',
  'host' => '47.98.122.163:8080',
  'content-type' => '',
)
[ info ] [ PARAM ] array (
)
[ info ] [ DB ] INIT mysql
[ info ] [ RUN ] app\index\Controller\Index->index[ /home/wwwroot/pc/pc/application/index/controller/Index.php ]
[ info ] [ VIEW ] /home/wwwroot/pc/pc/public/../application/index/view/index/index.html [ array (
  0 => 'name',
) ]
[ info ] [ LOG ] INIT File

---------------------------------------------------------------
[ 2018-06-04T20:58:02+08:00 ] 172.16.197.238 209.126.136.4 GET /
[ log ] 47.98.122.163:8080/ [运行时间：0.011947s][吞吐率：83.70req/s] [内存消耗：1,298.47kb] [文件加载：37]
[ info ] [ LANG ] /home/wwwroot/pc/pc/thinkphp/lang/zh-cn.php
[ info ] [ ROUTE ] array (
  'type' => 'module',
  'module' => 
  array (
    0 => '',
    1 => NULL,
    2 => NULL,
  ),
)
[ info ] [ HEADER ] array (
  'accept-encoding' => 'gzip',
  'accept' => '*/*',
  'user-agent' => 'Mozilla/5.0 (Windows NT 10.0; Win64; x64) AppleWebKit/537.36 (KHTML, like Gecko) Chrome/57.0.2987.133 Safari/537.36',
  'host' => '47.98.122.163:8080',
  'content-type' => '',
  'content-length' => '',
)
[ info ] [ PARAM ] array (
)
[ info ] [ DB ] INIT mysql
[ info ] [ RUN ] app\index\Controller\Index->index[ /home/wwwroot/pc/pc/application/index/controller/Index.php ]
[ info ] [ VIEW ] /home/wwwroot/pc/pc/public/../application/index/view/index/index.html [ array (
  0 => 'name',
) ]
[ info ] [ LOG ] INIT File

---------------------------------------------------------------
[ 2018-06-04T22:05:50+08:00 ] 172.16.197.238 103.218.3.214 GET /privacy/v2/index.html
[ log ] www.360.cn/privacy/v2/index.html [运行时间：0.009145s][吞吐率：109.35req/s] [内存消耗：946.66kb] [文件加载：27]
[ info ] [ LANG ] /home/wwwroot/pc/pc/thinkphp/lang/zh-cn.php
[ info ] [ ROUTE ] array (
  'type' => 'module',
  'module' => 
  array (
    0 => 'privacy',
    1 => 'v2',
    2 => 'index',
  ),
)
[ info ] [ HEADER ] array (
  'cookie' => '__gid=121845337.180523227.1493633340703.1493633343828.2; SESS982f9601ad803be8306c1ab201771ebc=xi0UE16Jpb7KfB8Cm3k4WCo9k-cttsjrEJxnWD1wnmE; JSESSIONID=e348f5ec-145d-49d3-a293-5c6a083d3664; GUEST_LANGUAGE_ID=en_US; BT_PANEL=dbd1a983bfa8e35764c4246a303888612dd8f451; JSESSIONID.a9109962=node01gmnkfk3r6pl579jcfzzgbcox2873.node0; v_v-s-drame=6c49a309-8f13-4323-bd11-7d8bbd82e460; GW.SESSION=A6C11F452016C238DBB60CB1FDBD45B1; JSESSIONID.12aff327=node07wh070mkbaad1j3hb4v96o0j5022.node0; session=eyJfaWQiOiIxOGIyN2Q3NzBmNWMzMjQ5NmExYmQwNjE5NjhhNmY0OCJ9.DfbYoA.lNxf1FgGDgL0vKK3LWz98xDiFk0; jeesite.session.id=42809f5ab7274bd7ba92074c6953d37b; JSESSIONID.19a35d3c=node01cdj0ewrkw0jmofmjozak0fs2964.node0; JSESSIONID.3c0bc442=node0cwkcnzl4vdczl36r62rwbxt13118.node0; JSESSIONID.6ada4518=node010uwpa8ebsixmxssl76ku1681520.node0; JSESSIONID.8692847b=node01045afm9xta9uqq4j4gsyjho23229.node0; PL=rancher; COOKIE_SUPPORT=true; JSESSIONID.bda84e11=node011mufmk9xoy415n8gpxss3w9m3326.node0; SCOUTER=z1uqq7hk527j1l; JSESSIONID.f00b9d97=node0181by9dknn0w814z1p22xk00rg30.node0; _gitlab_session=86ed4ef930f074f05870d22e06f87c26; MUX=7C1398DCC24C142E3522227F1379C9D4A819F01D1B742525; JSESSIONID.f9f481f6=node01lq0pfagbc3g2pks9zj5lvssg1850.node0; SHRIOSESSIONID=28fba223-2901-47db-89b0-032b39862bb7; beegosessionID=cd54fefe96012665aa2bda67d60aea59; sid=5fd14616-bd56-454e-b957-0d86febf2e19; JSESSIONID.5316d412=node0yoqqg9eyu1oh1ezakarky6tg52801.node0; SP_SESSION=08d07992-1829-4808-b18c-fbbe484561b5; ecology_JSessionId=abcU5MSRUQkPfcSiHhlpw; wdcpsessionID=afe18c7203627997fb03d67ff8118b6e; JSESSIONID.46cc49c7=node028stybmcx3ly1nylr7zq0gqzt2805.node0; JSESSIONID=5C29A9373F2E2928DF278A2AA36F595E; JSESSIONID.b41d1679=node0faat8eirr8gp14hdt3c66vvck4902.node0; shiroCookie=91cabba6-e641-450a-aa56-f8fe34eec54d; JSESSIONID.e87b8d18=1fy27t45nf36a1slgvi3ko28uv; v_v-s-baidu=33273fcb-2039-43e5-8b37-b8a6b5acd4de; JSESSIONID.9fde789f=node017py9rj2ic8qd1j633xd9r6o912697.node0; JSESSIONID.6ffac100=node0s0xhbx4shqof14rlgnctk2sln343.node0; JSESSIONID.a13b8e22=node01s1uxbfj6xdh657atx9y4gprw13337.node0; zgbSessionId=691996a0-7ec6-4e0a-98dd-cdddd2c68ee6; atlassian.xsrf.token=B8C4-IPCH-4ZHJ-NCPT|cbb5a21d7ae5e31afb2e4387425b4f59c085e2d0|lout; JSESSIONID.3d3de03b=node0b2e7tu83ijcv1jkfotp8aau1q86.node0; DokuWiki=bnkv2i57gqjcqrtn9mk4dpu3n7; JSESSIONID.296542f3=node01l6d942a41s4yrockayddwi4x1253.node0; SESSION=11a08792-ae6f-40fd-9a0b-63ecd1655cf5; zentaosid=7hhvri6m76bgmhadv79rvpj3v2; lang=zh-cn; device=desktop; theme=default; connect.sid=s%3AsyM6SGtBw7cPz_SkGVrHiUNx5PFPenFY.XKau7W95x5KWvIZKLhVU3vdOT1u%2FfVbtDPU2Rnwe1rs; ocjn1ailynl3=a7dd538992925f917f3783ec6b28fe47; oc_sessionPassphrase=Pm0ZnU93AIn82nZOY1kFv3nF3KhUY0WjuzUGYPSr02voq4anQMevVpmeKhdR5ncALHjVCVmdQIwMLAya8zGc2fpfSYDRV%2BI1PiHR5CoKaHk%2BFIG9mn8vk8tyrknUg%2Bdu; JSESSIONID.793508d5=node014gjig4kl9azlwfscmsquwnwb1509.node0; JSESSIONID.c8d72812=node06lxf2uzejeot11zkz16u3h76w258.node0',
  'pragma' => 'no-cache',
  'host' => 'www.360.cn',
  'user-agent' => 'HttpClient',
  'accept' => 'text/*',
  'content-type' => '',
  'content-length' => '',
)
[ info ] [ PARAM ] array (
)
[ info ] [ LOG ] INIT File

---------------------------------------------------------------
[ 2018-06-04T23:07:01+08:00 ] 172.16.197.238 82.60.0.11 GET /
[ log ] 47.98.122.163:8080/ [运行时间：0.011976s][吞吐率：83.50req/s] [内存消耗：1,298.33kb] [文件加载：37]
[ info ] [ LANG ] /home/wwwroot/pc/pc/thinkphp/lang/zh-cn.php
[ info ] [ ROUTE ] array (
  'type' => 'module',
  'module' => 
  array (
    0 => '',
    1 => NULL,
    2 => NULL,
  ),
)
[ info ] [ HEADER ] array (
  'content-length' => '0',
  'user-agent' => 'Mozilla/5.0 (Macintosh; Intel Mac OS X 10_11_6) AppleWebKit/601.7.7 (KHTML, like Gecko) Version/9.1.2 Safari/601.7.7',
  'host' => '47.98.122.163:8080',
  'content-type' => '',
)
[ info ] [ PARAM ] array (
)
[ info ] [ DB ] INIT mysql
[ info ] [ RUN ] app\index\Controller\Index->index[ /home/wwwroot/pc/pc/application/index/controller/Index.php ]
[ info ] [ VIEW ] /home/wwwroot/pc/pc/public/../application/index/view/index/index.html [ array (
  0 => 'name',
) ]
[ info ] [ LOG ] INIT File

---------------------------------------------------------------
[ 2018-06-04T23:09:15+08:00 ] 172.16.197.238 77.94.125.194 GET /
[ log ] 47.98.122.163:8080/ [运行时间：0.012145s][吞吐率：82.34req/s] [内存消耗：1,298.33kb] [文件加载：37]
[ info ] [ LANG ] /home/wwwroot/pc/pc/thinkphp/lang/zh-cn.php
[ info ] [ ROUTE ] array (
  'type' => 'module',
  'module' => 
  array (
    0 => '',
    1 => NULL,
    2 => NULL,
  ),
)
[ info ] [ HEADER ] array (
  'content-length' => '0',
  'user-agent' => 'Mozilla/5.0 (Macintosh; Intel Mac OS X 10_11_6) AppleWebKit/601.7.7 (KHTML, like Gecko) Version/9.1.2 Safari/601.7.7',
  'host' => '47.98.122.163:8080',
  'content-type' => '',
)
[ info ] [ PARAM ] array (
)
[ info ] [ DB ] INIT mysql
[ info ] [ RUN ] app\index\Controller\Index->index[ /home/wwwroot/pc/pc/application/index/controller/Index.php ]
[ info ] [ VIEW ] /home/wwwroot/pc/pc/public/../application/index/view/index/index.html [ array (
  0 => 'name',
) ]
[ info ] [ LOG ] INIT File

---------------------------------------------------------------
[ 2018-06-04T23:44:11+08:00 ] 172.16.197.238 191.241.46.36 GET /
[ log ] 47.98.122.163:8080/ [运行时间：0.012648s][吞吐率：79.06req/s] [内存消耗：1,298.33kb] [文件加载：37]
[ info ] [ LANG ] /home/wwwroot/pc/pc/thinkphp/lang/zh-cn.php
[ info ] [ ROUTE ] array (
  'type' => 'module',
  'module' => 
  array (
    0 => '',
    1 => NULL,
    2 => NULL,
  ),
)
[ info ] [ HEADER ] array (
  'content-length' => '0',
  'user-agent' => 'Mozilla/5.0 (Windows NT 10.0; WOW64) AppleWebKit/537.36 (KHTML, like Gecko) Chrome/52.0.2743.116 Safari/537.36',
  'host' => '47.98.122.163:8080',
  'content-type' => '',
)
[ info ] [ PARAM ] array (
)
[ info ] [ DB ] INIT mysql
[ info ] [ RUN ] app\index\Controller\Index->index[ /home/wwwroot/pc/pc/application/index/controller/Index.php ]
[ info ] [ VIEW ] /home/wwwroot/pc/pc/public/../application/index/view/index/index.html [ array (
  0 => 'name',
) ]
[ info ] [ LOG ] INIT File

---------------------------------------------------------------
