[ 2018-06-07T00:28:00+08:00 ] 172.16.197.238 83.2.229.91 GET /
[ log ] 47.98.122.163:8080/ [运行时间：0.012381s][吞吐率：80.77req/s] [内存消耗：1,298.32kb] [文件加载：37]
[ info ] [ LANG ] /home/wwwroot/pc/pc/thinkphp/lang/zh-cn.php
[ info ] [ ROUTE ] array (
  'type' => 'module',
  'module' => 
  array (
    0 => '',
    1 => NULL,
    2 => NULL,
  ),
)
[ info ] [ HEADER ] array (
  'content-length' => '0',
  'user-agent' => 'Mozilla/5.0 (Windows NT 10.0; WOW64) AppleWebKit/537.36 (KHTML, like Gecko) Chrome/51.0.2704.103 Safari/537.36',
  'host' => '47.98.122.163:8080',
  'content-type' => '',
)
[ info ] [ PARAM ] array (
)
[ info ] [ DB ] INIT mysql
[ info ] [ RUN ] app\index\Controller\Index->index[ /home/wwwroot/pc/pc/application/index/controller/Index.php ]
[ info ] [ VIEW ] /home/wwwroot/pc/pc/public/../application/index/view/index/index.html [ array (
  0 => 'name',
) ]
[ info ] [ LOG ] INIT File

---------------------------------------------------------------
[ 2018-06-07T01:00:02+08:00 ] 172.16.197.238 116.62.176.205 GET /
[ log ] 47.89.11.162:8080/ [运行时间：0.011096s][吞吐率：90.12req/s] [内存消耗：1,297.94kb] [文件加载：37]
[ info ] [ LANG ] /home/wwwroot/pc/pc/thinkphp/lang/zh-cn.php
[ info ] [ ROUTE ] array (
  'type' => 'module',
  'module' => 
  array (
    0 => '',
    1 => NULL,
    2 => NULL,
  ),
)
[ info ] [ HEADER ] array (
  'accept-encoding' => 'identity',
  'connection' => 'Close',
  'host' => '47.89.11.162:8080',
  'content-type' => '',
  'content-length' => '',
)
[ info ] [ PARAM ] array (
)
[ info ] [ DB ] INIT mysql
[ info ] [ RUN ] app\index\Controller\Index->index[ /home/wwwroot/pc/pc/application/index/controller/Index.php ]
[ info ] [ VIEW ] /home/wwwroot/pc/pc/public/../application/index/view/index/index.html [ array (
  0 => 'name',
) ]
[ info ] [ LOG ] INIT File

---------------------------------------------------------------
[ 2018-06-07T01:24:17+08:00 ] 172.16.197.238 189.141.235.71 GET /
[ log ] 47.98.122.163:8080/ [运行时间：0.012206s][吞吐率：81.93req/s] [内存消耗：1,298.33kb] [文件加载：37]
[ info ] [ LANG ] /home/wwwroot/pc/pc/thinkphp/lang/zh-cn.php
[ info ] [ ROUTE ] array (
  'type' => 'module',
  'module' => 
  array (
    0 => '',
    1 => NULL,
    2 => NULL,
  ),
)
[ info ] [ HEADER ] array (
  'content-length' => '0',
  'user-agent' => 'Mozilla/5.0 (Windows NT 10.0; WOW64) AppleWebKit/537.36 (KHTML, like Gecko) Chrome/51.0.2704.103 Safari/537.36',
  'host' => '47.98.122.163:8080',
  'content-type' => '',
)
[ info ] [ PARAM ] array (
)
[ info ] [ DB ] INIT mysql
[ info ] [ RUN ] app\index\Controller\Index->index[ /home/wwwroot/pc/pc/application/index/controller/Index.php ]
[ info ] [ VIEW ] /home/wwwroot/pc/pc/public/../application/index/view/index/index.html [ array (
  0 => 'name',
) ]
[ info ] [ LOG ] INIT File

---------------------------------------------------------------
[ 2018-06-07T02:42:40+08:00 ] 172.16.197.238 187.144.95.131 GET /
[ log ] 47.98.122.163:8080/ [运行时间：0.011479s][吞吐率：87.11req/s] [内存消耗：1,298.33kb] [文件加载：37]
[ info ] [ LANG ] /home/wwwroot/pc/pc/thinkphp/lang/zh-cn.php
[ info ] [ ROUTE ] array (
  'type' => 'module',
  'module' => 
  array (
    0 => '',
    1 => NULL,
    2 => NULL,
  ),
)
[ info ] [ HEADER ] array (
  'content-length' => '0',
  'user-agent' => 'Mozilla/5.0 (Windows NT 6.1; WOW64) AppleWebKit/537.36 (KHTML, like Gecko) Chrome/52.0.2743.116 Safari/537.36',
  'host' => '47.98.122.163:8080',
  'content-type' => '',
)
[ info ] [ PARAM ] array (
)
[ info ] [ DB ] INIT mysql
[ info ] [ RUN ] app\index\Controller\Index->index[ /home/wwwroot/pc/pc/application/index/controller/Index.php ]
[ info ] [ VIEW ] /home/wwwroot/pc/pc/public/../application/index/view/index/index.html [ array (
  0 => 'name',
) ]
[ info ] [ LOG ] INIT File

---------------------------------------------------------------
[ 2018-06-07T02:49:26+08:00 ] 172.16.197.238 187.207.76.108 GET /
[ log ] 47.98.122.163:8080/ [运行时间：0.011302s][吞吐率：88.48req/s] [内存消耗：1,298.33kb] [文件加载：37]
[ info ] [ LANG ] /home/wwwroot/pc/pc/thinkphp/lang/zh-cn.php
[ info ] [ ROUTE ] array (
  'type' => 'module',
  'module' => 
  array (
    0 => '',
    1 => NULL,
    2 => NULL,
  ),
)
[ info ] [ HEADER ] array (
  'content-length' => '0',
  'user-agent' => 'Mozilla/5.0 (Windows NT 6.1; WOW64) AppleWebKit/537.36 (KHTML, like Gecko) Chrome/51.0.2704.103 Safari/537.36',
  'host' => '47.98.122.163:8080',
  'content-type' => '',
)
[ info ] [ PARAM ] array (
)
[ info ] [ DB ] INIT mysql
[ info ] [ RUN ] app\index\Controller\Index->index[ /home/wwwroot/pc/pc/application/index/controller/Index.php ]
[ info ] [ VIEW ] /home/wwwroot/pc/pc/public/../application/index/view/index/index.html [ array (
  0 => 'name',
) ]
[ info ] [ LOG ] INIT File

---------------------------------------------------------------
[ 2018-06-07T03:03:42+08:00 ] 172.16.197.238 202.162.203.234 GET /
[ log ] 47.98.122.163:8080/ [运行时间：0.012868s][吞吐率：77.71req/s] [内存消耗：1,298.33kb] [文件加载：37]
[ info ] [ LANG ] /home/wwwroot/pc/pc/thinkphp/lang/zh-cn.php
[ info ] [ ROUTE ] array (
  'type' => 'module',
  'module' => 
  array (
    0 => '',
    1 => NULL,
    2 => NULL,
  ),
)
[ info ] [ HEADER ] array (
  'content-length' => '0',
  'user-agent' => 'Mozilla/5.0 (Windows NT 10.0; WOW64) AppleWebKit/537.36 (KHTML, like Gecko) Chrome/52.0.2743.116 Safari/537.36',
  'host' => '47.98.122.163:8080',
  'content-type' => '',
)
[ info ] [ PARAM ] array (
)
[ info ] [ DB ] INIT mysql
[ info ] [ RUN ] app\index\Controller\Index->index[ /home/wwwroot/pc/pc/application/index/controller/Index.php ]
[ info ] [ VIEW ] /home/wwwroot/pc/pc/public/../application/index/view/index/index.html [ array (
  0 => 'name',
) ]
[ info ] [ LOG ] INIT File

---------------------------------------------------------------
[ 2018-06-07T04:13:17+08:00 ] 172.16.197.238 103.206.224.17 GET /
[ log ] 47.98.122.163:8080/ [运行时间：0.012554s][吞吐率：79.65req/s] [内存消耗：1,298.33kb] [文件加载：37]
[ info ] [ LANG ] /home/wwwroot/pc/pc/thinkphp/lang/zh-cn.php
[ info ] [ ROUTE ] array (
  'type' => 'module',
  'module' => 
  array (
    0 => '',
    1 => NULL,
    2 => NULL,
  ),
)
[ info ] [ HEADER ] array (
  'content-length' => '0',
  'user-agent' => 'Mozilla/5.0 (Macintosh; Intel Mac OS X 10_11_6) AppleWebKit/601.7.7 (KHTML, like Gecko) Version/9.1.2 Safari/601.7.7',
  'host' => '47.98.122.163:8080',
  'content-type' => '',
)
[ info ] [ PARAM ] array (
)
[ info ] [ DB ] INIT mysql
[ info ] [ RUN ] app\index\Controller\Index->index[ /home/wwwroot/pc/pc/application/index/controller/Index.php ]
[ info ] [ VIEW ] /home/wwwroot/pc/pc/public/../application/index/view/index/index.html [ array (
  0 => 'name',
) ]
[ info ] [ LOG ] INIT File

---------------------------------------------------------------
[ 2018-06-07T04:40:39+08:00 ] 172.16.197.238 95.68.194.175 GET /
[ log ] 47.98.122.163:8080/ [运行时间：0.012179s][吞吐率：82.11req/s] [内存消耗：1,298.33kb] [文件加载：37]
[ info ] [ LANG ] /home/wwwroot/pc/pc/thinkphp/lang/zh-cn.php
[ info ] [ ROUTE ] array (
  'type' => 'module',
  'module' => 
  array (
    0 => '',
    1 => NULL,
    2 => NULL,
  ),
)
[ info ] [ HEADER ] array (
  'content-length' => '0',
  'user-agent' => 'Mozilla/5.0 (Windows NT 10.0; WOW64) AppleWebKit/537.36 (KHTML, like Gecko) Chrome/51.0.2704.103 Safari/537.36',
  'host' => '47.98.122.163:8080',
  'content-type' => '',
)
[ info ] [ PARAM ] array (
)
[ info ] [ DB ] INIT mysql
[ info ] [ RUN ] app\index\Controller\Index->index[ /home/wwwroot/pc/pc/application/index/controller/Index.php ]
[ info ] [ VIEW ] /home/wwwroot/pc/pc/public/../application/index/view/index/index.html [ array (
  0 => 'name',
) ]
[ info ] [ LOG ] INIT File

---------------------------------------------------------------
[ 2018-06-07T04:49:27+08:00 ] 172.16.197.238 124.248.184.123 GET /
[ log ] 47.98.122.163:8080/ [运行时间：0.011788s][吞吐率：84.83req/s] [内存消耗：1,298.33kb] [文件加载：37]
[ info ] [ LANG ] /home/wwwroot/pc/pc/thinkphp/lang/zh-cn.php
[ info ] [ ROUTE ] array (
  'type' => 'module',
  'module' => 
  array (
    0 => '',
    1 => NULL,
    2 => NULL,
  ),
)
[ info ] [ HEADER ] array (
  'content-length' => '0',
  'user-agent' => 'Mozilla/5.0 (Windows NT 6.1; WOW64) AppleWebKit/537.36 (KHTML, like Gecko) Chrome/51.0.2704.103 Safari/537.36',
  'host' => '47.98.122.163:8080',
  'content-type' => '',
)
[ info ] [ PARAM ] array (
)
[ info ] [ DB ] INIT mysql
[ info ] [ RUN ] app\index\Controller\Index->index[ /home/wwwroot/pc/pc/application/index/controller/Index.php ]
[ info ] [ VIEW ] /home/wwwroot/pc/pc/public/../application/index/view/index/index.html [ array (
  0 => 'name',
) ]
[ info ] [ LOG ] INIT File

---------------------------------------------------------------
[ 2018-06-07T05:13:34+08:00 ] 172.16.197.238 168.232.12.78 GET /
[ log ] 47.98.122.163:8080/ [运行时间：0.013045s][吞吐率：76.66req/s] [内存消耗：1,298.33kb] [文件加载：37]
[ info ] [ LANG ] /home/wwwroot/pc/pc/thinkphp/lang/zh-cn.php
[ info ] [ ROUTE ] array (
  'type' => 'module',
  'module' => 
  array (
    0 => '',
    1 => NULL,
    2 => NULL,
  ),
)
[ info ] [ HEADER ] array (
  'content-length' => '0',
  'user-agent' => 'Mozilla/5.0 (Windows NT 10.0; WOW64) AppleWebKit/537.36 (KHTML, like Gecko) Chrome/52.0.2743.116 Safari/537.36',
  'host' => '47.98.122.163:8080',
  'content-type' => '',
)
[ info ] [ PARAM ] array (
)
[ info ] [ DB ] INIT mysql
[ info ] [ RUN ] app\index\Controller\Index->index[ /home/wwwroot/pc/pc/application/index/controller/Index.php ]
[ info ] [ VIEW ] /home/wwwroot/pc/pc/public/../application/index/view/index/index.html [ array (
  0 => 'name',
) ]
[ info ] [ LOG ] INIT File

---------------------------------------------------------------
[ 2018-06-07T07:18:51+08:00 ] 172.16.197.238 112.112.86.250 GET /
[ log ] www.rfa.org/ [运行时间：0.011450s][吞吐率：87.34req/s] [内存消耗：1,298.53kb] [文件加载：37]
[ info ] [ LANG ] /home/wwwroot/pc/pc/thinkphp/lang/zh-cn.php
[ info ] [ ROUTE ] array (
  'type' => 'module',
  'module' => 
  array (
    0 => '',
    1 => NULL,
    2 => NULL,
  ),
)
[ info ] [ HEADER ] array (
  'user-agent' => 'python-requests/2.6.0 CPython/2.7.5 Linux/3.10.0-327.el7.x86_64',
  'accept' => '*/*',
  'accept-encoding' => 'gzip, deflate',
  'connection' => 'keep-alive',
  'host' => 'www.rfa.org',
  'content-type' => '',
  'content-length' => '',
)
[ info ] [ PARAM ] array (
)
[ info ] [ DB ] INIT mysql
[ info ] [ RUN ] app\index\Controller\Index->index[ /home/wwwroot/pc/pc/application/index/controller/Index.php ]
[ info ] [ VIEW ] /home/wwwroot/pc/pc/public/../application/index/view/index/index.html [ array (
  0 => 'name',
) ]
[ info ] [ LOG ] INIT File

---------------------------------------------------------------
[ 2018-06-07T07:40:34+08:00 ] 172.16.197.238 177.9.131.226 GET /
[ log ] 47.98.122.163:8080/ [运行时间：0.012577s][吞吐率：79.51req/s] [内存消耗：1,298.33kb] [文件加载：37]
[ info ] [ LANG ] /home/wwwroot/pc/pc/thinkphp/lang/zh-cn.php
[ info ] [ ROUTE ] array (
  'type' => 'module',
  'module' => 
  array (
    0 => '',
    1 => NULL,
    2 => NULL,
  ),
)
[ info ] [ HEADER ] array (
  'content-length' => '0',
  'user-agent' => 'Mozilla/5.0 (Windows NT 6.1; WOW64) AppleWebKit/537.36 (KHTML, like Gecko) Chrome/52.0.2743.116 Safari/537.36',
  'host' => '47.98.122.163:8080',
  'content-type' => '',
)
[ info ] [ PARAM ] array (
)
[ info ] [ DB ] INIT mysql
[ info ] [ RUN ] app\index\Controller\Index->index[ /home/wwwroot/pc/pc/application/index/controller/Index.php ]
[ info ] [ VIEW ] /home/wwwroot/pc/pc/public/../application/index/view/index/index.html [ array (
  0 => 'name',
) ]
[ info ] [ LOG ] INIT File

---------------------------------------------------------------
[ 2018-06-07T08:36:51+08:00 ] 172.16.197.238 184.105.139.68 GET /
[ log ] 47.98.122.163/ [运行时间：0.013211s][吞吐率：75.69req/s] [内存消耗：1,297.46kb] [文件加载：37]
[ info ] [ LANG ] /home/wwwroot/pc/pc/thinkphp/lang/zh-cn.php
[ info ] [ ROUTE ] array (
  'type' => 'module',
  'module' => 
  array (
    0 => '',
    1 => NULL,
    2 => NULL,
  ),
)
[ info ] [ HEADER ] array (
  'host' => '47.98.122.163',
  'content-type' => '',
  'content-length' => '',
)
[ info ] [ PARAM ] array (
)
[ info ] [ DB ] INIT mysql
[ info ] [ RUN ] app\index\Controller\Index->index[ /home/wwwroot/pc/pc/application/index/controller/Index.php ]
[ info ] [ VIEW ] /home/wwwroot/pc/pc/public/../application/index/view/index/index.html [ array (
  0 => 'name',
) ]
[ info ] [ LOG ] INIT File

---------------------------------------------------------------
[ 2018-06-07T08:45:07+08:00 ] 172.16.197.238 85.98.92.3 GET /
[ log ] 47.98.122.163:8080/ [运行时间：0.011609s][吞吐率：86.14req/s] [内存消耗：1,298.33kb] [文件加载：37]
[ info ] [ LANG ] /home/wwwroot/pc/pc/thinkphp/lang/zh-cn.php
[ info ] [ ROUTE ] array (
  'type' => 'module',
  'module' => 
  array (
    0 => '',
    1 => NULL,
    2 => NULL,
  ),
)
[ info ] [ HEADER ] array (
  'content-length' => '0',
  'user-agent' => 'Mozilla/5.0 (Windows NT 10.0; WOW64) AppleWebKit/537.36 (KHTML, like Gecko) Chrome/52.0.2743.116 Safari/537.36',
  'host' => '47.98.122.163:8080',
  'content-type' => '',
)
[ info ] [ PARAM ] array (
)
[ info ] [ DB ] INIT mysql
[ info ] [ RUN ] app\index\Controller\Index->index[ /home/wwwroot/pc/pc/application/index/controller/Index.php ]
[ info ] [ VIEW ] /home/wwwroot/pc/pc/public/../application/index/view/index/index.html [ array (
  0 => 'name',
) ]
[ info ] [ LOG ] INIT File

---------------------------------------------------------------
[ 2018-06-07T09:06:21+08:00 ] 172.16.197.238 47.93.112.232 GET /
[ log ] 47.89.6.224:8080/ [运行时间：0.012192s][吞吐率：82.02req/s] [内存消耗：1,297.94kb] [文件加载：37]
[ info ] [ LANG ] /home/wwwroot/pc/pc/thinkphp/lang/zh-cn.php
[ info ] [ ROUTE ] array (
  'type' => 'module',
  'module' => 
  array (
    0 => '',
    1 => NULL,
    2 => NULL,
  ),
)
[ info ] [ HEADER ] array (
  'accept-encoding' => 'identity',
  'connection' => 'Close',
  'host' => '47.89.6.224:8080',
  'content-type' => '',
  'content-length' => '',
)
[ info ] [ PARAM ] array (
)
[ info ] [ DB ] INIT mysql
[ info ] [ RUN ] app\index\Controller\Index->index[ /home/wwwroot/pc/pc/application/index/controller/Index.php ]
[ info ] [ VIEW ] /home/wwwroot/pc/pc/public/../application/index/view/index/index.html [ array (
  0 => 'name',
) ]
[ info ] [ LOG ] INIT File

---------------------------------------------------------------
[ 2018-06-07T09:13:17+08:00 ] 172.16.197.238 187.136.46.180 GET /
[ log ] 47.98.122.163:8080/ [运行时间：0.013195s][吞吐率：75.79req/s] [内存消耗：1,298.33kb] [文件加载：37]
[ info ] [ LANG ] /home/wwwroot/pc/pc/thinkphp/lang/zh-cn.php
[ info ] [ ROUTE ] array (
  'type' => 'module',
  'module' => 
  array (
    0 => '',
    1 => NULL,
    2 => NULL,
  ),
)
[ info ] [ HEADER ] array (
  'content-length' => '0',
  'user-agent' => 'Mozilla/5.0 (Windows NT 10.0; WOW64) AppleWebKit/537.36 (KHTML, like Gecko) Chrome/51.0.2704.103 Safari/537.36',
  'host' => '47.98.122.163:8080',
  'content-type' => '',
)
[ info ] [ PARAM ] array (
)
[ info ] [ DB ] INIT mysql
[ info ] [ RUN ] app\index\Controller\Index->index[ /home/wwwroot/pc/pc/application/index/controller/Index.php ]
[ info ] [ VIEW ] /home/wwwroot/pc/pc/public/../application/index/view/index/index.html [ array (
  0 => 'name',
) ]
[ info ] [ LOG ] INIT File

---------------------------------------------------------------
[ 2018-06-07T09:22:54+08:00 ] 172.16.197.238 45.115.172.235 GET /
[ log ] 47.98.122.163:8080/ [运行时间：0.011393s][吞吐率：87.77req/s] [内存消耗：1,298.33kb] [文件加载：37]
[ info ] [ LANG ] /home/wwwroot/pc/pc/thinkphp/lang/zh-cn.php
[ info ] [ ROUTE ] array (
  'type' => 'module',
  'module' => 
  array (
    0 => '',
    1 => NULL,
    2 => NULL,
  ),
)
[ info ] [ HEADER ] array (
  'content-length' => '0',
  'user-agent' => 'Mozilla/5.0 (Macintosh; Intel Mac OS X 10_11_6) AppleWebKit/601.7.7 (KHTML, like Gecko) Version/9.1.2 Safari/601.7.7',
  'host' => '47.98.122.163:8080',
  'content-type' => '',
)
[ info ] [ PARAM ] array (
)
[ info ] [ DB ] INIT mysql
[ info ] [ RUN ] app\index\Controller\Index->index[ /home/wwwroot/pc/pc/application/index/controller/Index.php ]
[ info ] [ VIEW ] /home/wwwroot/pc/pc/public/../application/index/view/index/index.html [ array (
  0 => 'name',
) ]
[ info ] [ LOG ] INIT File

---------------------------------------------------------------
[ 2018-06-07T09:40:06+08:00 ] 172.16.197.238 116.231.15.172 GET /
[ log ] 47.98.122.163:8080/ [运行时间：0.012625s][吞吐率：79.21req/s] [内存消耗：1,301.01kb] [文件加载：37]
[ info ] [ LANG ] /home/wwwroot/pc/pc/thinkphp/lang/zh-cn.php
[ info ] [ ROUTE ] array (
  'type' => 'module',
  'module' => 
  array (
    0 => '',
    1 => NULL,
    2 => NULL,
  ),
)
[ info ] [ HEADER ] array (
  'upgrade-insecure-requests' => '1',
  'connection' => 'keep-alive',
  'accept-encoding' => 'gzip, deflate',
  'accept-language' => 'zh-CN,zh;q=0.8,zh-TW;q=0.7,zh-HK;q=0.5,en-US;q=0.3,en;q=0.2',
  'accept' => 'text/html,application/xhtml+xml,application/xml;q=0.9,*/*;q=0.8',
  'user-agent' => 'Mozilla/5.0 (Windows NT 10.0; Win64; x64; rv:60.0) Gecko/20100101 Firefox/60.0',
  'host' => '47.98.122.163:8080',
  'content-type' => '',
  'content-length' => '',
)
[ info ] [ PARAM ] array (
)
[ info ] [ DB ] INIT mysql
[ info ] [ RUN ] app\index\Controller\Index->index[ /home/wwwroot/pc/pc/application/index/controller/Index.php ]
[ info ] [ VIEW ] /home/wwwroot/pc/pc/public/../application/index/view/index/index.html [ array (
  0 => 'name',
) ]
[ info ] [ LOG ] INIT File

---------------------------------------------------------------
[ 2018-06-07T09:40:09+08:00 ] 172.16.197.238 116.231.15.172 GET /index/index/getschedule.html?start=2018-05-27&end=2018-07-08&_=1528335621291
[ log ] 47.98.122.163:8080/index/index/getschedule.html?start=2018-05-27&end=2018-07-08&_=1528335621291 [运行时间：0.012588s][吞吐率：79.44req/s] [内存消耗：1,309.83kb] [文件加载：36]
[ info ] [ LANG ] /home/wwwroot/pc/pc/thinkphp/lang/zh-cn.php
[ info ] [ ROUTE ] array (
  'type' => 'module',
  'module' => 
  array (
    0 => 'index',
    1 => 'index',
    2 => 'getschedule',
  ),
)
[ info ] [ HEADER ] array (
  'connection' => 'keep-alive',
  'x-requested-with' => 'XMLHttpRequest',
  'referer' => 'http://47.98.122.163:8080/',
  'accept-encoding' => 'gzip, deflate',
  'accept-language' => 'zh-CN,zh;q=0.8,zh-TW;q=0.7,zh-HK;q=0.5,en-US;q=0.3,en;q=0.2',
  'accept' => 'application/json, text/javascript, */*; q=0.01',
  'user-agent' => 'Mozilla/5.0 (Windows NT 10.0; Win64; x64; rv:60.0) Gecko/20100101 Firefox/60.0',
  'host' => '47.98.122.163:8080',
  'content-type' => '',
  'content-length' => '',
)
[ info ] [ PARAM ] array (
  'start' => '2018-05-27',
  'end' => '2018-07-08',
  '_' => '1528335621291',
)
[ info ] [ DB ] INIT mysql
[ info ] [ RUN ] app\index\Controller\Index->getSchedule[ /home/wwwroot/pc/pc/application/index/controller/Index.php ]
[ info ] [ LOG ] INIT File

---------------------------------------------------------------
[ 2018-06-07T10:54:24+08:00 ] 172.16.197.238 83.224.138.88 GET /
[ log ] 47.98.122.163:8080/ [运行时间：0.012842s][吞吐率：77.87req/s] [内存消耗：1,298.33kb] [文件加载：37]
[ info ] [ LANG ] /home/wwwroot/pc/pc/thinkphp/lang/zh-cn.php
[ info ] [ ROUTE ] array (
  'type' => 'module',
  'module' => 
  array (
    0 => '',
    1 => NULL,
    2 => NULL,
  ),
)
[ info ] [ HEADER ] array (
  'content-length' => '0',
  'user-agent' => 'Mozilla/5.0 (Windows NT 10.0; WOW64) AppleWebKit/537.36 (KHTML, like Gecko) Chrome/51.0.2704.103 Safari/537.36',
  'host' => '47.98.122.163:8080',
  'content-type' => '',
)
[ info ] [ PARAM ] array (
)
[ info ] [ DB ] INIT mysql
[ info ] [ RUN ] app\index\Controller\Index->index[ /home/wwwroot/pc/pc/application/index/controller/Index.php ]
[ info ] [ VIEW ] /home/wwwroot/pc/pc/public/../application/index/view/index/index.html [ array (
  0 => 'name',
) ]
[ info ] [ LOG ] INIT File

---------------------------------------------------------------
[ 2018-06-07T11:42:11+08:00 ] 172.16.197.238 106.120.160.114 GET /
[ log ] 47.98.122.163/ [运行时间：0.011139s][吞吐率：89.78req/s] [内存消耗：1,299.15kb] [文件加载：37]
[ info ] [ LANG ] /home/wwwroot/pc/pc/thinkphp/lang/zh-cn.php
[ info ] [ ROUTE ] array (
  'type' => 'module',
  'module' => 
  array (
    0 => '',
    1 => NULL,
    2 => NULL,
  ),
)
[ info ] [ HEADER ] array (
  'user-agent' => 'Mozilla/4.0 (compatible; MSIE 8.0; Windows NT 6.1; Trident/4.0; SLCC2; .NET CLR 2.0.50727; .NET CLR 3.5.30729; .NET CLR 3.0.30729; Media Center PC 6.0; Tablet PC 2.0)',
  'connection' => 'close',
  'accept-language' => 'zh-CN,zh;q=0.8',
  'host' => '47.98.122.163',
  'referer' => 'http://47.98.122.163:8080/',
  'accept-encoding' => 'identity',
  'content-type' => '',
  'content-length' => '',
)
[ info ] [ PARAM ] array (
)
[ info ] [ DB ] INIT mysql
[ info ] [ RUN ] app\index\Controller\Index->index[ /home/wwwroot/pc/pc/application/index/controller/Index.php ]
[ info ] [ VIEW ] /home/wwwroot/pc/pc/public/../application/index/view/index/index.html [ array (
  0 => 'name',
) ]
[ info ] [ LOG ] INIT File

---------------------------------------------------------------
[ 2018-06-07T11:53:49+08:00 ] 172.16.197.238 220.181.132.193 GET /
[ log ] 47.98.122.163:8080/ [运行时间：0.012377s][吞吐率：80.79req/s] [内存消耗：1,300.93kb] [文件加载：37]
[ info ] [ LANG ] /home/wwwroot/pc/pc/thinkphp/lang/zh-cn.php
[ info ] [ ROUTE ] array (
  'type' => 'module',
  'module' => 
  array (
    0 => '',
    1 => NULL,
    2 => NULL,
  ),
)
[ info ] [ HEADER ] array (
  'accept-charset' => 'iso-8859-1,*,utf-8',
  'accept-encoding' => 'gzip,deflate',
  'accept' => 'text/html,application/xhtml+xml,application/xml;q=0.9,*/*;q=0.8',
  'user-agent' => 'Mozilla/5.0 (Windows NT 6.1) AppleWebKit/537.36 (KHTML, like Gecko) Chrome/36.0.1985.125 Safari/537.36',
  'accept-language' => 'zh-CN,zh;q=0.8',
  'connection' => 'keep-alive',
  'host' => '47.98.122.163:8080',
  'content-type' => '',
  'content-length' => '',
)
[ info ] [ PARAM ] array (
)
[ info ] [ DB ] INIT mysql
[ info ] [ RUN ] app\index\Controller\Index->index[ /home/wwwroot/pc/pc/application/index/controller/Index.php ]
[ info ] [ VIEW ] /home/wwwroot/pc/pc/public/../application/index/view/index/index.html [ array (
  0 => 'name',
) ]
[ info ] [ LOG ] INIT File

---------------------------------------------------------------
[ 2018-06-07T11:53:53+08:00 ] 172.16.197.238 220.181.132.193 GET /index/index/getschedule.html?start=2018-05-27&end=2018-07-08&_=1528343631187
[ log ] 47.98.122.163:8080/index/index/getschedule.html?start=2018-05-27&end=2018-07-08&_=1528343631187 [运行时间：0.011779s][吞吐率：84.90req/s] [内存消耗：1,311.23kb] [文件加载：36]
[ info ] [ LANG ] /home/wwwroot/pc/pc/thinkphp/lang/zh-cn.php
[ info ] [ ROUTE ] array (
  'type' => 'module',
  'module' => 
  array (
    0 => 'index',
    1 => 'index',
    2 => 'getschedule',
  ),
)
[ info ] [ HEADER ] array (
  'accept-charset' => 'iso-8859-1,*,utf-8',
  'accept-language' => 'en-us,en',
  'accept-encoding' => 'gzip,deflate',
  'referer' => 'http://47.98.122.163:8080/',
  'accept' => 'application/json, text/javascript, */*; q=0.01',
  'user-agent' => 'Mozilla/5.0 (Windows NT 6.1) AppleWebKit/537.36 (KHTML, like Gecko) Chrome/36.0.1985.125 Safari/537.36',
  'x-requested-with' => 'XMLHttpRequest',
  'connection' => 'keep-alive',
  'host' => '47.98.122.163:8080',
  'content-type' => '',
  'content-length' => '',
)
[ info ] [ PARAM ] array (
  'start' => '2018-05-27',
  'end' => '2018-07-08',
  '_' => '1528343631187',
)
[ info ] [ DB ] INIT mysql
[ info ] [ RUN ] app\index\Controller\Index->getSchedule[ /home/wwwroot/pc/pc/application/index/controller/Index.php ]
[ info ] [ LOG ] INIT File

---------------------------------------------------------------
[ 2018-06-07T13:21:05+08:00 ] 172.16.197.238 201.103.164.193 GET /
[ log ] 47.98.122.163:8080/ [运行时间：0.012491s][吞吐率：80.06req/s] [内存消耗：1,298.33kb] [文件加载：37]
[ info ] [ LANG ] /home/wwwroot/pc/pc/thinkphp/lang/zh-cn.php
[ info ] [ ROUTE ] array (
  'type' => 'module',
  'module' => 
  array (
    0 => '',
    1 => NULL,
    2 => NULL,
  ),
)
[ info ] [ HEADER ] array (
  'content-length' => '0',
  'user-agent' => 'Mozilla/5.0 (Macintosh; Intel Mac OS X 10_11_6) AppleWebKit/601.7.7 (KHTML, like Gecko) Version/9.1.2 Safari/601.7.7',
  'host' => '47.98.122.163:8080',
  'content-type' => '',
)
[ info ] [ PARAM ] array (
)
[ info ] [ DB ] INIT mysql
[ info ] [ RUN ] app\index\Controller\Index->index[ /home/wwwroot/pc/pc/application/index/controller/Index.php ]
[ info ] [ VIEW ] /home/wwwroot/pc/pc/public/../application/index/view/index/index.html [ array (
  0 => 'name',
) ]
[ info ] [ LOG ] INIT File

---------------------------------------------------------------
[ 2018-06-07T13:45:04+08:00 ] 172.16.197.238 176.125.206.34 GET /
[ log ] 47.98.122.163:8080/ [运行时间：0.011832s][吞吐率：84.52req/s] [内存消耗：1,298.33kb] [文件加载：37]
[ info ] [ LANG ] /home/wwwroot/pc/pc/thinkphp/lang/zh-cn.php
[ info ] [ ROUTE ] array (
  'type' => 'module',
  'module' => 
  array (
    0 => '',
    1 => NULL,
    2 => NULL,
  ),
)
[ info ] [ HEADER ] array (
  'content-length' => '0',
  'user-agent' => 'Mozilla/5.0 (Windows NT 6.1; WOW64) AppleWebKit/537.36 (KHTML, like Gecko) Chrome/51.0.2704.103 Safari/537.36',
  'host' => '47.98.122.163:8080',
  'content-type' => '',
)
[ info ] [ PARAM ] array (
)
[ info ] [ DB ] INIT mysql
[ info ] [ RUN ] app\index\Controller\Index->index[ /home/wwwroot/pc/pc/application/index/controller/Index.php ]
[ info ] [ VIEW ] /home/wwwroot/pc/pc/public/../application/index/view/index/index.html [ array (
  0 => 'name',
) ]
[ info ] [ LOG ] INIT File

---------------------------------------------------------------
[ 2018-06-07T14:58:17+08:00 ] 172.16.197.238 176.106.127.43 GET /
[ log ] 47.98.122.163:8080/ [运行时间：0.011400s][吞吐率：87.72req/s] [内存消耗：1,297.52kb] [文件加载：37]
[ info ] [ LANG ] /home/wwwroot/pc/pc/thinkphp/lang/zh-cn.php
[ info ] [ ROUTE ] array (
  'type' => 'module',
  'module' => 
  array (
    0 => '',
    1 => NULL,
    2 => NULL,
  ),
)
[ info ] [ HEADER ] array (
  'host' => '47.98.122.163:8080',
  'content-type' => '',
  'content-length' => '',
)
[ info ] [ PARAM ] array (
)
[ info ] [ DB ] INIT mysql
[ info ] [ RUN ] app\index\Controller\Index->index[ /home/wwwroot/pc/pc/application/index/controller/Index.php ]
[ info ] [ VIEW ] /home/wwwroot/pc/pc/public/../application/index/view/index/index.html [ array (
  0 => 'name',
) ]
[ info ] [ LOG ] INIT File

---------------------------------------------------------------
[ 2018-06-07T15:03:24+08:00 ] 172.16.197.238 42.82.21.50 GET /
[ log ] 47.98.122.163:8080/ [运行时间：0.013209s][吞吐率：75.71req/s] [内存消耗：1,297.52kb] [文件加载：37]
[ info ] [ LANG ] /home/wwwroot/pc/pc/thinkphp/lang/zh-cn.php
[ info ] [ ROUTE ] array (
  'type' => 'module',
  'module' => 
  array (
    0 => '',
    1 => NULL,
    2 => NULL,
  ),
)
[ info ] [ HEADER ] array (
  'host' => '47.98.122.163:8080',
  'content-type' => '',
  'content-length' => '',
)
[ info ] [ PARAM ] array (
)
[ info ] [ DB ] INIT mysql
[ info ] [ RUN ] app\index\Controller\Index->index[ /home/wwwroot/pc/pc/application/index/controller/Index.php ]
[ info ] [ VIEW ] /home/wwwroot/pc/pc/public/../application/index/view/index/index.html [ array (
  0 => 'name',
) ]
[ info ] [ LOG ] INIT File

---------------------------------------------------------------
[ 2018-06-07T15:03:39+08:00 ] 172.16.197.238 103.36.8.246 GET /
[ log ] 47.98.122.163:8080/ [运行时间：0.012459s][吞吐率：80.26req/s] [内存消耗：1,298.33kb] [文件加载：37]
[ info ] [ LANG ] /home/wwwroot/pc/pc/thinkphp/lang/zh-cn.php
[ info ] [ ROUTE ] array (
  'type' => 'module',
  'module' => 
  array (
    0 => '',
    1 => NULL,
    2 => NULL,
  ),
)
[ info ] [ HEADER ] array (
  'content-length' => '0',
  'user-agent' => 'Mozilla/5.0 (Windows NT 6.1; WOW64) AppleWebKit/537.36 (KHTML, like Gecko) Chrome/52.0.2743.116 Safari/537.36',
  'host' => '47.98.122.163:8080',
  'content-type' => '',
)
[ info ] [ PARAM ] array (
)
[ info ] [ DB ] INIT mysql
[ info ] [ RUN ] app\index\Controller\Index->index[ /home/wwwroot/pc/pc/application/index/controller/Index.php ]
[ info ] [ VIEW ] /home/wwwroot/pc/pc/public/../application/index/view/index/index.html [ array (
  0 => 'name',
) ]
[ info ] [ LOG ] INIT File

---------------------------------------------------------------
[ 2018-06-07T15:14:10+08:00 ] 172.16.197.238 187.192.178.247 GET /
[ log ] 47.98.122.163:8080/ [运行时间：0.012361s][吞吐率：80.90req/s] [内存消耗：1,298.33kb] [文件加载：37]
[ info ] [ LANG ] /home/wwwroot/pc/pc/thinkphp/lang/zh-cn.php
[ info ] [ ROUTE ] array (
  'type' => 'module',
  'module' => 
  array (
    0 => '',
    1 => NULL,
    2 => NULL,
  ),
)
[ info ] [ HEADER ] array (
  'content-length' => '0',
  'user-agent' => 'Mozilla/5.0 (Macintosh; Intel Mac OS X 10_11_6) AppleWebKit/601.7.7 (KHTML, like Gecko) Version/9.1.2 Safari/601.7.7',
  'host' => '47.98.122.163:8080',
  'content-type' => '',
)
[ info ] [ PARAM ] array (
)
[ info ] [ DB ] INIT mysql
[ info ] [ RUN ] app\index\Controller\Index->index[ /home/wwwroot/pc/pc/application/index/controller/Index.php ]
[ info ] [ VIEW ] /home/wwwroot/pc/pc/public/../application/index/view/index/index.html [ array (
  0 => 'name',
) ]
[ info ] [ LOG ] INIT File

---------------------------------------------------------------
[ 2018-06-07T15:18:13+08:00 ] 172.16.197.238 187.192.235.199 GET /
[ log ] 47.98.122.163:8080/ [运行时间：0.012317s][吞吐率：81.19req/s] [内存消耗：1,298.33kb] [文件加载：37]
[ info ] [ LANG ] /home/wwwroot/pc/pc/thinkphp/lang/zh-cn.php
[ info ] [ ROUTE ] array (
  'type' => 'module',
  'module' => 
  array (
    0 => '',
    1 => NULL,
    2 => NULL,
  ),
)
[ info ] [ HEADER ] array (
  'content-length' => '0',
  'user-agent' => 'Mozilla/5.0 (Macintosh; Intel Mac OS X 10_11_6) AppleWebKit/601.7.7 (KHTML, like Gecko) Version/9.1.2 Safari/601.7.7',
  'host' => '47.98.122.163:8080',
  'content-type' => '',
)
[ info ] [ PARAM ] array (
)
[ info ] [ DB ] INIT mysql
[ info ] [ RUN ] app\index\Controller\Index->index[ /home/wwwroot/pc/pc/application/index/controller/Index.php ]
[ info ] [ VIEW ] /home/wwwroot/pc/pc/public/../application/index/view/index/index.html [ array (
  0 => 'name',
) ]
[ info ] [ LOG ] INIT File

---------------------------------------------------------------
[ 2018-06-07T16:04:57+08:00 ] 172.16.197.238 187.95.16.53 GET /
[ log ] 47.98.122.163:8080/ [运行时间：0.011283s][吞吐率：88.63req/s] [内存消耗：1,298.33kb] [文件加载：37]
[ info ] [ LANG ] /home/wwwroot/pc/pc/thinkphp/lang/zh-cn.php
[ info ] [ ROUTE ] array (
  'type' => 'module',
  'module' => 
  array (
    0 => '',
    1 => NULL,
    2 => NULL,
  ),
)
[ info ] [ HEADER ] array (
  'content-length' => '0',
  'user-agent' => 'Mozilla/5.0 (Windows NT 6.1; WOW64) AppleWebKit/537.36 (KHTML, like Gecko) Chrome/52.0.2743.116 Safari/537.36',
  'host' => '47.98.122.163:8080',
  'content-type' => '',
)
[ info ] [ PARAM ] array (
)
[ info ] [ DB ] INIT mysql
[ info ] [ RUN ] app\index\Controller\Index->index[ /home/wwwroot/pc/pc/application/index/controller/Index.php ]
[ info ] [ VIEW ] /home/wwwroot/pc/pc/public/../application/index/view/index/index.html [ array (
  0 => 'name',
) ]
[ info ] [ LOG ] INIT File

---------------------------------------------------------------
[ 2018-06-07T17:02:07+08:00 ] 172.16.197.238 114.215.45.101 GET /
[ log ] 47.89.7.212:8080/ [运行时间：0.012587s][吞吐率：79.45req/s] [内存消耗：1,297.94kb] [文件加载：37]
[ info ] [ LANG ] /home/wwwroot/pc/pc/thinkphp/lang/zh-cn.php
[ info ] [ ROUTE ] array (
  'type' => 'module',
  'module' => 
  array (
    0 => '',
    1 => NULL,
    2 => NULL,
  ),
)
[ info ] [ HEADER ] array (
  'accept-encoding' => 'identity',
  'connection' => 'Close',
  'host' => '47.89.7.212:8080',
  'content-type' => '',
  'content-length' => '',
)
[ info ] [ PARAM ] array (
)
[ info ] [ DB ] INIT mysql
[ info ] [ RUN ] app\index\Controller\Index->index[ /home/wwwroot/pc/pc/application/index/controller/Index.php ]
[ info ] [ VIEW ] /home/wwwroot/pc/pc/public/../application/index/view/index/index.html [ array (
  0 => 'name',
) ]
[ info ] [ LOG ] INIT File

---------------------------------------------------------------
[ 2018-06-07T17:33:35+08:00 ] 172.16.197.238 59.127.177.246 GET /
[ log ] 47.98.122.163:8080/ [运行时间：0.011971s][吞吐率：83.54req/s] [内存消耗：1,298.33kb] [文件加载：37]
[ info ] [ LANG ] /home/wwwroot/pc/pc/thinkphp/lang/zh-cn.php
[ info ] [ ROUTE ] array (
  'type' => 'module',
  'module' => 
  array (
    0 => '',
    1 => NULL,
    2 => NULL,
  ),
)
[ info ] [ HEADER ] array (
  'content-length' => '0',
  'user-agent' => 'Mozilla/5.0 (Macintosh; Intel Mac OS X 10_11_6) AppleWebKit/601.7.7 (KHTML, like Gecko) Version/9.1.2 Safari/601.7.7',
  'host' => '47.98.122.163:8080',
  'content-type' => '',
)
[ info ] [ PARAM ] array (
)
[ info ] [ DB ] INIT mysql
[ info ] [ RUN ] app\index\Controller\Index->index[ /home/wwwroot/pc/pc/application/index/controller/Index.php ]
[ info ] [ VIEW ] /home/wwwroot/pc/pc/public/../application/index/view/index/index.html [ array (
  0 => 'name',
) ]
[ info ] [ LOG ] INIT File

---------------------------------------------------------------
[ 2018-06-07T17:44:30+08:00 ] 172.16.197.238 189.232.71.156 GET /
[ log ] 47.98.122.163:8080/ [运行时间：0.012522s][吞吐率：79.86req/s] [内存消耗：1,298.33kb] [文件加载：37]
[ info ] [ LANG ] /home/wwwroot/pc/pc/thinkphp/lang/zh-cn.php
[ info ] [ ROUTE ] array (
  'type' => 'module',
  'module' => 
  array (
    0 => '',
    1 => NULL,
    2 => NULL,
  ),
)
[ info ] [ HEADER ] array (
  'content-length' => '0',
  'user-agent' => 'Mozilla/5.0 (Windows NT 10.0; WOW64) AppleWebKit/537.36 (KHTML, like Gecko) Chrome/52.0.2743.116 Safari/537.36',
  'host' => '47.98.122.163:8080',
  'content-type' => '',
)
[ info ] [ PARAM ] array (
)
[ info ] [ DB ] INIT mysql
[ info ] [ RUN ] app\index\Controller\Index->index[ /home/wwwroot/pc/pc/application/index/controller/Index.php ]
[ info ] [ VIEW ] /home/wwwroot/pc/pc/public/../application/index/view/index/index.html [ array (
  0 => 'name',
) ]
[ info ] [ LOG ] INIT File

---------------------------------------------------------------
[ 2018-06-07T17:52:55+08:00 ] 172.16.197.238 95.0.199.179 GET /
[ log ] 47.98.122.163:8080/ [运行时间：0.011597s][吞吐率：86.23req/s] [内存消耗：1,298.33kb] [文件加载：37]
[ info ] [ LANG ] /home/wwwroot/pc/pc/thinkphp/lang/zh-cn.php
[ info ] [ ROUTE ] array (
  'type' => 'module',
  'module' => 
  array (
    0 => '',
    1 => NULL,
    2 => NULL,
  ),
)
[ info ] [ HEADER ] array (
  'content-length' => '0',
  'user-agent' => 'Mozilla/5.0 (Windows NT 10.0; WOW64) AppleWebKit/537.36 (KHTML, like Gecko) Chrome/52.0.2743.116 Safari/537.36',
  'host' => '47.98.122.163:8080',
  'content-type' => '',
)
[ info ] [ PARAM ] array (
)
[ info ] [ DB ] INIT mysql
[ info ] [ RUN ] app\index\Controller\Index->index[ /home/wwwroot/pc/pc/application/index/controller/Index.php ]
[ info ] [ VIEW ] /home/wwwroot/pc/pc/public/../application/index/view/index/index.html [ array (
  0 => 'name',
) ]
[ info ] [ LOG ] INIT File

---------------------------------------------------------------
[ 2018-06-07T18:33:53+08:00 ] 172.16.197.238 107.170.252.98 GET /
[ log ] 47.98.122.163:8080/ [运行时间：0.011381s][吞吐率：87.87req/s] [内存消耗：1,298.16kb] [文件加载：37]
[ info ] [ LANG ] /home/wwwroot/pc/pc/thinkphp/lang/zh-cn.php
[ info ] [ ROUTE ] array (
  'type' => 'module',
  'module' => 
  array (
    0 => '',
    1 => NULL,
    2 => NULL,
  ),
)
[ info ] [ HEADER ] array (
  'accept-encoding' => 'gzip',
  'accept' => '*/*',
  'user-agent' => 'Mozilla/5.0 zgrab/0.x',
  'host' => '47.98.122.163:8080',
  'content-type' => '',
  'content-length' => '',
)
[ info ] [ PARAM ] array (
)
[ info ] [ DB ] INIT mysql
[ info ] [ RUN ] app\index\Controller\Index->index[ /home/wwwroot/pc/pc/application/index/controller/Index.php ]
[ info ] [ VIEW ] /home/wwwroot/pc/pc/public/../application/index/view/index/index.html [ array (
  0 => 'name',
) ]
[ info ] [ LOG ] INIT File

---------------------------------------------------------------
[ 2018-06-07T19:19:04+08:00 ] 172.16.197.238 143.208.207.139 GET /
[ log ] 47.98.122.163:8080/ [运行时间：0.011240s][吞吐率：88.97req/s] [内存消耗：1,298.33kb] [文件加载：37]
[ info ] [ LANG ] /home/wwwroot/pc/pc/thinkphp/lang/zh-cn.php
[ info ] [ ROUTE ] array (
  'type' => 'module',
  'module' => 
  array (
    0 => '',
    1 => NULL,
    2 => NULL,
  ),
)
[ info ] [ HEADER ] array (
  'content-length' => '0',
  'user-agent' => 'Mozilla/5.0 (Windows NT 6.1; WOW64) AppleWebKit/537.36 (KHTML, like Gecko) Chrome/51.0.2704.103 Safari/537.36',
  'host' => '47.98.122.163:8080',
  'content-type' => '',
)
[ info ] [ PARAM ] array (
)
[ info ] [ DB ] INIT mysql
[ info ] [ RUN ] app\index\Controller\Index->index[ /home/wwwroot/pc/pc/application/index/controller/Index.php ]
[ info ] [ VIEW ] /home/wwwroot/pc/pc/public/../application/index/view/index/index.html [ array (
  0 => 'name',
) ]
[ info ] [ LOG ] INIT File

---------------------------------------------------------------
[ 2018-06-07T19:20:40+08:00 ] 172.16.197.238 177.139.167.83 GET /
[ log ] 47.98.122.163:8080/ [运行时间：0.011301s][吞吐率：88.49req/s] [内存消耗：1,298.33kb] [文件加载：37]
[ info ] [ LANG ] /home/wwwroot/pc/pc/thinkphp/lang/zh-cn.php
[ info ] [ ROUTE ] array (
  'type' => 'module',
  'module' => 
  array (
    0 => '',
    1 => NULL,
    2 => NULL,
  ),
)
[ info ] [ HEADER ] array (
  'content-length' => '0',
  'user-agent' => 'Mozilla/5.0 (Windows NT 10.0; WOW64) AppleWebKit/537.36 (KHTML, like Gecko) Chrome/51.0.2704.103 Safari/537.36',
  'host' => '47.98.122.163:8080',
  'content-type' => '',
)
[ info ] [ PARAM ] array (
)
[ info ] [ DB ] INIT mysql
[ info ] [ RUN ] app\index\Controller\Index->index[ /home/wwwroot/pc/pc/application/index/controller/Index.php ]
[ info ] [ VIEW ] /home/wwwroot/pc/pc/public/../application/index/view/index/index.html [ array (
  0 => 'name',
) ]
[ info ] [ LOG ] INIT File

---------------------------------------------------------------
[ 2018-06-07T19:23:13+08:00 ] 172.16.197.238 189.174.195.41 GET /
[ log ] 47.98.122.163:8080/ [运行时间：0.011134s][吞吐率：89.82req/s] [内存消耗：1,298.33kb] [文件加载：37]
[ info ] [ LANG ] /home/wwwroot/pc/pc/thinkphp/lang/zh-cn.php
[ info ] [ ROUTE ] array (
  'type' => 'module',
  'module' => 
  array (
    0 => '',
    1 => NULL,
    2 => NULL,
  ),
)
[ info ] [ HEADER ] array (
  'content-length' => '0',
  'user-agent' => 'Mozilla/5.0 (Macintosh; Intel Mac OS X 10_11_6) AppleWebKit/601.7.7 (KHTML, like Gecko) Version/9.1.2 Safari/601.7.7',
  'host' => '47.98.122.163:8080',
  'content-type' => '',
)
[ info ] [ PARAM ] array (
)
[ info ] [ DB ] INIT mysql
[ info ] [ RUN ] app\index\Controller\Index->index[ /home/wwwroot/pc/pc/application/index/controller/Index.php ]
[ info ] [ VIEW ] /home/wwwroot/pc/pc/public/../application/index/view/index/index.html [ array (
  0 => 'name',
) ]
[ info ] [ LOG ] INIT File

---------------------------------------------------------------
[ 2018-06-07T20:38:59+08:00 ] 172.16.197.238 195.43.95.178 POST /GponForm/diag_Form?script/
[ log ] 47.98.122.163:8080/GponForm/diag_Form?script/ [运行时间：0.009268s][吞吐率：107.90req/s] [内存消耗：935.76kb] [文件加载：27]
[ info ] [ LANG ] /home/wwwroot/pc/pc/thinkphp/lang/zh-cn.php
[ info ] [ ROUTE ] array (
  'type' => 'module',
  'module' => 
  array (
    0 => 'GponForm',
    1 => 'diag_Form',
    2 => NULL,
  ),
)
[ info ] [ HEADER ] array (
  'content-type' => 'text/plain',
  'content-length' => '142',
  'user-agent' => 'Go-http-client/1.1',
  'host' => '47.98.122.163:8080',
)
[ info ] [ PARAM ] array (
  'script/' => '',
)
[ info ] [ LOG ] INIT File

---------------------------------------------------------------
[ 2018-06-07T20:39:15+08:00 ] 172.16.197.238 61.94.216.215 GET /
[ log ] 47.98.122.163:8080/ [运行时间：0.011834s][吞吐率：84.50req/s] [内存消耗：1,298.33kb] [文件加载：37]
[ info ] [ LANG ] /home/wwwroot/pc/pc/thinkphp/lang/zh-cn.php
[ info ] [ ROUTE ] array (
  'type' => 'module',
  'module' => 
  array (
    0 => '',
    1 => NULL,
    2 => NULL,
  ),
)
[ info ] [ HEADER ] array (
  'content-length' => '0',
  'user-agent' => 'Mozilla/5.0 (Windows NT 10.0; WOW64) AppleWebKit/537.36 (KHTML, like Gecko) Chrome/51.0.2704.103 Safari/537.36',
  'host' => '47.98.122.163:8080',
  'content-type' => '',
)
[ info ] [ PARAM ] array (
)
[ info ] [ DB ] INIT mysql
[ info ] [ RUN ] app\index\Controller\Index->index[ /home/wwwroot/pc/pc/application/index/controller/Index.php ]
[ info ] [ VIEW ] /home/wwwroot/pc/pc/public/../application/index/view/index/index.html [ array (
  0 => 'name',
) ]
[ info ] [ LOG ] INIT File

---------------------------------------------------------------
[ 2018-06-07T20:56:17+08:00 ] 172.16.197.238 43.225.169.167 GET /
[ log ] 47.98.122.163:8080/ [运行时间：0.013518s][吞吐率：73.98req/s] [内存消耗：1,298.33kb] [文件加载：37]
[ info ] [ LANG ] /home/wwwroot/pc/pc/thinkphp/lang/zh-cn.php
[ info ] [ ROUTE ] array (
  'type' => 'module',
  'module' => 
  array (
    0 => '',
    1 => NULL,
    2 => NULL,
  ),
)
[ info ] [ HEADER ] array (
  'content-length' => '0',
  'user-agent' => 'Mozilla/5.0 (Windows NT 6.1; WOW64) AppleWebKit/537.36 (KHTML, like Gecko) Chrome/52.0.2743.116 Safari/537.36',
  'host' => '47.98.122.163:8080',
  'content-type' => '',
)
[ info ] [ PARAM ] array (
)
[ info ] [ DB ] INIT mysql
[ info ] [ RUN ] app\index\Controller\Index->index[ /home/wwwroot/pc/pc/application/index/controller/Index.php ]
[ info ] [ VIEW ] /home/wwwroot/pc/pc/public/../application/index/view/index/index.html [ array (
  0 => 'name',
) ]
[ info ] [ LOG ] INIT File

---------------------------------------------------------------
[ 2018-06-07T20:56:36+08:00 ] 172.16.197.238 31.217.214.206 GET /
[ log ] 47.98.122.163:8080/ [运行时间：0.012061s][吞吐率：82.91req/s] [内存消耗：1,298.33kb] [文件加载：37]
[ info ] [ LANG ] /home/wwwroot/pc/pc/thinkphp/lang/zh-cn.php
[ info ] [ ROUTE ] array (
  'type' => 'module',
  'module' => 
  array (
    0 => '',
    1 => NULL,
    2 => NULL,
  ),
)
[ info ] [ HEADER ] array (
  'content-length' => '0',
  'user-agent' => 'Mozilla/5.0 (Windows NT 10.0; WOW64) AppleWebKit/537.36 (KHTML, like Gecko) Chrome/52.0.2743.116 Safari/537.36',
  'host' => '47.98.122.163:8080',
  'content-type' => '',
)
[ info ] [ PARAM ] array (
)
[ info ] [ DB ] INIT mysql
[ info ] [ RUN ] app\index\Controller\Index->index[ /home/wwwroot/pc/pc/application/index/controller/Index.php ]
[ info ] [ VIEW ] /home/wwwroot/pc/pc/public/../application/index/view/index/index.html [ array (
  0 => 'name',
) ]
[ info ] [ LOG ] INIT File

---------------------------------------------------------------
[ 2018-06-07T21:26:47+08:00 ] 172.16.197.238 177.45.86.122 GET /
[ log ] 47.98.122.163:8080/ [运行时间：0.012796s][吞吐率：78.15req/s] [内存消耗：1,298.33kb] [文件加载：37]
[ info ] [ LANG ] /home/wwwroot/pc/pc/thinkphp/lang/zh-cn.php
[ info ] [ ROUTE ] array (
  'type' => 'module',
  'module' => 
  array (
    0 => '',
    1 => NULL,
    2 => NULL,
  ),
)
[ info ] [ HEADER ] array (
  'content-length' => '0',
  'user-agent' => 'Mozilla/5.0 (Macintosh; Intel Mac OS X 10_11_6) AppleWebKit/601.7.7 (KHTML, like Gecko) Version/9.1.2 Safari/601.7.7',
  'host' => '47.98.122.163:8080',
  'content-type' => '',
)
[ info ] [ PARAM ] array (
)
[ info ] [ DB ] INIT mysql
[ info ] [ RUN ] app\index\Controller\Index->index[ /home/wwwroot/pc/pc/application/index/controller/Index.php ]
[ info ] [ VIEW ] /home/wwwroot/pc/pc/public/../application/index/view/index/index.html [ array (
  0 => 'name',
) ]
[ info ] [ LOG ] INIT File

---------------------------------------------------------------
[ 2018-06-07T23:06:33+08:00 ] 172.16.197.238 187.170.163.196 GET /
[ log ] 47.98.122.163:8080/ [运行时间：0.011657s][吞吐率：85.79req/s] [内存消耗：1,298.33kb] [文件加载：37]
[ info ] [ LANG ] /home/wwwroot/pc/pc/thinkphp/lang/zh-cn.php
[ info ] [ ROUTE ] array (
  'type' => 'module',
  'module' => 
  array (
    0 => '',
    1 => NULL,
    2 => NULL,
  ),
)
[ info ] [ HEADER ] array (
  'content-length' => '0',
  'user-agent' => 'Mozilla/5.0 (Macintosh; Intel Mac OS X 10_11_6) AppleWebKit/601.7.7 (KHTML, like Gecko) Version/9.1.2 Safari/601.7.7',
  'host' => '47.98.122.163:8080',
  'content-type' => '',
)
[ info ] [ PARAM ] array (
)
[ info ] [ DB ] INIT mysql
[ info ] [ RUN ] app\index\Controller\Index->index[ /home/wwwroot/pc/pc/application/index/controller/Index.php ]
[ info ] [ VIEW ] /home/wwwroot/pc/pc/public/../application/index/view/index/index.html [ array (
  0 => 'name',
) ]
[ info ] [ LOG ] INIT File

---------------------------------------------------------------
[ 2018-06-07T23:06:33+08:00 ] 172.16.197.238 187.170.163.196 GET /
[ log ] 47.98.122.163:8080/ [运行时间：0.023618s][吞吐率：42.34req/s] [内存消耗：1,298.33kb] [文件加载：37]
[ info ] [ LANG ] /home/wwwroot/pc/pc/thinkphp/lang/zh-cn.php
[ info ] [ ROUTE ] array (
  'type' => 'module',
  'module' => 
  array (
    0 => '',
    1 => NULL,
    2 => NULL,
  ),
)
[ info ] [ HEADER ] array (
  'content-length' => '0',
  'user-agent' => 'Mozilla/5.0 (Windows NT 10.0; WOW64) AppleWebKit/537.36 (KHTML, like Gecko) Chrome/51.0.2704.103 Safari/537.36',
  'host' => '47.98.122.163:8080',
  'content-type' => '',
)
[ info ] [ PARAM ] array (
)
[ info ] [ DB ] INIT mysql
[ info ] [ RUN ] app\index\Controller\Index->index[ /home/wwwroot/pc/pc/application/index/controller/Index.php ]
[ info ] [ VIEW ] /home/wwwroot/pc/pc/public/../application/index/view/index/index.html [ array (
  0 => 'name',
) ]
[ info ] [ LOG ] INIT File

---------------------------------------------------------------
[ 2018-06-07T23:46:04+08:00 ] 172.16.197.238 62.1.98.131 GET /
[ log ] 47.98.122.163:8080/ [运行时间：0.012723s][吞吐率：78.60req/s] [内存消耗：1,298.33kb] [文件加载：37]
[ info ] [ LANG ] /home/wwwroot/pc/pc/thinkphp/lang/zh-cn.php
[ info ] [ ROUTE ] array (
  'type' => 'module',
  'module' => 
  array (
    0 => '',
    1 => NULL,
    2 => NULL,
  ),
)
[ info ] [ HEADER ] array (
  'content-length' => '0',
  'user-agent' => 'Mozilla/5.0 (Windows NT 10.0; WOW64) AppleWebKit/537.36 (KHTML, like Gecko) Chrome/51.0.2704.103 Safari/537.36',
  'host' => '47.98.122.163:8080',
  'content-type' => '',
)
[ info ] [ PARAM ] array (
)
[ info ] [ DB ] INIT mysql
[ info ] [ RUN ] app\index\Controller\Index->index[ /home/wwwroot/pc/pc/application/index/controller/Index.php ]
[ info ] [ VIEW ] /home/wwwroot/pc/pc/public/../application/index/view/index/index.html [ array (
  0 => 'name',
) ]
[ info ] [ LOG ] INIT File

---------------------------------------------------------------
