[ 2018-06-19T01:15:53+08:00 ] 172.16.197.238 123.249.24.188 GET /
[ log ] 47.98.122.163:8080/ [运行时间：0.011206s][吞吐率：89.24req/s] [内存消耗：1,300.38kb] [文件加载：37]
[ info ] [ LANG ] /home/wwwroot/pc/pc/thinkphp/lang/zh-cn.php
[ info ] [ ROUTE ] array (
  'type' => 'module',
  'module' => 
  array (
    0 => '',
    1 => NULL,
    2 => NULL,
  ),
)
[ info ] [ HEADER ] array (
  'connection' => 'Keep-Alive',
  'host' => '47.98.122.163:8080',
  'content-type' => 'application/x-www-form-urlencoded',
  'user-agent' => 'Mozilla/4.0 (compatible; MSIE 9.0; Windows NT 6.1)',
  'accept-language' => 'zh-cn',
  'referer' => 'http://47.98.122.163:8080',
  'accept' => '*/*',
  'content-length' => '',
)
[ info ] [ PARAM ] array (
)
[ info ] [ DB ] INIT mysql
[ info ] [ RUN ] app\index\Controller\Index->index[ /home/wwwroot/pc/pc/application/index/controller/Index.php ]
[ info ] [ VIEW ] /home/wwwroot/pc/pc/public/../application/index/view/index/index.html [ array (
  0 => 'name',
) ]
[ info ] [ LOG ] INIT File

---------------------------------------------------------------
[ 2018-06-19T02:14:52+08:00 ] 172.16.197.238 119.23.127.40 GET /
[ log ] 42.248.92.138:8080/ [运行时间：0.011149s][吞吐率：89.69req/s] [内存消耗：1,297.94kb] [文件加载：37]
[ info ] [ LANG ] /home/wwwroot/pc/pc/thinkphp/lang/zh-cn.php
[ info ] [ ROUTE ] array (
  'type' => 'module',
  'module' => 
  array (
    0 => '',
    1 => NULL,
    2 => NULL,
  ),
)
[ info ] [ HEADER ] array (
  'accept-encoding' => 'identity',
  'connection' => 'Close',
  'host' => '42.248.92.138:8080',
  'content-type' => '',
  'content-length' => '',
)
[ info ] [ PARAM ] array (
)
[ info ] [ DB ] INIT mysql
[ info ] [ RUN ] app\index\Controller\Index->index[ /home/wwwroot/pc/pc/application/index/controller/Index.php ]
[ info ] [ VIEW ] /home/wwwroot/pc/pc/public/../application/index/view/index/index.html [ array (
  0 => 'name',
) ]
[ info ] [ LOG ] INIT File

---------------------------------------------------------------
[ 2018-06-19T02:18:14+08:00 ] 172.16.197.238 209.126.136.4 GET /
[ log ] 47.98.122.163:8080/ [运行时间：0.011998s][吞吐率：83.35req/s] [内存消耗：1,298.47kb] [文件加载：37]
[ info ] [ LANG ] /home/wwwroot/pc/pc/thinkphp/lang/zh-cn.php
[ info ] [ ROUTE ] array (
  'type' => 'module',
  'module' => 
  array (
    0 => '',
    1 => NULL,
    2 => NULL,
  ),
)
[ info ] [ HEADER ] array (
  'accept-encoding' => 'gzip',
  'accept' => '*/*',
  'user-agent' => 'Mozilla/5.0 (Windows NT 10.0; Win64; x64) AppleWebKit/537.36 (KHTML, like Gecko) Chrome/57.0.2987.133 Safari/537.36',
  'host' => '47.98.122.163:8080',
  'content-type' => '',
  'content-length' => '',
)
[ info ] [ PARAM ] array (
)
[ info ] [ DB ] INIT mysql
[ info ] [ RUN ] app\index\Controller\Index->index[ /home/wwwroot/pc/pc/application/index/controller/Index.php ]
[ info ] [ VIEW ] /home/wwwroot/pc/pc/public/../application/index/view/index/index.html [ array (
  0 => 'name',
) ]
[ info ] [ LOG ] INIT File

---------------------------------------------------------------
[ 2018-06-19T03:44:16+08:00 ] 172.16.197.238 111.251.200.229 GET /
[ log ] 47.98.122.163/ [运行时间：0.011402s][吞吐率：87.70req/s] [内存消耗：1,298.45kb] [文件加载：37]
[ info ] [ LANG ] /home/wwwroot/pc/pc/thinkphp/lang/zh-cn.php
[ info ] [ ROUTE ] array (
  'type' => 'module',
  'module' => 
  array (
    0 => '',
    1 => NULL,
    2 => NULL,
  ),
)
[ info ] [ HEADER ] array (
  'host' => '47.98.122.163',
  'user-agent' => 'Mozilla/5.0 (Windows NT 10.0; Win64; x64) AppleWebKit/537.36 (KHTML, like Gecko) Chrome/63.0.3239.132 Safari/537.36',
  'keep-alive' => '300',
  'connection' => 'Keep-Alive',
  'content-type' => '',
  'content-length' => '',
)
[ info ] [ PARAM ] array (
)
[ info ] [ DB ] INIT mysql
[ info ] [ RUN ] app\index\Controller\Index->index[ /home/wwwroot/pc/pc/application/index/controller/Index.php ]
[ info ] [ VIEW ] /home/wwwroot/pc/pc/public/../application/index/view/index/index.html [ array (
  0 => 'name',
) ]
[ info ] [ LOG ] INIT File

---------------------------------------------------------------
[ 2018-06-19T07:21:41+08:00 ] 172.16.197.238 200.58.220.42 GET /
[ log ] 47.98.122.163:8080/ [运行时间：0.012586s][吞吐率：79.45req/s] [内存消耗：1,298.33kb] [文件加载：37]
[ info ] [ LANG ] /home/wwwroot/pc/pc/thinkphp/lang/zh-cn.php
[ info ] [ ROUTE ] array (
  'type' => 'module',
  'module' => 
  array (
    0 => '',
    1 => NULL,
    2 => NULL,
  ),
)
[ info ] [ HEADER ] array (
  'content-length' => '0',
  'user-agent' => 'Mozilla/5.0 (Windows NT 6.1; WOW64) AppleWebKit/537.36 (KHTML, like Gecko) Chrome/52.0.2743.116 Safari/537.36',
  'host' => '47.98.122.163:8080',
  'content-type' => '',
)
[ info ] [ PARAM ] array (
)
[ info ] [ DB ] INIT mysql
[ info ] [ RUN ] app\index\Controller\Index->index[ /home/wwwroot/pc/pc/application/index/controller/Index.php ]
[ info ] [ VIEW ] /home/wwwroot/pc/pc/public/../application/index/view/index/index.html [ array (
  0 => 'name',
) ]
[ info ] [ LOG ] INIT File

---------------------------------------------------------------
[ 2018-06-19T08:10:08+08:00 ] 172.16.197.238 184.105.139.67 GET /
[ log ] 47.98.122.163/ [运行时间：0.012157s][吞吐率：82.26req/s] [内存消耗：1,297.46kb] [文件加载：37]
[ info ] [ LANG ] /home/wwwroot/pc/pc/thinkphp/lang/zh-cn.php
[ info ] [ ROUTE ] array (
  'type' => 'module',
  'module' => 
  array (
    0 => '',
    1 => NULL,
    2 => NULL,
  ),
)
[ info ] [ HEADER ] array (
  'host' => '47.98.122.163',
  'content-type' => '',
  'content-length' => '',
)
[ info ] [ PARAM ] array (
)
[ info ] [ DB ] INIT mysql
[ info ] [ RUN ] app\index\Controller\Index->index[ /home/wwwroot/pc/pc/application/index/controller/Index.php ]
[ info ] [ VIEW ] /home/wwwroot/pc/pc/public/../application/index/view/index/index.html [ array (
  0 => 'name',
) ]
[ info ] [ LOG ] INIT File

---------------------------------------------------------------
[ 2018-06-19T08:56:14+08:00 ] 172.16.197.238 177.68.220.188 GET /
[ log ] 47.98.122.163:8080/ [运行时间：0.011311s][吞吐率：88.41req/s] [内存消耗：1,298.33kb] [文件加载：37]
[ info ] [ LANG ] /home/wwwroot/pc/pc/thinkphp/lang/zh-cn.php
[ info ] [ ROUTE ] array (
  'type' => 'module',
  'module' => 
  array (
    0 => '',
    1 => NULL,
    2 => NULL,
  ),
)
[ info ] [ HEADER ] array (
  'content-length' => '0',
  'user-agent' => 'Mozilla/5.0 (Windows NT 10.0; WOW64) AppleWebKit/537.36 (KHTML, like Gecko) Chrome/52.0.2743.116 Safari/537.36',
  'host' => '47.98.122.163:8080',
  'content-type' => '',
)
[ info ] [ PARAM ] array (
)
[ info ] [ DB ] INIT mysql
[ info ] [ RUN ] app\index\Controller\Index->index[ /home/wwwroot/pc/pc/application/index/controller/Index.php ]
[ info ] [ VIEW ] /home/wwwroot/pc/pc/public/../application/index/view/index/index.html [ array (
  0 => 'name',
) ]
[ info ] [ LOG ] INIT File

---------------------------------------------------------------
[ 2018-06-19T08:56:24+08:00 ] 172.16.197.238 164.52.24.170 GET /
[ log ] 47.98.122.163:8080/ [运行时间：0.012915s][吞吐率：77.43req/s] [内存消耗：1,299.08kb] [文件加载：37]
[ info ] [ LANG ] /home/wwwroot/pc/pc/thinkphp/lang/zh-cn.php
[ info ] [ ROUTE ] array (
  'type' => 'module',
  'module' => 
  array (
    0 => '',
    1 => NULL,
    2 => NULL,
  ),
)
[ info ] [ HEADER ] array (
  'accept' => 'application/json, text/plain, */*',
  'accept-charset' => 'GBK,utf-8;q=0.7,*;q=0.3',
  'accept-language' => 'zh-CN,zh;q=0.8,en-US;q=0.5,en;q=0.3',
  'accept-encoding' => 'gzip, deflate, br',
  'user-agent' => 'Mozilla/5.0 (Windows NT 6.1; WOW64; rv:52.0) Gecko/20100101 Firefox/52.0',
  'host' => '47.98.122.163:8080',
  'content-type' => '',
  'content-length' => '',
)
[ info ] [ PARAM ] array (
)
[ info ] [ DB ] INIT mysql
[ info ] [ RUN ] app\index\Controller\Index->index[ /home/wwwroot/pc/pc/application/index/controller/Index.php ]
[ info ] [ VIEW ] /home/wwwroot/pc/pc/public/../application/index/view/index/index.html [ array (
  0 => 'name',
) ]
[ info ] [ LOG ] INIT File

---------------------------------------------------------------
[ 2018-06-19T08:57:39+08:00 ] 172.16.197.238 46.159.78.176 GET /
[ log ] 47.98.122.163:8080/ [运行时间：0.011478s][吞吐率：87.12req/s] [内存消耗：1,298.33kb] [文件加载：37]
[ info ] [ LANG ] /home/wwwroot/pc/pc/thinkphp/lang/zh-cn.php
[ info ] [ ROUTE ] array (
  'type' => 'module',
  'module' => 
  array (
    0 => '',
    1 => NULL,
    2 => NULL,
  ),
)
[ info ] [ HEADER ] array (
  'content-length' => '0',
  'user-agent' => 'Mozilla/5.0 (Windows NT 10.0; WOW64) AppleWebKit/537.36 (KHTML, like Gecko) Chrome/51.0.2704.103 Safari/537.36',
  'host' => '47.98.122.163:8080',
  'content-type' => '',
)
[ info ] [ PARAM ] array (
)
[ info ] [ DB ] INIT mysql
[ info ] [ RUN ] app\index\Controller\Index->index[ /home/wwwroot/pc/pc/application/index/controller/Index.php ]
[ info ] [ VIEW ] /home/wwwroot/pc/pc/public/../application/index/view/index/index.html [ array (
  0 => 'name',
) ]
[ info ] [ LOG ] INIT File

---------------------------------------------------------------
[ 2018-06-19T11:02:00+08:00 ] 172.16.197.238 116.231.15.172 GET /
[ log ] 47.98.122.163:8080/ [运行时间：0.011905s][吞吐率：84.00req/s] [内存消耗：1,301.30kb] [文件加载：37]
[ info ] [ LANG ] /home/wwwroot/pc/pc/thinkphp/lang/zh-cn.php
[ info ] [ ROUTE ] array (
  'type' => 'module',
  'module' => 
  array (
    0 => '',
    1 => NULL,
    2 => NULL,
  ),
)
[ info ] [ HEADER ] array (
  'upgrade-insecure-requests' => '1',
  'connection' => 'keep-alive',
  'dnt' => '1',
  'accept-encoding' => 'gzip, deflate',
  'accept-language' => 'zh-CN,zh;q=0.8,zh-TW;q=0.7,zh-HK;q=0.5,en-US;q=0.3,en;q=0.2',
  'accept' => 'text/html,application/xhtml+xml,application/xml;q=0.9,*/*;q=0.8',
  'user-agent' => 'Mozilla/5.0 (Windows NT 10.0; Win64; x64; rv:60.0) Gecko/20100101 Firefox/60.0',
  'host' => '47.98.122.163:8080',
  'content-type' => '',
  'content-length' => '',
)
[ info ] [ PARAM ] array (
)
[ info ] [ DB ] INIT mysql
[ info ] [ RUN ] app\index\Controller\Index->index[ /home/wwwroot/pc/pc/application/index/controller/Index.php ]
[ info ] [ VIEW ] /home/wwwroot/pc/pc/public/../application/index/view/index/index.html [ array (
  0 => 'name',
) ]
[ info ] [ LOG ] INIT File

---------------------------------------------------------------
[ 2018-06-19T11:02:02+08:00 ] 172.16.197.238 116.231.15.172 GET /index/index/getschedule.html?start=2018-05-27&end=2018-07-08&_=1529377341477
[ log ] 47.98.122.163:8080/index/index/getschedule.html?start=2018-05-27&end=2018-07-08&_=1529377341477 [运行时间：0.012776s][吞吐率：78.27req/s] [内存消耗：1,311.25kb] [文件加载：36]
[ info ] [ LANG ] /home/wwwroot/pc/pc/thinkphp/lang/zh-cn.php
[ info ] [ ROUTE ] array (
  'type' => 'module',
  'module' => 
  array (
    0 => 'index',
    1 => 'index',
    2 => 'getschedule',
  ),
)
[ info ] [ HEADER ] array (
  'connection' => 'keep-alive',
  'dnt' => '1',
  'x-requested-with' => 'XMLHttpRequest',
  'referer' => 'http://47.98.122.163:8080/',
  'accept-encoding' => 'gzip, deflate',
  'accept-language' => 'zh-CN,zh;q=0.8,zh-TW;q=0.7,zh-HK;q=0.5,en-US;q=0.3,en;q=0.2',
  'accept' => 'application/json, text/javascript, */*; q=0.01',
  'user-agent' => 'Mozilla/5.0 (Windows NT 10.0; Win64; x64; rv:60.0) Gecko/20100101 Firefox/60.0',
  'host' => '47.98.122.163:8080',
  'content-type' => '',
  'content-length' => '',
)
[ info ] [ PARAM ] array (
  'start' => '2018-05-27',
  'end' => '2018-07-08',
  '_' => '1529377341477',
)
[ info ] [ DB ] INIT mysql
[ info ] [ RUN ] app\index\Controller\Index->getSchedule[ /home/wwwroot/pc/pc/application/index/controller/Index.php ]
[ info ] [ LOG ] INIT File

---------------------------------------------------------------
[ 2018-06-19T11:23:25+08:00 ] 172.16.197.238 106.120.160.114 GET /
[ log ] 47.98.122.163/ [运行时间：0.011981s][吞吐率：83.47req/s] [内存消耗：1,299.15kb] [文件加载：37]
[ info ] [ LANG ] /home/wwwroot/pc/pc/thinkphp/lang/zh-cn.php
[ info ] [ ROUTE ] array (
  'type' => 'module',
  'module' => 
  array (
    0 => '',
    1 => NULL,
    2 => NULL,
  ),
)
[ info ] [ HEADER ] array (
  'user-agent' => 'Mozilla/4.0 (compatible; MSIE 8.0; Windows NT 6.1; Trident/4.0; SLCC2; .NET CLR 2.0.50727; .NET CLR 3.5.30729; .NET CLR 3.0.30729; Media Center PC 6.0; Tablet PC 2.0)',
  'connection' => 'close',
  'accept-language' => 'zh-CN,zh;q=0.8',
  'host' => '47.98.122.163',
  'referer' => 'http://47.98.122.163:8080',
  'accept-encoding' => 'identity',
  'content-type' => '',
  'content-length' => '',
)
[ info ] [ PARAM ] array (
)
[ info ] [ DB ] INIT mysql
[ info ] [ RUN ] app\index\Controller\Index->index[ /home/wwwroot/pc/pc/application/index/controller/Index.php ]
[ info ] [ VIEW ] /home/wwwroot/pc/pc/public/../application/index/view/index/index.html [ array (
  0 => 'name',
) ]
[ info ] [ LOG ] INIT File

---------------------------------------------------------------
[ 2018-06-19T11:27:25+08:00 ] 172.16.197.238 180.163.220.100 GET /
[ log ] 47.98.122.163:8080/ [运行时间：0.012602s][吞吐率：79.35req/s] [内存消耗：1,299.13kb] [文件加载：37]
[ info ] [ LANG ] /home/wwwroot/pc/pc/thinkphp/lang/zh-cn.php
[ info ] [ ROUTE ] array (
  'type' => 'module',
  'module' => 
  array (
    0 => '',
    1 => NULL,
    2 => NULL,
  ),
)
[ info ] [ HEADER ] array (
  'host' => '47.98.122.163:8080',
  'accept-language' => 'en,*',
  'accept-encoding' => 'gzip, deflate',
  'connection' => 'Keep-Alive',
  'user-agent' => 'Mozilla/5.0 (Windows NT 6.1; WOW64) AppleWebKit/537.36 (KHTML, like Gecko) Chrome/50.0.2661.102 Safari/537.36',
  'accept' => 'text/html,application/xhtml+xml,application/xml;q=0.9,*/*;q=0.8',
  'content-type' => '',
  'content-length' => '',
)
[ info ] [ PARAM ] array (
)
[ info ] [ DB ] INIT mysql
[ info ] [ RUN ] app\index\Controller\Index->index[ /home/wwwroot/pc/pc/application/index/controller/Index.php ]
[ info ] [ VIEW ] /home/wwwroot/pc/pc/public/../application/index/view/index/index.html [ array (
  0 => 'name',
) ]
[ info ] [ LOG ] INIT File

---------------------------------------------------------------
[ 2018-06-19T11:27:26+08:00 ] 172.16.197.238 180.163.220.100 GET /index/index/getschedule.html?start=2018-05-27&end=2018-07-08&_=1529378845472
[ log ] 47.98.122.163:8080/index/index/getschedule.html?start=2018-05-27&end=2018-07-08&_=1529378845472 [运行时间：0.012225s][吞吐率：81.80req/s] [内存消耗：1,309.80kb] [文件加载：36]
[ info ] [ LANG ] /home/wwwroot/pc/pc/thinkphp/lang/zh-cn.php
[ info ] [ ROUTE ] array (
  'type' => 'module',
  'module' => 
  array (
    0 => 'index',
    1 => 'index',
    2 => 'getschedule',
  ),
)
[ info ] [ HEADER ] array (
  'host' => '47.98.122.163:8080',
  'accept-language' => 'en,*',
  'accept-encoding' => 'gzip, deflate',
  'connection' => 'Keep-Alive',
  'user-agent' => 'Mozilla/5.0 (Windows NT 6.1; WOW64) AppleWebKit/537.36 (KHTML, like Gecko) Chrome/50.0.2661.102 Safari/537.36',
  'x-requested-with' => 'XMLHttpRequest',
  'referer' => 'http://47.98.122.163:8080/',
  'accept' => 'application/json, text/javascript, */*; q=0.01',
  'content-type' => '',
  'content-length' => '',
)
[ info ] [ PARAM ] array (
  'start' => '2018-05-27',
  'end' => '2018-07-08',
  '_' => '1529378845472',
)
[ info ] [ DB ] INIT mysql
[ info ] [ RUN ] app\index\Controller\Index->getSchedule[ /home/wwwroot/pc/pc/application/index/controller/Index.php ]
[ info ] [ LOG ] INIT File

---------------------------------------------------------------
[ 2018-06-19T11:38:24+08:00 ] 172.16.197.238 116.231.15.172 GET /
[ log ] 47.98.122.163:8080/ [运行时间：0.012533s][吞吐率：79.79req/s] [内存消耗：1,301.38kb] [文件加载：37]
[ info ] [ LANG ] /home/wwwroot/pc/pc/thinkphp/lang/zh-cn.php
[ info ] [ ROUTE ] array (
  'type' => 'module',
  'module' => 
  array (
    0 => '',
    1 => NULL,
    2 => NULL,
  ),
)
[ info ] [ HEADER ] array (
  'accept-language' => 'zh-CN,zh;q=0.8',
  'accept-encoding' => 'gzip, deflate, sdch',
  'accept' => 'text/html,application/xhtml+xml,application/xml;q=0.9,image/webp,*/*;q=0.8',
  'user-agent' => 'Mozilla/5.0 (Windows NT 10.0; WOW64) AppleWebKit/537.36 (KHTML, like Gecko) Chrome/55.0.2883.87 Safari/537.36',
  'upgrade-insecure-requests' => '1',
  'cache-control' => 'max-age=0',
  'connection' => 'keep-alive',
  'host' => '47.98.122.163:8080',
  'content-type' => '',
  'content-length' => '',
)
[ info ] [ PARAM ] array (
)
[ info ] [ DB ] INIT mysql
[ info ] [ RUN ] app\index\Controller\Index->index[ /home/wwwroot/pc/pc/application/index/controller/Index.php ]
[ info ] [ VIEW ] /home/wwwroot/pc/pc/public/../application/index/view/index/index.html [ array (
  0 => 'name',
) ]
[ info ] [ LOG ] INIT File

---------------------------------------------------------------
[ 2018-06-19T11:38:25+08:00 ] 172.16.197.238 116.231.15.172 GET /index/index/getschedule.html?start=2018-05-27&end=2018-07-08&_=1529379501141
[ log ] 47.98.122.163:8080/index/index/getschedule.html?start=2018-05-27&end=2018-07-08&_=1529379501141 [运行时间：0.012387s][吞吐率：80.73req/s] [内存消耗：1,309.83kb] [文件加载：36]
[ info ] [ LANG ] /home/wwwroot/pc/pc/thinkphp/lang/zh-cn.php
[ info ] [ ROUTE ] array (
  'type' => 'module',
  'module' => 
  array (
    0 => 'index',
    1 => 'index',
    2 => 'getschedule',
  ),
)
[ info ] [ HEADER ] array (
  'accept-language' => 'zh-CN,zh;q=0.8',
  'accept-encoding' => 'gzip, deflate, sdch',
  'referer' => 'http://47.98.122.163:8080/',
  'user-agent' => 'Mozilla/5.0 (Windows NT 10.0; WOW64) AppleWebKit/537.36 (KHTML, like Gecko) Chrome/55.0.2883.87 Safari/537.36',
  'x-requested-with' => 'XMLHttpRequest',
  'accept' => 'application/json, text/javascript, */*; q=0.01',
  'connection' => 'keep-alive',
  'host' => '47.98.122.163:8080',
  'content-type' => '',
  'content-length' => '',
)
[ info ] [ PARAM ] array (
  'start' => '2018-05-27',
  'end' => '2018-07-08',
  '_' => '1529379501141',
)
[ info ] [ DB ] INIT mysql
[ info ] [ RUN ] app\index\Controller\Index->getSchedule[ /home/wwwroot/pc/pc/application/index/controller/Index.php ]
[ info ] [ LOG ] INIT File

---------------------------------------------------------------
[ 2018-06-19T11:45:56+08:00 ] 172.16.197.238 101.199.121.223 GET /
[ log ] 47.98.122.163:8080/ [运行时间：0.011833s][吞吐率：84.51req/s] [内存消耗：1,299.25kb] [文件加载：37]
[ info ] [ LANG ] /home/wwwroot/pc/pc/thinkphp/lang/zh-cn.php
[ info ] [ ROUTE ] array (
  'type' => 'module',
  'module' => 
  array (
    0 => '',
    1 => NULL,
    2 => NULL,
  ),
)
[ info ] [ HEADER ] array (
  'accept-encoding' => 'gzip, deflate',
  'accept' => 'text/html,application/xhtml+xml,application/xml;q=0.9,image/webp,image/apng,*/*;q=0.8',
  'upgrade-insecure-requests' => '1',
  'user-agent' => 'Mozilla/5.0 (X11; Linux x86_64) AppleWebKit/537.36 (KHTML, like Gecko) HeadlessChrome/63.0.3239.132 Safari/537.36',
  'connection' => 'keep-alive',
  'host' => '47.98.122.163:8080',
  'content-type' => '',
  'content-length' => '',
)
[ info ] [ PARAM ] array (
)
[ info ] [ DB ] INIT mysql
[ info ] [ RUN ] app\index\Controller\Index->index[ /home/wwwroot/pc/pc/application/index/controller/Index.php ]
[ info ] [ VIEW ] /home/wwwroot/pc/pc/public/../application/index/view/index/index.html [ array (
  0 => 'name',
) ]
[ info ] [ LOG ] INIT File

---------------------------------------------------------------
[ 2018-06-19T11:45:59+08:00 ] 172.16.197.238 101.199.121.223 GET /index/index/getschedule.html?start=2018-05-27&end=2018-07-08&_=1529379858950
[ log ] 47.98.122.163:8080/index/index/getschedule.html?start=2018-05-27&end=2018-07-08&_=1529379858950 [运行时间：0.011457s][吞吐率：87.28req/s] [内存消耗：1,309.48kb] [文件加载：36]
[ info ] [ LANG ] /home/wwwroot/pc/pc/thinkphp/lang/zh-cn.php
[ info ] [ ROUTE ] array (
  'type' => 'module',
  'module' => 
  array (
    0 => 'index',
    1 => 'index',
    2 => 'getschedule',
  ),
)
[ info ] [ HEADER ] array (
  'accept-encoding' => 'gzip, deflate',
  'referer' => 'http://47.98.122.163:8080/',
  'user-agent' => 'Mozilla/5.0 (X11; Linux x86_64) AppleWebKit/537.36 (KHTML, like Gecko) HeadlessChrome/63.0.3239.132 Safari/537.36',
  'x-requested-with' => 'XMLHttpRequest',
  'accept' => 'application/json, text/javascript, */*; q=0.01',
  'connection' => 'keep-alive',
  'host' => '47.98.122.163:8080',
  'content-type' => '',
  'content-length' => '',
)
[ info ] [ PARAM ] array (
  'start' => '2018-05-27',
  'end' => '2018-07-08',
  '_' => '1529379858950',
)
[ info ] [ DB ] INIT mysql
[ info ] [ RUN ] app\index\Controller\Index->getSchedule[ /home/wwwroot/pc/pc/application/index/controller/Index.php ]
[ info ] [ LOG ] INIT File

---------------------------------------------------------------
[ 2018-06-19T11:58:22+08:00 ] 172.16.197.238 185.10.68.121 GET /
[ log ] kakaocorp.com/ [运行时间：0.011300s][吞吐率：88.49req/s] [内存消耗：1,297.46kb] [文件加载：37]
[ info ] [ LANG ] /home/wwwroot/pc/pc/thinkphp/lang/zh-cn.php
[ info ] [ ROUTE ] array (
  'type' => 'module',
  'module' => 
  array (
    0 => '',
    1 => NULL,
    2 => NULL,
  ),
)
[ info ] [ HEADER ] array (
  'host' => 'kakaocorp.com',
  'content-type' => '',
  'content-length' => '',
)
[ info ] [ PARAM ] array (
)
[ info ] [ DB ] INIT mysql
[ info ] [ RUN ] app\index\Controller\Index->index[ /home/wwwroot/pc/pc/application/index/controller/Index.php ]
[ info ] [ VIEW ] /home/wwwroot/pc/pc/public/../application/index/view/index/index.html [ array (
  0 => 'name',
) ]
[ info ] [ LOG ] INIT File

---------------------------------------------------------------
[ 2018-06-19T13:37:13+08:00 ] 172.16.197.238 201.68.179.231 GET /
[ log ] 47.98.122.163:8080/ [运行时间：0.011221s][吞吐率：89.12req/s] [内存消耗：1,298.33kb] [文件加载：37]
[ info ] [ LANG ] /home/wwwroot/pc/pc/thinkphp/lang/zh-cn.php
[ info ] [ ROUTE ] array (
  'type' => 'module',
  'module' => 
  array (
    0 => '',
    1 => NULL,
    2 => NULL,
  ),
)
[ info ] [ HEADER ] array (
  'content-length' => '0',
  'user-agent' => 'Mozilla/5.0 (Windows NT 10.0; WOW64) AppleWebKit/537.36 (KHTML, like Gecko) Chrome/52.0.2743.116 Safari/537.36',
  'host' => '47.98.122.163:8080',
  'content-type' => '',
)
[ info ] [ PARAM ] array (
)
[ info ] [ DB ] INIT mysql
[ info ] [ RUN ] app\index\Controller\Index->index[ /home/wwwroot/pc/pc/application/index/controller/Index.php ]
[ info ] [ VIEW ] /home/wwwroot/pc/pc/public/../application/index/view/index/index.html [ array (
  0 => 'name',
) ]
[ info ] [ LOG ] INIT File

---------------------------------------------------------------
[ 2018-06-19T13:58:28+08:00 ] 172.16.197.238 123.249.27.28 GET /
[ log ] 47.98.122.163:8080/ [运行时间：0.011648s][吞吐率：85.85req/s] [内存消耗：1,300.39kb] [文件加载：37]
[ info ] [ LANG ] /home/wwwroot/pc/pc/thinkphp/lang/zh-cn.php
[ info ] [ ROUTE ] array (
  'type' => 'module',
  'module' => 
  array (
    0 => '',
    1 => NULL,
    2 => NULL,
  ),
)
[ info ] [ HEADER ] array (
  'connection' => 'Keep-Alive',
  'host' => '47.98.122.163:8080',
  'content-type' => 'application/x-www-form-urlencoded',
  'user-agent' => 'Mozilla/4.0 (compatible; MSIE 9.0; Windows NT 6.1)',
  'accept-language' => 'zh-cn',
  'referer' => 'http://47.98.122.163:8080',
  'accept' => '*/*',
  'content-length' => '',
)
[ info ] [ PARAM ] array (
)
[ info ] [ DB ] INIT mysql
[ info ] [ RUN ] app\index\Controller\Index->index[ /home/wwwroot/pc/pc/application/index/controller/Index.php ]
[ info ] [ VIEW ] /home/wwwroot/pc/pc/public/../application/index/view/index/index.html [ array (
  0 => 'name',
) ]
[ info ] [ LOG ] INIT File

---------------------------------------------------------------
[ 2018-06-19T14:28:43+08:00 ] 172.16.197.238 116.231.15.172 GET /
[ log ] 47.98.122.163:8080/ [运行时间：0.011464s][吞吐率：87.23req/s] [内存消耗：1,301.38kb] [文件加载：37]
[ info ] [ LANG ] /home/wwwroot/pc/pc/thinkphp/lang/zh-cn.php
[ info ] [ ROUTE ] array (
  'type' => 'module',
  'module' => 
  array (
    0 => '',
    1 => NULL,
    2 => NULL,
  ),
)
[ info ] [ HEADER ] array (
  'accept-language' => 'zh-CN,zh;q=0.8',
  'accept-encoding' => 'gzip, deflate, sdch',
  'accept' => 'text/html,application/xhtml+xml,application/xml;q=0.9,image/webp,*/*;q=0.8',
  'user-agent' => 'Mozilla/5.0 (Windows NT 10.0; WOW64) AppleWebKit/537.36 (KHTML, like Gecko) Chrome/55.0.2883.87 Safari/537.36',
  'upgrade-insecure-requests' => '1',
  'cache-control' => 'max-age=0',
  'connection' => 'keep-alive',
  'host' => '47.98.122.163:8080',
  'content-type' => '',
  'content-length' => '',
)
[ info ] [ PARAM ] array (
)
[ info ] [ DB ] INIT mysql
[ info ] [ RUN ] app\index\Controller\Index->index[ /home/wwwroot/pc/pc/application/index/controller/Index.php ]
[ info ] [ VIEW ] /home/wwwroot/pc/pc/public/../application/index/view/index/index.html [ array (
  0 => 'name',
) ]
[ info ] [ LOG ] INIT File

---------------------------------------------------------------
[ 2018-06-19T14:28:44+08:00 ] 172.16.197.238 116.231.15.172 GET /index/index/getschedule.html?start=2018-05-27&end=2018-07-08&_=1529389720355
[ log ] 47.98.122.163:8080/index/index/getschedule.html?start=2018-05-27&end=2018-07-08&_=1529389720355 [运行时间：0.013178s][吞吐率：75.88req/s] [内存消耗：1,309.83kb] [文件加载：36]
[ info ] [ LANG ] /home/wwwroot/pc/pc/thinkphp/lang/zh-cn.php
[ info ] [ ROUTE ] array (
  'type' => 'module',
  'module' => 
  array (
    0 => 'index',
    1 => 'index',
    2 => 'getschedule',
  ),
)
[ info ] [ HEADER ] array (
  'accept-language' => 'zh-CN,zh;q=0.8',
  'accept-encoding' => 'gzip, deflate, sdch',
  'referer' => 'http://47.98.122.163:8080/',
  'user-agent' => 'Mozilla/5.0 (Windows NT 10.0; WOW64) AppleWebKit/537.36 (KHTML, like Gecko) Chrome/55.0.2883.87 Safari/537.36',
  'x-requested-with' => 'XMLHttpRequest',
  'accept' => 'application/json, text/javascript, */*; q=0.01',
  'connection' => 'keep-alive',
  'host' => '47.98.122.163:8080',
  'content-type' => '',
  'content-length' => '',
)
[ info ] [ PARAM ] array (
  'start' => '2018-05-27',
  'end' => '2018-07-08',
  '_' => '1529389720355',
)
[ info ] [ DB ] INIT mysql
[ info ] [ RUN ] app\index\Controller\Index->getSchedule[ /home/wwwroot/pc/pc/application/index/controller/Index.php ]
[ info ] [ LOG ] INIT File

---------------------------------------------------------------
[ 2018-06-19T14:28:56+08:00 ] 172.16.197.238 116.231.15.172 GET /
[ log ] 47.98.122.163:8080/ [运行时间：0.011681s][吞吐率：85.61req/s] [内存消耗：1,301.38kb] [文件加载：37]
[ info ] [ LANG ] /home/wwwroot/pc/pc/thinkphp/lang/zh-cn.php
[ info ] [ ROUTE ] array (
  'type' => 'module',
  'module' => 
  array (
    0 => '',
    1 => NULL,
    2 => NULL,
  ),
)
[ info ] [ HEADER ] array (
  'accept-language' => 'zh-CN,zh;q=0.8',
  'accept-encoding' => 'gzip, deflate, sdch',
  'accept' => 'text/html,application/xhtml+xml,application/xml;q=0.9,image/webp,*/*;q=0.8',
  'user-agent' => 'Mozilla/5.0 (Windows NT 10.0; WOW64) AppleWebKit/537.36 (KHTML, like Gecko) Chrome/55.0.2883.87 Safari/537.36',
  'upgrade-insecure-requests' => '1',
  'cache-control' => 'max-age=0',
  'connection' => 'keep-alive',
  'host' => '47.98.122.163:8080',
  'content-type' => '',
  'content-length' => '',
)
[ info ] [ PARAM ] array (
)
[ info ] [ DB ] INIT mysql
[ info ] [ RUN ] app\index\Controller\Index->index[ /home/wwwroot/pc/pc/application/index/controller/Index.php ]
[ info ] [ VIEW ] /home/wwwroot/pc/pc/public/../application/index/view/index/index.html [ array (
  0 => 'name',
) ]
[ info ] [ LOG ] INIT File

---------------------------------------------------------------
[ 2018-06-19T14:28:57+08:00 ] 172.16.197.238 116.231.15.172 GET /index/index/getschedule.html?start=2018-05-27&end=2018-07-08&_=1529389733522
[ log ] 47.98.122.163:8080/index/index/getschedule.html?start=2018-05-27&end=2018-07-08&_=1529389733522 [运行时间：0.011710s][吞吐率：85.40req/s] [内存消耗：1,309.83kb] [文件加载：36]
[ info ] [ LANG ] /home/wwwroot/pc/pc/thinkphp/lang/zh-cn.php
[ info ] [ ROUTE ] array (
  'type' => 'module',
  'module' => 
  array (
    0 => 'index',
    1 => 'index',
    2 => 'getschedule',
  ),
)
[ info ] [ HEADER ] array (
  'accept-language' => 'zh-CN,zh;q=0.8',
  'accept-encoding' => 'gzip, deflate, sdch',
  'referer' => 'http://47.98.122.163:8080/',
  'user-agent' => 'Mozilla/5.0 (Windows NT 10.0; WOW64) AppleWebKit/537.36 (KHTML, like Gecko) Chrome/55.0.2883.87 Safari/537.36',
  'x-requested-with' => 'XMLHttpRequest',
  'accept' => 'application/json, text/javascript, */*; q=0.01',
  'connection' => 'keep-alive',
  'host' => '47.98.122.163:8080',
  'content-type' => '',
  'content-length' => '',
)
[ info ] [ PARAM ] array (
  'start' => '2018-05-27',
  'end' => '2018-07-08',
  '_' => '1529389733522',
)
[ info ] [ DB ] INIT mysql
[ info ] [ RUN ] app\index\Controller\Index->getSchedule[ /home/wwwroot/pc/pc/application/index/controller/Index.php ]
[ info ] [ LOG ] INIT File

---------------------------------------------------------------
[ 2018-06-19T14:29:08+08:00 ] 172.16.197.238 116.231.15.172 GET /
[ log ] 47.98.122.163:8080/ [运行时间：0.010270s][吞吐率：97.37req/s] [内存消耗：1,199.13kb] [文件加载：33]
[ info ] [ LANG ] /home/wwwroot/pc/pc/thinkphp/lang/zh-cn.php
[ info ] [ ROUTE ] array (
  'type' => 'module',
  'module' => 
  array (
    0 => '',
    1 => NULL,
    2 => NULL,
  ),
)
[ info ] [ HEADER ] array (
  'accept-language' => 'zh-CN,zh;q=0.8',
  'accept-encoding' => 'gzip, deflate, sdch',
  'accept' => 'text/html,application/xhtml+xml,application/xml;q=0.9,image/webp,*/*;q=0.8',
  'user-agent' => 'Mozilla/5.0 (Windows NT 10.0; WOW64) AppleWebKit/537.36 (KHTML, like Gecko) Chrome/55.0.2883.87 Safari/537.36',
  'upgrade-insecure-requests' => '1',
  'cache-control' => 'max-age=0',
  'connection' => 'keep-alive',
  'host' => '47.98.122.163:8080',
  'content-type' => '',
  'content-length' => '',
)
[ info ] [ PARAM ] array (
)
[ info ] [ DB ] INIT mysql
[ info ] [ RUN ] app\index\Controller\Index->index[ /home/wwwroot/pc/pc/application/index/controller/Index.php ]
[ info ] [ LOG ] INIT File

---------------------------------------------------------------
[ 2018-06-19T14:29:39+08:00 ] 172.16.197.238 116.231.15.172 GET /
[ log ] 47.98.122.163:8080/ [运行时间：0.012353s][吞吐率：80.95req/s] [内存消耗：1,301.38kb] [文件加载：37]
[ info ] [ LANG ] /home/wwwroot/pc/pc/thinkphp/lang/zh-cn.php
[ info ] [ ROUTE ] array (
  'type' => 'module',
  'module' => 
  array (
    0 => '',
    1 => NULL,
    2 => NULL,
  ),
)
[ info ] [ HEADER ] array (
  'accept-language' => 'zh-CN,zh;q=0.8',
  'accept-encoding' => 'gzip, deflate, sdch',
  'accept' => 'text/html,application/xhtml+xml,application/xml;q=0.9,image/webp,*/*;q=0.8',
  'user-agent' => 'Mozilla/5.0 (Windows NT 10.0; WOW64) AppleWebKit/537.36 (KHTML, like Gecko) Chrome/55.0.2883.87 Safari/537.36',
  'upgrade-insecure-requests' => '1',
  'cache-control' => 'max-age=0',
  'connection' => 'keep-alive',
  'host' => '47.98.122.163:8080',
  'content-type' => '',
  'content-length' => '',
)
[ info ] [ PARAM ] array (
)
[ info ] [ DB ] INIT mysql
[ info ] [ RUN ] app\index\Controller\Index->index[ /home/wwwroot/pc/pc/application/index/controller/Index.php ]
[ info ] [ VIEW ] /home/wwwroot/pc/pc/public/../application/index/view/index/index.html [ array (
  0 => 'name',
) ]
[ info ] [ LOG ] INIT File

---------------------------------------------------------------
[ 2018-06-19T14:29:40+08:00 ] 172.16.197.238 116.231.15.172 GET /index/index/getschedule.html?start=2018-05-27&end=2018-07-08&_=1529389776462
[ log ] 47.98.122.163:8080/index/index/getschedule.html?start=2018-05-27&end=2018-07-08&_=1529389776462 [运行时间：0.012322s][吞吐率：81.16req/s] [内存消耗：1,309.83kb] [文件加载：36]
[ info ] [ LANG ] /home/wwwroot/pc/pc/thinkphp/lang/zh-cn.php
[ info ] [ ROUTE ] array (
  'type' => 'module',
  'module' => 
  array (
    0 => 'index',
    1 => 'index',
    2 => 'getschedule',
  ),
)
[ info ] [ HEADER ] array (
  'accept-language' => 'zh-CN,zh;q=0.8',
  'accept-encoding' => 'gzip, deflate, sdch',
  'referer' => 'http://47.98.122.163:8080/',
  'user-agent' => 'Mozilla/5.0 (Windows NT 10.0; WOW64) AppleWebKit/537.36 (KHTML, like Gecko) Chrome/55.0.2883.87 Safari/537.36',
  'x-requested-with' => 'XMLHttpRequest',
  'accept' => 'application/json, text/javascript, */*; q=0.01',
  'connection' => 'keep-alive',
  'host' => '47.98.122.163:8080',
  'content-type' => '',
  'content-length' => '',
)
[ info ] [ PARAM ] array (
  'start' => '2018-05-27',
  'end' => '2018-07-08',
  '_' => '1529389776462',
)
[ info ] [ DB ] INIT mysql
[ info ] [ RUN ] app\index\Controller\Index->getSchedule[ /home/wwwroot/pc/pc/application/index/controller/Index.php ]
[ info ] [ LOG ] INIT File

---------------------------------------------------------------
[ 2018-06-19T14:30:21+08:00 ] 172.16.197.238 116.231.15.172 GET /index/task/index.html
[ log ] 47.98.122.163:8080/index/task/index.html [运行时间：0.019553s][吞吐率：51.14req/s] [内存消耗：1,829.73kb] [文件加载：40]
[ info ] [ LANG ] /home/wwwroot/pc/pc/thinkphp/lang/zh-cn.php
[ info ] [ ROUTE ] array (
  'type' => 'module',
  'module' => 
  array (
    0 => 'index',
    1 => 'task',
    2 => 'index',
  ),
)
[ info ] [ HEADER ] array (
  'accept-language' => 'zh-CN,zh;q=0.8',
  'accept-encoding' => 'gzip, deflate, sdch',
  'referer' => 'http://47.98.122.163:8080/',
  'accept' => 'text/html,application/xhtml+xml,application/xml;q=0.9,image/webp,*/*;q=0.8',
  'user-agent' => 'Mozilla/5.0 (Windows NT 10.0; WOW64) AppleWebKit/537.36 (KHTML, like Gecko) Chrome/55.0.2883.87 Safari/537.36',
  'upgrade-insecure-requests' => '1',
  'connection' => 'keep-alive',
  'host' => '47.98.122.163:8080',
  'content-type' => '',
  'content-length' => '',
)
[ info ] [ PARAM ] array (
)
[ info ] [ DB ] INIT mysql
[ info ] [ RUN ] app\index\Controller\Task->index[ /home/wwwroot/pc/pc/application/index/controller/Task.php ]
[ info ] [ LOG ] INIT File
[ error ] [42S02]SQLSTATE[42S02]: Base table or view not found: 1146 Table 'blue.project' doesn't exist[/home/wwwroot/pc/pc/thinkphp/library/think/db/connector/Mysql.php:65]

---------------------------------------------------------------
[ 2018-06-19T14:30:26+08:00 ] 172.16.197.238 116.231.15.172 GET /index/index/index.html
[ log ] 47.98.122.163:8080/index/index/index.html [运行时间：0.012578s][吞吐率：79.50req/s] [内存消耗：1,302.12kb] [文件加载：37]
[ info ] [ LANG ] /home/wwwroot/pc/pc/thinkphp/lang/zh-cn.php
[ info ] [ ROUTE ] array (
  'type' => 'module',
  'module' => 
  array (
    0 => 'index',
    1 => 'index',
    2 => 'index',
  ),
)
[ info ] [ HEADER ] array (
  'accept-language' => 'zh-CN,zh;q=0.8',
  'accept-encoding' => 'gzip, deflate, sdch',
  'accept' => 'text/html,application/xhtml+xml,application/xml;q=0.9,image/webp,*/*;q=0.8',
  'user-agent' => 'Mozilla/5.0 (Windows NT 10.0; WOW64) AppleWebKit/537.36 (KHTML, like Gecko) Chrome/55.0.2883.87 Safari/537.36',
  'upgrade-insecure-requests' => '1',
  'connection' => 'keep-alive',
  'host' => '47.98.122.163:8080',
  'content-type' => '',
  'content-length' => '',
)
[ info ] [ PARAM ] array (
)
[ info ] [ DB ] INIT mysql
[ info ] [ RUN ] app\index\Controller\Index->index[ /home/wwwroot/pc/pc/application/index/controller/Index.php ]
[ info ] [ VIEW ] /home/wwwroot/pc/pc/public/../application/index/view/index/index.html [ array (
  0 => 'name',
) ]
[ info ] [ LOG ] INIT File

---------------------------------------------------------------
[ 2018-06-19T14:30:27+08:00 ] 172.16.197.238 116.231.15.172 GET /index/index/getschedule.html?start=2018-05-27&end=2018-07-08&_=1529389823447
[ log ] 47.98.122.163:8080/index/index/getschedule.html?start=2018-05-27&end=2018-07-08&_=1529389823447 [运行时间：0.012530s][吞吐率：79.81req/s] [内存消耗：1,309.88kb] [文件加载：36]
[ info ] [ LANG ] /home/wwwroot/pc/pc/thinkphp/lang/zh-cn.php
[ info ] [ ROUTE ] array (
  'type' => 'module',
  'module' => 
  array (
    0 => 'index',
    1 => 'index',
    2 => 'getschedule',
  ),
)
[ info ] [ HEADER ] array (
  'accept-language' => 'zh-CN,zh;q=0.8',
  'accept-encoding' => 'gzip, deflate, sdch',
  'referer' => 'http://47.98.122.163:8080/index/index/index.html',
  'user-agent' => 'Mozilla/5.0 (Windows NT 10.0; WOW64) AppleWebKit/537.36 (KHTML, like Gecko) Chrome/55.0.2883.87 Safari/537.36',
  'x-requested-with' => 'XMLHttpRequest',
  'accept' => 'application/json, text/javascript, */*; q=0.01',
  'connection' => 'keep-alive',
  'host' => '47.98.122.163:8080',
  'content-type' => '',
  'content-length' => '',
)
[ info ] [ PARAM ] array (
  'start' => '2018-05-27',
  'end' => '2018-07-08',
  '_' => '1529389823447',
)
[ info ] [ DB ] INIT mysql
[ info ] [ RUN ] app\index\Controller\Index->getSchedule[ /home/wwwroot/pc/pc/application/index/controller/Index.php ]
[ info ] [ LOG ] INIT File

---------------------------------------------------------------
[ 2018-06-19T14:30:29+08:00 ] 172.16.197.238 116.231.15.172 GET /index/index/test.html
[ log ] 47.98.122.163:8080/index/index/test.html [运行时间：0.016459s][吞吐率：60.76req/s] [内存消耗：1,268.91kb] [文件加载：35]
[ info ] [ LANG ] /home/wwwroot/pc/pc/thinkphp/lang/zh-cn.php
[ info ] [ ROUTE ] array (
  'type' => 'module',
  'module' => 
  array (
    0 => 'index',
    1 => 'index',
    2 => 'test',
  ),
)
[ info ] [ HEADER ] array (
  'accept-language' => 'zh-CN,zh;q=0.8',
  'accept-encoding' => 'gzip, deflate, sdch',
  'accept' => 'text/html,application/xhtml+xml,application/xml;q=0.9,image/webp,*/*;q=0.8',
  'user-agent' => 'Mozilla/5.0 (Windows NT 10.0; WOW64) AppleWebKit/537.36 (KHTML, like Gecko) Chrome/55.0.2883.87 Safari/537.36',
  'upgrade-insecure-requests' => '1',
  'connection' => 'keep-alive',
  'host' => '47.98.122.163:8080',
  'content-type' => '',
  'content-length' => '',
)
[ info ] [ PARAM ] array (
)
[ info ] [ DB ] INIT mysql
[ info ] [ RUN ] app\index\Controller\Index->test[ /home/wwwroot/pc/pc/application/index/controller/Index.php ]
[ info ] [ LOG ] INIT File

---------------------------------------------------------------
[ 2018-06-19T14:30:44+08:00 ] 172.16.197.238 116.231.15.172 GET /
[ log ] 47.98.122.163:8080/ [运行时间：0.011407s][吞吐率：87.66req/s] [内存消耗：1,301.05kb] [文件加载：37]
[ info ] [ LANG ] /home/wwwroot/pc/pc/thinkphp/lang/zh-cn.php
[ info ] [ ROUTE ] array (
  'type' => 'module',
  'module' => 
  array (
    0 => '',
    1 => NULL,
    2 => NULL,
  ),
)
[ info ] [ HEADER ] array (
  'accept-language' => 'zh-CN,zh;q=0.8',
  'accept-encoding' => 'gzip, deflate, sdch',
  'accept' => 'text/html,application/xhtml+xml,application/xml;q=0.9,image/webp,*/*;q=0.8',
  'user-agent' => 'Mozilla/5.0 (Windows NT 10.0; WOW64) AppleWebKit/537.36 (KHTML, like Gecko) Chrome/55.0.2883.87 Safari/537.36',
  'upgrade-insecure-requests' => '1',
  'connection' => 'keep-alive',
  'host' => '47.98.122.163:8080',
  'content-type' => '',
  'content-length' => '',
)
[ info ] [ PARAM ] array (
)
[ info ] [ DB ] INIT mysql
[ info ] [ RUN ] app\index\Controller\Index->index[ /home/wwwroot/pc/pc/application/index/controller/Index.php ]
[ info ] [ VIEW ] /home/wwwroot/pc/pc/public/../application/index/view/index/index.html [ array (
  0 => 'name',
) ]
[ info ] [ LOG ] INIT File

---------------------------------------------------------------
[ 2018-06-19T14:30:45+08:00 ] 172.16.197.238 116.231.15.172 GET /index/index/getschedule.html?start=2018-05-27&end=2018-07-08&_=1529389841556
[ log ] 47.98.122.163:8080/index/index/getschedule.html?start=2018-05-27&end=2018-07-08&_=1529389841556 [运行时间：0.013133s][吞吐率：76.14req/s] [内存消耗：1,311.90kb] [文件加载：36]
[ info ] [ LANG ] /home/wwwroot/pc/pc/thinkphp/lang/zh-cn.php
[ info ] [ ROUTE ] array (
  'type' => 'module',
  'module' => 
  array (
    0 => 'index',
    1 => 'index',
    2 => 'getschedule',
  ),
)
[ info ] [ HEADER ] array (
  'accept-language' => 'zh-CN,zh;q=0.8',
  'accept-encoding' => 'gzip, deflate, sdch',
  'referer' => 'http://47.98.122.163:8080/',
  'user-agent' => 'Mozilla/5.0 (Windows NT 10.0; WOW64) AppleWebKit/537.36 (KHTML, like Gecko) Chrome/55.0.2883.87 Safari/537.36',
  'x-requested-with' => 'XMLHttpRequest',
  'accept' => 'application/json, text/javascript, */*; q=0.01',
  'connection' => 'keep-alive',
  'host' => '47.98.122.163:8080',
  'content-type' => '',
  'content-length' => '',
)
[ info ] [ PARAM ] array (
  'start' => '2018-05-27',
  'end' => '2018-07-08',
  '_' => '1529389841556',
)
[ info ] [ DB ] INIT mysql
[ info ] [ RUN ] app\index\Controller\Index->getSchedule[ /home/wwwroot/pc/pc/application/index/controller/Index.php ]
[ info ] [ LOG ] INIT File

---------------------------------------------------------------
[ 2018-06-19T14:35:00+08:00 ] 172.16.197.238 103.234.226.66 GET /
[ log ] 47.98.122.163:8080/ [运行时间：0.011141s][吞吐率：89.76req/s] [内存消耗：1,298.34kb] [文件加载：37]
[ info ] [ LANG ] /home/wwwroot/pc/pc/thinkphp/lang/zh-cn.php
[ info ] [ ROUTE ] array (
  'type' => 'module',
  'module' => 
  array (
    0 => '',
    1 => NULL,
    2 => NULL,
  ),
)
[ info ] [ HEADER ] array (
  'content-length' => '0',
  'user-agent' => 'Mozilla/5.0 (Windows NT 6.1; WOW64) AppleWebKit/537.36 (KHTML, like Gecko) Chrome/51.0.2704.103 Safari/537.36',
  'host' => '47.98.122.163:8080',
  'content-type' => '',
)
[ info ] [ PARAM ] array (
)
[ info ] [ DB ] INIT mysql
[ info ] [ RUN ] app\index\Controller\Index->index[ /home/wwwroot/pc/pc/application/index/controller/Index.php ]
[ info ] [ VIEW ] /home/wwwroot/pc/pc/public/../application/index/view/index/index.html [ array (
  0 => 'name',
) ]
[ info ] [ LOG ] INIT File

---------------------------------------------------------------
[ 2018-06-19T14:36:53+08:00 ] 172.16.197.238 116.231.15.172 GET /
[ log ] 47.98.122.163:8080/ [运行时间：0.013072s][吞吐率：76.50req/s] [内存消耗：1,301.02kb] [文件加载：37]
[ info ] [ LANG ] /home/wwwroot/pc/pc/thinkphp/lang/zh-cn.php
[ info ] [ ROUTE ] array (
  'type' => 'module',
  'module' => 
  array (
    0 => '',
    1 => NULL,
    2 => NULL,
  ),
)
[ info ] [ HEADER ] array (
  'upgrade-insecure-requests' => '1',
  'connection' => 'keep-alive',
  'accept-encoding' => 'gzip, deflate',
  'accept-language' => 'zh-CN,zh;q=0.8,zh-TW;q=0.7,zh-HK;q=0.5,en-US;q=0.3,en;q=0.2',
  'accept' => 'text/html,application/xhtml+xml,application/xml;q=0.9,*/*;q=0.8',
  'user-agent' => 'Mozilla/5.0 (Windows NT 10.0; Win64; x64; rv:60.0) Gecko/20100101 Firefox/60.0',
  'host' => '47.98.122.163:8080',
  'content-type' => '',
  'content-length' => '',
)
[ info ] [ PARAM ] array (
)
[ info ] [ DB ] INIT mysql
[ info ] [ RUN ] app\index\Controller\Index->index[ /home/wwwroot/pc/pc/application/index/controller/Index.php ]
[ info ] [ VIEW ] /home/wwwroot/pc/pc/public/../application/index/view/index/index.html [ array (
  0 => 'name',
) ]
[ info ] [ LOG ] INIT File

---------------------------------------------------------------
[ 2018-06-19T14:36:54+08:00 ] 172.16.197.238 116.231.15.172 GET /index/index/getschedule.html?start=2018-07-01&end=2018-08-12&_=1529389841557
[ log ] 47.98.122.163:8080/index/index/getschedule.html?start=2018-07-01&end=2018-08-12&_=1529389841557 [运行时间：0.012886s][吞吐率：77.60req/s] [内存消耗：1,312.92kb] [文件加载：36]
[ info ] [ LANG ] /home/wwwroot/pc/pc/thinkphp/lang/zh-cn.php
[ info ] [ ROUTE ] array (
  'type' => 'module',
  'module' => 
  array (
    0 => 'index',
    1 => 'index',
    2 => 'getschedule',
  ),
)
[ info ] [ HEADER ] array (
  'accept-language' => 'zh-CN,zh;q=0.8',
  'accept-encoding' => 'gzip, deflate, sdch',
  'referer' => 'http://47.98.122.163:8080/',
  'user-agent' => 'Mozilla/5.0 (Windows NT 10.0; WOW64) AppleWebKit/537.36 (KHTML, like Gecko) Chrome/55.0.2883.87 Safari/537.36',
  'x-requested-with' => 'XMLHttpRequest',
  'accept' => 'application/json, text/javascript, */*; q=0.01',
  'connection' => 'keep-alive',
  'host' => '47.98.122.163:8080',
  'content-type' => '',
  'content-length' => '',
)
[ info ] [ PARAM ] array (
  'start' => '2018-07-01',
  'end' => '2018-08-12',
  '_' => '1529389841557',
)
[ info ] [ DB ] INIT mysql
[ info ] [ RUN ] app\index\Controller\Index->getSchedule[ /home/wwwroot/pc/pc/application/index/controller/Index.php ]
[ info ] [ LOG ] INIT File

---------------------------------------------------------------
[ 2018-06-19T14:36:56+08:00 ] 172.16.197.238 116.231.15.172 GET /index/index/getschedule.html?start=2018-05-27&end=2018-07-08&_=1529390215977
[ log ] 47.98.122.163:8080/index/index/getschedule.html?start=2018-05-27&end=2018-07-08&_=1529390215977 [运行时间：0.012048s][吞吐率：83.00req/s] [内存消耗：1,311.90kb] [文件加载：36]
[ info ] [ LANG ] /home/wwwroot/pc/pc/thinkphp/lang/zh-cn.php
[ info ] [ ROUTE ] array (
  'type' => 'module',
  'module' => 
  array (
    0 => 'index',
    1 => 'index',
    2 => 'getschedule',
  ),
)
[ info ] [ HEADER ] array (
  'connection' => 'keep-alive',
  'x-requested-with' => 'XMLHttpRequest',
  'referer' => 'http://47.98.122.163:8080/',
  'accept-encoding' => 'gzip, deflate',
  'accept-language' => 'zh-CN,zh;q=0.8,zh-TW;q=0.7,zh-HK;q=0.5,en-US;q=0.3,en;q=0.2',
  'accept' => 'application/json, text/javascript, */*; q=0.01',
  'user-agent' => 'Mozilla/5.0 (Windows NT 10.0; Win64; x64; rv:60.0) Gecko/20100101 Firefox/60.0',
  'host' => '47.98.122.163:8080',
  'content-type' => '',
  'content-length' => '',
)
[ info ] [ PARAM ] array (
  'start' => '2018-05-27',
  'end' => '2018-07-08',
  '_' => '1529390215977',
)
[ info ] [ DB ] INIT mysql
[ info ] [ RUN ] app\index\Controller\Index->getSchedule[ /home/wwwroot/pc/pc/application/index/controller/Index.php ]
[ info ] [ LOG ] INIT File

---------------------------------------------------------------
[ 2018-06-19T14:37:06+08:00 ] 172.16.197.238 116.231.15.172 GET /index/index/getschedule.html?start=2018-07-29&end=2018-09-09&_=1529389841558
[ log ] 47.98.122.163:8080/index/index/getschedule.html?start=2018-07-29&end=2018-09-09&_=1529389841558 [运行时间：0.013126s][吞吐率：76.19req/s] [内存消耗：1,312.53kb] [文件加载：36]
[ info ] [ LANG ] /home/wwwroot/pc/pc/thinkphp/lang/zh-cn.php
[ info ] [ ROUTE ] array (
  'type' => 'module',
  'module' => 
  array (
    0 => 'index',
    1 => 'index',
    2 => 'getschedule',
  ),
)
[ info ] [ HEADER ] array (
  'accept-language' => 'zh-CN,zh;q=0.8',
  'accept-encoding' => 'gzip, deflate, sdch',
  'referer' => 'http://47.98.122.163:8080/',
  'user-agent' => 'Mozilla/5.0 (Windows NT 10.0; WOW64) AppleWebKit/537.36 (KHTML, like Gecko) Chrome/55.0.2883.87 Safari/537.36',
  'x-requested-with' => 'XMLHttpRequest',
  'accept' => 'application/json, text/javascript, */*; q=0.01',
  'connection' => 'keep-alive',
  'host' => '47.98.122.163:8080',
  'content-type' => '',
  'content-length' => '',
)
[ info ] [ PARAM ] array (
  'start' => '2018-07-29',
  'end' => '2018-09-09',
  '_' => '1529389841558',
)
[ info ] [ DB ] INIT mysql
[ info ] [ RUN ] app\index\Controller\Index->getSchedule[ /home/wwwroot/pc/pc/application/index/controller/Index.php ]
[ info ] [ LOG ] INIT File

---------------------------------------------------------------
[ 2018-06-19T14:37:10+08:00 ] 172.16.197.238 116.231.15.172 GET /index/index/getschedule.html?start=2018-08-26&end=2018-10-07&_=1529389841559
[ log ] 47.98.122.163:8080/index/index/getschedule.html?start=2018-08-26&end=2018-10-07&_=1529389841559 [运行时间：0.011762s][吞吐率：85.02req/s] [内存消耗：1,307.72kb] [文件加载：36]
[ info ] [ LANG ] /home/wwwroot/pc/pc/thinkphp/lang/zh-cn.php
[ info ] [ ROUTE ] array (
  'type' => 'module',
  'module' => 
  array (
    0 => 'index',
    1 => 'index',
    2 => 'getschedule',
  ),
)
[ info ] [ HEADER ] array (
  'accept-language' => 'zh-CN,zh;q=0.8',
  'accept-encoding' => 'gzip, deflate, sdch',
  'referer' => 'http://47.98.122.163:8080/',
  'user-agent' => 'Mozilla/5.0 (Windows NT 10.0; WOW64) AppleWebKit/537.36 (KHTML, like Gecko) Chrome/55.0.2883.87 Safari/537.36',
  'x-requested-with' => 'XMLHttpRequest',
  'accept' => 'application/json, text/javascript, */*; q=0.01',
  'connection' => 'keep-alive',
  'host' => '47.98.122.163:8080',
  'content-type' => '',
  'content-length' => '',
)
[ info ] [ PARAM ] array (
  'start' => '2018-08-26',
  'end' => '2018-10-07',
  '_' => '1529389841559',
)
[ info ] [ DB ] INIT mysql
[ info ] [ RUN ] app\index\Controller\Index->getSchedule[ /home/wwwroot/pc/pc/application/index/controller/Index.php ]
[ info ] [ LOG ] INIT File

---------------------------------------------------------------
[ 2018-06-19T14:37:14+08:00 ] 172.16.197.238 116.231.15.172 GET /index/index/getschedule.html?start=2018-05-27&end=2018-07-08&_=1529389841560
[ log ] 47.98.122.163:8080/index/index/getschedule.html?start=2018-05-27&end=2018-07-08&_=1529389841560 [运行时间：0.012729s][吞吐率：78.56req/s] [内存消耗：1,311.90kb] [文件加载：36]
[ info ] [ LANG ] /home/wwwroot/pc/pc/thinkphp/lang/zh-cn.php
[ info ] [ ROUTE ] array (
  'type' => 'module',
  'module' => 
  array (
    0 => 'index',
    1 => 'index',
    2 => 'getschedule',
  ),
)
[ info ] [ HEADER ] array (
  'accept-language' => 'zh-CN,zh;q=0.8',
  'accept-encoding' => 'gzip, deflate, sdch',
  'referer' => 'http://47.98.122.163:8080/',
  'user-agent' => 'Mozilla/5.0 (Windows NT 10.0; WOW64) AppleWebKit/537.36 (KHTML, like Gecko) Chrome/55.0.2883.87 Safari/537.36',
  'x-requested-with' => 'XMLHttpRequest',
  'accept' => 'application/json, text/javascript, */*; q=0.01',
  'connection' => 'keep-alive',
  'host' => '47.98.122.163:8080',
  'content-type' => '',
  'content-length' => '',
)
[ info ] [ PARAM ] array (
  'start' => '2018-05-27',
  'end' => '2018-07-08',
  '_' => '1529389841560',
)
[ info ] [ DB ] INIT mysql
[ info ] [ RUN ] app\index\Controller\Index->getSchedule[ /home/wwwroot/pc/pc/application/index/controller/Index.php ]
[ info ] [ LOG ] INIT File

---------------------------------------------------------------
[ 2018-06-19T14:40:47+08:00 ] 172.16.197.238 116.231.15.172 GET /
[ log ] 47.98.122.163:8080/ [运行时间：0.011957s][吞吐率：83.63req/s] [内存消耗：1,301.54kb] [文件加载：37]
[ info ] [ LANG ] /home/wwwroot/pc/pc/thinkphp/lang/zh-cn.php
[ info ] [ ROUTE ] array (
  'type' => 'module',
  'module' => 
  array (
    0 => '',
    1 => NULL,
    2 => NULL,
  ),
)
[ info ] [ HEADER ] array (
  'cache-control' => 'no-cache',
  'pragma' => 'no-cache',
  'upgrade-insecure-requests' => '1',
  'connection' => 'keep-alive',
  'accept-encoding' => 'gzip, deflate',
  'accept-language' => 'zh-CN,zh;q=0.8,zh-TW;q=0.7,zh-HK;q=0.5,en-US;q=0.3,en;q=0.2',
  'accept' => 'text/html,application/xhtml+xml,application/xml;q=0.9,*/*;q=0.8',
  'user-agent' => 'Mozilla/5.0 (Windows NT 10.0; Win64; x64; rv:60.0) Gecko/20100101 Firefox/60.0',
  'host' => '47.98.122.163:8080',
  'content-type' => '',
  'content-length' => '',
)
[ info ] [ PARAM ] array (
)
[ info ] [ DB ] INIT mysql
[ info ] [ RUN ] app\index\Controller\Index->index[ /home/wwwroot/pc/pc/application/index/controller/Index.php ]
[ info ] [ VIEW ] /home/wwwroot/pc/pc/public/../application/index/view/index/index.html [ array (
  0 => 'name',
) ]
[ info ] [ LOG ] INIT File

---------------------------------------------------------------
[ 2018-06-19T14:40:49+08:00 ] 172.16.197.238 116.231.15.172 GET /index/index/getschedule.html?start=2018-05-27&end=2018-07-08&_=1529390450068
[ log ] 47.98.122.163:8080/index/index/getschedule.html?start=2018-05-27&end=2018-07-08&_=1529390450068 [运行时间：0.012163s][吞吐率：82.22req/s] [内存消耗：1,313.55kb] [文件加载：36]
[ info ] [ LANG ] /home/wwwroot/pc/pc/thinkphp/lang/zh-cn.php
[ info ] [ ROUTE ] array (
  'type' => 'module',
  'module' => 
  array (
    0 => 'index',
    1 => 'index',
    2 => 'getschedule',
  ),
)
[ info ] [ HEADER ] array (
  'cache-control' => 'no-cache',
  'pragma' => 'no-cache',
  'connection' => 'keep-alive',
  'x-requested-with' => 'XMLHttpRequest',
  'referer' => 'http://47.98.122.163:8080/',
  'accept-encoding' => 'gzip, deflate',
  'accept-language' => 'zh-CN,zh;q=0.8,zh-TW;q=0.7,zh-HK;q=0.5,en-US;q=0.3,en;q=0.2',
  'accept' => 'application/json, text/javascript, */*; q=0.01',
  'user-agent' => 'Mozilla/5.0 (Windows NT 10.0; Win64; x64; rv:60.0) Gecko/20100101 Firefox/60.0',
  'host' => '47.98.122.163:8080',
  'content-type' => '',
  'content-length' => '',
)
[ info ] [ PARAM ] array (
  'start' => '2018-05-27',
  'end' => '2018-07-08',
  '_' => '1529390450068',
)
[ info ] [ DB ] INIT mysql
[ info ] [ RUN ] app\index\Controller\Index->getSchedule[ /home/wwwroot/pc/pc/application/index/controller/Index.php ]
[ info ] [ LOG ] INIT File

---------------------------------------------------------------
[ 2018-06-19T14:43:23+08:00 ] 172.16.197.238 116.231.15.172 GET /
[ log ] 47.98.122.163:8080/ [运行时间：0.011990s][吞吐率：83.40req/s] [内存消耗：1,301.02kb] [文件加载：37]
[ info ] [ LANG ] /home/wwwroot/pc/pc/thinkphp/lang/zh-cn.php
[ info ] [ ROUTE ] array (
  'type' => 'module',
  'module' => 
  array (
    0 => '',
    1 => NULL,
    2 => NULL,
  ),
)
[ info ] [ HEADER ] array (
  'upgrade-insecure-requests' => '1',
  'connection' => 'keep-alive',
  'accept-encoding' => 'gzip, deflate',
  'accept-language' => 'zh-CN,zh;q=0.8,zh-TW;q=0.7,zh-HK;q=0.5,en-US;q=0.3,en;q=0.2',
  'accept' => 'text/html,application/xhtml+xml,application/xml;q=0.9,*/*;q=0.8',
  'user-agent' => 'Mozilla/5.0 (Windows NT 10.0; Win64; x64; rv:60.0) Gecko/20100101 Firefox/60.0',
  'host' => '47.98.122.163:8080',
  'content-type' => '',
  'content-length' => '',
)
[ info ] [ PARAM ] array (
)
[ info ] [ DB ] INIT mysql
[ info ] [ RUN ] app\index\Controller\Index->index[ /home/wwwroot/pc/pc/application/index/controller/Index.php ]
[ info ] [ VIEW ] /home/wwwroot/pc/pc/public/../application/index/view/index/index.html [ array (
  0 => 'name',
) ]
[ info ] [ LOG ] INIT File

---------------------------------------------------------------
[ 2018-06-19T14:43:23+08:00 ] 172.16.197.238 116.231.15.172 GET /index/index/getschedule.html?start=2018-05-27&end=2018-07-08&_=1529390603583
[ log ] 47.98.122.163:8080/index/index/getschedule.html?start=2018-05-27&end=2018-07-08&_=1529390603583 [运行时间：0.013164s][吞吐率：75.96req/s] [内存消耗：1,311.90kb] [文件加载：36]
[ info ] [ LANG ] /home/wwwroot/pc/pc/thinkphp/lang/zh-cn.php
[ info ] [ ROUTE ] array (
  'type' => 'module',
  'module' => 
  array (
    0 => 'index',
    1 => 'index',
    2 => 'getschedule',
  ),
)
[ info ] [ HEADER ] array (
  'connection' => 'keep-alive',
  'x-requested-with' => 'XMLHttpRequest',
  'referer' => 'http://47.98.122.163:8080/',
  'accept-encoding' => 'gzip, deflate',
  'accept-language' => 'zh-CN,zh;q=0.8,zh-TW;q=0.7,zh-HK;q=0.5,en-US;q=0.3,en;q=0.2',
  'accept' => 'application/json, text/javascript, */*; q=0.01',
  'user-agent' => 'Mozilla/5.0 (Windows NT 10.0; Win64; x64; rv:60.0) Gecko/20100101 Firefox/60.0',
  'host' => '47.98.122.163:8080',
  'content-type' => '',
  'content-length' => '',
)
[ info ] [ PARAM ] array (
  'start' => '2018-05-27',
  'end' => '2018-07-08',
  '_' => '1529390603583',
)
[ info ] [ DB ] INIT mysql
[ info ] [ RUN ] app\index\Controller\Index->getSchedule[ /home/wwwroot/pc/pc/application/index/controller/Index.php ]
[ info ] [ LOG ] INIT File

---------------------------------------------------------------
[ 2018-06-19T14:43:49+08:00 ] 172.16.197.238 116.231.15.172 GET /
[ log ] 47.98.122.163:8080/ [运行时间：0.011401s][吞吐率：87.71req/s] [内存消耗：1,301.54kb] [文件加载：37]
[ info ] [ LANG ] /home/wwwroot/pc/pc/thinkphp/lang/zh-cn.php
[ info ] [ ROUTE ] array (
  'type' => 'module',
  'module' => 
  array (
    0 => '',
    1 => NULL,
    2 => NULL,
  ),
)
[ info ] [ HEADER ] array (
  'cache-control' => 'no-cache',
  'pragma' => 'no-cache',
  'upgrade-insecure-requests' => '1',
  'connection' => 'keep-alive',
  'accept-encoding' => 'gzip, deflate',
  'accept-language' => 'zh-CN,zh;q=0.8,zh-TW;q=0.7,zh-HK;q=0.5,en-US;q=0.3,en;q=0.2',
  'accept' => 'text/html,application/xhtml+xml,application/xml;q=0.9,*/*;q=0.8',
  'user-agent' => 'Mozilla/5.0 (Windows NT 10.0; Win64; x64; rv:60.0) Gecko/20100101 Firefox/60.0',
  'host' => '47.98.122.163:8080',
  'content-type' => '',
  'content-length' => '',
)
[ info ] [ PARAM ] array (
)
[ info ] [ DB ] INIT mysql
[ info ] [ RUN ] app\index\Controller\Index->index[ /home/wwwroot/pc/pc/application/index/controller/Index.php ]
[ info ] [ VIEW ] /home/wwwroot/pc/pc/public/../application/index/view/index/index.html [ array (
  0 => 'name',
) ]
[ info ] [ LOG ] INIT File

---------------------------------------------------------------
[ 2018-06-19T14:43:51+08:00 ] 172.16.197.238 116.231.15.172 GET /index/index/getschedule.html?start=2018-05-27&end=2018-07-08&_=1529390631912
[ log ] 47.98.122.163:8080/index/index/getschedule.html?start=2018-05-27&end=2018-07-08&_=1529390631912 [运行时间：0.011535s][吞吐率：86.69req/s] [内存消耗：1,313.55kb] [文件加载：36]
[ info ] [ LANG ] /home/wwwroot/pc/pc/thinkphp/lang/zh-cn.php
[ info ] [ ROUTE ] array (
  'type' => 'module',
  'module' => 
  array (
    0 => 'index',
    1 => 'index',
    2 => 'getschedule',
  ),
)
[ info ] [ HEADER ] array (
  'cache-control' => 'no-cache',
  'pragma' => 'no-cache',
  'connection' => 'keep-alive',
  'x-requested-with' => 'XMLHttpRequest',
  'referer' => 'http://47.98.122.163:8080/',
  'accept-encoding' => 'gzip, deflate',
  'accept-language' => 'zh-CN,zh;q=0.8,zh-TW;q=0.7,zh-HK;q=0.5,en-US;q=0.3,en;q=0.2',
  'accept' => 'application/json, text/javascript, */*; q=0.01',
  'user-agent' => 'Mozilla/5.0 (Windows NT 10.0; Win64; x64; rv:60.0) Gecko/20100101 Firefox/60.0',
  'host' => '47.98.122.163:8080',
  'content-type' => '',
  'content-length' => '',
)
[ info ] [ PARAM ] array (
  'start' => '2018-05-27',
  'end' => '2018-07-08',
  '_' => '1529390631912',
)
[ info ] [ DB ] INIT mysql
[ info ] [ RUN ] app\index\Controller\Index->getSchedule[ /home/wwwroot/pc/pc/application/index/controller/Index.php ]
[ info ] [ LOG ] INIT File

---------------------------------------------------------------
[ 2018-06-19T14:46:45+08:00 ] 172.16.197.238 103.53.109.6 GET /
[ log ] 47.98.122.163:8080/ [运行时间：0.016141s][吞吐率：61.95req/s] [内存消耗：1,298.34kb] [文件加载：37]
[ info ] [ LANG ] /home/wwwroot/pc/pc/thinkphp/lang/zh-cn.php
[ info ] [ ROUTE ] array (
  'type' => 'module',
  'module' => 
  array (
    0 => '',
    1 => NULL,
    2 => NULL,
  ),
)
[ info ] [ HEADER ] array (
  'content-length' => '0',
  'user-agent' => 'Mozilla/5.0 (Windows NT 6.1; WOW64) AppleWebKit/537.36 (KHTML, like Gecko) Chrome/51.0.2704.103 Safari/537.36',
  'host' => '47.98.122.163:8080',
  'content-type' => '',
)
[ info ] [ PARAM ] array (
)
[ info ] [ DB ] INIT mysql
[ info ] [ RUN ] app\index\Controller\Index->index[ /home/wwwroot/pc/pc/application/index/controller/Index.php ]
[ info ] [ VIEW ] /home/wwwroot/pc/pc/public/../application/index/view/index/index.html [ array (
  0 => 'name',
) ]
[ info ] [ LOG ] INIT File

---------------------------------------------------------------
[ 2018-06-19T14:53:38+08:00 ] 172.16.197.238 106.120.160.114 GET /index/task/index.html
[ log ] 47.98.122.163/index/task/index.html [运行时间：0.017498s][吞吐率：57.15req/s] [内存消耗：1,828.78kb] [文件加载：40]
[ info ] [ LANG ] /home/wwwroot/pc/pc/thinkphp/lang/zh-cn.php
[ info ] [ ROUTE ] array (
  'type' => 'module',
  'module' => 
  array (
    0 => 'index',
    1 => 'task',
    2 => 'index',
  ),
)
[ info ] [ HEADER ] array (
  'user-agent' => 'Mozilla/4.0 (compatible; MSIE 8.0; Windows NT 6.1; Trident/4.0; SLCC2; .NET CLR 2.0.50727; .NET CLR 3.5.30729; .NET CLR 3.0.30729; Media Center PC 6.0; Tablet PC 2.0)',
  'connection' => 'close',
  'accept-language' => 'zh-CN,zh;q=0.8',
  'host' => '47.98.122.163',
  'referer' => 'http://47.98.122.163:8080/index/task/index.html',
  'accept-encoding' => 'identity',
  'content-type' => '',
  'content-length' => '',
)
[ info ] [ PARAM ] array (
)
[ info ] [ DB ] INIT mysql
[ info ] [ RUN ] app\index\Controller\Task->index[ /home/wwwroot/pc/pc/application/index/controller/Task.php ]
[ info ] [ LOG ] INIT File
[ error ] [42S02]SQLSTATE[42S02]: Base table or view not found: 1146 Table 'blue.project' doesn't exist[/home/wwwroot/pc/pc/thinkphp/library/think/db/connector/Mysql.php:65]

---------------------------------------------------------------
[ 2018-06-19T14:54:02+08:00 ] 172.16.197.238 106.120.160.114 GET /
[ log ] 47.98.122.163/ [运行时间：0.012931s][吞吐率：77.33req/s] [内存消耗：1,299.16kb] [文件加载：37]
[ info ] [ LANG ] /home/wwwroot/pc/pc/thinkphp/lang/zh-cn.php
[ info ] [ ROUTE ] array (
  'type' => 'module',
  'module' => 
  array (
    0 => '',
    1 => NULL,
    2 => NULL,
  ),
)
[ info ] [ HEADER ] array (
  'user-agent' => 'Mozilla/4.0 (compatible; MSIE 8.0; Windows NT 6.1; Trident/4.0; SLCC2; .NET CLR 2.0.50727; .NET CLR 3.5.30729; .NET CLR 3.0.30729; Media Center PC 6.0; Tablet PC 2.0)',
  'connection' => 'close',
  'accept-language' => 'zh-CN,zh;q=0.8',
  'host' => '47.98.122.163',
  'referer' => 'http://47.98.122.163:8080/',
  'accept-encoding' => 'identity',
  'content-type' => '',
  'content-length' => '',
)
[ info ] [ PARAM ] array (
)
[ info ] [ DB ] INIT mysql
[ info ] [ RUN ] app\index\Controller\Index->index[ /home/wwwroot/pc/pc/application/index/controller/Index.php ]
[ info ] [ VIEW ] /home/wwwroot/pc/pc/public/../application/index/view/index/index.html [ array (
  0 => 'name',
) ]
[ info ] [ LOG ] INIT File

---------------------------------------------------------------
[ 2018-06-19T14:54:06+08:00 ] 172.16.197.238 106.120.160.114 GET /index/index/index.html
[ log ] 47.98.122.163/index/index/index.html [运行时间：0.012839s][吞吐率：77.89req/s] [内存消耗：1,301.52kb] [文件加载：37]
[ info ] [ LANG ] /home/wwwroot/pc/pc/thinkphp/lang/zh-cn.php
[ info ] [ ROUTE ] array (
  'type' => 'module',
  'module' => 
  array (
    0 => 'index',
    1 => 'index',
    2 => 'index',
  ),
)
[ info ] [ HEADER ] array (
  'user-agent' => 'Mozilla/4.0 (compatible; MSIE 8.0; Windows NT 6.1; Trident/4.0; SLCC2; .NET CLR 2.0.50727; .NET CLR 3.5.30729; .NET CLR 3.0.30729; Media Center PC 6.0; Tablet PC 2.0)',
  'connection' => 'close',
  'accept-language' => 'zh-CN,zh;q=0.8',
  'host' => '47.98.122.163',
  'referer' => 'http://47.98.122.163:8080/index/index/index.html',
  'accept-encoding' => 'identity',
  'content-type' => '',
  'content-length' => '',
)
[ info ] [ PARAM ] array (
)
[ info ] [ DB ] INIT mysql
[ info ] [ RUN ] app\index\Controller\Index->index[ /home/wwwroot/pc/pc/application/index/controller/Index.php ]
[ info ] [ VIEW ] /home/wwwroot/pc/pc/public/../application/index/view/index/index.html [ array (
  0 => 'name',
) ]
[ info ] [ LOG ] INIT File

---------------------------------------------------------------
[ 2018-06-19T14:54:15+08:00 ] 172.16.197.238 106.120.160.114 GET /index/index/test.html
[ log ] 47.98.122.163/index/index/test.html [运行时间：0.018969s][吞吐率：52.72req/s] [内存消耗：1,268.30kb] [文件加载：35]
[ info ] [ LANG ] /home/wwwroot/pc/pc/thinkphp/lang/zh-cn.php
[ info ] [ ROUTE ] array (
  'type' => 'module',
  'module' => 
  array (
    0 => 'index',
    1 => 'index',
    2 => 'test',
  ),
)
[ info ] [ HEADER ] array (
  'user-agent' => 'Mozilla/4.0 (compatible; MSIE 8.0; Windows NT 6.1; Trident/4.0; SLCC2; .NET CLR 2.0.50727; .NET CLR 3.5.30729; .NET CLR 3.0.30729; Media Center PC 6.0; Tablet PC 2.0)',
  'connection' => 'close',
  'accept-language' => 'zh-CN,zh;q=0.8',
  'host' => '47.98.122.163',
  'referer' => 'http://47.98.122.163:8080/index/index/test.html',
  'accept-encoding' => 'identity',
  'content-type' => '',
  'content-length' => '',
)
[ info ] [ PARAM ] array (
)
[ info ] [ DB ] INIT mysql
[ info ] [ RUN ] app\index\Controller\Index->test[ /home/wwwroot/pc/pc/application/index/controller/Index.php ]
[ info ] [ LOG ] INIT File

---------------------------------------------------------------
[ 2018-06-19T14:54:30+08:00 ] 172.16.197.238 101.199.112.53 GET /index/index/index.html
[ log ] 47.98.122.163:8080/index/index/index.html [运行时间：0.012538s][吞吐率：79.76req/s] [内存消耗：1,302.01kb] [文件加载：37]
[ info ] [ LANG ] /home/wwwroot/pc/pc/thinkphp/lang/zh-cn.php
[ info ] [ ROUTE ] array (
  'type' => 'module',
  'module' => 
  array (
    0 => 'index',
    1 => 'index',
    2 => 'index',
  ),
)
[ info ] [ HEADER ] array (
  'accept-charset' => 'iso-8859-1,*,utf-8',
  'accept-encoding' => 'gzip,deflate',
  'accept' => 'text/html,application/xhtml+xml,application/xml;q=0.9,*/*;q=0.8',
  'user-agent' => 'Mozilla/5.0 (Windows NT 6.1) AppleWebKit/537.36 (KHTML, like Gecko) Chrome/36.0.1985.125 Safari/537.36',
  'accept-language' => 'zh-CN,zh;q=0.8',
  'connection' => 'keep-alive',
  'host' => '47.98.122.163:8080',
  'content-type' => '',
  'content-length' => '',
)
[ info ] [ PARAM ] array (
)
[ info ] [ DB ] INIT mysql
[ info ] [ RUN ] app\index\Controller\Index->index[ /home/wwwroot/pc/pc/application/index/controller/Index.php ]
[ info ] [ VIEW ] /home/wwwroot/pc/pc/public/../application/index/view/index/index.html [ array (
  0 => 'name',
) ]
[ info ] [ LOG ] INIT File

---------------------------------------------------------------
[ 2018-06-19T14:54:31+08:00 ] 172.16.197.238 101.199.112.53 GET /index/index/getschedule.html?start=2018-05-27&end=2018-07-08&_=1529391270717
[ log ] 47.98.122.163:8080/index/index/getschedule.html?start=2018-05-27&end=2018-07-08&_=1529391270717 [运行时间：0.012792s][吞吐率：78.17req/s] [内存消耗：1,315.81kb] [文件加载：36]
[ info ] [ LANG ] /home/wwwroot/pc/pc/thinkphp/lang/zh-cn.php
[ info ] [ ROUTE ] array (
  'type' => 'module',
  'module' => 
  array (
    0 => 'index',
    1 => 'index',
    2 => 'getschedule',
  ),
)
[ info ] [ HEADER ] array (
  'accept-charset' => 'iso-8859-1,*,utf-8',
  'accept-language' => 'en-us,en',
  'accept-encoding' => 'gzip,deflate',
  'referer' => 'http://47.98.122.163:8080/index/index/index.html',
  'accept' => 'application/json, text/javascript, */*; q=0.01',
  'user-agent' => 'Mozilla/5.0 (Windows NT 6.1) AppleWebKit/537.36 (KHTML, like Gecko) Chrome/36.0.1985.125 Safari/537.36',
  'x-requested-with' => 'XMLHttpRequest',
  'connection' => 'keep-alive',
  'host' => '47.98.122.163:8080',
  'content-type' => '',
  'content-length' => '',
)
[ info ] [ PARAM ] array (
  'start' => '2018-05-27',
  'end' => '2018-07-08',
  '_' => '1529391270717',
)
[ info ] [ DB ] INIT mysql
[ info ] [ RUN ] app\index\Controller\Index->getSchedule[ /home/wwwroot/pc/pc/application/index/controller/Index.php ]
[ info ] [ LOG ] INIT File

---------------------------------------------------------------
[ 2018-06-19T14:54:43+08:00 ] 172.16.197.238 101.199.110.115 GET /index/index/test.html
[ log ] 47.98.122.163:8080/index/index/test.html [运行时间：0.017414s][吞吐率：57.42req/s] [内存消耗：1,268.80kb] [文件加载：35]
[ info ] [ LANG ] /home/wwwroot/pc/pc/thinkphp/lang/zh-cn.php
[ info ] [ ROUTE ] array (
  'type' => 'module',
  'module' => 
  array (
    0 => 'index',
    1 => 'index',
    2 => 'test',
  ),
)
[ info ] [ HEADER ] array (
  'accept-charset' => 'iso-8859-1,*,utf-8',
  'accept-encoding' => 'gzip,deflate',
  'accept' => 'text/html,application/xhtml+xml,application/xml;q=0.9,*/*;q=0.8',
  'user-agent' => 'Mozilla/5.0 (Windows NT 6.1) AppleWebKit/537.36 (KHTML, like Gecko) Chrome/36.0.1985.125 Safari/537.36',
  'accept-language' => 'zh-CN,zh;q=0.8',
  'connection' => 'keep-alive',
  'host' => '47.98.122.163:8080',
  'content-type' => '',
  'content-length' => '',
)
[ info ] [ PARAM ] array (
)
[ info ] [ DB ] INIT mysql
[ info ] [ RUN ] app\index\Controller\Index->test[ /home/wwwroot/pc/pc/application/index/controller/Index.php ]
[ info ] [ LOG ] INIT File

---------------------------------------------------------------
[ 2018-06-19T15:11:40+08:00 ] 172.16.197.238 106.120.160.114 GET /index/index/getschedule.html?start=2018-05-27&end=2018-07-08&_=1529390603583
[ log ] 47.98.122.163/index/index/getschedule.html?start=2018-05-27&end=2018-07-08&_=1529390603583 [运行时间：0.014106s][吞吐率：70.89req/s] [内存消耗：1,367.09kb] [文件加载：37]
[ info ] [ LANG ] /home/wwwroot/pc/pc/thinkphp/lang/zh-cn.php
[ info ] [ ROUTE ] array (
  'type' => 'module',
  'module' => 
  array (
    0 => 'index',
    1 => 'index',
    2 => 'getschedule',
  ),
)
[ info ] [ HEADER ] array (
  'user-agent' => 'Mozilla/4.0 (compatible; MSIE 8.0; Windows NT 6.1; Trident/4.0; SLCC2; .NET CLR 2.0.50727; .NET CLR 3.5.30729; .NET CLR 3.0.30729; Media Center PC 6.0; Tablet PC 2.0)',
  'connection' => 'close',
  'accept-language' => 'zh-CN,zh;q=0.8',
  'host' => '47.98.122.163',
  'referer' => 'http://47.98.122.163:8080/index/index/getschedule.html?start=2018-05-27&end=2018-07-08&_=1529390603583',
  'accept-encoding' => 'identity',
  'content-type' => '',
  'content-length' => '',
)
[ info ] [ PARAM ] array (
  'start' => '2018-05-27',
  'end' => '2018-07-08',
  '_' => '1529390603583',
)
[ info ] [ DB ] INIT mysql
[ info ] [ RUN ] app\index\Controller\Index->getSchedule[ /home/wwwroot/pc/pc/application/index/controller/Index.php ]
[ info ] [ LOG ] INIT File
[ error ] [0]variable type error： array[/home/wwwroot/pc/pc/thinkphp/library/think/Response.php:312]

---------------------------------------------------------------
[ 2018-06-19T15:16:18+08:00 ] 172.16.197.238 116.231.15.172 GET /
[ log ] 47.98.122.163:8080/ [运行时间：0.012492s][吞吐率：80.05req/s] [内存消耗：1,301.02kb] [文件加载：37]
[ info ] [ LANG ] /home/wwwroot/pc/pc/thinkphp/lang/zh-cn.php
[ info ] [ ROUTE ] array (
  'type' => 'module',
  'module' => 
  array (
    0 => '',
    1 => NULL,
    2 => NULL,
  ),
)
[ info ] [ HEADER ] array (
  'upgrade-insecure-requests' => '1',
  'connection' => 'keep-alive',
  'accept-encoding' => 'gzip, deflate',
  'accept-language' => 'zh-CN,zh;q=0.8,zh-TW;q=0.7,zh-HK;q=0.5,en-US;q=0.3,en;q=0.2',
  'accept' => 'text/html,application/xhtml+xml,application/xml;q=0.9,*/*;q=0.8',
  'user-agent' => 'Mozilla/5.0 (Windows NT 10.0; Win64; x64; rv:60.0) Gecko/20100101 Firefox/60.0',
  'host' => '47.98.122.163:8080',
  'content-type' => '',
  'content-length' => '',
)
[ info ] [ PARAM ] array (
)
[ info ] [ DB ] INIT mysql
[ info ] [ RUN ] app\index\Controller\Index->index[ /home/wwwroot/pc/pc/application/index/controller/Index.php ]
[ info ] [ VIEW ] /home/wwwroot/pc/pc/public/../application/index/view/index/index.html [ array (
  0 => 'name',
) ]
[ info ] [ LOG ] INIT File

---------------------------------------------------------------
[ 2018-06-19T15:16:18+08:00 ] 172.16.197.238 116.231.15.172 GET /index/index/getschedule.html?start=2018-05-27&end=2018-07-08&_=1529392578465
[ log ] 47.98.122.163:8080/index/index/getschedule.html?start=2018-05-27&end=2018-07-08&_=1529392578465 [运行时间：0.011989s][吞吐率：83.41req/s] [内存消耗：1,316.96kb] [文件加载：36]
[ info ] [ LANG ] /home/wwwroot/pc/pc/thinkphp/lang/zh-cn.php
[ info ] [ ROUTE ] array (
  'type' => 'module',
  'module' => 
  array (
    0 => 'index',
    1 => 'index',
    2 => 'getschedule',
  ),
)
[ info ] [ HEADER ] array (
  'connection' => 'keep-alive',
  'x-requested-with' => 'XMLHttpRequest',
  'referer' => 'http://47.98.122.163:8080/',
  'accept-encoding' => 'gzip, deflate',
  'accept-language' => 'zh-CN,zh;q=0.8,zh-TW;q=0.7,zh-HK;q=0.5,en-US;q=0.3,en;q=0.2',
  'accept' => 'application/json, text/javascript, */*; q=0.01',
  'user-agent' => 'Mozilla/5.0 (Windows NT 10.0; Win64; x64; rv:60.0) Gecko/20100101 Firefox/60.0',
  'host' => '47.98.122.163:8080',
  'content-type' => '',
  'content-length' => '',
)
[ info ] [ PARAM ] array (
  'start' => '2018-05-27',
  'end' => '2018-07-08',
  '_' => '1529392578465',
)
[ info ] [ DB ] INIT mysql
[ info ] [ RUN ] app\index\Controller\Index->getSchedule[ /home/wwwroot/pc/pc/application/index/controller/Index.php ]
[ info ] [ LOG ] INIT File

---------------------------------------------------------------
[ 2018-06-19T15:37:57+08:00 ] 172.16.197.238 106.120.160.114 GET /index/index/getschedule.html?start=2018-05-27&end=2018-07-08&_=1529392578465
[ log ] 47.98.122.163/index/index/getschedule.html?start=2018-05-27&end=2018-07-08&_=1529392578465 [运行时间：0.013441s][吞吐率：74.40req/s] [内存消耗：1,367.09kb] [文件加载：37]
[ info ] [ LANG ] /home/wwwroot/pc/pc/thinkphp/lang/zh-cn.php
[ info ] [ ROUTE ] array (
  'type' => 'module',
  'module' => 
  array (
    0 => 'index',
    1 => 'index',
    2 => 'getschedule',
  ),
)
[ info ] [ HEADER ] array (
  'user-agent' => 'Mozilla/4.0 (compatible; MSIE 8.0; Windows NT 6.1; Trident/4.0; SLCC2; .NET CLR 2.0.50727; .NET CLR 3.5.30729; .NET CLR 3.0.30729; Media Center PC 6.0; Tablet PC 2.0)',
  'connection' => 'close',
  'accept-language' => 'zh-CN,zh;q=0.8',
  'host' => '47.98.122.163',
  'referer' => 'http://47.98.122.163:8080/index/index/getschedule.html?start=2018-05-27&end=2018-07-08&_=1529392578465',
  'accept-encoding' => 'identity',
  'content-type' => '',
  'content-length' => '',
)
[ info ] [ PARAM ] array (
  'start' => '2018-05-27',
  'end' => '2018-07-08',
  '_' => '1529392578465',
)
[ info ] [ DB ] INIT mysql
[ info ] [ RUN ] app\index\Controller\Index->getSchedule[ /home/wwwroot/pc/pc/application/index/controller/Index.php ]
[ info ] [ LOG ] INIT File
[ error ] [0]variable type error： array[/home/wwwroot/pc/pc/thinkphp/library/think/Response.php:312]

---------------------------------------------------------------
[ 2018-06-19T15:44:35+08:00 ] 172.16.197.238 79.164.216.126 GET /
[ log ] 47.98.122.163:8080/ [运行时间：0.011417s][吞吐率：87.59req/s] [内存消耗：1,298.34kb] [文件加载：37]
[ info ] [ LANG ] /home/wwwroot/pc/pc/thinkphp/lang/zh-cn.php
[ info ] [ ROUTE ] array (
  'type' => 'module',
  'module' => 
  array (
    0 => '',
    1 => NULL,
    2 => NULL,
  ),
)
[ info ] [ HEADER ] array (
  'content-length' => '0',
  'user-agent' => 'Mozilla/5.0 (Windows NT 6.1; WOW64) AppleWebKit/537.36 (KHTML, like Gecko) Chrome/51.0.2704.103 Safari/537.36',
  'host' => '47.98.122.163:8080',
  'content-type' => '',
)
[ info ] [ PARAM ] array (
)
[ info ] [ DB ] INIT mysql
[ info ] [ RUN ] app\index\Controller\Index->index[ /home/wwwroot/pc/pc/application/index/controller/Index.php ]
[ info ] [ VIEW ] /home/wwwroot/pc/pc/public/../application/index/view/index/index.html [ array (
  0 => 'name',
) ]
[ info ] [ LOG ] INIT File

---------------------------------------------------------------
[ 2018-06-19T15:50:50+08:00 ] 172.16.197.238 46.102.13.122 GET /
[ log ] 47.98.122.163:8080/ [运行时间：0.012291s][吞吐率：81.36req/s] [内存消耗：1,298.34kb] [文件加载：37]
[ info ] [ LANG ] /home/wwwroot/pc/pc/thinkphp/lang/zh-cn.php
[ info ] [ ROUTE ] array (
  'type' => 'module',
  'module' => 
  array (
    0 => '',
    1 => NULL,
    2 => NULL,
  ),
)
[ info ] [ HEADER ] array (
  'content-length' => '0',
  'user-agent' => 'Mozilla/5.0 (Windows NT 10.0; WOW64) AppleWebKit/537.36 (KHTML, like Gecko) Chrome/51.0.2704.103 Safari/537.36',
  'host' => '47.98.122.163:8080',
  'content-type' => '',
)
[ info ] [ PARAM ] array (
)
[ info ] [ DB ] INIT mysql
[ info ] [ RUN ] app\index\Controller\Index->index[ /home/wwwroot/pc/pc/application/index/controller/Index.php ]
[ info ] [ VIEW ] /home/wwwroot/pc/pc/public/../application/index/view/index/index.html [ array (
  0 => 'name',
) ]
[ info ] [ LOG ] INIT File

---------------------------------------------------------------
[ 2018-06-19T15:54:13+08:00 ] 172.16.197.238 182.118.20.152 GET /index/task/index.html
[ log ] 47.98.122.163:8080/index/task/index.html [运行时间：0.016662s][吞吐率：60.02req/s] [内存消耗：1,829.67kb] [文件加载：40]
[ info ] [ LANG ] /home/wwwroot/pc/pc/thinkphp/lang/zh-cn.php
[ info ] [ ROUTE ] array (
  'type' => 'module',
  'module' => 
  array (
    0 => 'index',
    1 => 'task',
    2 => 'index',
  ),
)
[ info ] [ HEADER ] array (
  'connection' => 'keep-alive',
  'cache-control' => 'max-age=259200',
  'x-forwarded-for' => 'unknown',
  'user-agent' => 'Mozilla/4.0 (compatible; MSIE 8.0; Windows NT 6.1; Trident/4.0; SLCC2; .NET CLR 2.0.50727; .NET CLR 3.5.30729; .NET CLR 3.0.30729; Media Center PC 6.0; Tablet PC 2.0)',
  'accept-language' => 'zh-CN,zh;q=0.8',
  'host' => '47.98.122.163:8080',
  'referer' => 'http://47.98.122.163:8080/index/task/index.html',
  'accept-encoding' => 'identity',
  'content-type' => '',
  'content-length' => '',
)
[ info ] [ PARAM ] array (
)
[ info ] [ DB ] INIT mysql
[ info ] [ RUN ] app\index\Controller\Task->index[ /home/wwwroot/pc/pc/application/index/controller/Task.php ]
[ info ] [ LOG ] INIT File
[ error ] [42S02]SQLSTATE[42S02]: Base table or view not found: 1146 Table 'blue.project' doesn't exist[/home/wwwroot/pc/pc/thinkphp/library/think/db/connector/Mysql.php:65]

---------------------------------------------------------------
[ 2018-06-19T15:54:58+08:00 ] 172.16.197.238 101.199.108.120 GET /index/task/index.html
[ log ] 47.98.122.163:8080/index/task/index.html [运行时间：0.018227s][吞吐率：54.86req/s] [内存消耗：1,829.27kb] [文件加载：40]
[ info ] [ LANG ] /home/wwwroot/pc/pc/thinkphp/lang/zh-cn.php
[ info ] [ ROUTE ] array (
  'type' => 'module',
  'module' => 
  array (
    0 => 'index',
    1 => 'task',
    2 => 'index',
  ),
)
[ info ] [ HEADER ] array (
  'accept-charset' => 'iso-8859-1,*,utf-8',
  'accept-encoding' => 'gzip,deflate',
  'accept' => 'text/html,application/xhtml+xml,application/xml;q=0.9,*/*;q=0.8',
  'user-agent' => 'Mozilla/5.0 (Windows NT 6.1) AppleWebKit/537.36 (KHTML, like Gecko) Chrome/36.0.1985.125 Safari/537.36',
  'accept-language' => 'zh-CN,zh;q=0.8',
  'connection' => 'keep-alive',
  'host' => '47.98.122.163:8080',
  'content-type' => '',
  'content-length' => '',
)
[ info ] [ PARAM ] array (
)
[ info ] [ DB ] INIT mysql
[ info ] [ RUN ] app\index\Controller\Task->index[ /home/wwwroot/pc/pc/application/index/controller/Task.php ]
[ info ] [ LOG ] INIT File
[ error ] [42S02]SQLSTATE[42S02]: Base table or view not found: 1146 Table 'blue.project' doesn't exist[/home/wwwroot/pc/pc/thinkphp/library/think/db/connector/Mysql.php:65]

---------------------------------------------------------------
[ 2018-06-19T16:12:07+08:00 ] 172.16.197.238 171.13.14.131 GET /index/index/getschedule.html?start=2018-05-27&end=2018-07-08&_=1529390603583
[ log ] 47.98.122.163:8080/index/index/getschedule.html?start=2018-05-27&end=2018-07-08&_=1529390603583 [运行时间：0.013676s][吞吐率：73.12req/s] [内存消耗：1,367.84kb] [文件加载：37]
[ info ] [ LANG ] /home/wwwroot/pc/pc/thinkphp/lang/zh-cn.php
[ info ] [ ROUTE ] array (
  'type' => 'module',
  'module' => 
  array (
    0 => 'index',
    1 => 'index',
    2 => 'getschedule',
  ),
)
[ info ] [ HEADER ] array (
  'connection' => 'keep-alive',
  'cache-control' => 'max-age=259200',
  'x-forwarded-for' => 'unknown',
  'user-agent' => 'Mozilla/4.0 (compatible; MSIE 8.0; Windows NT 6.1; Trident/4.0; SLCC2; .NET CLR 2.0.50727; .NET CLR 3.5.30729; .NET CLR 3.0.30729; Media Center PC 6.0; Tablet PC 2.0)',
  'accept-language' => 'zh-CN,zh;q=0.8',
  'host' => '47.98.122.163:8080',
  'referer' => 'http://47.98.122.163:8080/index/index/getschedule.html?start=2018-05-27&end=2018-07-08&_=1529390603583',
  'accept-encoding' => 'identity',
  'content-type' => '',
  'content-length' => '',
)
[ info ] [ PARAM ] array (
  'start' => '2018-05-27',
  'end' => '2018-07-08',
  '_' => '1529390603583',
)
[ info ] [ DB ] INIT mysql
[ info ] [ RUN ] app\index\Controller\Index->getSchedule[ /home/wwwroot/pc/pc/application/index/controller/Index.php ]
[ info ] [ LOG ] INIT File
[ error ] [0]variable type error： array[/home/wwwroot/pc/pc/thinkphp/library/think/Response.php:312]

---------------------------------------------------------------
[ 2018-06-19T16:12:08+08:00 ] 172.16.197.238 182.118.20.149 GET /index/index/getschedule.html?start=2018-05-27&end=2018-07-08&_=1529390603583
[ log ] 47.98.122.163:8080/index/index/getschedule.html?start=2018-05-27&end=2018-07-08&_=1529390603583 [运行时间：0.013500s][吞吐率：74.07req/s] [内存消耗：1,367.84kb] [文件加载：37]
[ info ] [ LANG ] /home/wwwroot/pc/pc/thinkphp/lang/zh-cn.php
[ info ] [ ROUTE ] array (
  'type' => 'module',
  'module' => 
  array (
    0 => 'index',
    1 => 'index',
    2 => 'getschedule',
  ),
)
[ info ] [ HEADER ] array (
  'connection' => 'keep-alive',
  'cache-control' => 'max-age=259200',
  'x-forwarded-for' => 'unknown',
  'user-agent' => 'Mozilla/4.0 (compatible; MSIE 8.0; Windows NT 6.1; Trident/4.0; SLCC2; .NET CLR 2.0.50727; .NET CLR 3.5.30729; .NET CLR 3.0.30729; Media Center PC 6.0; Tablet PC 2.0)',
  'accept-language' => 'zh-CN,zh;q=0.8',
  'host' => '47.98.122.163:8080',
  'referer' => 'http://47.98.122.163:8080/index/index/getschedule.html?start=2018-05-27&end=2018-07-08&_=1529390603583',
  'accept-encoding' => 'identity',
  'content-type' => '',
  'content-length' => '',
)
[ info ] [ PARAM ] array (
  'start' => '2018-05-27',
  'end' => '2018-07-08',
  '_' => '1529390603583',
)
[ info ] [ DB ] INIT mysql
[ info ] [ RUN ] app\index\Controller\Index->getSchedule[ /home/wwwroot/pc/pc/application/index/controller/Index.php ]
[ info ] [ LOG ] INIT File
[ error ] [0]variable type error： array[/home/wwwroot/pc/pc/thinkphp/library/think/Response.php:312]

---------------------------------------------------------------
[ 2018-06-19T16:20:18+08:00 ] 172.16.197.238 177.103.27.171 GET /
[ log ] 47.98.122.163:8080/ [运行时间：0.012994s][吞吐率：76.96req/s] [内存消耗：1,298.34kb] [文件加载：37]
[ info ] [ LANG ] /home/wwwroot/pc/pc/thinkphp/lang/zh-cn.php
[ info ] [ ROUTE ] array (
  'type' => 'module',
  'module' => 
  array (
    0 => '',
    1 => NULL,
    2 => NULL,
  ),
)
[ info ] [ HEADER ] array (
  'content-length' => '0',
  'user-agent' => 'Mozilla/5.0 (Windows NT 6.1; WOW64) AppleWebKit/537.36 (KHTML, like Gecko) Chrome/52.0.2743.116 Safari/537.36',
  'host' => '47.98.122.163:8080',
  'content-type' => '',
)
[ info ] [ PARAM ] array (
)
[ info ] [ DB ] INIT mysql
[ info ] [ RUN ] app\index\Controller\Index->index[ /home/wwwroot/pc/pc/application/index/controller/Index.php ]
[ info ] [ VIEW ] /home/wwwroot/pc/pc/public/../application/index/view/index/index.html [ array (
  0 => 'name',
) ]
[ info ] [ LOG ] INIT File

---------------------------------------------------------------
[ 2018-06-19T16:38:15+08:00 ] 172.16.197.238 171.13.14.134 GET /index/index/getschedule.html?start=2018-05-27&end=2018-07-08&_=1529392578465
[ log ] 47.98.122.163:8080/index/index/getschedule.html?start=2018-05-27&end=2018-07-08&_=1529392578465 [运行时间：0.014927s][吞吐率：66.99req/s] [内存消耗：1,367.84kb] [文件加载：37]
[ info ] [ LANG ] /home/wwwroot/pc/pc/thinkphp/lang/zh-cn.php
[ info ] [ ROUTE ] array (
  'type' => 'module',
  'module' => 
  array (
    0 => 'index',
    1 => 'index',
    2 => 'getschedule',
  ),
)
[ info ] [ HEADER ] array (
  'connection' => 'keep-alive',
  'cache-control' => 'max-age=259200',
  'x-forwarded-for' => 'unknown',
  'user-agent' => 'Mozilla/4.0 (compatible; MSIE 8.0; Windows NT 6.1; Trident/4.0; SLCC2; .NET CLR 2.0.50727; .NET CLR 3.5.30729; .NET CLR 3.0.30729; Media Center PC 6.0; Tablet PC 2.0)',
  'accept-language' => 'zh-CN,zh;q=0.8',
  'host' => '47.98.122.163:8080',
  'referer' => 'http://47.98.122.163:8080/index/index/getschedule.html?start=2018-05-27&end=2018-07-08&_=1529392578465',
  'accept-encoding' => 'identity',
  'content-type' => '',
  'content-length' => '',
)
[ info ] [ PARAM ] array (
  'start' => '2018-05-27',
  'end' => '2018-07-08',
  '_' => '1529392578465',
)
[ info ] [ DB ] INIT mysql
[ info ] [ RUN ] app\index\Controller\Index->getSchedule[ /home/wwwroot/pc/pc/application/index/controller/Index.php ]
[ info ] [ LOG ] INIT File
[ error ] [0]variable type error： array[/home/wwwroot/pc/pc/thinkphp/library/think/Response.php:312]

---------------------------------------------------------------
[ 2018-06-19T17:14:48+08:00 ] 172.16.197.238 217.29.220.146 GET /
[ log ] 47.98.122.163:8080/ [运行时间：0.011498s][吞吐率：86.97req/s] [内存消耗：1,298.34kb] [文件加载：37]
[ info ] [ LANG ] /home/wwwroot/pc/pc/thinkphp/lang/zh-cn.php
[ info ] [ ROUTE ] array (
  'type' => 'module',
  'module' => 
  array (
    0 => '',
    1 => NULL,
    2 => NULL,
  ),
)
[ info ] [ HEADER ] array (
  'content-length' => '0',
  'user-agent' => 'Mozilla/5.0 (Windows NT 10.0; WOW64) AppleWebKit/537.36 (KHTML, like Gecko) Chrome/52.0.2743.116 Safari/537.36',
  'host' => '47.98.122.163:8080',
  'content-type' => '',
)
[ info ] [ PARAM ] array (
)
[ info ] [ DB ] INIT mysql
[ info ] [ RUN ] app\index\Controller\Index->index[ /home/wwwroot/pc/pc/application/index/controller/Index.php ]
[ info ] [ VIEW ] /home/wwwroot/pc/pc/public/../application/index/view/index/index.html [ array (
  0 => 'name',
) ]
[ info ] [ LOG ] INIT File

---------------------------------------------------------------
[ 2018-06-19T17:16:07+08:00 ] 172.16.197.238 84.9.164.214 GET /
[ log ] 47.98.122.163:8080/ [运行时间：0.012931s][吞吐率：77.33req/s] [内存消耗：1,298.34kb] [文件加载：37]
[ info ] [ LANG ] /home/wwwroot/pc/pc/thinkphp/lang/zh-cn.php
[ info ] [ ROUTE ] array (
  'type' => 'module',
  'module' => 
  array (
    0 => '',
    1 => NULL,
    2 => NULL,
  ),
)
[ info ] [ HEADER ] array (
  'content-length' => '0',
  'user-agent' => 'Mozilla/5.0 (Windows NT 6.1; WOW64) AppleWebKit/537.36 (KHTML, like Gecko) Chrome/52.0.2743.116 Safari/537.36',
  'host' => '47.98.122.163:8080',
  'content-type' => '',
)
[ info ] [ PARAM ] array (
)
[ info ] [ DB ] INIT mysql
[ info ] [ RUN ] app\index\Controller\Index->index[ /home/wwwroot/pc/pc/application/index/controller/Index.php ]
[ info ] [ VIEW ] /home/wwwroot/pc/pc/public/../application/index/view/index/index.html [ array (
  0 => 'name',
) ]
[ info ] [ LOG ] INIT File

---------------------------------------------------------------
[ 2018-06-19T19:40:09+08:00 ] 172.16.197.238 169.239.178.116 GET /
[ log ] 47.98.122.163:8080/ [运行时间：0.012110s][吞吐率：82.58req/s] [内存消耗：1,298.34kb] [文件加载：37]
[ info ] [ LANG ] /home/wwwroot/pc/pc/thinkphp/lang/zh-cn.php
[ info ] [ ROUTE ] array (
  'type' => 'module',
  'module' => 
  array (
    0 => '',
    1 => NULL,
    2 => NULL,
  ),
)
[ info ] [ HEADER ] array (
  'content-length' => '0',
  'user-agent' => 'Mozilla/5.0 (Windows NT 10.0; WOW64) AppleWebKit/537.36 (KHTML, like Gecko) Chrome/52.0.2743.116 Safari/537.36',
  'host' => '47.98.122.163:8080',
  'content-type' => '',
)
[ info ] [ PARAM ] array (
)
[ info ] [ DB ] INIT mysql
[ info ] [ RUN ] app\index\Controller\Index->index[ /home/wwwroot/pc/pc/application/index/controller/Index.php ]
[ info ] [ VIEW ] /home/wwwroot/pc/pc/public/../application/index/view/index/index.html [ array (
  0 => 'name',
) ]
[ info ] [ LOG ] INIT File

---------------------------------------------------------------
[ 2018-06-19T21:08:54+08:00 ] 172.16.197.238 103.225.126.177 GET /
[ log ] 47.98.122.163:8080/ [运行时间：0.012574s][吞吐率：79.53req/s] [内存消耗：1,298.34kb] [文件加载：37]
[ info ] [ LANG ] /home/wwwroot/pc/pc/thinkphp/lang/zh-cn.php
[ info ] [ ROUTE ] array (
  'type' => 'module',
  'module' => 
  array (
    0 => '',
    1 => NULL,
    2 => NULL,
  ),
)
[ info ] [ HEADER ] array (
  'content-length' => '0',
  'user-agent' => 'Mozilla/5.0 (Windows NT 10.0; WOW64) AppleWebKit/537.36 (KHTML, like Gecko) Chrome/51.0.2704.103 Safari/537.36',
  'host' => '47.98.122.163:8080',
  'content-type' => '',
)
[ info ] [ PARAM ] array (
)
[ info ] [ DB ] INIT mysql
[ info ] [ RUN ] app\index\Controller\Index->index[ /home/wwwroot/pc/pc/application/index/controller/Index.php ]
[ info ] [ VIEW ] /home/wwwroot/pc/pc/public/../application/index/view/index/index.html [ array (
  0 => 'name',
) ]
[ info ] [ LOG ] INIT File

---------------------------------------------------------------
[ 2018-06-19T21:51:37+08:00 ] 172.16.197.238 45.229.230.202 GET /
[ log ] 47.98.122.163:8080/ [运行时间：0.012380s][吞吐率：80.77req/s] [内存消耗：1,298.34kb] [文件加载：37]
[ info ] [ LANG ] /home/wwwroot/pc/pc/thinkphp/lang/zh-cn.php
[ info ] [ ROUTE ] array (
  'type' => 'module',
  'module' => 
  array (
    0 => '',
    1 => NULL,
    2 => NULL,
  ),
)
[ info ] [ HEADER ] array (
  'content-length' => '0',
  'user-agent' => 'Mozilla/5.0 (Windows NT 10.0; WOW64) AppleWebKit/537.36 (KHTML, like Gecko) Chrome/52.0.2743.116 Safari/537.36',
  'host' => '47.98.122.163:8080',
  'content-type' => '',
)
[ info ] [ PARAM ] array (
)
[ info ] [ DB ] INIT mysql
[ info ] [ RUN ] app\index\Controller\Index->index[ /home/wwwroot/pc/pc/application/index/controller/Index.php ]
[ info ] [ VIEW ] /home/wwwroot/pc/pc/public/../application/index/view/index/index.html [ array (
  0 => 'name',
) ]
[ info ] [ LOG ] INIT File

---------------------------------------------------------------
[ 2018-06-19T22:01:08+08:00 ] 172.16.197.238 191.8.1.168 GET /
[ log ] 47.98.122.163:8080/ [运行时间：0.011424s][吞吐率：87.53req/s] [内存消耗：1,298.34kb] [文件加载：37]
[ info ] [ LANG ] /home/wwwroot/pc/pc/thinkphp/lang/zh-cn.php
[ info ] [ ROUTE ] array (
  'type' => 'module',
  'module' => 
  array (
    0 => '',
    1 => NULL,
    2 => NULL,
  ),
)
[ info ] [ HEADER ] array (
  'content-length' => '0',
  'user-agent' => 'Mozilla/5.0 (Windows NT 10.0; WOW64) AppleWebKit/537.36 (KHTML, like Gecko) Chrome/51.0.2704.103 Safari/537.36',
  'host' => '47.98.122.163:8080',
  'content-type' => '',
)
[ info ] [ PARAM ] array (
)
[ info ] [ DB ] INIT mysql
[ info ] [ RUN ] app\index\Controller\Index->index[ /home/wwwroot/pc/pc/application/index/controller/Index.php ]
[ info ] [ VIEW ] /home/wwwroot/pc/pc/public/../application/index/view/index/index.html [ array (
  0 => 'name',
) ]
[ info ] [ LOG ] INIT File

---------------------------------------------------------------
[ 2018-06-19T23:23:20+08:00 ] 172.16.197.238 101.255.90.34 GET /
[ log ] 47.98.122.163:8080/ [运行时间：0.012133s][吞吐率：82.42req/s] [内存消耗：1,298.34kb] [文件加载：37]
[ info ] [ LANG ] /home/wwwroot/pc/pc/thinkphp/lang/zh-cn.php
[ info ] [ ROUTE ] array (
  'type' => 'module',
  'module' => 
  array (
    0 => '',
    1 => NULL,
    2 => NULL,
  ),
)
[ info ] [ HEADER ] array (
  'content-length' => '0',
  'user-agent' => 'Mozilla/5.0 (Windows NT 10.0; WOW64) AppleWebKit/537.36 (KHTML, like Gecko) Chrome/52.0.2743.116 Safari/537.36',
  'host' => '47.98.122.163:8080',
  'content-type' => '',
)
[ info ] [ PARAM ] array (
)
[ info ] [ DB ] INIT mysql
[ info ] [ RUN ] app\index\Controller\Index->index[ /home/wwwroot/pc/pc/application/index/controller/Index.php ]
[ info ] [ VIEW ] /home/wwwroot/pc/pc/public/../application/index/view/index/index.html [ array (
  0 => 'name',
) ]
[ info ] [ LOG ] INIT File

---------------------------------------------------------------
