[ 2018-06-24T01:09:37+08:00 ] 172.16.197.238 116.62.176.205 GET /
[ log ] 47.89.6.224:8080/ [运行时间：0.011223s][吞吐率：89.10req/s] [内存消耗：1,297.94kb] [文件加载：37]
[ info ] [ LANG ] /home/wwwroot/pc/pc/thinkphp/lang/zh-cn.php
[ info ] [ ROUTE ] array (
  'type' => 'module',
  'module' => 
  array (
    0 => '',
    1 => NULL,
    2 => NULL,
  ),
)
[ info ] [ HEADER ] array (
  'accept-encoding' => 'identity',
  'connection' => 'Close',
  'host' => '47.89.6.224:8080',
  'content-type' => '',
  'content-length' => '',
)
[ info ] [ PARAM ] array (
)
[ info ] [ DB ] INIT mysql
[ info ] [ RUN ] app\index\Controller\Index->index[ /home/wwwroot/pc/pc/application/index/controller/Index.php ]
[ info ] [ VIEW ] /home/wwwroot/pc/pc/public/../application/index/view/index/index.html [ array (
  0 => 'name',
) ]
[ info ] [ LOG ] INIT File

---------------------------------------------------------------
[ 2018-06-24T02:17:27+08:00 ] 172.16.197.238 119.23.127.40 GET /
[ log ] 42.236.8.36:8080/ [运行时间：0.011060s][吞吐率：90.42req/s] [内存消耗：1,297.95kb] [文件加载：37]
[ info ] [ LANG ] /home/wwwroot/pc/pc/thinkphp/lang/zh-cn.php
[ info ] [ ROUTE ] array (
  'type' => 'module',
  'module' => 
  array (
    0 => '',
    1 => NULL,
    2 => NULL,
  ),
)
[ info ] [ HEADER ] array (
  'accept-encoding' => 'identity',
  'connection' => 'Close',
  'host' => '42.236.8.36:8080',
  'content-type' => '',
  'content-length' => '',
)
[ info ] [ PARAM ] array (
)
[ info ] [ DB ] INIT mysql
[ info ] [ RUN ] app\index\Controller\Index->index[ /home/wwwroot/pc/pc/application/index/controller/Index.php ]
[ info ] [ VIEW ] /home/wwwroot/pc/pc/public/../application/index/view/index/index.html [ array (
  0 => 'name',
) ]
[ info ] [ LOG ] INIT File

---------------------------------------------------------------
[ 2018-06-24T02:21:16+08:00 ] 172.16.197.238 37.112.66.147 GET /
[ log ] 47.98.122.163:8080/ [运行时间：0.011050s][吞吐率：90.50req/s] [内存消耗：1,298.34kb] [文件加载：37]
[ info ] [ LANG ] /home/wwwroot/pc/pc/thinkphp/lang/zh-cn.php
[ info ] [ ROUTE ] array (
  'type' => 'module',
  'module' => 
  array (
    0 => '',
    1 => NULL,
    2 => NULL,
  ),
)
[ info ] [ HEADER ] array (
  'content-length' => '0',
  'user-agent' => 'Mozilla/5.0 (Windows NT 10.0; WOW64) AppleWebKit/537.36 (KHTML, like Gecko) Chrome/52.0.2743.116 Safari/537.36',
  'host' => '47.98.122.163:8080',
  'content-type' => '',
)
[ info ] [ PARAM ] array (
)
[ info ] [ DB ] INIT mysql
[ info ] [ RUN ] app\index\Controller\Index->index[ /home/wwwroot/pc/pc/application/index/controller/Index.php ]
[ info ] [ VIEW ] /home/wwwroot/pc/pc/public/../application/index/view/index/index.html [ array (
  0 => 'name',
) ]
[ info ] [ LOG ] INIT File

---------------------------------------------------------------
[ 2018-06-24T03:17:47+08:00 ] 172.16.197.238 177.102.57.111 GET /
[ log ] 47.98.122.163:8080/ [运行时间：0.011886s][吞吐率：84.13req/s] [内存消耗：1,298.34kb] [文件加载：37]
[ info ] [ LANG ] /home/wwwroot/pc/pc/thinkphp/lang/zh-cn.php
[ info ] [ ROUTE ] array (
  'type' => 'module',
  'module' => 
  array (
    0 => '',
    1 => NULL,
    2 => NULL,
  ),
)
[ info ] [ HEADER ] array (
  'content-length' => '0',
  'user-agent' => 'Mozilla/5.0 (Windows NT 10.0; WOW64) AppleWebKit/537.36 (KHTML, like Gecko) Chrome/51.0.2704.103 Safari/537.36',
  'host' => '47.98.122.163:8080',
  'content-type' => '',
)
[ info ] [ PARAM ] array (
)
[ info ] [ DB ] INIT mysql
[ info ] [ RUN ] app\index\Controller\Index->index[ /home/wwwroot/pc/pc/application/index/controller/Index.php ]
[ info ] [ VIEW ] /home/wwwroot/pc/pc/public/../application/index/view/index/index.html [ array (
  0 => 'name',
) ]
[ info ] [ LOG ] INIT File

---------------------------------------------------------------
[ 2018-06-24T03:17:47+08:00 ] 172.16.197.238 177.102.57.111 GET /
[ log ] 47.98.122.163:8080/ [运行时间：0.012015s][吞吐率：83.23req/s] [内存消耗：1,298.34kb] [文件加载：37]
[ info ] [ LANG ] /home/wwwroot/pc/pc/thinkphp/lang/zh-cn.php
[ info ] [ ROUTE ] array (
  'type' => 'module',
  'module' => 
  array (
    0 => '',
    1 => NULL,
    2 => NULL,
  ),
)
[ info ] [ HEADER ] array (
  'content-length' => '0',
  'user-agent' => 'Mozilla/5.0 (Macintosh; Intel Mac OS X 10_11_6) AppleWebKit/601.7.7 (KHTML, like Gecko) Version/9.1.2 Safari/601.7.7',
  'host' => '47.98.122.163:8080',
  'content-type' => '',
)
[ info ] [ PARAM ] array (
)
[ info ] [ DB ] INIT mysql
[ info ] [ RUN ] app\index\Controller\Index->index[ /home/wwwroot/pc/pc/application/index/controller/Index.php ]
[ info ] [ VIEW ] /home/wwwroot/pc/pc/public/../application/index/view/index/index.html [ array (
  0 => 'name',
) ]
[ info ] [ LOG ] INIT File

---------------------------------------------------------------
[ 2018-06-24T03:33:53+08:00 ] 172.16.197.238 177.11.140.106 GET /
[ log ] 47.98.122.163:8080/ [运行时间：0.011237s][吞吐率：88.99req/s] [内存消耗：1,298.34kb] [文件加载：37]
[ info ] [ LANG ] /home/wwwroot/pc/pc/thinkphp/lang/zh-cn.php
[ info ] [ ROUTE ] array (
  'type' => 'module',
  'module' => 
  array (
    0 => '',
    1 => NULL,
    2 => NULL,
  ),
)
[ info ] [ HEADER ] array (
  'content-length' => '0',
  'user-agent' => 'Mozilla/5.0 (Windows NT 6.1; WOW64) AppleWebKit/537.36 (KHTML, like Gecko) Chrome/52.0.2743.116 Safari/537.36',
  'host' => '47.98.122.163:8080',
  'content-type' => '',
)
[ info ] [ PARAM ] array (
)
[ info ] [ DB ] INIT mysql
[ info ] [ RUN ] app\index\Controller\Index->index[ /home/wwwroot/pc/pc/application/index/controller/Index.php ]
[ info ] [ VIEW ] /home/wwwroot/pc/pc/public/../application/index/view/index/index.html [ array (
  0 => 'name',
) ]
[ info ] [ LOG ] INIT File

---------------------------------------------------------------
[ 2018-06-24T04:10:13+08:00 ] 172.16.197.238 47.203.91.95 GET /
[ log ] httpheader.net/ [运行时间：0.011581s][吞吐率：86.35req/s] [内存消耗：1,301.54kb] [文件加载：37]
[ info ] [ LANG ] /home/wwwroot/pc/pc/thinkphp/lang/zh-cn.php
[ info ] [ ROUTE ] array (
  'type' => 'module',
  'module' => 
  array (
    0 => '',
    1 => NULL,
    2 => NULL,
  ),
)
[ info ] [ HEADER ] array (
  'cache-control' => 'no-cache',
  'pragma' => 'no-cache',
  'accept-charset' => 'ISO-8859-1,utf-8;q=0.7,*;q=0.7',
  'accept' => 'text/html,application/xhtml+xml,application/xml;q=0.9,*/*;q=0.8',
  'accept-language' => 'en-gb,en;q=0.5',
  'proxy-connection' => 'Keep-Alive',
  'accept-encoding' => 'deflate, gzip',
  'host' => 'httpheader.net',
  'user-agent' => 'Mozilla/5.0 (Windows; U; Windows NT 6.1; en-US; rv:1.9.2.28) Gecko/20120306 Firefox/3.6.28 (.NET CLR 3.5.30729)',
  'content-type' => '',
  'content-length' => '',
)
[ info ] [ PARAM ] array (
)
[ info ] [ DB ] INIT mysql
[ info ] [ RUN ] app\index\Controller\Index->index[ /home/wwwroot/pc/pc/application/index/controller/Index.php ]
[ info ] [ VIEW ] /home/wwwroot/pc/pc/public/../application/index/view/index/index.html [ array (
  0 => 'name',
) ]
[ info ] [ LOG ] INIT File

---------------------------------------------------------------
[ 2018-06-24T04:27:27+08:00 ] 172.16.197.238 78.169.206.54 GET /
[ log ] 47.98.122.163:8080/ [运行时间：0.013003s][吞吐率：76.90req/s] [内存消耗：1,298.34kb] [文件加载：37]
[ info ] [ LANG ] /home/wwwroot/pc/pc/thinkphp/lang/zh-cn.php
[ info ] [ ROUTE ] array (
  'type' => 'module',
  'module' => 
  array (
    0 => '',
    1 => NULL,
    2 => NULL,
  ),
)
[ info ] [ HEADER ] array (
  'content-length' => '0',
  'user-agent' => 'Mozilla/5.0 (Windows NT 6.1; WOW64) AppleWebKit/537.36 (KHTML, like Gecko) Chrome/52.0.2743.116 Safari/537.36',
  'host' => '47.98.122.163:8080',
  'content-type' => '',
)
[ info ] [ PARAM ] array (
)
[ info ] [ DB ] INIT mysql
[ info ] [ RUN ] app\index\Controller\Index->index[ /home/wwwroot/pc/pc/application/index/controller/Index.php ]
[ info ] [ VIEW ] /home/wwwroot/pc/pc/public/../application/index/view/index/index.html [ array (
  0 => 'name',
) ]
[ info ] [ LOG ] INIT File

---------------------------------------------------------------
[ 2018-06-24T05:52:42+08:00 ] 172.16.197.238 178.237.185.197 GET /
[ log ] 47.98.122.163:8080/ [运行时间：0.011520s][吞吐率：86.81req/s] [内存消耗：1,297.52kb] [文件加载：37]
[ info ] [ LANG ] /home/wwwroot/pc/pc/thinkphp/lang/zh-cn.php
[ info ] [ ROUTE ] array (
  'type' => 'module',
  'module' => 
  array (
    0 => '',
    1 => NULL,
    2 => NULL,
  ),
)
[ info ] [ HEADER ] array (
  'host' => '47.98.122.163:8080',
  'content-type' => '',
  'content-length' => '',
)
[ info ] [ PARAM ] array (
)
[ info ] [ DB ] INIT mysql
[ info ] [ RUN ] app\index\Controller\Index->index[ /home/wwwroot/pc/pc/application/index/controller/Index.php ]
[ info ] [ VIEW ] /home/wwwroot/pc/pc/public/../application/index/view/index/index.html [ array (
  0 => 'name',
) ]
[ info ] [ LOG ] INIT File

---------------------------------------------------------------
[ 2018-06-24T06:16:50+08:00 ] 172.16.197.238 190.114.236.127 GET /
[ log ] 47.98.122.163:8080/ [运行时间：0.012929s][吞吐率：77.34req/s] [内存消耗：1,298.34kb] [文件加载：37]
[ info ] [ LANG ] /home/wwwroot/pc/pc/thinkphp/lang/zh-cn.php
[ info ] [ ROUTE ] array (
  'type' => 'module',
  'module' => 
  array (
    0 => '',
    1 => NULL,
    2 => NULL,
  ),
)
[ info ] [ HEADER ] array (
  'content-length' => '0',
  'user-agent' => 'Mozilla/5.0 (Windows NT 10.0; WOW64) AppleWebKit/537.36 (KHTML, like Gecko) Chrome/51.0.2704.103 Safari/537.36',
  'host' => '47.98.122.163:8080',
  'content-type' => '',
)
[ info ] [ PARAM ] array (
)
[ info ] [ DB ] INIT mysql
[ info ] [ RUN ] app\index\Controller\Index->index[ /home/wwwroot/pc/pc/application/index/controller/Index.php ]
[ info ] [ VIEW ] /home/wwwroot/pc/pc/public/../application/index/view/index/index.html [ array (
  0 => 'name',
) ]
[ info ] [ LOG ] INIT File

---------------------------------------------------------------
[ 2018-06-24T07:42:27+08:00 ] 172.16.197.238 190.231.233.119 GET /
[ log ] 47.98.122.163:8080/ [运行时间：0.011118s][吞吐率：89.94req/s] [内存消耗：1,298.34kb] [文件加载：37]
[ info ] [ LANG ] /home/wwwroot/pc/pc/thinkphp/lang/zh-cn.php
[ info ] [ ROUTE ] array (
  'type' => 'module',
  'module' => 
  array (
    0 => '',
    1 => NULL,
    2 => NULL,
  ),
)
[ info ] [ HEADER ] array (
  'content-length' => '0',
  'user-agent' => 'Mozilla/5.0 (Macintosh; Intel Mac OS X 10_11_6) AppleWebKit/601.7.7 (KHTML, like Gecko) Version/9.1.2 Safari/601.7.7',
  'host' => '47.98.122.163:8080',
  'content-type' => '',
)
[ info ] [ PARAM ] array (
)
[ info ] [ DB ] INIT mysql
[ info ] [ RUN ] app\index\Controller\Index->index[ /home/wwwroot/pc/pc/application/index/controller/Index.php ]
[ info ] [ VIEW ] /home/wwwroot/pc/pc/public/../application/index/view/index/index.html [ array (
  0 => 'name',
) ]
[ info ] [ LOG ] INIT File

---------------------------------------------------------------
[ 2018-06-24T08:18:14+08:00 ] 172.16.197.238 74.82.47.2 GET /
[ log ] 47.98.122.163/ [运行时间：0.011049s][吞吐率：90.51req/s] [内存消耗：1,297.47kb] [文件加载：37]
[ info ] [ LANG ] /home/wwwroot/pc/pc/thinkphp/lang/zh-cn.php
[ info ] [ ROUTE ] array (
  'type' => 'module',
  'module' => 
  array (
    0 => '',
    1 => NULL,
    2 => NULL,
  ),
)
[ info ] [ HEADER ] array (
  'host' => '47.98.122.163',
  'content-type' => '',
  'content-length' => '',
)
[ info ] [ PARAM ] array (
)
[ info ] [ DB ] INIT mysql
[ info ] [ RUN ] app\index\Controller\Index->index[ /home/wwwroot/pc/pc/application/index/controller/Index.php ]
[ info ] [ VIEW ] /home/wwwroot/pc/pc/public/../application/index/view/index/index.html [ array (
  0 => 'name',
) ]
[ info ] [ LOG ] INIT File

---------------------------------------------------------------
[ 2018-06-24T08:43:50+08:00 ] 172.16.197.238 66.172.114.25 GET /
[ log ] 47.98.122.163:8080/ [运行时间：0.011100s][吞吐率：90.09req/s] [内存消耗：1,298.34kb] [文件加载：37]
[ info ] [ LANG ] /home/wwwroot/pc/pc/thinkphp/lang/zh-cn.php
[ info ] [ ROUTE ] array (
  'type' => 'module',
  'module' => 
  array (
    0 => '',
    1 => NULL,
    2 => NULL,
  ),
)
[ info ] [ HEADER ] array (
  'content-length' => '0',
  'user-agent' => 'Mozilla/5.0 (Windows NT 6.1; WOW64) AppleWebKit/537.36 (KHTML, like Gecko) Chrome/51.0.2704.103 Safari/537.36',
  'host' => '47.98.122.163:8080',
  'content-type' => '',
)
[ info ] [ PARAM ] array (
)
[ info ] [ DB ] INIT mysql
[ info ] [ RUN ] app\index\Controller\Index->index[ /home/wwwroot/pc/pc/application/index/controller/Index.php ]
[ info ] [ VIEW ] /home/wwwroot/pc/pc/public/../application/index/view/index/index.html [ array (
  0 => 'name',
) ]
[ info ] [ LOG ] INIT File

---------------------------------------------------------------
[ 2018-06-24T09:02:24+08:00 ] 172.16.197.238 116.62.176.205 GET /
[ log ] 47.90.86.22:8080/ [运行时间：0.011693s][吞吐率：85.52req/s] [内存消耗：1,297.95kb] [文件加载：37]
[ info ] [ LANG ] /home/wwwroot/pc/pc/thinkphp/lang/zh-cn.php
[ info ] [ ROUTE ] array (
  'type' => 'module',
  'module' => 
  array (
    0 => '',
    1 => NULL,
    2 => NULL,
  ),
)
[ info ] [ HEADER ] array (
  'accept-encoding' => 'identity',
  'connection' => 'Close',
  'host' => '47.90.86.22:8080',
  'content-type' => '',
  'content-length' => '',
)
[ info ] [ PARAM ] array (
)
[ info ] [ DB ] INIT mysql
[ info ] [ RUN ] app\index\Controller\Index->index[ /home/wwwroot/pc/pc/application/index/controller/Index.php ]
[ info ] [ VIEW ] /home/wwwroot/pc/pc/public/../application/index/view/index/index.html [ array (
  0 => 'name',
) ]
[ info ] [ LOG ] INIT File

---------------------------------------------------------------
[ 2018-06-24T11:08:12+08:00 ] 172.16.197.238 80.67.246.174 GET /
[ log ] 47.98.122.163:8080/ [运行时间：0.011318s][吞吐率：88.35req/s] [内存消耗：1,298.34kb] [文件加载：37]
[ info ] [ LANG ] /home/wwwroot/pc/pc/thinkphp/lang/zh-cn.php
[ info ] [ ROUTE ] array (
  'type' => 'module',
  'module' => 
  array (
    0 => '',
    1 => NULL,
    2 => NULL,
  ),
)
[ info ] [ HEADER ] array (
  'content-length' => '0',
  'user-agent' => 'Mozilla/5.0 (Macintosh; Intel Mac OS X 10_11_6) AppleWebKit/601.7.7 (KHTML, like Gecko) Version/9.1.2 Safari/601.7.7',
  'host' => '47.98.122.163:8080',
  'content-type' => '',
)
[ info ] [ PARAM ] array (
)
[ info ] [ DB ] INIT mysql
[ info ] [ RUN ] app\index\Controller\Index->index[ /home/wwwroot/pc/pc/application/index/controller/Index.php ]
[ info ] [ VIEW ] /home/wwwroot/pc/pc/public/../application/index/view/index/index.html [ array (
  0 => 'name',
) ]
[ info ] [ LOG ] INIT File

---------------------------------------------------------------
[ 2018-06-24T11:35:02+08:00 ] 172.16.197.238 103.60.175.120 GET /
[ log ] 47.98.122.163:8080/ [运行时间：0.012016s][吞吐率：83.22req/s] [内存消耗：1,298.34kb] [文件加载：37]
[ info ] [ LANG ] /home/wwwroot/pc/pc/thinkphp/lang/zh-cn.php
[ info ] [ ROUTE ] array (
  'type' => 'module',
  'module' => 
  array (
    0 => '',
    1 => NULL,
    2 => NULL,
  ),
)
[ info ] [ HEADER ] array (
  'content-length' => '0',
  'user-agent' => 'Mozilla/5.0 (Windows NT 6.1; WOW64) AppleWebKit/537.36 (KHTML, like Gecko) Chrome/51.0.2704.103 Safari/537.36',
  'host' => '47.98.122.163:8080',
  'content-type' => '',
)
[ info ] [ PARAM ] array (
)
[ info ] [ DB ] INIT mysql
[ info ] [ RUN ] app\index\Controller\Index->index[ /home/wwwroot/pc/pc/application/index/controller/Index.php ]
[ info ] [ VIEW ] /home/wwwroot/pc/pc/public/../application/index/view/index/index.html [ array (
  0 => 'name',
) ]
[ info ] [ LOG ] INIT File

---------------------------------------------------------------
[ 2018-06-24T13:03:04+08:00 ] 172.16.197.238 185.82.96.66 GET /
[ log ] 47.98.122.163:8080/ [运行时间：0.012577s][吞吐率：79.51req/s] [内存消耗：1,298.34kb] [文件加载：37]
[ info ] [ LANG ] /home/wwwroot/pc/pc/thinkphp/lang/zh-cn.php
[ info ] [ ROUTE ] array (
  'type' => 'module',
  'module' => 
  array (
    0 => '',
    1 => NULL,
    2 => NULL,
  ),
)
[ info ] [ HEADER ] array (
  'content-length' => '0',
  'user-agent' => 'Mozilla/5.0 (Windows NT 6.1; WOW64) AppleWebKit/537.36 (KHTML, like Gecko) Chrome/52.0.2743.116 Safari/537.36',
  'host' => '47.98.122.163:8080',
  'content-type' => '',
)
[ info ] [ PARAM ] array (
)
[ info ] [ DB ] INIT mysql
[ info ] [ RUN ] app\index\Controller\Index->index[ /home/wwwroot/pc/pc/application/index/controller/Index.php ]
[ info ] [ VIEW ] /home/wwwroot/pc/pc/public/../application/index/view/index/index.html [ array (
  0 => 'name',
) ]
[ info ] [ LOG ] INIT File

---------------------------------------------------------------
[ 2018-06-24T16:36:28+08:00 ] 172.16.197.238 203.176.136.30 GET /
[ log ] 47.98.122.163:8080/ [运行时间：0.012057s][吞吐率：82.94req/s] [内存消耗：1,298.34kb] [文件加载：37]
[ info ] [ LANG ] /home/wwwroot/pc/pc/thinkphp/lang/zh-cn.php
[ info ] [ ROUTE ] array (
  'type' => 'module',
  'module' => 
  array (
    0 => '',
    1 => NULL,
    2 => NULL,
  ),
)
[ info ] [ HEADER ] array (
  'content-length' => '0',
  'user-agent' => 'Mozilla/5.0 (Windows NT 6.1; WOW64) AppleWebKit/537.36 (KHTML, like Gecko) Chrome/51.0.2704.103 Safari/537.36',
  'host' => '47.98.122.163:8080',
  'content-type' => '',
)
[ info ] [ PARAM ] array (
)
[ info ] [ DB ] INIT mysql
[ info ] [ RUN ] app\index\Controller\Index->index[ /home/wwwroot/pc/pc/application/index/controller/Index.php ]
[ info ] [ VIEW ] /home/wwwroot/pc/pc/public/../application/index/view/index/index.html [ array (
  0 => 'name',
) ]
[ info ] [ LOG ] INIT File

---------------------------------------------------------------
[ 2018-06-24T16:45:37+08:00 ] 172.16.197.238 202.142.147.50 GET /
[ log ] 47.98.122.163:8080/ [运行时间：0.011306s][吞吐率：88.45req/s] [内存消耗：1,298.34kb] [文件加载：37]
[ info ] [ LANG ] /home/wwwroot/pc/pc/thinkphp/lang/zh-cn.php
[ info ] [ ROUTE ] array (
  'type' => 'module',
  'module' => 
  array (
    0 => '',
    1 => NULL,
    2 => NULL,
  ),
)
[ info ] [ HEADER ] array (
  'content-length' => '0',
  'user-agent' => 'Mozilla/5.0 (Windows NT 6.1; WOW64) AppleWebKit/537.36 (KHTML, like Gecko) Chrome/51.0.2704.103 Safari/537.36',
  'host' => '47.98.122.163:8080',
  'content-type' => '',
)
[ info ] [ PARAM ] array (
)
[ info ] [ DB ] INIT mysql
[ info ] [ RUN ] app\index\Controller\Index->index[ /home/wwwroot/pc/pc/application/index/controller/Index.php ]
[ info ] [ VIEW ] /home/wwwroot/pc/pc/public/../application/index/view/index/index.html [ array (
  0 => 'name',
) ]
[ info ] [ LOG ] INIT File

---------------------------------------------------------------
[ 2018-06-24T17:05:52+08:00 ] 172.16.197.238 47.93.112.232 GET /
[ log ] 47.93.95.109:8080/ [运行时间：0.011404s][吞吐率：87.69req/s] [内存消耗：1,297.95kb] [文件加载：37]
[ info ] [ LANG ] /home/wwwroot/pc/pc/thinkphp/lang/zh-cn.php
[ info ] [ ROUTE ] array (
  'type' => 'module',
  'module' => 
  array (
    0 => '',
    1 => NULL,
    2 => NULL,
  ),
)
[ info ] [ HEADER ] array (
  'accept-encoding' => 'identity',
  'connection' => 'Close',
  'host' => '47.93.95.109:8080',
  'content-type' => '',
  'content-length' => '',
)
[ info ] [ PARAM ] array (
)
[ info ] [ DB ] INIT mysql
[ info ] [ RUN ] app\index\Controller\Index->index[ /home/wwwroot/pc/pc/application/index/controller/Index.php ]
[ info ] [ VIEW ] /home/wwwroot/pc/pc/public/../application/index/view/index/index.html [ array (
  0 => 'name',
) ]
[ info ] [ LOG ] INIT File

---------------------------------------------------------------
[ 2018-06-24T17:06:35+08:00 ] 172.16.197.238 5.160.131.219 GET /
[ log ] 47.98.122.163:8080/ [运行时间：0.011115s][吞吐率：89.97req/s] [内存消耗：1,298.34kb] [文件加载：37]
[ info ] [ LANG ] /home/wwwroot/pc/pc/thinkphp/lang/zh-cn.php
[ info ] [ ROUTE ] array (
  'type' => 'module',
  'module' => 
  array (
    0 => '',
    1 => NULL,
    2 => NULL,
  ),
)
[ info ] [ HEADER ] array (
  'content-length' => '0',
  'user-agent' => 'Mozilla/5.0 (Windows NT 10.0; WOW64) AppleWebKit/537.36 (KHTML, like Gecko) Chrome/52.0.2743.116 Safari/537.36',
  'host' => '47.98.122.163:8080',
  'content-type' => '',
)
[ info ] [ PARAM ] array (
)
[ info ] [ DB ] INIT mysql
[ info ] [ RUN ] app\index\Controller\Index->index[ /home/wwwroot/pc/pc/application/index/controller/Index.php ]
[ info ] [ VIEW ] /home/wwwroot/pc/pc/public/../application/index/view/index/index.html [ array (
  0 => 'name',
) ]
[ info ] [ LOG ] INIT File

---------------------------------------------------------------
[ 2018-06-24T17:21:47+08:00 ] 172.16.197.238 46.119.90.97 GET /
[ log ] 47.98.122.163:8080/ [运行时间：0.016890s][吞吐率：59.21req/s] [内存消耗：1,298.34kb] [文件加载：37]
[ info ] [ LANG ] /home/wwwroot/pc/pc/thinkphp/lang/zh-cn.php
[ info ] [ ROUTE ] array (
  'type' => 'module',
  'module' => 
  array (
    0 => '',
    1 => NULL,
    2 => NULL,
  ),
)
[ info ] [ HEADER ] array (
  'content-length' => '0',
  'user-agent' => 'Mozilla/5.0 (Windows NT 6.1; WOW64) AppleWebKit/537.36 (KHTML, like Gecko) Chrome/52.0.2743.116 Safari/537.36',
  'host' => '47.98.122.163:8080',
  'content-type' => '',
)
[ info ] [ PARAM ] array (
)
[ info ] [ DB ] INIT mysql
[ info ] [ RUN ] app\index\Controller\Index->index[ /home/wwwroot/pc/pc/application/index/controller/Index.php ]
[ info ] [ VIEW ] /home/wwwroot/pc/pc/public/../application/index/view/index/index.html [ array (
  0 => 'name',
) ]
[ info ] [ LOG ] INIT File

---------------------------------------------------------------
[ 2018-06-24T17:27:12+08:00 ] 172.16.197.238 170.83.88.6 GET /
[ log ] 47.98.122.163:8080/ [运行时间：0.011131s][吞吐率：89.84req/s] [内存消耗：1,298.34kb] [文件加载：37]
[ info ] [ LANG ] /home/wwwroot/pc/pc/thinkphp/lang/zh-cn.php
[ info ] [ ROUTE ] array (
  'type' => 'module',
  'module' => 
  array (
    0 => '',
    1 => NULL,
    2 => NULL,
  ),
)
[ info ] [ HEADER ] array (
  'content-length' => '0',
  'user-agent' => 'Mozilla/5.0 (Windows NT 10.0; WOW64) AppleWebKit/537.36 (KHTML, like Gecko) Chrome/51.0.2704.103 Safari/537.36',
  'host' => '47.98.122.163:8080',
  'content-type' => '',
)
[ info ] [ PARAM ] array (
)
[ info ] [ DB ] INIT mysql
[ info ] [ RUN ] app\index\Controller\Index->index[ /home/wwwroot/pc/pc/application/index/controller/Index.php ]
[ info ] [ VIEW ] /home/wwwroot/pc/pc/public/../application/index/view/index/index.html [ array (
  0 => 'name',
) ]
[ info ] [ LOG ] INIT File

---------------------------------------------------------------
[ 2018-06-24T18:04:53+08:00 ] 172.16.197.238 125.166.159.135 GET /
[ log ] 47.98.122.163:8080/ [运行时间：0.011872s][吞吐率：84.23req/s] [内存消耗：1,298.34kb] [文件加载：37]
[ info ] [ LANG ] /home/wwwroot/pc/pc/thinkphp/lang/zh-cn.php
[ info ] [ ROUTE ] array (
  'type' => 'module',
  'module' => 
  array (
    0 => '',
    1 => NULL,
    2 => NULL,
  ),
)
[ info ] [ HEADER ] array (
  'content-length' => '0',
  'user-agent' => 'Mozilla/5.0 (Windows NT 10.0; WOW64) AppleWebKit/537.36 (KHTML, like Gecko) Chrome/52.0.2743.116 Safari/537.36',
  'host' => '47.98.122.163:8080',
  'content-type' => '',
)
[ info ] [ PARAM ] array (
)
[ info ] [ DB ] INIT mysql
[ info ] [ RUN ] app\index\Controller\Index->index[ /home/wwwroot/pc/pc/application/index/controller/Index.php ]
[ info ] [ VIEW ] /home/wwwroot/pc/pc/public/../application/index/view/index/index.html [ array (
  0 => 'name',
) ]
[ info ] [ LOG ] INIT File

---------------------------------------------------------------
[ 2018-06-24T22:31:58+08:00 ] 172.16.197.238 138.185.164.153 GET /
[ log ] 47.98.122.163:8080/ [运行时间：0.011215s][吞吐率：89.16req/s] [内存消耗：1,298.34kb] [文件加载：37]
[ info ] [ LANG ] /home/wwwroot/pc/pc/thinkphp/lang/zh-cn.php
[ info ] [ ROUTE ] array (
  'type' => 'module',
  'module' => 
  array (
    0 => '',
    1 => NULL,
    2 => NULL,
  ),
)
[ info ] [ HEADER ] array (
  'content-length' => '0',
  'user-agent' => 'Mozilla/5.0 (Windows NT 6.1; WOW64) AppleWebKit/537.36 (KHTML, like Gecko) Chrome/51.0.2704.103 Safari/537.36',
  'host' => '47.98.122.163:8080',
  'content-type' => '',
)
[ info ] [ PARAM ] array (
)
[ info ] [ DB ] INIT mysql
[ info ] [ RUN ] app\index\Controller\Index->index[ /home/wwwroot/pc/pc/application/index/controller/Index.php ]
[ info ] [ VIEW ] /home/wwwroot/pc/pc/public/../application/index/view/index/index.html [ array (
  0 => 'name',
) ]
[ info ] [ LOG ] INIT File

---------------------------------------------------------------
[ 2018-06-24T23:10:08+08:00 ] 172.16.197.238 47.203.93.166 GET /
[ log ] httpheader.net/ [运行时间：0.012667s][吞吐率：78.95req/s] [内存消耗：1,301.54kb] [文件加载：37]
[ info ] [ LANG ] /home/wwwroot/pc/pc/thinkphp/lang/zh-cn.php
[ info ] [ ROUTE ] array (
  'type' => 'module',
  'module' => 
  array (
    0 => '',
    1 => NULL,
    2 => NULL,
  ),
)
[ info ] [ HEADER ] array (
  'cache-control' => 'no-cache',
  'pragma' => 'no-cache',
  'accept-charset' => 'ISO-8859-1,utf-8;q=0.7,*;q=0.7',
  'accept' => 'text/html,application/xhtml+xml,application/xml;q=0.9,*/*;q=0.8',
  'accept-language' => 'en-gb,en;q=0.5',
  'proxy-connection' => 'Keep-Alive',
  'accept-encoding' => 'deflate, gzip',
  'host' => 'httpheader.net',
  'user-agent' => 'Mozilla/5.0 (Windows; U; Windows NT 6.1; en-US; rv:1.9.2.28) Gecko/20120306 Firefox/3.6.28 (.NET CLR 3.5.30729)',
  'content-type' => '',
  'content-length' => '',
)
[ info ] [ PARAM ] array (
)
[ info ] [ DB ] INIT mysql
[ info ] [ RUN ] app\index\Controller\Index->index[ /home/wwwroot/pc/pc/application/index/controller/Index.php ]
[ info ] [ VIEW ] /home/wwwroot/pc/pc/public/../application/index/view/index/index.html [ array (
  0 => 'name',
) ]
[ info ] [ LOG ] INIT File

---------------------------------------------------------------
[ 2018-06-24T23:20:22+08:00 ] 172.16.197.238 83.173.226.110 GET /share_folder.html
[ log ] 47.98.122.163:8080/share_folder.html [运行时间：0.008682s][吞吐率：115.18req/s] [内存消耗：937.40kb] [文件加载：27]
[ info ] [ LANG ] /home/wwwroot/pc/pc/thinkphp/lang/zh-cn.php
[ info ] [ ROUTE ] array (
  'type' => 'module',
  'module' => 
  array (
    0 => 'share_folder',
    1 => NULL,
    2 => NULL,
  ),
)
[ info ] [ HEADER ] array (
  'accept-encoding' => 'gzip',
  'cookie' => 'csrftoken=63acc0315eb8a6faca310589447adbf5',
  'content-type' => 'application/x-www-form-urlencoded; charset=utf-8',
  'user-agent' => 'Mozilla/5.0 (Windows NT 6.3; WOW64; rv:43.0) Gecko/20100101 Firefox/43.0',
  'host' => '47.98.122.163:8080',
  'content-length' => '',
)
[ info ] [ PARAM ] array (
)
[ info ] [ LOG ] INIT File

---------------------------------------------------------------
