[ 2018-06-28T01:25:06+08:00 ] 172.16.197.238 47.93.112.232 GET /
[ log ] 47.89.6.238:8080/ [运行时间：0.011766s][吞吐率：84.99req/s] [内存消耗：1,297.94kb] [文件加载：37]
[ info ] [ LANG ] /home/wwwroot/pc/pc/thinkphp/lang/zh-cn.php
[ info ] [ ROUTE ] array (
  'type' => 'module',
  'module' => 
  array (
    0 => '',
    1 => NULL,
    2 => NULL,
  ),
)
[ info ] [ HEADER ] array (
  'accept-encoding' => 'identity',
  'connection' => 'Close',
  'host' => '47.89.6.238:8080',
  'content-type' => '',
  'content-length' => '',
)
[ info ] [ PARAM ] array (
)
[ info ] [ DB ] INIT mysql
[ info ] [ RUN ] app\index\Controller\Index->index[ /home/wwwroot/pc/pc/application/index/controller/Index.php ]
[ info ] [ VIEW ] /home/wwwroot/pc/pc/public/../application/index/view/index/index.html [ array (
  0 => 'name',
) ]
[ info ] [ LOG ] INIT File

---------------------------------------------------------------
[ 2018-06-28T01:28:48+08:00 ] 172.16.197.238 189.112.23.226 GET /
[ log ] 47.98.122.163:8080/ [运行时间：0.011459s][吞吐率：87.27req/s] [内存消耗：1,298.34kb] [文件加载：37]
[ info ] [ LANG ] /home/wwwroot/pc/pc/thinkphp/lang/zh-cn.php
[ info ] [ ROUTE ] array (
  'type' => 'module',
  'module' => 
  array (
    0 => '',
    1 => NULL,
    2 => NULL,
  ),
)
[ info ] [ HEADER ] array (
  'content-length' => '0',
  'user-agent' => 'Mozilla/5.0 (Windows NT 10.0; WOW64) AppleWebKit/537.36 (KHTML, like Gecko) Chrome/51.0.2704.103 Safari/537.36',
  'host' => '47.98.122.163:8080',
  'content-type' => '',
)
[ info ] [ PARAM ] array (
)
[ info ] [ DB ] INIT mysql
[ info ] [ RUN ] app\index\Controller\Index->index[ /home/wwwroot/pc/pc/application/index/controller/Index.php ]
[ info ] [ VIEW ] /home/wwwroot/pc/pc/public/../application/index/view/index/index.html [ array (
  0 => 'name',
) ]
[ info ] [ LOG ] INIT File

---------------------------------------------------------------
[ 2018-06-28T02:43:52+08:00 ] 172.16.197.238 123.56.233.103 GET /
[ log ] 42.232.88.20:8080/ [运行时间：0.012808s][吞吐率：78.08req/s] [内存消耗：1,297.95kb] [文件加载：37]
[ info ] [ LANG ] /home/wwwroot/pc/pc/thinkphp/lang/zh-cn.php
[ info ] [ ROUTE ] array (
  'type' => 'module',
  'module' => 
  array (
    0 => '',
    1 => NULL,
    2 => NULL,
  ),
)
[ info ] [ HEADER ] array (
  'accept-encoding' => 'identity',
  'connection' => 'Close',
  'host' => '42.232.88.20:8080',
  'content-type' => '',
  'content-length' => '',
)
[ info ] [ PARAM ] array (
)
[ info ] [ DB ] INIT mysql
[ info ] [ RUN ] app\index\Controller\Index->index[ /home/wwwroot/pc/pc/application/index/controller/Index.php ]
[ info ] [ VIEW ] /home/wwwroot/pc/pc/public/../application/index/view/index/index.html [ array (
  0 => 'name',
) ]
[ info ] [ LOG ] INIT File

---------------------------------------------------------------
[ 2018-06-28T03:06:49+08:00 ] 172.16.197.238 177.18.59.19 GET /
[ log ] 47.98.122.163:8080/ [运行时间：0.012220s][吞吐率：81.83req/s] [内存消耗：1,298.34kb] [文件加载：37]
[ info ] [ LANG ] /home/wwwroot/pc/pc/thinkphp/lang/zh-cn.php
[ info ] [ ROUTE ] array (
  'type' => 'module',
  'module' => 
  array (
    0 => '',
    1 => NULL,
    2 => NULL,
  ),
)
[ info ] [ HEADER ] array (
  'content-length' => '0',
  'user-agent' => 'Mozilla/5.0 (Windows NT 6.1; WOW64) AppleWebKit/537.36 (KHTML, like Gecko) Chrome/52.0.2743.116 Safari/537.36',
  'host' => '47.98.122.163:8080',
  'content-type' => '',
)
[ info ] [ PARAM ] array (
)
[ info ] [ DB ] INIT mysql
[ info ] [ RUN ] app\index\Controller\Index->index[ /home/wwwroot/pc/pc/application/index/controller/Index.php ]
[ info ] [ VIEW ] /home/wwwroot/pc/pc/public/../application/index/view/index/index.html [ array (
  0 => 'name',
) ]
[ info ] [ LOG ] INIT File

---------------------------------------------------------------
[ 2018-06-28T04:46:28+08:00 ] 172.16.197.238 46.34.174.153 GET /
[ log ] 47.98.122.163:8080/ [运行时间：0.011392s][吞吐率：87.78req/s] [内存消耗：1,298.34kb] [文件加载：37]
[ info ] [ LANG ] /home/wwwroot/pc/pc/thinkphp/lang/zh-cn.php
[ info ] [ ROUTE ] array (
  'type' => 'module',
  'module' => 
  array (
    0 => '',
    1 => NULL,
    2 => NULL,
  ),
)
[ info ] [ HEADER ] array (
  'content-length' => '0',
  'user-agent' => 'Mozilla/5.0 (Macintosh; Intel Mac OS X 10_11_6) AppleWebKit/601.7.7 (KHTML, like Gecko) Version/9.1.2 Safari/601.7.7',
  'host' => '47.98.122.163:8080',
  'content-type' => '',
)
[ info ] [ PARAM ] array (
)
[ info ] [ DB ] INIT mysql
[ info ] [ RUN ] app\index\Controller\Index->index[ /home/wwwroot/pc/pc/application/index/controller/Index.php ]
[ info ] [ VIEW ] /home/wwwroot/pc/pc/public/../application/index/view/index/index.html [ array (
  0 => 'name',
) ]
[ info ] [ LOG ] INIT File

---------------------------------------------------------------
[ 2018-06-28T05:05:48+08:00 ] 172.16.197.238 93.126.14.115 GET /
[ log ] 47.98.122.163:8080/ [运行时间：0.012058s][吞吐率：82.93req/s] [内存消耗：1,298.34kb] [文件加载：37]
[ info ] [ LANG ] /home/wwwroot/pc/pc/thinkphp/lang/zh-cn.php
[ info ] [ ROUTE ] array (
  'type' => 'module',
  'module' => 
  array (
    0 => '',
    1 => NULL,
    2 => NULL,
  ),
)
[ info ] [ HEADER ] array (
  'content-length' => '0',
  'user-agent' => 'Mozilla/5.0 (Macintosh; Intel Mac OS X 10_11_6) AppleWebKit/601.7.7 (KHTML, like Gecko) Version/9.1.2 Safari/601.7.7',
  'host' => '47.98.122.163:8080',
  'content-type' => '',
)
[ info ] [ PARAM ] array (
)
[ info ] [ DB ] INIT mysql
[ info ] [ RUN ] app\index\Controller\Index->index[ /home/wwwroot/pc/pc/application/index/controller/Index.php ]
[ info ] [ VIEW ] /home/wwwroot/pc/pc/public/../application/index/view/index/index.html [ array (
  0 => 'name',
) ]
[ info ] [ LOG ] INIT File

---------------------------------------------------------------
[ 2018-06-28T06:55:22+08:00 ] 172.16.197.238 47.203.93.166 GET /
[ log ] httpheader.net/ [运行时间：0.016528s][吞吐率：60.50req/s] [内存消耗：1,301.54kb] [文件加载：37]
[ info ] [ LANG ] /home/wwwroot/pc/pc/thinkphp/lang/zh-cn.php
[ info ] [ ROUTE ] array (
  'type' => 'module',
  'module' => 
  array (
    0 => '',
    1 => NULL,
    2 => NULL,
  ),
)
[ info ] [ HEADER ] array (
  'cache-control' => 'no-cache',
  'pragma' => 'no-cache',
  'accept-charset' => 'ISO-8859-1,utf-8;q=0.7,*;q=0.7',
  'accept' => 'text/html,application/xhtml+xml,application/xml;q=0.9,*/*;q=0.8',
  'accept-language' => 'en-gb,en;q=0.5',
  'proxy-connection' => 'Keep-Alive',
  'accept-encoding' => 'deflate, gzip',
  'host' => 'httpheader.net',
  'user-agent' => 'Mozilla/5.0 (Windows; U; Windows NT 6.1; en-US; rv:1.9.2.28) Gecko/20120306 Firefox/3.6.28 (.NET CLR 3.5.30729)',
  'content-type' => '',
  'content-length' => '',
)
[ info ] [ PARAM ] array (
)
[ info ] [ DB ] INIT mysql
[ info ] [ RUN ] app\index\Controller\Index->index[ /home/wwwroot/pc/pc/application/index/controller/Index.php ]
[ info ] [ VIEW ] /home/wwwroot/pc/pc/public/../application/index/view/index/index.html [ array (
  0 => 'name',
) ]
[ info ] [ LOG ] INIT File

---------------------------------------------------------------
[ 2018-06-28T07:52:01+08:00 ] 172.16.197.238 60.191.38.77 GET /
[ log ] 47.98.122.163:8080/ [运行时间：0.012347s][吞吐率：80.99req/s] [内存消耗：1,298.57kb] [文件加载：37]
[ info ] [ LANG ] /home/wwwroot/pc/pc/thinkphp/lang/zh-cn.php
[ info ] [ ROUTE ] array (
  'type' => 'module',
  'module' => 
  array (
    0 => '',
    1 => NULL,
    2 => NULL,
  ),
)
[ info ] [ HEADER ] array (
  'connection' => 'keep-alive',
  'accept' => 'text/html,application/xhtml+xml,application/xml;q=0.9,*/*;q=0.8',
  'user-agent' => 'Mozilla/5.0 (Macintosh; Intel Mac OS X 10.11; rv:47.0) Gecko/20100101 Firefox/47.0',
  'host' => '47.98.122.163:8080',
  'content-type' => '',
  'content-length' => '',
)
[ info ] [ PARAM ] array (
)
[ info ] [ DB ] INIT mysql
[ info ] [ RUN ] app\index\Controller\Index->index[ /home/wwwroot/pc/pc/application/index/controller/Index.php ]
[ info ] [ VIEW ] /home/wwwroot/pc/pc/public/../application/index/view/index/index.html [ array (
  0 => 'name',
) ]
[ info ] [ LOG ] INIT File

---------------------------------------------------------------
[ 2018-06-28T08:19:53+08:00 ] 172.16.197.238 210.195.230.238 GET /
[ log ] 47.98.122.163:8080/ [运行时间：0.012597s][吞吐率：79.38req/s] [内存消耗：1,298.34kb] [文件加载：37]
[ info ] [ LANG ] /home/wwwroot/pc/pc/thinkphp/lang/zh-cn.php
[ info ] [ ROUTE ] array (
  'type' => 'module',
  'module' => 
  array (
    0 => '',
    1 => NULL,
    2 => NULL,
  ),
)
[ info ] [ HEADER ] array (
  'content-length' => '0',
  'user-agent' => 'Mozilla/5.0 (Windows NT 6.1; WOW64) AppleWebKit/537.36 (KHTML, like Gecko) Chrome/51.0.2704.103 Safari/537.36',
  'host' => '47.98.122.163:8080',
  'content-type' => '',
)
[ info ] [ PARAM ] array (
)
[ info ] [ DB ] INIT mysql
[ info ] [ RUN ] app\index\Controller\Index->index[ /home/wwwroot/pc/pc/application/index/controller/Index.php ]
[ info ] [ VIEW ] /home/wwwroot/pc/pc/public/../application/index/view/index/index.html [ array (
  0 => 'name',
) ]
[ info ] [ LOG ] INIT File

---------------------------------------------------------------
[ 2018-06-28T08:31:49+08:00 ] 172.16.197.238 184.105.139.69 GET /
[ log ] 47.98.122.163/ [运行时间：0.012613s][吞吐率：79.28req/s] [内存消耗：1,297.47kb] [文件加载：37]
[ info ] [ LANG ] /home/wwwroot/pc/pc/thinkphp/lang/zh-cn.php
[ info ] [ ROUTE ] array (
  'type' => 'module',
  'module' => 
  array (
    0 => '',
    1 => NULL,
    2 => NULL,
  ),
)
[ info ] [ HEADER ] array (
  'host' => '47.98.122.163',
  'content-type' => '',
  'content-length' => '',
)
[ info ] [ PARAM ] array (
)
[ info ] [ DB ] INIT mysql
[ info ] [ RUN ] app\index\Controller\Index->index[ /home/wwwroot/pc/pc/application/index/controller/Index.php ]
[ info ] [ VIEW ] /home/wwwroot/pc/pc/public/../application/index/view/index/index.html [ array (
  0 => 'name',
) ]
[ info ] [ LOG ] INIT File

---------------------------------------------------------------
[ 2018-06-28T09:20:45+08:00 ] 172.16.197.238 114.215.45.79 GET /
[ log ] 47.89.6.42:8080/ [运行时间：0.012739s][吞吐率：78.50req/s] [内存消耗：1,297.93kb] [文件加载：37]
[ info ] [ LANG ] /home/wwwroot/pc/pc/thinkphp/lang/zh-cn.php
[ info ] [ ROUTE ] array (
  'type' => 'module',
  'module' => 
  array (
    0 => '',
    1 => NULL,
    2 => NULL,
  ),
)
[ info ] [ HEADER ] array (
  'accept-encoding' => 'identity',
  'connection' => 'Close',
  'host' => '47.89.6.42:8080',
  'content-type' => '',
  'content-length' => '',
)
[ info ] [ PARAM ] array (
)
[ info ] [ DB ] INIT mysql
[ info ] [ RUN ] app\index\Controller\Index->index[ /home/wwwroot/pc/pc/application/index/controller/Index.php ]
[ info ] [ VIEW ] /home/wwwroot/pc/pc/public/../application/index/view/index/index.html [ array (
  0 => 'name',
) ]
[ info ] [ LOG ] INIT File

---------------------------------------------------------------
[ 2018-06-28T10:35:43+08:00 ] 172.16.197.238 210.16.112.114 GET /
[ log ] 47.98.122.163:8080/ [运行时间：0.011730s][吞吐率：85.25req/s] [内存消耗：1,298.84kb] [文件加载：37]
[ info ] [ LANG ] /home/wwwroot/pc/pc/thinkphp/lang/zh-cn.php
[ info ] [ ROUTE ] array (
  'type' => 'module',
  'module' => 
  array (
    0 => '',
    1 => NULL,
    2 => NULL,
  ),
)
[ info ] [ HEADER ] array (
  'connection' => 'Keep-Alive',
  'accept-encoding' => '',
  'user-agent' => 'Mozilla/5.0 (compatible; MSIE 9.0; Windows NT 6.1; WOW64; Trident/5.0)',
  'accept-language' => 'en-US',
  'accept' => 'text/html, application/xhtml+xml, */*',
  'host' => '47.98.122.163:8080',
  'content-type' => '',
  'content-length' => '',
)
[ info ] [ PARAM ] array (
)
[ info ] [ DB ] INIT mysql
[ info ] [ RUN ] app\index\Controller\Index->index[ /home/wwwroot/pc/pc/application/index/controller/Index.php ]
[ info ] [ VIEW ] /home/wwwroot/pc/pc/public/../application/index/view/index/index.html [ array (
  0 => 'name',
) ]
[ info ] [ LOG ] INIT File

---------------------------------------------------------------
[ 2018-06-28T11:42:06+08:00 ] 172.16.197.238 116.231.15.172 GET /
[ log ] 47.98.122.163:8080/ [运行时间：0.012233s][吞吐率：81.75req/s] [内存消耗：1,301.02kb] [文件加载：37]
[ info ] [ LANG ] /home/wwwroot/pc/pc/thinkphp/lang/zh-cn.php
[ info ] [ ROUTE ] array (
  'type' => 'module',
  'module' => 
  array (
    0 => '',
    1 => NULL,
    2 => NULL,
  ),
)
[ info ] [ HEADER ] array (
  'upgrade-insecure-requests' => '1',
  'connection' => 'keep-alive',
  'accept-encoding' => 'gzip, deflate',
  'accept-language' => 'zh-CN,zh;q=0.8,zh-TW;q=0.7,zh-HK;q=0.5,en-US;q=0.3,en;q=0.2',
  'accept' => 'text/html,application/xhtml+xml,application/xml;q=0.9,*/*;q=0.8',
  'user-agent' => 'Mozilla/5.0 (Windows NT 10.0; Win64; x64; rv:60.0) Gecko/20100101 Firefox/60.0',
  'host' => '47.98.122.163:8080',
  'content-type' => '',
  'content-length' => '',
)
[ info ] [ PARAM ] array (
)
[ info ] [ DB ] INIT mysql
[ info ] [ RUN ] app\index\Controller\Index->index[ /home/wwwroot/pc/pc/application/index/controller/Index.php ]
[ info ] [ VIEW ] /home/wwwroot/pc/pc/public/../application/index/view/index/index.html [ array (
  0 => 'name',
) ]
[ info ] [ LOG ] INIT File

---------------------------------------------------------------
[ 2018-06-28T11:42:09+08:00 ] 172.16.197.238 116.231.15.172 GET /index/index/getschedule.html?start=2018-05-27&end=2018-07-08&_=1530157329260
[ log ] 47.98.122.163:8080/index/index/getschedule.html?start=2018-05-27&end=2018-07-08&_=1530157329260 [运行时间：0.012159s][吞吐率：82.24req/s] [内存消耗：1,316.96kb] [文件加载：36]
[ info ] [ LANG ] /home/wwwroot/pc/pc/thinkphp/lang/zh-cn.php
[ info ] [ ROUTE ] array (
  'type' => 'module',
  'module' => 
  array (
    0 => 'index',
    1 => 'index',
    2 => 'getschedule',
  ),
)
[ info ] [ HEADER ] array (
  'connection' => 'keep-alive',
  'x-requested-with' => 'XMLHttpRequest',
  'referer' => 'http://47.98.122.163:8080/',
  'accept-encoding' => 'gzip, deflate',
  'accept-language' => 'zh-CN,zh;q=0.8,zh-TW;q=0.7,zh-HK;q=0.5,en-US;q=0.3,en;q=0.2',
  'accept' => 'application/json, text/javascript, */*; q=0.01',
  'user-agent' => 'Mozilla/5.0 (Windows NT 10.0; Win64; x64; rv:60.0) Gecko/20100101 Firefox/60.0',
  'host' => '47.98.122.163:8080',
  'content-type' => '',
  'content-length' => '',
)
[ info ] [ PARAM ] array (
  'start' => '2018-05-27',
  'end' => '2018-07-08',
  '_' => '1530157329260',
)
[ info ] [ DB ] INIT mysql
[ info ] [ RUN ] app\index\Controller\Index->getSchedule[ /home/wwwroot/pc/pc/application/index/controller/Index.php ]
[ info ] [ LOG ] INIT File

---------------------------------------------------------------
[ 2018-06-28T12:29:00+08:00 ] 172.16.197.238 195.191.78.162 GET /
[ log ] 47.98.122.163:8080/ [运行时间：0.012391s][吞吐率：80.70req/s] [内存消耗：1,298.34kb] [文件加载：37]
[ info ] [ LANG ] /home/wwwroot/pc/pc/thinkphp/lang/zh-cn.php
[ info ] [ ROUTE ] array (
  'type' => 'module',
  'module' => 
  array (
    0 => '',
    1 => NULL,
    2 => NULL,
  ),
)
[ info ] [ HEADER ] array (
  'content-length' => '0',
  'user-agent' => 'Mozilla/5.0 (Windows NT 10.0; WOW64) AppleWebKit/537.36 (KHTML, like Gecko) Chrome/51.0.2704.103 Safari/537.36',
  'host' => '47.98.122.163:8080',
  'content-type' => '',
)
[ info ] [ PARAM ] array (
)
[ info ] [ DB ] INIT mysql
[ info ] [ RUN ] app\index\Controller\Index->index[ /home/wwwroot/pc/pc/application/index/controller/Index.php ]
[ info ] [ VIEW ] /home/wwwroot/pc/pc/public/../application/index/view/index/index.html [ array (
  0 => 'name',
) ]
[ info ] [ LOG ] INIT File

---------------------------------------------------------------
[ 2018-06-28T13:03:54+08:00 ] 172.16.197.238 79.174.166.172 GET /
[ log ] 47.98.122.163:8080/ [运行时间：0.011156s][吞吐率：89.64req/s] [内存消耗：1,298.34kb] [文件加载：37]
[ info ] [ LANG ] /home/wwwroot/pc/pc/thinkphp/lang/zh-cn.php
[ info ] [ ROUTE ] array (
  'type' => 'module',
  'module' => 
  array (
    0 => '',
    1 => NULL,
    2 => NULL,
  ),
)
[ info ] [ HEADER ] array (
  'content-length' => '0',
  'user-agent' => 'Mozilla/5.0 (Windows NT 10.0; WOW64) AppleWebKit/537.36 (KHTML, like Gecko) Chrome/52.0.2743.116 Safari/537.36',
  'host' => '47.98.122.163:8080',
  'content-type' => '',
)
[ info ] [ PARAM ] array (
)
[ info ] [ DB ] INIT mysql
[ info ] [ RUN ] app\index\Controller\Index->index[ /home/wwwroot/pc/pc/application/index/controller/Index.php ]
[ info ] [ VIEW ] /home/wwwroot/pc/pc/public/../application/index/view/index/index.html [ array (
  0 => 'name',
) ]
[ info ] [ LOG ] INIT File

---------------------------------------------------------------
[ 2018-06-28T13:07:00+08:00 ] 172.16.197.238 138.204.133.240 GET /
[ log ] 47.98.122.163:8080/ [运行时间：0.012326s][吞吐率：81.13req/s] [内存消耗：1,298.34kb] [文件加载：37]
[ info ] [ LANG ] /home/wwwroot/pc/pc/thinkphp/lang/zh-cn.php
[ info ] [ ROUTE ] array (
  'type' => 'module',
  'module' => 
  array (
    0 => '',
    1 => NULL,
    2 => NULL,
  ),
)
[ info ] [ HEADER ] array (
  'content-length' => '0',
  'user-agent' => 'Mozilla/5.0 (Windows NT 10.0; WOW64) AppleWebKit/537.36 (KHTML, like Gecko) Chrome/52.0.2743.116 Safari/537.36',
  'host' => '47.98.122.163:8080',
  'content-type' => '',
)
[ info ] [ PARAM ] array (
)
[ info ] [ DB ] INIT mysql
[ info ] [ RUN ] app\index\Controller\Index->index[ /home/wwwroot/pc/pc/application/index/controller/Index.php ]
[ info ] [ VIEW ] /home/wwwroot/pc/pc/public/../application/index/view/index/index.html [ array (
  0 => 'name',
) ]
[ info ] [ LOG ] INIT File

---------------------------------------------------------------
[ 2018-06-28T15:05:42+08:00 ] 172.16.197.238 84.247.130.160 GET /
[ log ] 47.98.122.163:8080/ [运行时间：0.011808s][吞吐率：84.69req/s] [内存消耗：1,298.34kb] [文件加载：37]
[ info ] [ LANG ] /home/wwwroot/pc/pc/thinkphp/lang/zh-cn.php
[ info ] [ ROUTE ] array (
  'type' => 'module',
  'module' => 
  array (
    0 => '',
    1 => NULL,
    2 => NULL,
  ),
)
[ info ] [ HEADER ] array (
  'content-length' => '0',
  'user-agent' => 'Mozilla/5.0 (Macintosh; Intel Mac OS X 10_11_6) AppleWebKit/601.7.7 (KHTML, like Gecko) Version/9.1.2 Safari/601.7.7',
  'host' => '47.98.122.163:8080',
  'content-type' => '',
)
[ info ] [ PARAM ] array (
)
[ info ] [ DB ] INIT mysql
[ info ] [ RUN ] app\index\Controller\Index->index[ /home/wwwroot/pc/pc/application/index/controller/Index.php ]
[ info ] [ VIEW ] /home/wwwroot/pc/pc/public/../application/index/view/index/index.html [ array (
  0 => 'name',
) ]
[ info ] [ LOG ] INIT File

---------------------------------------------------------------
[ 2018-06-28T15:37:00+08:00 ] 172.16.197.238 220.240.240.165 GET /
[ log ] 47.98.122.163:8080/ [运行时间：0.011826s][吞吐率：84.56req/s] [内存消耗：1,298.34kb] [文件加载：37]
[ info ] [ LANG ] /home/wwwroot/pc/pc/thinkphp/lang/zh-cn.php
[ info ] [ ROUTE ] array (
  'type' => 'module',
  'module' => 
  array (
    0 => '',
    1 => NULL,
    2 => NULL,
  ),
)
[ info ] [ HEADER ] array (
  'content-length' => '0',
  'user-agent' => 'Mozilla/5.0 (Windows NT 6.1; WOW64) AppleWebKit/537.36 (KHTML, like Gecko) Chrome/51.0.2704.103 Safari/537.36',
  'host' => '47.98.122.163:8080',
  'content-type' => '',
)
[ info ] [ PARAM ] array (
)
[ info ] [ DB ] INIT mysql
[ info ] [ RUN ] app\index\Controller\Index->index[ /home/wwwroot/pc/pc/application/index/controller/Index.php ]
[ info ] [ VIEW ] /home/wwwroot/pc/pc/public/../application/index/view/index/index.html [ array (
  0 => 'name',
) ]
[ info ] [ LOG ] INIT File

---------------------------------------------------------------
[ 2018-06-28T17:27:32+08:00 ] 172.16.197.238 59.110.6.177 GET /
[ log ] 47.92.38.204:8080/ [运行时间：0.012007s][吞吐率：83.28req/s] [内存消耗：1,297.95kb] [文件加载：37]
[ info ] [ LANG ] /home/wwwroot/pc/pc/thinkphp/lang/zh-cn.php
[ info ] [ ROUTE ] array (
  'type' => 'module',
  'module' => 
  array (
    0 => '',
    1 => NULL,
    2 => NULL,
  ),
)
[ info ] [ HEADER ] array (
  'accept-encoding' => 'identity',
  'connection' => 'Close',
  'host' => '47.92.38.204:8080',
  'content-type' => '',
  'content-length' => '',
)
[ info ] [ PARAM ] array (
)
[ info ] [ DB ] INIT mysql
[ info ] [ RUN ] app\index\Controller\Index->index[ /home/wwwroot/pc/pc/application/index/controller/Index.php ]
[ info ] [ VIEW ] /home/wwwroot/pc/pc/public/../application/index/view/index/index.html [ array (
  0 => 'name',
) ]
[ info ] [ LOG ] INIT File

---------------------------------------------------------------
[ 2018-06-28T17:31:53+08:00 ] 172.16.197.238 103.206.103.56 GET /
[ log ] 47.98.122.163:8080/ [运行时间：0.012199s][吞吐率：81.97req/s] [内存消耗：1,298.34kb] [文件加载：37]
[ info ] [ LANG ] /home/wwwroot/pc/pc/thinkphp/lang/zh-cn.php
[ info ] [ ROUTE ] array (
  'type' => 'module',
  'module' => 
  array (
    0 => '',
    1 => NULL,
    2 => NULL,
  ),
)
[ info ] [ HEADER ] array (
  'content-length' => '0',
  'user-agent' => 'Mozilla/5.0 (Windows NT 10.0; WOW64) AppleWebKit/537.36 (KHTML, like Gecko) Chrome/52.0.2743.116 Safari/537.36',
  'host' => '47.98.122.163:8080',
  'content-type' => '',
)
[ info ] [ PARAM ] array (
)
[ info ] [ DB ] INIT mysql
[ info ] [ RUN ] app\index\Controller\Index->index[ /home/wwwroot/pc/pc/application/index/controller/Index.php ]
[ info ] [ VIEW ] /home/wwwroot/pc/pc/public/../application/index/view/index/index.html [ array (
  0 => 'name',
) ]
[ info ] [ LOG ] INIT File

---------------------------------------------------------------
[ 2018-06-28T19:13:58+08:00 ] 172.16.197.238 138.185.106.122 GET /
[ log ] 47.98.122.163:8080/ [运行时间：0.011277s][吞吐率：88.68req/s] [内存消耗：1,298.34kb] [文件加载：37]
[ info ] [ LANG ] /home/wwwroot/pc/pc/thinkphp/lang/zh-cn.php
[ info ] [ ROUTE ] array (
  'type' => 'module',
  'module' => 
  array (
    0 => '',
    1 => NULL,
    2 => NULL,
  ),
)
[ info ] [ HEADER ] array (
  'content-length' => '0',
  'user-agent' => 'Mozilla/5.0 (Windows NT 10.0; WOW64) AppleWebKit/537.36 (KHTML, like Gecko) Chrome/51.0.2704.103 Safari/537.36',
  'host' => '47.98.122.163:8080',
  'content-type' => '',
)
[ info ] [ PARAM ] array (
)
[ info ] [ DB ] INIT mysql
[ info ] [ RUN ] app\index\Controller\Index->index[ /home/wwwroot/pc/pc/application/index/controller/Index.php ]
[ info ] [ VIEW ] /home/wwwroot/pc/pc/public/../application/index/view/index/index.html [ array (
  0 => 'name',
) ]
[ info ] [ LOG ] INIT File

---------------------------------------------------------------
[ 2018-06-28T20:32:24+08:00 ] 172.16.197.238 164.52.24.170 GET /
[ log ] 47.98.122.163:8080/ [运行时间：0.012133s][吞吐率：82.42req/s] [内存消耗：1,299.09kb] [文件加载：37]
[ info ] [ LANG ] /home/wwwroot/pc/pc/thinkphp/lang/zh-cn.php
[ info ] [ ROUTE ] array (
  'type' => 'module',
  'module' => 
  array (
    0 => '',
    1 => NULL,
    2 => NULL,
  ),
)
[ info ] [ HEADER ] array (
  'accept' => 'application/json, text/plain, */*',
  'accept-charset' => 'GBK,utf-8;q=0.7,*;q=0.3',
  'accept-language' => 'zh-CN,zh;q=0.8,en-US;q=0.5,en;q=0.3',
  'accept-encoding' => 'gzip, deflate, br',
  'user-agent' => 'Mozilla/5.0 (Windows NT 6.1; WOW64; rv:52.0) Gecko/20100101 Firefox/52.0',
  'host' => '47.98.122.163:8080',
  'content-type' => '',
  'content-length' => '',
)
[ info ] [ PARAM ] array (
)
[ info ] [ DB ] INIT mysql
[ info ] [ RUN ] app\index\Controller\Index->index[ /home/wwwroot/pc/pc/application/index/controller/Index.php ]
[ info ] [ VIEW ] /home/wwwroot/pc/pc/public/../application/index/view/index/index.html [ array (
  0 => 'name',
) ]
[ info ] [ LOG ] INIT File

---------------------------------------------------------------
[ 2018-06-28T20:37:40+08:00 ] 172.16.197.238 194.213.100.81 GET /
[ log ] 47.98.122.163:8080/ [运行时间：0.013143s][吞吐率：76.09req/s] [内存消耗：1,298.34kb] [文件加载：37]
[ info ] [ LANG ] /home/wwwroot/pc/pc/thinkphp/lang/zh-cn.php
[ info ] [ ROUTE ] array (
  'type' => 'module',
  'module' => 
  array (
    0 => '',
    1 => NULL,
    2 => NULL,
  ),
)
[ info ] [ HEADER ] array (
  'content-length' => '0',
  'user-agent' => 'Mozilla/5.0 (Windows NT 6.1; WOW64) AppleWebKit/537.36 (KHTML, like Gecko) Chrome/52.0.2743.116 Safari/537.36',
  'host' => '47.98.122.163:8080',
  'content-type' => '',
)
[ info ] [ PARAM ] array (
)
[ info ] [ DB ] INIT mysql
[ info ] [ RUN ] app\index\Controller\Index->index[ /home/wwwroot/pc/pc/application/index/controller/Index.php ]
[ info ] [ VIEW ] /home/wwwroot/pc/pc/public/../application/index/view/index/index.html [ array (
  0 => 'name',
) ]
[ info ] [ LOG ] INIT File

---------------------------------------------------------------
[ 2018-06-28T21:03:45+08:00 ] 172.16.197.238 78.157.49.154 GET /
[ log ] 47.98.122.163:8080/ [运行时间：0.011887s][吞吐率：84.12req/s] [内存消耗：1,298.34kb] [文件加载：37]
[ info ] [ LANG ] /home/wwwroot/pc/pc/thinkphp/lang/zh-cn.php
[ info ] [ ROUTE ] array (
  'type' => 'module',
  'module' => 
  array (
    0 => '',
    1 => NULL,
    2 => NULL,
  ),
)
[ info ] [ HEADER ] array (
  'content-length' => '0',
  'user-agent' => 'Mozilla/5.0 (Windows NT 6.1; WOW64) AppleWebKit/537.36 (KHTML, like Gecko) Chrome/52.0.2743.116 Safari/537.36',
  'host' => '47.98.122.163:8080',
  'content-type' => '',
)
[ info ] [ PARAM ] array (
)
[ info ] [ DB ] INIT mysql
[ info ] [ RUN ] app\index\Controller\Index->index[ /home/wwwroot/pc/pc/application/index/controller/Index.php ]
[ info ] [ VIEW ] /home/wwwroot/pc/pc/public/../application/index/view/index/index.html [ array (
  0 => 'name',
) ]
[ info ] [ LOG ] INIT File

---------------------------------------------------------------
[ 2018-06-28T21:05:05+08:00 ] 172.16.197.238 116.231.15.172 GET /
[ log ] 47.98.122.163:8080/ [运行时间：0.011456s][吞吐率：87.29req/s] [内存消耗：1,301.05kb] [文件加载：37]
[ info ] [ LANG ] /home/wwwroot/pc/pc/thinkphp/lang/zh-cn.php
[ info ] [ ROUTE ] array (
  'type' => 'module',
  'module' => 
  array (
    0 => '',
    1 => NULL,
    2 => NULL,
  ),
)
[ info ] [ HEADER ] array (
  'accept-language' => 'zh-CN,zh;q=0.8',
  'accept-encoding' => 'gzip, deflate, sdch',
  'accept' => 'text/html,application/xhtml+xml,application/xml;q=0.9,image/webp,*/*;q=0.8',
  'user-agent' => 'Mozilla/5.0 (Windows NT 10.0; WOW64) AppleWebKit/537.36 (KHTML, like Gecko) Chrome/55.0.2883.87 Safari/537.36',
  'upgrade-insecure-requests' => '1',
  'connection' => 'keep-alive',
  'host' => '47.98.122.163:8080',
  'content-type' => '',
  'content-length' => '',
)
[ info ] [ PARAM ] array (
)
[ info ] [ DB ] INIT mysql
[ info ] [ RUN ] app\index\Controller\Index->index[ /home/wwwroot/pc/pc/application/index/controller/Index.php ]
[ info ] [ VIEW ] /home/wwwroot/pc/pc/public/../application/index/view/index/index.html [ array (
  0 => 'name',
) ]
[ info ] [ LOG ] INIT File

---------------------------------------------------------------
[ 2018-06-28T21:05:07+08:00 ] 172.16.197.238 116.231.15.172 GET /index/index/getschedule.html?start=2018-05-27&end=2018-07-08&_=1530191106820
[ log ] 47.98.122.163:8080/index/index/getschedule.html?start=2018-05-27&end=2018-07-08&_=1530191106820 [运行时间：0.012717s][吞吐率：78.63req/s] [内存消耗：1,316.96kb] [文件加载：36]
[ info ] [ LANG ] /home/wwwroot/pc/pc/thinkphp/lang/zh-cn.php
[ info ] [ ROUTE ] array (
  'type' => 'module',
  'module' => 
  array (
    0 => 'index',
    1 => 'index',
    2 => 'getschedule',
  ),
)
[ info ] [ HEADER ] array (
  'accept-language' => 'zh-CN,zh;q=0.8',
  'accept-encoding' => 'gzip, deflate, sdch',
  'referer' => 'http://47.98.122.163:8080/',
  'user-agent' => 'Mozilla/5.0 (Windows NT 10.0; WOW64) AppleWebKit/537.36 (KHTML, like Gecko) Chrome/55.0.2883.87 Safari/537.36',
  'x-requested-with' => 'XMLHttpRequest',
  'accept' => 'application/json, text/javascript, */*; q=0.01',
  'connection' => 'keep-alive',
  'host' => '47.98.122.163:8080',
  'content-type' => '',
  'content-length' => '',
)
[ info ] [ PARAM ] array (
  'start' => '2018-05-27',
  'end' => '2018-07-08',
  '_' => '1530191106820',
)
[ info ] [ DB ] INIT mysql
[ info ] [ RUN ] app\index\Controller\Index->getSchedule[ /home/wwwroot/pc/pc/application/index/controller/Index.php ]
[ info ] [ LOG ] INIT File

---------------------------------------------------------------
[ 2018-06-28T21:05:10+08:00 ] 172.16.197.238 116.231.15.172 GET /index/task/index.html
[ log ] 47.98.122.163:8080/index/task/index.html [运行时间：0.017713s][吞吐率：56.46req/s] [内存消耗：1,829.73kb] [文件加载：40]
[ info ] [ LANG ] /home/wwwroot/pc/pc/thinkphp/lang/zh-cn.php
[ info ] [ ROUTE ] array (
  'type' => 'module',
  'module' => 
  array (
    0 => 'index',
    1 => 'task',
    2 => 'index',
  ),
)
[ info ] [ HEADER ] array (
  'accept-language' => 'zh-CN,zh;q=0.8',
  'accept-encoding' => 'gzip, deflate, sdch',
  'referer' => 'http://47.98.122.163:8080/',
  'accept' => 'text/html,application/xhtml+xml,application/xml;q=0.9,image/webp,*/*;q=0.8',
  'user-agent' => 'Mozilla/5.0 (Windows NT 10.0; WOW64) AppleWebKit/537.36 (KHTML, like Gecko) Chrome/55.0.2883.87 Safari/537.36',
  'upgrade-insecure-requests' => '1',
  'connection' => 'keep-alive',
  'host' => '47.98.122.163:8080',
  'content-type' => '',
  'content-length' => '',
)
[ info ] [ PARAM ] array (
)
[ info ] [ DB ] INIT mysql
[ info ] [ RUN ] app\index\Controller\Task->index[ /home/wwwroot/pc/pc/application/index/controller/Task.php ]
[ info ] [ LOG ] INIT File
[ error ] [42S02]SQLSTATE[42S02]: Base table or view not found: 1146 Table 'blue.project' doesn't exist[/home/wwwroot/pc/pc/thinkphp/library/think/db/connector/Mysql.php:65]

---------------------------------------------------------------
[ 2018-06-28T21:07:12+08:00 ] 172.16.197.238 116.231.15.172 GET /index/task/index.html
[ log ] 47.98.122.163:8080/index/task/index.html [运行时间：0.010647s][吞吐率：93.92req/s] [内存消耗：1,256.20kb] [文件加载：35]
[ info ] [ LANG ] /home/wwwroot/pc/pc/thinkphp/lang/zh-cn.php
[ info ] [ ROUTE ] array (
  'type' => 'module',
  'module' => 
  array (
    0 => 'index',
    1 => 'task',
    2 => 'index',
  ),
)
[ info ] [ HEADER ] array (
  'accept-language' => 'zh-CN,zh;q=0.8',
  'accept-encoding' => 'gzip, deflate, sdch',
  'referer' => 'http://47.98.122.163:8080/',
  'accept' => 'text/html,application/xhtml+xml,application/xml;q=0.9,image/webp,*/*;q=0.8',
  'user-agent' => 'Mozilla/5.0 (Windows NT 10.0; WOW64) AppleWebKit/537.36 (KHTML, like Gecko) Chrome/55.0.2883.87 Safari/537.36',
  'upgrade-insecure-requests' => '1',
  'cache-control' => 'max-age=0',
  'connection' => 'keep-alive',
  'host' => '47.98.122.163:8080',
  'content-type' => '',
  'content-length' => '',
)
[ info ] [ PARAM ] array (
)
[ info ] [ DB ] INIT mysql
[ info ] [ RUN ] app\index\Controller\Task->index[ /home/wwwroot/pc/pc/application/index/controller/Task.php ]
[ info ] [ LOG ] INIT File

---------------------------------------------------------------
[ 2018-06-28T21:07:13+08:00 ] 172.16.197.238 116.231.15.172 GET /index/task/index.html
[ log ] 47.98.122.163:8080/index/task/index.html [运行时间：0.010588s][吞吐率：94.45req/s] [内存消耗：1,256.20kb] [文件加载：35]
[ info ] [ LANG ] /home/wwwroot/pc/pc/thinkphp/lang/zh-cn.php
[ info ] [ ROUTE ] array (
  'type' => 'module',
  'module' => 
  array (
    0 => 'index',
    1 => 'task',
    2 => 'index',
  ),
)
[ info ] [ HEADER ] array (
  'accept-language' => 'zh-CN,zh;q=0.8',
  'accept-encoding' => 'gzip, deflate, sdch',
  'referer' => 'http://47.98.122.163:8080/',
  'accept' => 'text/html,application/xhtml+xml,application/xml;q=0.9,image/webp,*/*;q=0.8',
  'user-agent' => 'Mozilla/5.0 (Windows NT 10.0; WOW64) AppleWebKit/537.36 (KHTML, like Gecko) Chrome/55.0.2883.87 Safari/537.36',
  'upgrade-insecure-requests' => '1',
  'cache-control' => 'max-age=0',
  'connection' => 'keep-alive',
  'host' => '47.98.122.163:8080',
  'content-type' => '',
  'content-length' => '',
)
[ info ] [ PARAM ] array (
)
[ info ] [ DB ] INIT mysql
[ info ] [ RUN ] app\index\Controller\Task->index[ /home/wwwroot/pc/pc/application/index/controller/Task.php ]
[ info ] [ LOG ] INIT File

---------------------------------------------------------------
[ 2018-06-28T21:07:45+08:00 ] 172.16.197.238 116.231.15.172 GET /index/task/index.html
[ log ] 47.98.122.163:8080/index/task/index.html [运行时间：0.012910s][吞吐率：77.46req/s] [内存消耗：1,313.69kb] [文件加载：38]
[ info ] [ LANG ] /home/wwwroot/pc/pc/thinkphp/lang/zh-cn.php
[ info ] [ ROUTE ] array (
  'type' => 'module',
  'module' => 
  array (
    0 => 'index',
    1 => 'task',
    2 => 'index',
  ),
)
[ info ] [ HEADER ] array (
  'accept-language' => 'zh-CN,zh;q=0.8',
  'accept-encoding' => 'gzip, deflate, sdch',
  'referer' => 'http://47.98.122.163:8080/',
  'accept' => 'text/html,application/xhtml+xml,application/xml;q=0.9,image/webp,*/*;q=0.8',
  'user-agent' => 'Mozilla/5.0 (Windows NT 10.0; WOW64) AppleWebKit/537.36 (KHTML, like Gecko) Chrome/55.0.2883.87 Safari/537.36',
  'upgrade-insecure-requests' => '1',
  'cache-control' => 'max-age=0',
  'connection' => 'keep-alive',
  'host' => '47.98.122.163:8080',
  'content-type' => '',
  'content-length' => '',
)
[ info ] [ PARAM ] array (
)
[ info ] [ DB ] INIT mysql
[ info ] [ RUN ] app\index\Controller\Task->index[ /home/wwwroot/pc/pc/application/index/controller/Task.php ]
[ info ] [ LOG ] INIT File
[ error ] [0]模板文件不存在:/home/wwwroot/pc/pc/public/../application/index/view/task/index.html[/home/wwwroot/pc/pc/thinkphp/library/think/view/driver/Think.php:80]

---------------------------------------------------------------
[ 2018-06-28T21:08:46+08:00 ] 172.16.197.238 116.231.15.172 GET /index/task/index.html
[ log ] 47.98.122.163:8080/index/task/index.html [运行时间：0.012898s][吞吐率：77.53req/s] [内存消耗：1,316.02kb] [文件加载：38]
[ info ] [ LANG ] /home/wwwroot/pc/pc/thinkphp/lang/zh-cn.php
[ info ] [ ROUTE ] array (
  'type' => 'module',
  'module' => 
  array (
    0 => 'index',
    1 => 'task',
    2 => 'index',
  ),
)
[ info ] [ HEADER ] array (
  'accept-language' => 'zh-CN,zh;q=0.8',
  'accept-encoding' => 'gzip, deflate, sdch',
  'referer' => 'http://47.98.122.163:8080/',
  'accept' => 'text/html,application/xhtml+xml,application/xml;q=0.9,image/webp,*/*;q=0.8',
  'user-agent' => 'Mozilla/5.0 (Windows NT 10.0; WOW64) AppleWebKit/537.36 (KHTML, like Gecko) Chrome/55.0.2883.87 Safari/537.36',
  'upgrade-insecure-requests' => '1',
  'cache-control' => 'max-age=0',
  'connection' => 'keep-alive',
  'host' => '47.98.122.163:8080',
  'content-type' => '',
  'content-length' => '',
)
[ info ] [ PARAM ] array (
)
[ info ] [ DB ] INIT mysql
[ info ] [ RUN ] app\index\Controller\Task->index[ /home/wwwroot/pc/pc/application/index/controller/Task.php ]
[ info ] [ VIEW ] /home/wwwroot/pc/pc/public/../application/index/view/task/index.html [ array (
  0 => 'name',
) ]
[ info ] [ LOG ] INIT File
[ error ] [0]模板文件不存在:/home/wwwroot/pc/pc/public/../application/index/view/Index/index.html[/home/wwwroot/pc/pc/thinkphp/library/think/Template.php:1086]

---------------------------------------------------------------
[ 2018-06-28T21:10:15+08:00 ] 172.16.197.238 116.231.15.172 GET /index/task/projects.html
[ log ] 47.98.122.163:8080/index/task/projects.html [运行时间：0.016961s][吞吐率：58.96req/s] [内存消耗：1,829.47kb] [文件加载：40]
[ info ] [ LANG ] /home/wwwroot/pc/pc/thinkphp/lang/zh-cn.php
[ info ] [ ROUTE ] array (
  'type' => 'module',
  'module' => 
  array (
    0 => 'index',
    1 => 'task',
    2 => 'projects',
  ),
)
[ info ] [ HEADER ] array (
  'accept-language' => 'zh-CN,zh;q=0.8',
  'accept-encoding' => 'gzip, deflate, sdch',
  'accept' => 'text/html,application/xhtml+xml,application/xml;q=0.9,image/webp,*/*;q=0.8',
  'user-agent' => 'Mozilla/5.0 (Windows NT 10.0; WOW64) AppleWebKit/537.36 (KHTML, like Gecko) Chrome/55.0.2883.87 Safari/537.36',
  'upgrade-insecure-requests' => '1',
  'connection' => 'keep-alive',
  'host' => '47.98.122.163:8080',
  'content-type' => '',
  'content-length' => '',
)
[ info ] [ PARAM ] array (
)
[ info ] [ DB ] INIT mysql
[ info ] [ RUN ] app\index\Controller\Task->projects[ /home/wwwroot/pc/pc/application/index/controller/Task.php ]
[ info ] [ LOG ] INIT File
[ error ] [42S02]SQLSTATE[42S02]: Base table or view not found: 1146 Table 'blue.category' doesn't exist[/home/wwwroot/pc/pc/thinkphp/library/think/db/connector/Mysql.php:65]

---------------------------------------------------------------
[ 2018-06-28T21:10:33+08:00 ] 172.16.197.238 116.231.15.172 GET /index/task/projects.html
[ log ] 47.98.122.163:8080/index/task/projects.html [运行时间：0.012010s][吞吐率：83.26req/s] [内存消耗：1,312.23kb] [文件加载：39]
[ info ] [ LANG ] /home/wwwroot/pc/pc/thinkphp/lang/zh-cn.php
[ info ] [ ROUTE ] array (
  'type' => 'module',
  'module' => 
  array (
    0 => 'index',
    1 => 'task',
    2 => 'projects',
  ),
)
[ info ] [ HEADER ] array (
  'accept-language' => 'zh-CN,zh;q=0.8',
  'accept-encoding' => 'gzip, deflate, sdch',
  'accept' => 'text/html,application/xhtml+xml,application/xml;q=0.9,image/webp,*/*;q=0.8',
  'user-agent' => 'Mozilla/5.0 (Windows NT 10.0; WOW64) AppleWebKit/537.36 (KHTML, like Gecko) Chrome/55.0.2883.87 Safari/537.36',
  'upgrade-insecure-requests' => '1',
  'cache-control' => 'max-age=0',
  'connection' => 'keep-alive',
  'host' => '47.98.122.163:8080',
  'content-type' => '',
  'content-length' => '',
)
[ info ] [ PARAM ] array (
)
[ info ] [ DB ] INIT mysql
[ info ] [ RUN ] app\index\Controller\Task->projects[ /home/wwwroot/pc/pc/application/index/controller/Task.php ]
[ info ] [ LOG ] INIT File
[ error ] [8]未定义变量: categorys[/home/wwwroot/pc/pc/application/index/controller/Task.php:49]

---------------------------------------------------------------
[ 2018-06-28T21:10:40+08:00 ] 172.16.197.238 116.231.15.172 GET /index/task/projects.html
[ log ] 47.98.122.163:8080/index/task/projects.html [运行时间：0.013300s][吞吐率：75.19req/s] [内存消耗：1,309.01kb] [文件加载：38]
[ info ] [ LANG ] /home/wwwroot/pc/pc/thinkphp/lang/zh-cn.php
[ info ] [ ROUTE ] array (
  'type' => 'module',
  'module' => 
  array (
    0 => 'index',
    1 => 'task',
    2 => 'projects',
  ),
)
[ info ] [ HEADER ] array (
  'accept-language' => 'zh-CN,zh;q=0.8',
  'accept-encoding' => 'gzip, deflate, sdch',
  'accept' => 'text/html,application/xhtml+xml,application/xml;q=0.9,image/webp,*/*;q=0.8',
  'user-agent' => 'Mozilla/5.0 (Windows NT 10.0; WOW64) AppleWebKit/537.36 (KHTML, like Gecko) Chrome/55.0.2883.87 Safari/537.36',
  'upgrade-insecure-requests' => '1',
  'cache-control' => 'max-age=0',
  'connection' => 'keep-alive',
  'host' => '47.98.122.163:8080',
  'content-type' => '',
  'content-length' => '',
)
[ info ] [ PARAM ] array (
)
[ info ] [ DB ] INIT mysql
[ info ] [ RUN ] app\index\Controller\Task->projects[ /home/wwwroot/pc/pc/application/index/controller/Task.php ]
[ info ] [ VIEW ] /home/wwwroot/pc/pc/public/../application/index/view/task/projects.html [ array (
) ]
[ info ] [ LOG ] INIT File
[ error ] [0]模板文件不存在:/home/wwwroot/pc/pc/public/../application/index/view/Index/index.html[/home/wwwroot/pc/pc/thinkphp/library/think/Template.php:1086]

---------------------------------------------------------------
[ 2018-06-28T21:29:03+08:00 ] 172.16.197.238 106.120.160.114 GET /index/task/index.html
[ log ] 47.98.122.163/index/task/index.html [运行时间：0.012949s][吞吐率：77.23req/s] [内存消耗：1,308.38kb] [文件加载：38]
[ info ] [ LANG ] /home/wwwroot/pc/pc/thinkphp/lang/zh-cn.php
[ info ] [ ROUTE ] array (
  'type' => 'module',
  'module' => 
  array (
    0 => 'index',
    1 => 'task',
    2 => 'index',
  ),
)
[ info ] [ HEADER ] array (
  'user-agent' => 'Mozilla/4.0 (compatible; MSIE 8.0; Windows NT 6.1; Trident/4.0; SLCC2; .NET CLR 2.0.50727; .NET CLR 3.5.30729; .NET CLR 3.0.30729; Media Center PC 6.0; Tablet PC 2.0)',
  'connection' => 'close',
  'accept-language' => 'zh-CN,zh;q=0.8',
  'host' => '47.98.122.163',
  'referer' => 'http://47.98.122.163:8080/index/task/index.html',
  'accept-encoding' => 'identity',
  'content-type' => '',
  'content-length' => '',
)
[ info ] [ PARAM ] array (
)
[ info ] [ DB ] INIT mysql
[ info ] [ RUN ] app\index\Controller\Task->index[ /home/wwwroot/pc/pc/application/index/controller/Task.php ]
[ info ] [ VIEW ] /home/wwwroot/pc/pc/public/../application/index/view/task/index.html [ array (
  0 => 'name',
) ]
[ info ] [ LOG ] INIT File
[ error ] [0]模板文件不存在:/home/wwwroot/pc/pc/public/../application/index/view/Index/index.html[/home/wwwroot/pc/pc/thinkphp/library/think/Template.php:1086]

---------------------------------------------------------------
[ 2018-06-28T21:29:31+08:00 ] 172.16.197.238 42.236.10.114 GET /
[ log ] 47.98.122.163:8080/ [运行时间：0.011999s][吞吐率：83.34req/s] [内存消耗：1,299.20kb] [文件加载：37]
[ info ] [ LANG ] /home/wwwroot/pc/pc/thinkphp/lang/zh-cn.php
[ info ] [ ROUTE ] array (
  'type' => 'module',
  'module' => 
  array (
    0 => '',
    1 => NULL,
    2 => NULL,
  ),
)
[ info ] [ HEADER ] array (
  'accept-encoding' => 'gzip, deflate',
  'accept' => 'text/html,application/xhtml+xml,application/xml;q=0.9,image/webp,image/apng,*/*;q=0.8',
  'user-agent' => 'Mozilla/5.0 (Windows NT 6.1) AppleWebKit/537.36 (KHTML, like Gecko) Chrome/36.0.1985.125 Safari/537.36',
  'upgrade-insecure-requests' => '1',
  'connection' => 'keep-alive',
  'host' => '47.98.122.163:8080',
  'content-type' => '',
  'content-length' => '',
)
[ info ] [ PARAM ] array (
)
[ info ] [ DB ] INIT mysql
[ info ] [ RUN ] app\index\Controller\Index->index[ /home/wwwroot/pc/pc/application/index/controller/Index.php ]
[ info ] [ VIEW ] /home/wwwroot/pc/pc/public/../application/index/view/index/index.html [ array (
  0 => 'name',
) ]
[ info ] [ LOG ] INIT File

---------------------------------------------------------------
[ 2018-06-28T21:29:34+08:00 ] 172.16.197.238 42.236.10.106 GET /index/index/getschedule.html?start=2018-05-27&end=2018-07-08&_=1530192573342
[ log ] 47.98.122.163:8080/index/index/getschedule.html?start=2018-05-27&end=2018-07-08&_=1530192573342 [运行时间：0.012499s][吞吐率：80.01req/s] [内存消耗：1,316.55kb] [文件加载：36]
[ info ] [ LANG ] /home/wwwroot/pc/pc/thinkphp/lang/zh-cn.php
[ info ] [ ROUTE ] array (
  'type' => 'module',
  'module' => 
  array (
    0 => 'index',
    1 => 'index',
    2 => 'getschedule',
  ),
)
[ info ] [ HEADER ] array (
  'accept-encoding' => 'gzip, deflate',
  'referer' => 'http://47.98.122.163:8080/',
  'user-agent' => 'Mozilla/5.0 (Windows NT 6.1) AppleWebKit/537.36 (KHTML, like Gecko) Chrome/36.0.1985.125 Safari/537.36',
  'x-requested-with' => 'XMLHttpRequest',
  'accept' => 'application/json, text/javascript, */*; q=0.01',
  'connection' => 'keep-alive',
  'host' => '47.98.122.163:8080',
  'content-type' => '',
  'content-length' => '',
)
[ info ] [ PARAM ] array (
  'start' => '2018-05-27',
  'end' => '2018-07-08',
  '_' => '1530192573342',
)
[ info ] [ DB ] INIT mysql
[ info ] [ RUN ] app\index\Controller\Index->getSchedule[ /home/wwwroot/pc/pc/application/index/controller/Index.php ]
[ info ] [ LOG ] INIT File

---------------------------------------------------------------
[ 2018-06-28T21:29:39+08:00 ] 172.16.197.238 180.163.220.46 GET /
[ log ] 47.98.122.163:8080/ [运行时间：0.012392s][吞吐率：80.70req/s] [内存消耗：1,299.13kb] [文件加载：37]
[ info ] [ LANG ] /home/wwwroot/pc/pc/thinkphp/lang/zh-cn.php
[ info ] [ ROUTE ] array (
  'type' => 'module',
  'module' => 
  array (
    0 => '',
    1 => NULL,
    2 => NULL,
  ),
)
[ info ] [ HEADER ] array (
  'host' => '47.98.122.163:8080',
  'accept-language' => 'en,*',
  'accept-encoding' => 'gzip, deflate',
  'connection' => 'Keep-Alive',
  'user-agent' => 'Mozilla/5.0 (Windows NT 6.1; WOW64) AppleWebKit/537.36 (KHTML, like Gecko) Chrome/50.0.2661.102 Safari/537.36',
  'accept' => 'text/html,application/xhtml+xml,application/xml;q=0.9,*/*;q=0.8',
  'content-type' => '',
  'content-length' => '',
)
[ info ] [ PARAM ] array (
)
[ info ] [ DB ] INIT mysql
[ info ] [ RUN ] app\index\Controller\Index->index[ /home/wwwroot/pc/pc/application/index/controller/Index.php ]
[ info ] [ VIEW ] /home/wwwroot/pc/pc/public/../application/index/view/index/index.html [ array (
  0 => 'name',
) ]
[ info ] [ LOG ] INIT File

---------------------------------------------------------------
[ 2018-06-28T21:29:40+08:00 ] 172.16.197.238 180.163.220.46 GET /index/index/getschedule.html?start=2018-05-27&end=2018-07-08&_=1530192579404
[ log ] 47.98.122.163:8080/index/index/getschedule.html?start=2018-05-27&end=2018-07-08&_=1530192579404 [运行时间：0.011758s][吞吐率：85.05req/s] [内存消耗：1,316.93kb] [文件加载：36]
[ info ] [ LANG ] /home/wwwroot/pc/pc/thinkphp/lang/zh-cn.php
[ info ] [ ROUTE ] array (
  'type' => 'module',
  'module' => 
  array (
    0 => 'index',
    1 => 'index',
    2 => 'getschedule',
  ),
)
[ info ] [ HEADER ] array (
  'host' => '47.98.122.163:8080',
  'accept-language' => 'en,*',
  'accept-encoding' => 'gzip, deflate',
  'connection' => 'Keep-Alive',
  'user-agent' => 'Mozilla/5.0 (Windows NT 6.1; WOW64) AppleWebKit/537.36 (KHTML, like Gecko) Chrome/50.0.2661.102 Safari/537.36',
  'x-requested-with' => 'XMLHttpRequest',
  'referer' => 'http://47.98.122.163:8080/',
  'accept' => 'application/json, text/javascript, */*; q=0.01',
  'content-type' => '',
  'content-length' => '',
)
[ info ] [ PARAM ] array (
  'start' => '2018-05-27',
  'end' => '2018-07-08',
  '_' => '1530192579404',
)
[ info ] [ DB ] INIT mysql
[ info ] [ RUN ] app\index\Controller\Index->getSchedule[ /home/wwwroot/pc/pc/application/index/controller/Index.php ]
[ info ] [ LOG ] INIT File

---------------------------------------------------------------
[ 2018-06-28T21:32:55+08:00 ] 172.16.197.238 106.120.160.114 GET /index/task/projects.html
[ log ] 47.98.122.163/index/task/projects.html [运行时间：0.014757s][吞吐率：67.76req/s] [内存消耗：1,308.07kb] [文件加载：38]
[ info ] [ LANG ] /home/wwwroot/pc/pc/thinkphp/lang/zh-cn.php
[ info ] [ ROUTE ] array (
  'type' => 'module',
  'module' => 
  array (
    0 => 'index',
    1 => 'task',
    2 => 'projects',
  ),
)
[ info ] [ HEADER ] array (
  'user-agent' => 'Mozilla/4.0 (compatible; MSIE 8.0; Windows NT 6.1; Trident/4.0; SLCC2; .NET CLR 2.0.50727; .NET CLR 3.5.30729; .NET CLR 3.0.30729; Media Center PC 6.0; Tablet PC 2.0)',
  'connection' => 'close',
  'accept-language' => 'zh-CN,zh;q=0.8',
  'host' => '47.98.122.163',
  'referer' => 'http://47.98.122.163:8080/index/task/projects.html',
  'accept-encoding' => 'identity',
  'content-type' => '',
  'content-length' => '',
)
[ info ] [ PARAM ] array (
)
[ info ] [ DB ] INIT mysql
[ info ] [ RUN ] app\index\Controller\Task->projects[ /home/wwwroot/pc/pc/application/index/controller/Task.php ]
[ info ] [ VIEW ] /home/wwwroot/pc/pc/public/../application/index/view/task/projects.html [ array (
) ]
[ info ] [ LOG ] INIT File
[ error ] [0]模板文件不存在:/home/wwwroot/pc/pc/public/../application/index/view/Index/index.html[/home/wwwroot/pc/pc/thinkphp/library/think/Template.php:1086]

---------------------------------------------------------------
[ 2018-06-28T22:02:24+08:00 ] 172.16.197.238 189.113.108.92 GET /
[ log ] 47.98.122.163:8080/ [运行时间：0.011078s][吞吐率：90.27req/s] [内存消耗：1,298.34kb] [文件加载：37]
[ info ] [ LANG ] /home/wwwroot/pc/pc/thinkphp/lang/zh-cn.php
[ info ] [ ROUTE ] array (
  'type' => 'module',
  'module' => 
  array (
    0 => '',
    1 => NULL,
    2 => NULL,
  ),
)
[ info ] [ HEADER ] array (
  'content-length' => '0',
  'user-agent' => 'Mozilla/5.0 (Windows NT 6.1; WOW64) AppleWebKit/537.36 (KHTML, like Gecko) Chrome/51.0.2704.103 Safari/537.36',
  'host' => '47.98.122.163:8080',
  'content-type' => '',
)
[ info ] [ PARAM ] array (
)
[ info ] [ DB ] INIT mysql
[ info ] [ RUN ] app\index\Controller\Index->index[ /home/wwwroot/pc/pc/application/index/controller/Index.php ]
[ info ] [ VIEW ] /home/wwwroot/pc/pc/public/../application/index/view/index/index.html [ array (
  0 => 'name',
) ]
[ info ] [ LOG ] INIT File

---------------------------------------------------------------
[ 2018-06-28T22:10:23+08:00 ] 172.16.197.238 106.120.160.114 GET /
[ log ] 47.98.122.163/ [运行时间：0.011471s][吞吐率：87.18req/s] [内存消耗：1,299.16kb] [文件加载：37]
[ info ] [ LANG ] /home/wwwroot/pc/pc/thinkphp/lang/zh-cn.php
[ info ] [ ROUTE ] array (
  'type' => 'module',
  'module' => 
  array (
    0 => '',
    1 => NULL,
    2 => NULL,
  ),
)
[ info ] [ HEADER ] array (
  'user-agent' => 'Mozilla/4.0 (compatible; MSIE 8.0; Windows NT 6.1; Trident/4.0; SLCC2; .NET CLR 2.0.50727; .NET CLR 3.5.30729; .NET CLR 3.0.30729; Media Center PC 6.0; Tablet PC 2.0)',
  'connection' => 'close',
  'accept-language' => 'zh-CN,zh;q=0.8',
  'host' => '47.98.122.163',
  'referer' => 'http://47.98.122.163:8080/',
  'accept-encoding' => 'identity',
  'content-type' => '',
  'content-length' => '',
)
[ info ] [ PARAM ] array (
)
[ info ] [ DB ] INIT mysql
[ info ] [ RUN ] app\index\Controller\Index->index[ /home/wwwroot/pc/pc/application/index/controller/Index.php ]
[ info ] [ VIEW ] /home/wwwroot/pc/pc/public/../application/index/view/index/index.html [ array (
  0 => 'name',
) ]
[ info ] [ LOG ] INIT File

---------------------------------------------------------------
[ 2018-06-28T22:10:48+08:00 ] 172.16.197.238 101.199.108.120 GET /
[ log ] 47.98.122.163:8080/ [运行时间：0.011309s][吞吐率：88.43req/s] [内存消耗：1,300.94kb] [文件加载：37]
[ info ] [ LANG ] /home/wwwroot/pc/pc/thinkphp/lang/zh-cn.php
[ info ] [ ROUTE ] array (
  'type' => 'module',
  'module' => 
  array (
    0 => '',
    1 => NULL,
    2 => NULL,
  ),
)
[ info ] [ HEADER ] array (
  'accept-charset' => 'iso-8859-1,*,utf-8',
  'accept-encoding' => 'gzip,deflate',
  'accept' => 'text/html,application/xhtml+xml,application/xml;q=0.9,*/*;q=0.8',
  'user-agent' => 'Mozilla/5.0 (Windows NT 6.1) AppleWebKit/537.36 (KHTML, like Gecko) Chrome/36.0.1985.125 Safari/537.36',
  'accept-language' => 'zh-CN,zh;q=0.8',
  'connection' => 'keep-alive',
  'host' => '47.98.122.163:8080',
  'content-type' => '',
  'content-length' => '',
)
[ info ] [ PARAM ] array (
)
[ info ] [ DB ] INIT mysql
[ info ] [ RUN ] app\index\Controller\Index->index[ /home/wwwroot/pc/pc/application/index/controller/Index.php ]
[ info ] [ VIEW ] /home/wwwroot/pc/pc/public/../application/index/view/index/index.html [ array (
  0 => 'name',
) ]
[ info ] [ LOG ] INIT File

---------------------------------------------------------------
[ 2018-06-28T22:10:49+08:00 ] 172.16.197.238 101.199.108.120 GET /index/index/getschedule.html?start=2018-05-27&end=2018-07-08&_=1530195048515
[ log ] 47.98.122.163:8080/index/index/getschedule.html?start=2018-05-27&end=2018-07-08&_=1530195048515 [运行时间：0.013050s][吞吐率：76.63req/s] [内存消耗：1,318.36kb] [文件加载：36]
[ info ] [ LANG ] /home/wwwroot/pc/pc/thinkphp/lang/zh-cn.php
[ info ] [ ROUTE ] array (
  'type' => 'module',
  'module' => 
  array (
    0 => 'index',
    1 => 'index',
    2 => 'getschedule',
  ),
)
[ info ] [ HEADER ] array (
  'accept-charset' => 'iso-8859-1,*,utf-8',
  'accept-language' => 'en-us,en',
  'accept-encoding' => 'gzip,deflate',
  'referer' => 'http://47.98.122.163:8080/',
  'accept' => 'application/json, text/javascript, */*; q=0.01',
  'user-agent' => 'Mozilla/5.0 (Windows NT 6.1) AppleWebKit/537.36 (KHTML, like Gecko) Chrome/36.0.1985.125 Safari/537.36',
  'x-requested-with' => 'XMLHttpRequest',
  'connection' => 'keep-alive',
  'host' => '47.98.122.163:8080',
  'content-type' => '',
  'content-length' => '',
)
[ info ] [ PARAM ] array (
  'start' => '2018-05-27',
  'end' => '2018-07-08',
  '_' => '1530195048515',
)
[ info ] [ DB ] INIT mysql
[ info ] [ RUN ] app\index\Controller\Index->getSchedule[ /home/wwwroot/pc/pc/application/index/controller/Index.php ]
[ info ] [ LOG ] INIT File

---------------------------------------------------------------
[ 2018-06-28T22:30:05+08:00 ] 172.16.197.238 182.118.20.152 GET /index/task/index.html
[ log ] 47.98.122.163:8080/index/task/index.html [运行时间：0.012564s][吞吐率：79.59req/s] [内存消耗：1,309.27kb] [文件加载：38]
[ info ] [ LANG ] /home/wwwroot/pc/pc/thinkphp/lang/zh-cn.php
[ info ] [ ROUTE ] array (
  'type' => 'module',
  'module' => 
  array (
    0 => 'index',
    1 => 'task',
    2 => 'index',
  ),
)
[ info ] [ HEADER ] array (
  'connection' => 'keep-alive',
  'cache-control' => 'max-age=259200',
  'x-forwarded-for' => 'unknown',
  'user-agent' => 'Mozilla/4.0 (compatible; MSIE 8.0; Windows NT 6.1; Trident/4.0; SLCC2; .NET CLR 2.0.50727; .NET CLR 3.5.30729; .NET CLR 3.0.30729; Media Center PC 6.0; Tablet PC 2.0)',
  'accept-language' => 'zh-CN,zh;q=0.8',
  'host' => '47.98.122.163:8080',
  'referer' => 'http://47.98.122.163:8080/index/task/index.html',
  'accept-encoding' => 'identity',
  'content-type' => '',
  'content-length' => '',
)
[ info ] [ PARAM ] array (
)
[ info ] [ DB ] INIT mysql
[ info ] [ RUN ] app\index\Controller\Task->index[ /home/wwwroot/pc/pc/application/index/controller/Task.php ]
[ info ] [ VIEW ] /home/wwwroot/pc/pc/public/../application/index/view/task/index.html [ array (
  0 => 'name',
) ]
[ info ] [ LOG ] INIT File
[ error ] [0]模板文件不存在:/home/wwwroot/pc/pc/public/../application/index/view/Index/index.html[/home/wwwroot/pc/pc/thinkphp/library/think/Template.php:1086]

---------------------------------------------------------------
[ 2018-06-28T22:30:40+08:00 ] 172.16.197.238 101.199.108.118 GET /index/task/index.html
[ log ] 47.98.122.163:8080/index/task/index.html [运行时间：0.013527s][吞吐率：73.93req/s] [内存消耗：1,308.88kb] [文件加载：38]
[ info ] [ LANG ] /home/wwwroot/pc/pc/thinkphp/lang/zh-cn.php
[ info ] [ ROUTE ] array (
  'type' => 'module',
  'module' => 
  array (
    0 => 'index',
    1 => 'task',
    2 => 'index',
  ),
)
[ info ] [ HEADER ] array (
  'accept-charset' => 'iso-8859-1,*,utf-8',
  'accept-encoding' => 'gzip,deflate',
  'accept' => 'text/html,application/xhtml+xml,application/xml;q=0.9,*/*;q=0.8',
  'user-agent' => 'Mozilla/5.0 (Windows NT 6.1) AppleWebKit/537.36 (KHTML, like Gecko) Chrome/36.0.1985.125 Safari/537.36',
  'accept-language' => 'zh-CN,zh;q=0.8',
  'connection' => 'keep-alive',
  'host' => '47.98.122.163:8080',
  'content-type' => '',
  'content-length' => '',
)
[ info ] [ PARAM ] array (
)
[ info ] [ DB ] INIT mysql
[ info ] [ RUN ] app\index\Controller\Task->index[ /home/wwwroot/pc/pc/application/index/controller/Task.php ]
[ info ] [ VIEW ] /home/wwwroot/pc/pc/public/../application/index/view/task/index.html [ array (
  0 => 'name',
) ]
[ info ] [ LOG ] INIT File
[ error ] [0]模板文件不存在:/home/wwwroot/pc/pc/public/../application/index/view/Index/index.html[/home/wwwroot/pc/pc/thinkphp/library/think/Template.php:1086]

---------------------------------------------------------------
[ 2018-06-28T22:30:40+08:00 ] 172.16.197.238 182.118.20.157 GET /index/task/index.html
[ log ] 47.98.122.163:8080/index/task/index.html [运行时间：0.012599s][吞吐率：79.37req/s] [内存消耗：1,310.66kb] [文件加载：38]
[ info ] [ LANG ] /home/wwwroot/pc/pc/thinkphp/lang/zh-cn.php
[ info ] [ ROUTE ] array (
  'type' => 'module',
  'module' => 
  array (
    0 => 'index',
    1 => 'task',
    2 => 'index',
  ),
)
[ info ] [ HEADER ] array (
  'connection' => 'keep-alive',
  'cache-control' => 'max-age=0',
  'x-forwarded-for' => 'unknown',
  'accept-charset' => 'iso-8859-1,*,utf-8',
  'accept-encoding' => 'gzip,deflate',
  'accept' => 'text/html,application/xhtml+xml,application/xml;q=0.9,*/*;q=0.8',
  'user-agent' => 'Mozilla/5.0 (Windows NT 6.1) AppleWebKit/537.36 (KHTML, like Gecko) Chrome/36.0.1985.125 Safari/537.36',
  'accept-language' => 'zh-CN,zh;q=0.8',
  'host' => '47.98.122.163:8080',
  'content-type' => '',
  'content-length' => '',
)
[ info ] [ PARAM ] array (
)
[ info ] [ DB ] INIT mysql
[ info ] [ RUN ] app\index\Controller\Task->index[ /home/wwwroot/pc/pc/application/index/controller/Task.php ]
[ info ] [ VIEW ] /home/wwwroot/pc/pc/public/../application/index/view/task/index.html [ array (
  0 => 'name',
) ]
[ info ] [ LOG ] INIT File
[ error ] [0]模板文件不存在:/home/wwwroot/pc/pc/public/../application/index/view/Index/index.html[/home/wwwroot/pc/pc/thinkphp/library/think/Template.php:1086]

---------------------------------------------------------------
[ 2018-06-28T22:30:43+08:00 ] 172.16.197.238 58.64.185.202 GET /index/task/index.html
[ log ] 47.98.122.163:8080/index/task/index.html [运行时间：0.012964s][吞吐率：77.14req/s] [内存消耗：1,309.21kb] [文件加载：38]
[ info ] [ LANG ] /home/wwwroot/pc/pc/thinkphp/lang/zh-cn.php
[ info ] [ ROUTE ] array (
  'type' => 'module',
  'module' => 
  array (
    0 => 'index',
    1 => 'task',
    2 => 'index',
  ),
)
[ info ] [ HEADER ] array (
  'connection' => 'keep-alive',
  'cache-control' => 'max-age=259200',
  'accept-charset' => 'iso-8859-1,*,utf-8',
  'accept-encoding' => 'gzip,deflate',
  'accept' => 'text/html,application/xhtml+xml,application/xml;q=0.9,*/*;q=0.8',
  'user-agent' => 'Mozilla/5.0 (Windows NT 6.1) AppleWebKit/537.36 (KHTML, like Gecko) Chrome/36.0.1985.125 Safari/537.36',
  'accept-language' => 'zh-CN,zh;q=0.8',
  'host' => '47.98.122.163:8080',
  'content-type' => '',
  'content-length' => '',
)
[ info ] [ PARAM ] array (
)
[ info ] [ DB ] INIT mysql
[ info ] [ RUN ] app\index\Controller\Task->index[ /home/wwwroot/pc/pc/application/index/controller/Task.php ]
[ info ] [ VIEW ] /home/wwwroot/pc/pc/public/../application/index/view/task/index.html [ array (
  0 => 'name',
) ]
[ info ] [ LOG ] INIT File
[ error ] [0]模板文件不存在:/home/wwwroot/pc/pc/public/../application/index/view/Index/index.html[/home/wwwroot/pc/pc/thinkphp/library/think/Template.php:1086]

---------------------------------------------------------------
[ 2018-06-28T22:30:43+08:00 ] 172.16.197.238 182.118.20.146 GET /index/task/index.html
[ log ] 47.98.122.163:8080/index/task/index.html [运行时间：0.013468s][吞吐率：74.25req/s] [内存消耗：1,310.66kb] [文件加载：38]
[ info ] [ LANG ] /home/wwwroot/pc/pc/thinkphp/lang/zh-cn.php
[ info ] [ ROUTE ] array (
  'type' => 'module',
  'module' => 
  array (
    0 => 'index',
    1 => 'task',
    2 => 'index',
  ),
)
[ info ] [ HEADER ] array (
  'connection' => 'keep-alive',
  'cache-control' => 'max-age=0',
  'x-forwarded-for' => 'unknown',
  'accept-charset' => 'iso-8859-1,*,utf-8',
  'accept-encoding' => 'gzip,deflate',
  'accept' => 'text/html,application/xhtml+xml,application/xml;q=0.9,*/*;q=0.8',
  'user-agent' => 'Mozilla/5.0 (Windows NT 6.1) AppleWebKit/537.36 (KHTML, like Gecko) Chrome/36.0.1985.125 Safari/537.36',
  'accept-language' => 'zh-CN,zh;q=0.8',
  'host' => '47.98.122.163:8080',
  'content-type' => '',
  'content-length' => '',
)
[ info ] [ PARAM ] array (
)
[ info ] [ DB ] INIT mysql
[ info ] [ RUN ] app\index\Controller\Task->index[ /home/wwwroot/pc/pc/application/index/controller/Task.php ]
[ info ] [ VIEW ] /home/wwwroot/pc/pc/public/../application/index/view/task/index.html [ array (
  0 => 'name',
) ]
[ info ] [ LOG ] INIT File
[ error ] [0]模板文件不存在:/home/wwwroot/pc/pc/public/../application/index/view/Index/index.html[/home/wwwroot/pc/pc/thinkphp/library/think/Template.php:1086]

---------------------------------------------------------------
[ 2018-06-28T22:33:50+08:00 ] 172.16.197.238 101.199.110.112 GET /index/task/projects.html
[ log ] 47.98.122.163:8080/index/task/projects.html [运行时间：0.013000s][吞吐率：76.92req/s] [内存消耗：1,308.56kb] [文件加载：38]
[ info ] [ LANG ] /home/wwwroot/pc/pc/thinkphp/lang/zh-cn.php
[ info ] [ ROUTE ] array (
  'type' => 'module',
  'module' => 
  array (
    0 => 'index',
    1 => 'task',
    2 => 'projects',
  ),
)
[ info ] [ HEADER ] array (
  'accept-charset' => 'iso-8859-1,*,utf-8',
  'accept-encoding' => 'gzip,deflate',
  'accept' => 'text/html,application/xhtml+xml,application/xml;q=0.9,*/*;q=0.8',
  'user-agent' => 'Mozilla/5.0 (Windows NT 6.1) AppleWebKit/537.36 (KHTML, like Gecko) Chrome/36.0.1985.125 Safari/537.36',
  'accept-language' => 'zh-CN,zh;q=0.8',
  'connection' => 'keep-alive',
  'host' => '47.98.122.163:8080',
  'content-type' => '',
  'content-length' => '',
)
[ info ] [ PARAM ] array (
)
[ info ] [ DB ] INIT mysql
[ info ] [ RUN ] app\index\Controller\Task->projects[ /home/wwwroot/pc/pc/application/index/controller/Task.php ]
[ info ] [ VIEW ] /home/wwwroot/pc/pc/public/../application/index/view/task/projects.html [ array (
) ]
[ info ] [ LOG ] INIT File
[ error ] [0]模板文件不存在:/home/wwwroot/pc/pc/public/../application/index/view/Index/index.html[/home/wwwroot/pc/pc/thinkphp/library/think/Template.php:1086]

---------------------------------------------------------------
[ 2018-06-28T22:34:18+08:00 ] 172.16.197.238 58.64.185.31 GET /index/task/projects.html
[ log ] 47.98.122.163:8080/index/task/projects.html [运行时间：0.014632s][吞吐率：68.34req/s] [内存消耗：1,308.90kb] [文件加载：38]
[ info ] [ LANG ] /home/wwwroot/pc/pc/thinkphp/lang/zh-cn.php
[ info ] [ ROUTE ] array (
  'type' => 'module',
  'module' => 
  array (
    0 => 'index',
    1 => 'task',
    2 => 'projects',
  ),
)
[ info ] [ HEADER ] array (
  'connection' => 'keep-alive',
  'cache-control' => 'max-age=259200',
  'accept-charset' => 'iso-8859-1,*,utf-8',
  'accept-encoding' => 'gzip,deflate',
  'accept' => 'text/html,application/xhtml+xml,application/xml;q=0.9,*/*;q=0.8',
  'user-agent' => 'Mozilla/5.0 (Windows NT 6.1) AppleWebKit/537.36 (KHTML, like Gecko) Chrome/36.0.1985.125 Safari/537.36',
  'accept-language' => 'zh-CN,zh;q=0.8',
  'host' => '47.98.122.163:8080',
  'content-type' => '',
  'content-length' => '',
)
[ info ] [ PARAM ] array (
)
[ info ] [ DB ] INIT mysql
[ info ] [ RUN ] app\index\Controller\Task->projects[ /home/wwwroot/pc/pc/application/index/controller/Task.php ]
[ info ] [ VIEW ] /home/wwwroot/pc/pc/public/../application/index/view/task/projects.html [ array (
) ]
[ info ] [ LOG ] INIT File
[ error ] [0]模板文件不存在:/home/wwwroot/pc/pc/public/../application/index/view/Index/index.html[/home/wwwroot/pc/pc/thinkphp/library/think/Template.php:1086]

---------------------------------------------------------------
[ 2018-06-28T22:34:19+08:00 ] 172.16.197.238 182.118.20.155 GET /index/task/projects.html
[ log ] 47.98.122.163:8080/index/task/projects.html [运行时间：0.013210s][吞吐率：75.70req/s] [内存消耗：1,310.34kb] [文件加载：38]
[ info ] [ LANG ] /home/wwwroot/pc/pc/thinkphp/lang/zh-cn.php
[ info ] [ ROUTE ] array (
  'type' => 'module',
  'module' => 
  array (
    0 => 'index',
    1 => 'task',
    2 => 'projects',
  ),
)
[ info ] [ HEADER ] array (
  'connection' => 'keep-alive',
  'cache-control' => 'max-age=0',
  'x-forwarded-for' => 'unknown',
  'accept-charset' => 'iso-8859-1,*,utf-8',
  'accept-encoding' => 'gzip,deflate',
  'accept' => 'text/html,application/xhtml+xml,application/xml;q=0.9,*/*;q=0.8',
  'user-agent' => 'Mozilla/5.0 (Windows NT 6.1) AppleWebKit/537.36 (KHTML, like Gecko) Chrome/36.0.1985.125 Safari/537.36',
  'accept-language' => 'zh-CN,zh;q=0.8',
  'host' => '47.98.122.163:8080',
  'content-type' => '',
  'content-length' => '',
)
[ info ] [ PARAM ] array (
)
[ info ] [ DB ] INIT mysql
[ info ] [ RUN ] app\index\Controller\Task->projects[ /home/wwwroot/pc/pc/application/index/controller/Task.php ]
[ info ] [ VIEW ] /home/wwwroot/pc/pc/public/../application/index/view/task/projects.html [ array (
) ]
[ info ] [ LOG ] INIT File
[ error ] [0]模板文件不存在:/home/wwwroot/pc/pc/public/../application/index/view/Index/index.html[/home/wwwroot/pc/pc/thinkphp/library/think/Template.php:1086]

---------------------------------------------------------------
[ 2018-06-28T23:05:07+08:00 ] 172.16.197.238 46.37.211.131 GET /
[ log ] 47.98.122.163:8080/ [运行时间：0.011023s][吞吐率：90.72req/s] [内存消耗：1,298.84kb] [文件加载：37]
[ info ] [ LANG ] /home/wwwroot/pc/pc/thinkphp/lang/zh-cn.php
[ info ] [ ROUTE ] array (
  'type' => 'module',
  'module' => 
  array (
    0 => '',
    1 => NULL,
    2 => NULL,
  ),
)
[ info ] [ HEADER ] array (
  'connection' => 'Keep-Alive',
  'accept-encoding' => '',
  'user-agent' => 'Mozilla/5.0 (compatible; MSIE 9.0; Windows NT 6.1; WOW64; Trident/5.0)',
  'accept-language' => 'en-US',
  'accept' => 'text/html, application/xhtml+xml, */*',
  'host' => '47.98.122.163:8080',
  'content-type' => '',
  'content-length' => '',
)
[ info ] [ PARAM ] array (
)
[ info ] [ DB ] INIT mysql
[ info ] [ RUN ] app\index\Controller\Index->index[ /home/wwwroot/pc/pc/application/index/controller/Index.php ]
[ info ] [ VIEW ] /home/wwwroot/pc/pc/public/../application/index/view/index/index.html [ array (
  0 => 'name',
) ]
[ info ] [ LOG ] INIT File

---------------------------------------------------------------
[ 2018-06-28T23:14:50+08:00 ] 172.16.197.238 200.107.35.10 GET /
[ log ] 47.98.122.163:8080/ [运行时间：0.012556s][吞吐率：79.64req/s] [内存消耗：1,298.34kb] [文件加载：37]
[ info ] [ LANG ] /home/wwwroot/pc/pc/thinkphp/lang/zh-cn.php
[ info ] [ ROUTE ] array (
  'type' => 'module',
  'module' => 
  array (
    0 => '',
    1 => NULL,
    2 => NULL,
  ),
)
[ info ] [ HEADER ] array (
  'content-length' => '0',
  'user-agent' => 'Mozilla/5.0 (Windows NT 10.0; WOW64) AppleWebKit/537.36 (KHTML, like Gecko) Chrome/52.0.2743.116 Safari/537.36',
  'host' => '47.98.122.163:8080',
  'content-type' => '',
)
[ info ] [ PARAM ] array (
)
[ info ] [ DB ] INIT mysql
[ info ] [ RUN ] app\index\Controller\Index->index[ /home/wwwroot/pc/pc/application/index/controller/Index.php ]
[ info ] [ VIEW ] /home/wwwroot/pc/pc/public/../application/index/view/index/index.html [ array (
  0 => 'name',
) ]
[ info ] [ LOG ] INIT File

---------------------------------------------------------------
