[ 2018-05-18T10:02:46+08:00 ] 172.16.40.176 172.16.40.176 GET /pc/pc/public/
[ log ] 172.16.40.176/pc/pc/public/ [运行时间：0.160857s][吞吐率：6.22req/s] [内存消耗：1,701.81kb] [文件加载：37]
[ info ] [ LANG ] C:\xampp\htdocs\pc\pc\thinkphp\lang\zh-cn.php
[ info ] [ ROUTE ] array (
  'type' => 'module',
  'module' => 
  array (
    0 => '',
    1 => NULL,
    2 => NULL,
  ),
)
[ info ] [ HEADER ] array (
  'host' => '172.16.40.176',
  'connection' => 'keep-alive',
  'upgrade-insecure-requests' => '1',
  'user-agent' => 'Mozilla/5.0 (Windows NT 10.0; WOW64) AppleWebKit/537.36 (KHTML, like Gecko) Chrome/55.0.2883.87 Safari/537.36',
  'accept' => 'text/html,application/xhtml+xml,application/xml;q=0.9,image/webp,*/*;q=0.8',
  'accept-encoding' => 'gzip, deflate, sdch',
  'accept-language' => 'zh-CN,zh;q=0.8',
)
[ info ] [ PARAM ] array (
)
[ info ] [ DB ] INIT mysql
[ info ] [ RUN ] app\index\controller\Index->index[ C:\xampp\htdocs\pc\pc\application\index\Controller\Index.php ]
[ info ] [ VIEW ] C:\xampp\htdocs\pc\pc\public/../application/index\view\index\index.html [ array (
  0 => 'name',
) ]
[ info ] [ LOG ] INIT File

---------------------------------------------------------------
[ 2018-05-18T10:02:52+08:00 ] 172.16.40.176 172.16.40.176 GET /pc/pc/public/
[ log ] 172.16.40.176/pc/pc/public/ [运行时间：0.085122s][吞吐率：11.75req/s] [内存消耗：1,701.81kb] [文件加载：37]
[ info ] [ LANG ] C:\xampp\htdocs\pc\pc\thinkphp\lang\zh-cn.php
[ info ] [ ROUTE ] array (
  'type' => 'module',
  'module' => 
  array (
    0 => '',
    1 => NULL,
    2 => NULL,
  ),
)
[ info ] [ HEADER ] array (
  'host' => '172.16.40.176',
  'connection' => 'keep-alive',
  'upgrade-insecure-requests' => '1',
  'user-agent' => 'Mozilla/5.0 (Windows NT 10.0; WOW64) AppleWebKit/537.36 (KHTML, like Gecko) Chrome/55.0.2883.87 Safari/537.36',
  'accept' => 'text/html,application/xhtml+xml,application/xml;q=0.9,image/webp,*/*;q=0.8',
  'accept-encoding' => 'gzip, deflate, sdch',
  'accept-language' => 'zh-CN,zh;q=0.8',
)
[ info ] [ PARAM ] array (
)
[ info ] [ DB ] INIT mysql
[ info ] [ RUN ] app\index\controller\Index->index[ C:\xampp\htdocs\pc\pc\application\index\Controller\Index.php ]
[ info ] [ VIEW ] C:\xampp\htdocs\pc\pc\public/../application/index\view\index\index.html [ array (
  0 => 'name',
) ]
[ info ] [ LOG ] INIT File

---------------------------------------------------------------
[ 2018-05-18T10:02:53+08:00 ] 172.16.40.176 172.16.40.176 GET /pc/pc/public/index/index/getschedule.html?start=2018-04-29&end=2018-06-10&_=1526608972458
[ log ] 172.16.40.176/pc/pc/public/index/index/getschedule.html?start=2018-04-29&end=2018-06-10&_=1526608972458 [运行时间：0.123273s][吞吐率：8.11req/s] [内存消耗：1,661.57kb] [文件加载：36]
[ info ] [ LANG ] C:\xampp\htdocs\pc\pc\thinkphp\lang\zh-cn.php
[ info ] [ ROUTE ] array (
  'type' => 'module',
  'module' => 
  array (
    0 => 'index',
    1 => 'index',
    2 => 'getschedule',
  ),
)
[ info ] [ HEADER ] array (
  'host' => '172.16.40.176',
  'connection' => 'keep-alive',
  'accept' => 'application/json, text/javascript, */*; q=0.01',
  'x-requested-with' => 'XMLHttpRequest',
  'user-agent' => 'Mozilla/5.0 (Windows NT 10.0; WOW64) AppleWebKit/537.36 (KHTML, like Gecko) Chrome/55.0.2883.87 Safari/537.36',
  'referer' => 'http://172.16.40.176/pc/pc/public/',
  'accept-encoding' => 'gzip, deflate, sdch',
  'accept-language' => 'zh-CN,zh;q=0.8',
)
[ info ] [ PARAM ] array (
  'start' => '2018-04-29',
  'end' => '2018-06-10',
  '_' => '1526608972458',
)
[ info ] [ DB ] INIT mysql
[ info ] [ RUN ] app\index\controller\Index->getSchedule[ C:\xampp\htdocs\pc\pc\application\index\Controller\Index.php ]
[ info ] [ LOG ] INIT File

---------------------------------------------------------------
