[ 2018-05-30T00:04:48+08:00 ] 172.16.197.238 47.93.112.232 GET /
[ log ] 39.104.186.200:8080/ [运行时间：0.011232s][吞吐率：89.03req/s] [内存消耗：1,297.93kb] [文件加载：37]
[ info ] [ LANG ] /home/wwwroot/pc/pc/thinkphp/lang/zh-cn.php
[ info ] [ ROUTE ] array (
  'type' => 'module',
  'module' => 
  array (
    0 => '',
    1 => NULL,
    2 => NULL,
  ),
)
[ info ] [ HEADER ] array (
  'accept-encoding' => 'identity',
  'connection' => 'Close',
  'host' => '39.104.186.200:8080',
  'content-type' => '',
  'content-length' => '',
)
[ info ] [ PARAM ] array (
)
[ info ] [ DB ] INIT mysql
[ info ] [ RUN ] app\index\Controller\Index->index[ /home/wwwroot/pc/pc/application/index/controller/Index.php ]
[ info ] [ VIEW ] /home/wwwroot/pc/pc/public/../application/index/view/index/index.html [ array (
  0 => 'name',
) ]
[ info ] [ LOG ] INIT File

---------------------------------------------------------------
[ 2018-05-30T00:19:36+08:00 ] 172.16.197.238 185.165.169.146 GET /
[ log ] 47.98.122.163:8080/ [运行时间：0.012164s][吞吐率：82.21req/s] [内存消耗：1,297.52kb] [文件加载：37]
[ info ] [ LANG ] /home/wwwroot/pc/pc/thinkphp/lang/zh-cn.php
[ info ] [ ROUTE ] array (
  'type' => 'module',
  'module' => 
  array (
    0 => '',
    1 => NULL,
    2 => NULL,
  ),
)
[ info ] [ HEADER ] array (
  'host' => '47.98.122.163:8080',
  'content-type' => '',
  'content-length' => '',
)
[ info ] [ PARAM ] array (
)
[ info ] [ DB ] INIT mysql
[ info ] [ RUN ] app\index\Controller\Index->index[ /home/wwwroot/pc/pc/application/index/controller/Index.php ]
[ info ] [ VIEW ] /home/wwwroot/pc/pc/public/../application/index/view/index/index.html [ array (
  0 => 'name',
) ]
[ info ] [ LOG ] INIT File

---------------------------------------------------------------
[ 2018-05-30T01:07:45+08:00 ] 172.16.197.238 89.191.156.75 GET /
[ log ] 47.98.122.163:8080/ [运行时间：0.011184s][吞吐率：89.41req/s] [内存消耗：1,298.33kb] [文件加载：37]
[ info ] [ LANG ] /home/wwwroot/pc/pc/thinkphp/lang/zh-cn.php
[ info ] [ ROUTE ] array (
  'type' => 'module',
  'module' => 
  array (
    0 => '',
    1 => NULL,
    2 => NULL,
  ),
)
[ info ] [ HEADER ] array (
  'content-length' => '0',
  'user-agent' => 'Mozilla/5.0 (Windows NT 10.0; WOW64) AppleWebKit/537.36 (KHTML, like Gecko) Chrome/52.0.2743.116 Safari/537.36',
  'host' => '47.98.122.163:8080',
  'content-type' => '',
)
[ info ] [ PARAM ] array (
)
[ info ] [ DB ] INIT mysql
[ info ] [ RUN ] app\index\Controller\Index->index[ /home/wwwroot/pc/pc/application/index/controller/Index.php ]
[ info ] [ VIEW ] /home/wwwroot/pc/pc/public/../application/index/view/index/index.html [ array (
  0 => 'name',
) ]
[ info ] [ LOG ] INIT File

---------------------------------------------------------------
[ 2018-05-30T01:40:55+08:00 ] 172.16.197.238 189.35.210.226 GET /cgi/common.cgi
[ log ] 47.98.122.163/cgi/common.cgi [运行时间：0.008380s][吞吐率：119.33req/s] [内存消耗：935.09kb] [文件加载：27]
[ info ] [ LANG ] /home/wwwroot/pc/pc/thinkphp/lang/zh-cn.php
[ info ] [ ROUTE ] array (
  'type' => 'module',
  'module' => 
  array (
    0 => 'cgi',
    1 => 'common.cgi',
    2 => NULL,
  ),
)
[ info ] [ HEADER ] array (
  'user-agent' => 'Wget(linux)',
  'host' => '47.98.122.163',
  'accept' => '*/*',
  'content-type' => '',
  'content-length' => '',
)
[ info ] [ PARAM ] array (
)
[ info ] [ LOG ] INIT File

---------------------------------------------------------------
[ 2018-05-30T01:41:00+08:00 ] 172.16.197.238 189.35.210.226 GET /stssys.htm
[ log ] 47.98.122.163/stssys.htm [运行时间：0.013596s][吞吐率：73.55req/s] [内存消耗：934.91kb] [文件加载：27]
[ info ] [ LANG ] /home/wwwroot/pc/pc/thinkphp/lang/zh-cn.php
[ info ] [ ROUTE ] array (
  'type' => 'module',
  'module' => 
  array (
    0 => 'stssys.htm',
    1 => NULL,
    2 => NULL,
  ),
)
[ info ] [ HEADER ] array (
  'user-agent' => 'Wget(linux)',
  'host' => '47.98.122.163',
  'accept' => '*/*',
  'content-type' => '',
  'content-length' => '',
)
[ info ] [ PARAM ] array (
)
[ info ] [ LOG ] INIT File

---------------------------------------------------------------
[ 2018-05-30T01:41:05+08:00 ] 172.16.197.238 189.35.210.226 GET /
[ log ] 47.98.122.163/ [运行时间：0.011539s][吞吐率：86.66req/s] [内存消耗：1,297.89kb] [文件加载：37]
[ info ] [ LANG ] /home/wwwroot/pc/pc/thinkphp/lang/zh-cn.php
[ info ] [ ROUTE ] array (
  'type' => 'module',
  'module' => 
  array (
    0 => '',
    1 => NULL,
    2 => NULL,
  ),
)
[ info ] [ HEADER ] array (
  'user-agent' => 'Wget(linux)',
  'host' => '47.98.122.163',
  'accept' => '*/*',
  'content-type' => '',
  'content-length' => '',
)
[ info ] [ PARAM ] array (
)
[ info ] [ DB ] INIT mysql
[ info ] [ RUN ] app\index\Controller\Index->index[ /home/wwwroot/pc/pc/application/index/controller/Index.php ]
[ info ] [ VIEW ] /home/wwwroot/pc/pc/public/../application/index/view/index/index.html [ array (
  0 => 'name',
) ]
[ info ] [ LOG ] INIT File

---------------------------------------------------------------
[ 2018-05-30T01:43:38+08:00 ] 172.16.197.238 78.189.175.251 GET /
[ log ] 47.98.122.163:8080/ [运行时间：0.011442s][吞吐率：87.40req/s] [内存消耗：1,298.33kb] [文件加载：37]
[ info ] [ LANG ] /home/wwwroot/pc/pc/thinkphp/lang/zh-cn.php
[ info ] [ ROUTE ] array (
  'type' => 'module',
  'module' => 
  array (
    0 => '',
    1 => NULL,
    2 => NULL,
  ),
)
[ info ] [ HEADER ] array (
  'content-length' => '0',
  'user-agent' => 'Mozilla/5.0 (Windows NT 10.0; WOW64) AppleWebKit/537.36 (KHTML, like Gecko) Chrome/51.0.2704.103 Safari/537.36',
  'host' => '47.98.122.163:8080',
  'content-type' => '',
)
[ info ] [ PARAM ] array (
)
[ info ] [ DB ] INIT mysql
[ info ] [ RUN ] app\index\Controller\Index->index[ /home/wwwroot/pc/pc/application/index/controller/Index.php ]
[ info ] [ VIEW ] /home/wwwroot/pc/pc/public/../application/index/view/index/index.html [ array (
  0 => 'name',
) ]
[ info ] [ LOG ] INIT File

---------------------------------------------------------------
[ 2018-05-30T02:06:24+08:00 ] 172.16.197.238 112.80.139.2 GET /currentsetting.htm
[ log ] 47.98.122.163:8080/currentsetting.htm [运行时间：0.009348s][吞吐率：106.97req/s] [内存消耗：934.94kb] [文件加载：27]
[ info ] [ LANG ] /home/wwwroot/pc/pc/thinkphp/lang/zh-cn.php
[ info ] [ ROUTE ] array (
  'type' => 'module',
  'module' => 
  array (
    0 => 'currentsetting.htm',
    1 => NULL,
    2 => NULL,
  ),
)
[ info ] [ HEADER ] array (
  'accept-encoding' => 'identity',
  'host' => '47.98.122.163:8080',
  'content-type' => '',
  'content-length' => '',
)
[ info ] [ PARAM ] array (
)
[ info ] [ LOG ] INIT File

---------------------------------------------------------------
[ 2018-05-30T02:39:25+08:00 ] 172.16.197.238 189.162.249.255 GET /
[ log ] 47.98.122.163:8080/ [运行时间：0.012270s][吞吐率：81.50req/s] [内存消耗：1,298.33kb] [文件加载：37]
[ info ] [ LANG ] /home/wwwroot/pc/pc/thinkphp/lang/zh-cn.php
[ info ] [ ROUTE ] array (
  'type' => 'module',
  'module' => 
  array (
    0 => '',
    1 => NULL,
    2 => NULL,
  ),
)
[ info ] [ HEADER ] array (
  'content-length' => '0',
  'user-agent' => 'Mozilla/5.0 (Macintosh; Intel Mac OS X 10_11_6) AppleWebKit/601.7.7 (KHTML, like Gecko) Version/9.1.2 Safari/601.7.7',
  'host' => '47.98.122.163:8080',
  'content-type' => '',
)
[ info ] [ PARAM ] array (
)
[ info ] [ DB ] INIT mysql
[ info ] [ RUN ] app\index\Controller\Index->index[ /home/wwwroot/pc/pc/application/index/controller/Index.php ]
[ info ] [ VIEW ] /home/wwwroot/pc/pc/public/../application/index/view/index/index.html [ array (
  0 => 'name',
) ]
[ info ] [ LOG ] INIT File

---------------------------------------------------------------
[ 2018-05-30T03:01:11+08:00 ] 172.16.197.238 187.202.183.193 GET /
[ log ] 47.98.122.163:8080/ [运行时间：0.011818s][吞吐率：84.62req/s] [内存消耗：1,298.33kb] [文件加载：37]
[ info ] [ LANG ] /home/wwwroot/pc/pc/thinkphp/lang/zh-cn.php
[ info ] [ ROUTE ] array (
  'type' => 'module',
  'module' => 
  array (
    0 => '',
    1 => NULL,
    2 => NULL,
  ),
)
[ info ] [ HEADER ] array (
  'content-length' => '0',
  'user-agent' => 'Mozilla/5.0 (Windows NT 10.0; WOW64) AppleWebKit/537.36 (KHTML, like Gecko) Chrome/51.0.2704.103 Safari/537.36',
  'host' => '47.98.122.163:8080',
  'content-type' => '',
)
[ info ] [ PARAM ] array (
)
[ info ] [ DB ] INIT mysql
[ info ] [ RUN ] app\index\Controller\Index->index[ /home/wwwroot/pc/pc/application/index/controller/Index.php ]
[ info ] [ VIEW ] /home/wwwroot/pc/pc/public/../application/index/view/index/index.html [ array (
  0 => 'name',
) ]
[ info ] [ LOG ] INIT File

---------------------------------------------------------------
[ 2018-05-30T03:26:52+08:00 ] 172.16.197.238 203.202.247.62 GET /
[ log ] 47.98.122.163:8080/ [运行时间：0.011780s][吞吐率：84.89req/s] [内存消耗：1,298.33kb] [文件加载：37]
[ info ] [ LANG ] /home/wwwroot/pc/pc/thinkphp/lang/zh-cn.php
[ info ] [ ROUTE ] array (
  'type' => 'module',
  'module' => 
  array (
    0 => '',
    1 => NULL,
    2 => NULL,
  ),
)
[ info ] [ HEADER ] array (
  'content-length' => '0',
  'user-agent' => 'Mozilla/5.0 (Windows NT 6.1; WOW64) AppleWebKit/537.36 (KHTML, like Gecko) Chrome/52.0.2743.116 Safari/537.36',
  'host' => '47.98.122.163:8080',
  'content-type' => '',
)
[ info ] [ PARAM ] array (
)
[ info ] [ DB ] INIT mysql
[ info ] [ RUN ] app\index\Controller\Index->index[ /home/wwwroot/pc/pc/application/index/controller/Index.php ]
[ info ] [ VIEW ] /home/wwwroot/pc/pc/public/../application/index/view/index/index.html [ array (
  0 => 'name',
) ]
[ info ] [ LOG ] INIT File

---------------------------------------------------------------
[ 2018-05-30T04:45:52+08:00 ] 172.16.197.238 187.175.49.208 POST /GponForm/diag_Form?images/
[ log ] 127.0.0.1:8080/GponForm/diag_Form?images/ [运行时间：0.008795s][吞吐率：113.70req/s] [内存消耗：937.33kb] [文件加载：27]
[ info ] [ LANG ] /home/wwwroot/pc/pc/thinkphp/lang/zh-cn.php
[ info ] [ ROUTE ] array (
  'type' => 'module',
  'module' => 
  array (
    0 => 'GponForm',
    1 => 'diag_Form',
    2 => NULL,
  ),
)
[ info ] [ HEADER ] array (
  'content-length' => '118',
  'user-agent' => 'Hello, World',
  'accept' => '*/*',
  'accept-encoding' => 'gzip, deflate',
  'connection' => 'keep-alive',
  'host' => '127.0.0.1:8080',
  'content-type' => '',
)
[ info ] [ PARAM ] array (
  'images/' => '',
)
[ info ] [ LOG ] INIT File

---------------------------------------------------------------
[ 2018-05-30T05:06:31+08:00 ] 172.16.197.238 118.96.160.151 GET /
[ log ] 47.98.122.163:8080/ [运行时间：0.011077s][吞吐率：90.28req/s] [内存消耗：1,298.33kb] [文件加载：37]
[ info ] [ LANG ] /home/wwwroot/pc/pc/thinkphp/lang/zh-cn.php
[ info ] [ ROUTE ] array (
  'type' => 'module',
  'module' => 
  array (
    0 => '',
    1 => NULL,
    2 => NULL,
  ),
)
[ info ] [ HEADER ] array (
  'content-length' => '0',
  'user-agent' => 'Mozilla/5.0 (Windows NT 6.1; WOW64) AppleWebKit/537.36 (KHTML, like Gecko) Chrome/51.0.2704.103 Safari/537.36',
  'host' => '47.98.122.163:8080',
  'content-type' => '',
)
[ info ] [ PARAM ] array (
)
[ info ] [ DB ] INIT mysql
[ info ] [ RUN ] app\index\Controller\Index->index[ /home/wwwroot/pc/pc/application/index/controller/Index.php ]
[ info ] [ VIEW ] /home/wwwroot/pc/pc/public/../application/index/view/index/index.html [ array (
  0 => 'name',
) ]
[ info ] [ LOG ] INIT File

---------------------------------------------------------------
[ 2018-05-30T05:22:15+08:00 ] 172.16.197.238 31.3.88.166 GET /
[ log ] 47.98.122.163:8080/ [运行时间：0.012635s][吞吐率：79.15req/s] [内存消耗：1,298.33kb] [文件加载：37]
[ info ] [ LANG ] /home/wwwroot/pc/pc/thinkphp/lang/zh-cn.php
[ info ] [ ROUTE ] array (
  'type' => 'module',
  'module' => 
  array (
    0 => '',
    1 => NULL,
    2 => NULL,
  ),
)
[ info ] [ HEADER ] array (
  'content-length' => '0',
  'user-agent' => 'Mozilla/5.0 (Windows NT 6.1; WOW64) AppleWebKit/537.36 (KHTML, like Gecko) Chrome/52.0.2743.116 Safari/537.36',
  'host' => '47.98.122.163:8080',
  'content-type' => '',
)
[ info ] [ PARAM ] array (
)
[ info ] [ DB ] INIT mysql
[ info ] [ RUN ] app\index\Controller\Index->index[ /home/wwwroot/pc/pc/application/index/controller/Index.php ]
[ info ] [ VIEW ] /home/wwwroot/pc/pc/public/../application/index/view/index/index.html [ array (
  0 => 'name',
) ]
[ info ] [ LOG ] INIT File

---------------------------------------------------------------
[ 2018-05-30T06:06:55+08:00 ] 172.16.197.238 78.169.216.246 GET /
[ log ] 47.98.122.163:8080/ [运行时间：0.012429s][吞吐率：80.46req/s] [内存消耗：1,298.33kb] [文件加载：37]
[ info ] [ LANG ] /home/wwwroot/pc/pc/thinkphp/lang/zh-cn.php
[ info ] [ ROUTE ] array (
  'type' => 'module',
  'module' => 
  array (
    0 => '',
    1 => NULL,
    2 => NULL,
  ),
)
[ info ] [ HEADER ] array (
  'content-length' => '0',
  'user-agent' => 'Mozilla/5.0 (Windows NT 10.0; WOW64) AppleWebKit/537.36 (KHTML, like Gecko) Chrome/51.0.2704.103 Safari/537.36',
  'host' => '47.98.122.163:8080',
  'content-type' => '',
)
[ info ] [ PARAM ] array (
)
[ info ] [ DB ] INIT mysql
[ info ] [ RUN ] app\index\Controller\Index->index[ /home/wwwroot/pc/pc/application/index/controller/Index.php ]
[ info ] [ VIEW ] /home/wwwroot/pc/pc/public/../application/index/view/index/index.html [ array (
  0 => 'name',
) ]
[ info ] [ LOG ] INIT File

---------------------------------------------------------------
[ 2018-05-30T06:24:25+08:00 ] 172.16.197.238 139.162.79.87 GET /
[ log ] 47.98.122.163:8080/ [运行时间：0.012625s][吞吐率：79.21req/s] [内存消耗：1,298.15kb] [文件加载：37]
[ info ] [ LANG ] /home/wwwroot/pc/pc/thinkphp/lang/zh-cn.php
[ info ] [ ROUTE ] array (
  'type' => 'module',
  'module' => 
  array (
    0 => '',
    1 => NULL,
    2 => NULL,
  ),
)
[ info ] [ HEADER ] array (
  'connection' => 'close',
  'accept-encoding' => 'gzip',
  'user-agent' => 'Mozilla/5.0',
  'host' => '47.98.122.163:8080',
  'content-type' => '',
  'content-length' => '',
)
[ info ] [ PARAM ] array (
)
[ info ] [ DB ] INIT mysql
[ info ] [ RUN ] app\index\Controller\Index->index[ /home/wwwroot/pc/pc/application/index/controller/Index.php ]
[ info ] [ VIEW ] /home/wwwroot/pc/pc/public/../application/index/view/index/index.html [ array (
  0 => 'name',
) ]
[ info ] [ LOG ] INIT File

---------------------------------------------------------------
[ 2018-05-30T06:36:21+08:00 ] 172.16.197.238 109.60.140.105 GET /
[ log ] 47.98.122.163:8080/ [运行时间：0.012363s][吞吐率：80.89req/s] [内存消耗：1,297.52kb] [文件加载：37]
[ info ] [ LANG ] /home/wwwroot/pc/pc/thinkphp/lang/zh-cn.php
[ info ] [ ROUTE ] array (
  'type' => 'module',
  'module' => 
  array (
    0 => '',
    1 => NULL,
    2 => NULL,
  ),
)
[ info ] [ HEADER ] array (
  'host' => '47.98.122.163:8080',
  'content-type' => '',
  'content-length' => '',
)
[ info ] [ PARAM ] array (
)
[ info ] [ DB ] INIT mysql
[ info ] [ RUN ] app\index\Controller\Index->index[ /home/wwwroot/pc/pc/application/index/controller/Index.php ]
[ info ] [ VIEW ] /home/wwwroot/pc/pc/public/../application/index/view/index/index.html [ array (
  0 => 'name',
) ]
[ info ] [ LOG ] INIT File

---------------------------------------------------------------
[ 2018-05-30T07:27:07+08:00 ] 172.16.197.238 60.191.38.78 GET /
[ log ] 47.98.122.163:8080/ [运行时间：0.012325s][吞吐率：81.14req/s] [内存消耗：1,298.56kb] [文件加载：37]
[ info ] [ LANG ] /home/wwwroot/pc/pc/thinkphp/lang/zh-cn.php
[ info ] [ ROUTE ] array (
  'type' => 'module',
  'module' => 
  array (
    0 => '',
    1 => NULL,
    2 => NULL,
  ),
)
[ info ] [ HEADER ] array (
  'connection' => 'keep-alive',
  'accept' => 'text/html,application/xhtml+xml,application/xml;q=0.9,*/*;q=0.8',
  'user-agent' => 'Mozilla/5.0 (Macintosh; Intel Mac OS X 10.11; rv:47.0) Gecko/20100101 Firefox/47.0',
  'host' => '47.98.122.163:8080',
  'content-type' => '',
  'content-length' => '',
)
[ info ] [ PARAM ] array (
)
[ info ] [ DB ] INIT mysql
[ info ] [ RUN ] app\index\Controller\Index->index[ /home/wwwroot/pc/pc/application/index/controller/Index.php ]
[ info ] [ VIEW ] /home/wwwroot/pc/pc/public/../application/index/view/index/index.html [ array (
  0 => 'name',
) ]
[ info ] [ LOG ] INIT File

---------------------------------------------------------------
[ 2018-05-30T07:30:34+08:00 ] 172.16.197.238 154.72.81.166 GET /
[ log ] 47.98.122.163:8080/ [运行时间：0.012106s][吞吐率：82.60req/s] [内存消耗：1,298.33kb] [文件加载：37]
[ info ] [ LANG ] /home/wwwroot/pc/pc/thinkphp/lang/zh-cn.php
[ info ] [ ROUTE ] array (
  'type' => 'module',
  'module' => 
  array (
    0 => '',
    1 => NULL,
    2 => NULL,
  ),
)
[ info ] [ HEADER ] array (
  'content-length' => '0',
  'user-agent' => 'Mozilla/5.0 (Windows NT 6.1; WOW64) AppleWebKit/537.36 (KHTML, like Gecko) Chrome/52.0.2743.116 Safari/537.36',
  'host' => '47.98.122.163:8080',
  'content-type' => '',
)
[ info ] [ PARAM ] array (
)
[ info ] [ DB ] INIT mysql
[ info ] [ RUN ] app\index\Controller\Index->index[ /home/wwwroot/pc/pc/application/index/controller/Index.php ]
[ info ] [ VIEW ] /home/wwwroot/pc/pc/public/../application/index/view/index/index.html [ array (
  0 => 'name',
) ]
[ info ] [ LOG ] INIT File

---------------------------------------------------------------
[ 2018-05-30T07:38:14+08:00 ] 172.16.197.238 71.6.165.200 GET /
[ log ] 47.98.122.163/ [运行时间：0.011240s][吞吐率：88.97req/s] [内存消耗：1,298.59kb] [文件加载：37]
[ info ] [ LANG ] /home/wwwroot/pc/pc/thinkphp/lang/zh-cn.php
[ info ] [ ROUTE ] array (
  'type' => 'module',
  'module' => 
  array (
    0 => '',
    1 => NULL,
    2 => NULL,
  ),
)
[ info ] [ HEADER ] array (
  'user-agent' => 'Mozilla/5.0 (Windows NT 6.1) AppleWebKit/537.36 (KHTML, like Gecko) Chrome/41.0.2228.0 Safari/537.36',
  'accept' => 'text/html,application/xhtml+xml,application/xml;q=0.9,*/*;q=0.8',
  'host' => '47.98.122.163',
  'accept-encoding' => 'identity',
  'content-type' => '',
  'content-length' => '',
)
[ info ] [ PARAM ] array (
)
[ info ] [ DB ] INIT mysql
[ info ] [ RUN ] app\index\Controller\Index->index[ /home/wwwroot/pc/pc/application/index/controller/Index.php ]
[ info ] [ VIEW ] /home/wwwroot/pc/pc/public/../application/index/view/index/index.html [ array (
  0 => 'name',
) ]
[ info ] [ LOG ] INIT File

---------------------------------------------------------------
[ 2018-05-30T07:39:25+08:00 ] 172.16.197.238 46.152.43.65 GET /
[ log ] 47.98.122.163:8080/ [运行时间：0.012507s][吞吐率：79.95req/s] [内存消耗：1,298.33kb] [文件加载：37]
[ info ] [ LANG ] /home/wwwroot/pc/pc/thinkphp/lang/zh-cn.php
[ info ] [ ROUTE ] array (
  'type' => 'module',
  'module' => 
  array (
    0 => '',
    1 => NULL,
    2 => NULL,
  ),
)
[ info ] [ HEADER ] array (
  'content-length' => '0',
  'user-agent' => 'Mozilla/5.0 (Windows NT 10.0; WOW64) AppleWebKit/537.36 (KHTML, like Gecko) Chrome/52.0.2743.116 Safari/537.36',
  'host' => '47.98.122.163:8080',
  'content-type' => '',
)
[ info ] [ PARAM ] array (
)
[ info ] [ DB ] INIT mysql
[ info ] [ RUN ] app\index\Controller\Index->index[ /home/wwwroot/pc/pc/application/index/controller/Index.php ]
[ info ] [ VIEW ] /home/wwwroot/pc/pc/public/../application/index/view/index/index.html [ array (
  0 => 'name',
) ]
[ info ] [ LOG ] INIT File

---------------------------------------------------------------
[ 2018-05-30T08:06:05+08:00 ] 172.16.197.238 116.62.176.205 GET /
[ log ] 39.104.90.19:8080/ [运行时间：0.011327s][吞吐率：88.29req/s] [内存消耗：1,297.94kb] [文件加载：37]
[ info ] [ LANG ] /home/wwwroot/pc/pc/thinkphp/lang/zh-cn.php
[ info ] [ ROUTE ] array (
  'type' => 'module',
  'module' => 
  array (
    0 => '',
    1 => NULL,
    2 => NULL,
  ),
)
[ info ] [ HEADER ] array (
  'accept-encoding' => 'identity',
  'connection' => 'Close',
  'host' => '39.104.90.19:8080',
  'content-type' => '',
  'content-length' => '',
)
[ info ] [ PARAM ] array (
)
[ info ] [ DB ] INIT mysql
[ info ] [ RUN ] app\index\Controller\Index->index[ /home/wwwroot/pc/pc/application/index/controller/Index.php ]
[ info ] [ VIEW ] /home/wwwroot/pc/pc/public/../application/index/view/index/index.html [ array (
  0 => 'name',
) ]
[ info ] [ LOG ] INIT File

---------------------------------------------------------------
[ 2018-05-30T08:21:01+08:00 ] 172.16.197.238 36.73.69.201 GET /
[ log ] 47.98.122.163:8080/ [运行时间：0.012691s][吞吐率：78.80req/s] [内存消耗：1,298.33kb] [文件加载：37]
[ info ] [ LANG ] /home/wwwroot/pc/pc/thinkphp/lang/zh-cn.php
[ info ] [ ROUTE ] array (
  'type' => 'module',
  'module' => 
  array (
    0 => '',
    1 => NULL,
    2 => NULL,
  ),
)
[ info ] [ HEADER ] array (
  'content-length' => '0',
  'user-agent' => 'Mozilla/5.0 (Windows NT 6.1; WOW64) AppleWebKit/537.36 (KHTML, like Gecko) Chrome/51.0.2704.103 Safari/537.36',
  'host' => '47.98.122.163:8080',
  'content-type' => '',
)
[ info ] [ PARAM ] array (
)
[ info ] [ DB ] INIT mysql
[ info ] [ RUN ] app\index\Controller\Index->index[ /home/wwwroot/pc/pc/application/index/controller/Index.php ]
[ info ] [ VIEW ] /home/wwwroot/pc/pc/public/../application/index/view/index/index.html [ array (
  0 => 'name',
) ]
[ info ] [ LOG ] INIT File

---------------------------------------------------------------
[ 2018-05-30T08:23:27+08:00 ] 172.16.197.238 189.149.241.240 GET /
[ log ] 47.98.122.163:8080/ [运行时间：0.012636s][吞吐率：79.14req/s] [内存消耗：1,298.33kb] [文件加载：37]
[ info ] [ LANG ] /home/wwwroot/pc/pc/thinkphp/lang/zh-cn.php
[ info ] [ ROUTE ] array (
  'type' => 'module',
  'module' => 
  array (
    0 => '',
    1 => NULL,
    2 => NULL,
  ),
)
[ info ] [ HEADER ] array (
  'content-length' => '0',
  'user-agent' => 'Mozilla/5.0 (Windows NT 6.1; WOW64) AppleWebKit/537.36 (KHTML, like Gecko) Chrome/51.0.2704.103 Safari/537.36',
  'host' => '47.98.122.163:8080',
  'content-type' => '',
)
[ info ] [ PARAM ] array (
)
[ info ] [ DB ] INIT mysql
[ info ] [ RUN ] app\index\Controller\Index->index[ /home/wwwroot/pc/pc/application/index/controller/Index.php ]
[ info ] [ VIEW ] /home/wwwroot/pc/pc/public/../application/index/view/index/index.html [ array (
  0 => 'name',
) ]
[ info ] [ LOG ] INIT File

---------------------------------------------------------------
[ 2018-05-30T08:23:28+08:00 ] 172.16.197.238 189.149.241.240 POST /GponForm/diag_Form?images/
[ log ] 127.0.0.1:8080/GponForm/diag_Form?images/ [运行时间：0.008674s][吞吐率：115.29req/s] [内存消耗：937.33kb] [文件加载：27]
[ info ] [ LANG ] /home/wwwroot/pc/pc/thinkphp/lang/zh-cn.php
[ info ] [ ROUTE ] array (
  'type' => 'module',
  'module' => 
  array (
    0 => 'GponForm',
    1 => 'diag_Form',
    2 => NULL,
  ),
)
[ info ] [ HEADER ] array (
  'content-length' => '118',
  'user-agent' => 'Hello, World',
  'accept' => '*/*',
  'accept-encoding' => 'gzip, deflate',
  'connection' => 'keep-alive',
  'host' => '127.0.0.1:8080',
  'content-type' => '',
)
[ info ] [ PARAM ] array (
  'images/' => '',
)
[ info ] [ LOG ] INIT File

---------------------------------------------------------------
[ 2018-05-30T08:24:02+08:00 ] 172.16.197.238 184.105.139.69 GET /
[ log ] 47.98.122.163/ [运行时间：0.012418s][吞吐率：80.53req/s] [内存消耗：1,297.46kb] [文件加载：37]
[ info ] [ LANG ] /home/wwwroot/pc/pc/thinkphp/lang/zh-cn.php
[ info ] [ ROUTE ] array (
  'type' => 'module',
  'module' => 
  array (
    0 => '',
    1 => NULL,
    2 => NULL,
  ),
)
[ info ] [ HEADER ] array (
  'host' => '47.98.122.163',
  'content-type' => '',
  'content-length' => '',
)
[ info ] [ PARAM ] array (
)
[ info ] [ DB ] INIT mysql
[ info ] [ RUN ] app\index\Controller\Index->index[ /home/wwwroot/pc/pc/application/index/controller/Index.php ]
[ info ] [ VIEW ] /home/wwwroot/pc/pc/public/../application/index/view/index/index.html [ array (
  0 => 'name',
) ]
[ info ] [ LOG ] INIT File

---------------------------------------------------------------
[ 2018-05-30T08:53:31+08:00 ] 172.16.197.238 187.155.11.53 POST /GponForm/diag_Form?images/
[ log ] 127.0.0.1:8080/GponForm/diag_Form?images/ [运行时间：0.009806s][吞吐率：101.98req/s] [内存消耗：937.33kb] [文件加载：27]
[ info ] [ LANG ] /home/wwwroot/pc/pc/thinkphp/lang/zh-cn.php
[ info ] [ ROUTE ] array (
  'type' => 'module',
  'module' => 
  array (
    0 => 'GponForm',
    1 => 'diag_Form',
    2 => NULL,
  ),
)
[ info ] [ HEADER ] array (
  'content-length' => '118',
  'user-agent' => 'Hello, World',
  'accept' => '*/*',
  'accept-encoding' => 'gzip, deflate',
  'connection' => 'keep-alive',
  'host' => '127.0.0.1:8080',
  'content-type' => '',
)
[ info ] [ PARAM ] array (
  'images/' => '',
)
[ info ] [ LOG ] INIT File

---------------------------------------------------------------
[ 2018-05-30T09:01:56+08:00 ] 172.16.197.238 85.217.205.227 GET /
[ log ] 47.98.122.163:8080/ [运行时间：0.012043s][吞吐率：83.04req/s] [内存消耗：1,298.33kb] [文件加载：37]
[ info ] [ LANG ] /home/wwwroot/pc/pc/thinkphp/lang/zh-cn.php
[ info ] [ ROUTE ] array (
  'type' => 'module',
  'module' => 
  array (
    0 => '',
    1 => NULL,
    2 => NULL,
  ),
)
[ info ] [ HEADER ] array (
  'content-length' => '0',
  'user-agent' => 'Mozilla/5.0 (Windows NT 10.0; WOW64) AppleWebKit/537.36 (KHTML, like Gecko) Chrome/51.0.2704.103 Safari/537.36',
  'host' => '47.98.122.163:8080',
  'content-type' => '',
)
[ info ] [ PARAM ] array (
)
[ info ] [ DB ] INIT mysql
[ info ] [ RUN ] app\index\Controller\Index->index[ /home/wwwroot/pc/pc/application/index/controller/Index.php ]
[ info ] [ VIEW ] /home/wwwroot/pc/pc/public/../application/index/view/index/index.html [ array (
  0 => 'name',
) ]
[ info ] [ LOG ] INIT File

---------------------------------------------------------------
[ 2018-05-30T09:01:56+08:00 ] 172.16.197.238 85.217.205.227 GET /
[ log ] 47.98.122.163:8080/ [运行时间：0.023247s][吞吐率：43.02req/s] [内存消耗：1,298.33kb] [文件加载：37]
[ info ] [ LANG ] /home/wwwroot/pc/pc/thinkphp/lang/zh-cn.php
[ info ] [ ROUTE ] array (
  'type' => 'module',
  'module' => 
  array (
    0 => '',
    1 => NULL,
    2 => NULL,
  ),
)
[ info ] [ HEADER ] array (
  'content-length' => '0',
  'user-agent' => 'Mozilla/5.0 (Windows NT 6.1; WOW64) AppleWebKit/537.36 (KHTML, like Gecko) Chrome/52.0.2743.116 Safari/537.36',
  'host' => '47.98.122.163:8080',
  'content-type' => '',
)
[ info ] [ PARAM ] array (
)
[ info ] [ DB ] INIT mysql
[ info ] [ RUN ] app\index\Controller\Index->index[ /home/wwwroot/pc/pc/application/index/controller/Index.php ]
[ info ] [ VIEW ] /home/wwwroot/pc/pc/public/../application/index/view/index/index.html [ array (
  0 => 'name',
) ]
[ info ] [ LOG ] INIT File

---------------------------------------------------------------
[ 2018-05-30T09:21:23+08:00 ] 172.16.197.238 201.140.234.161 GET /
[ log ] 47.98.122.163:8080/ [运行时间：0.012099s][吞吐率：82.65req/s] [内存消耗：1,298.33kb] [文件加载：37]
[ info ] [ LANG ] /home/wwwroot/pc/pc/thinkphp/lang/zh-cn.php
[ info ] [ ROUTE ] array (
  'type' => 'module',
  'module' => 
  array (
    0 => '',
    1 => NULL,
    2 => NULL,
  ),
)
[ info ] [ HEADER ] array (
  'content-length' => '0',
  'user-agent' => 'Mozilla/5.0 (Macintosh; Intel Mac OS X 10_11_6) AppleWebKit/601.7.7 (KHTML, like Gecko) Version/9.1.2 Safari/601.7.7',
  'host' => '47.98.122.163:8080',
  'content-type' => '',
)
[ info ] [ PARAM ] array (
)
[ info ] [ DB ] INIT mysql
[ info ] [ RUN ] app\index\Controller\Index->index[ /home/wwwroot/pc/pc/application/index/controller/Index.php ]
[ info ] [ VIEW ] /home/wwwroot/pc/pc/public/../application/index/view/index/index.html [ array (
  0 => 'name',
) ]
[ info ] [ LOG ] INIT File

---------------------------------------------------------------
[ 2018-05-30T10:24:21+08:00 ] 172.16.197.238 189.160.195.197 GET /
[ log ] 47.98.122.163:8080/ [运行时间：0.011708s][吞吐率：85.41req/s] [内存消耗：1,298.33kb] [文件加载：37]
[ info ] [ LANG ] /home/wwwroot/pc/pc/thinkphp/lang/zh-cn.php
[ info ] [ ROUTE ] array (
  'type' => 'module',
  'module' => 
  array (
    0 => '',
    1 => NULL,
    2 => NULL,
  ),
)
[ info ] [ HEADER ] array (
  'content-length' => '0',
  'user-agent' => 'Mozilla/5.0 (Windows NT 10.0; WOW64) AppleWebKit/537.36 (KHTML, like Gecko) Chrome/52.0.2743.116 Safari/537.36',
  'host' => '47.98.122.163:8080',
  'content-type' => '',
)
[ info ] [ PARAM ] array (
)
[ info ] [ DB ] INIT mysql
[ info ] [ RUN ] app\index\Controller\Index->index[ /home/wwwroot/pc/pc/application/index/controller/Index.php ]
[ info ] [ VIEW ] /home/wwwroot/pc/pc/public/../application/index/view/index/index.html [ array (
  0 => 'name',
) ]
[ info ] [ LOG ] INIT File

---------------------------------------------------------------
[ 2018-05-30T11:42:00+08:00 ] 172.16.197.238 38.95.193.56 GET /
[ log ] 47.98.122.163:8080/ [运行时间：0.013036s][吞吐率：76.71req/s] [内存消耗：1,298.33kb] [文件加载：37]
[ info ] [ LANG ] /home/wwwroot/pc/pc/thinkphp/lang/zh-cn.php
[ info ] [ ROUTE ] array (
  'type' => 'module',
  'module' => 
  array (
    0 => '',
    1 => NULL,
    2 => NULL,
  ),
)
[ info ] [ HEADER ] array (
  'content-length' => '0',
  'user-agent' => 'Mozilla/5.0 (Windows NT 10.0; WOW64) AppleWebKit/537.36 (KHTML, like Gecko) Chrome/51.0.2704.103 Safari/537.36',
  'host' => '47.98.122.163:8080',
  'content-type' => '',
)
[ info ] [ PARAM ] array (
)
[ info ] [ DB ] INIT mysql
[ info ] [ RUN ] app\index\Controller\Index->index[ /home/wwwroot/pc/pc/application/index/controller/Index.php ]
[ info ] [ VIEW ] /home/wwwroot/pc/pc/public/../application/index/view/index/index.html [ array (
  0 => 'name',
) ]
[ info ] [ LOG ] INIT File

---------------------------------------------------------------
[ 2018-05-30T11:51:08+08:00 ] 172.16.197.238 187.136.204.229 GET /
[ log ] 47.98.122.163:8080/ [运行时间：0.011153s][吞吐率：89.66req/s] [内存消耗：1,298.33kb] [文件加载：37]
[ info ] [ LANG ] /home/wwwroot/pc/pc/thinkphp/lang/zh-cn.php
[ info ] [ ROUTE ] array (
  'type' => 'module',
  'module' => 
  array (
    0 => '',
    1 => NULL,
    2 => NULL,
  ),
)
[ info ] [ HEADER ] array (
  'content-length' => '0',
  'user-agent' => 'Mozilla/5.0 (Windows NT 10.0; WOW64) AppleWebKit/537.36 (KHTML, like Gecko) Chrome/52.0.2743.116 Safari/537.36',
  'host' => '47.98.122.163:8080',
  'content-type' => '',
)
[ info ] [ PARAM ] array (
)
[ info ] [ DB ] INIT mysql
[ info ] [ RUN ] app\index\Controller\Index->index[ /home/wwwroot/pc/pc/application/index/controller/Index.php ]
[ info ] [ VIEW ] /home/wwwroot/pc/pc/public/../application/index/view/index/index.html [ array (
  0 => 'name',
) ]
[ info ] [ LOG ] INIT File

---------------------------------------------------------------
[ 2018-05-30T11:51:09+08:00 ] 172.16.197.238 187.136.204.229 POST /GponForm/diag_Form?images/
[ log ] 127.0.0.1:8080/GponForm/diag_Form?images/ [运行时间：0.009193s][吞吐率：108.78req/s] [内存消耗：937.33kb] [文件加载：27]
[ info ] [ LANG ] /home/wwwroot/pc/pc/thinkphp/lang/zh-cn.php
[ info ] [ ROUTE ] array (
  'type' => 'module',
  'module' => 
  array (
    0 => 'GponForm',
    1 => 'diag_Form',
    2 => NULL,
  ),
)
[ info ] [ HEADER ] array (
  'content-length' => '118',
  'user-agent' => 'Hello, World',
  'accept' => '*/*',
  'accept-encoding' => 'gzip, deflate',
  'connection' => 'keep-alive',
  'host' => '127.0.0.1:8080',
  'content-type' => '',
)
[ info ] [ PARAM ] array (
  'images/' => '',
)
[ info ] [ LOG ] INIT File

---------------------------------------------------------------
[ 2018-05-30T12:04:06+08:00 ] 172.16.197.238 165.0.171.171 GET /
[ log ] 47.98.122.163:8080/ [运行时间：0.011740s][吞吐率：85.18req/s] [内存消耗：1,298.33kb] [文件加载：37]
[ info ] [ LANG ] /home/wwwroot/pc/pc/thinkphp/lang/zh-cn.php
[ info ] [ ROUTE ] array (
  'type' => 'module',
  'module' => 
  array (
    0 => '',
    1 => NULL,
    2 => NULL,
  ),
)
[ info ] [ HEADER ] array (
  'content-length' => '0',
  'user-agent' => 'Mozilla/5.0 (Windows NT 6.1; WOW64) AppleWebKit/537.36 (KHTML, like Gecko) Chrome/52.0.2743.116 Safari/537.36',
  'host' => '47.98.122.163:8080',
  'content-type' => '',
)
[ info ] [ PARAM ] array (
)
[ info ] [ DB ] INIT mysql
[ info ] [ RUN ] app\index\Controller\Index->index[ /home/wwwroot/pc/pc/application/index/controller/Index.php ]
[ info ] [ VIEW ] /home/wwwroot/pc/pc/public/../application/index/view/index/index.html [ array (
  0 => 'name',
) ]
[ info ] [ LOG ] INIT File

---------------------------------------------------------------
[ 2018-05-30T12:36:14+08:00 ] 172.16.197.238 189.153.155.166 GET /
[ log ] 47.98.122.163:8080/ [运行时间：0.016788s][吞吐率：59.57req/s] [内存消耗：1,298.33kb] [文件加载：37]
[ info ] [ LANG ] /home/wwwroot/pc/pc/thinkphp/lang/zh-cn.php
[ info ] [ ROUTE ] array (
  'type' => 'module',
  'module' => 
  array (
    0 => '',
    1 => NULL,
    2 => NULL,
  ),
)
[ info ] [ HEADER ] array (
  'content-length' => '0',
  'user-agent' => 'Mozilla/5.0 (Windows NT 6.1; WOW64) AppleWebKit/537.36 (KHTML, like Gecko) Chrome/52.0.2743.116 Safari/537.36',
  'host' => '47.98.122.163:8080',
  'content-type' => '',
)
[ info ] [ PARAM ] array (
)
[ info ] [ DB ] INIT mysql
[ info ] [ RUN ] app\index\Controller\Index->index[ /home/wwwroot/pc/pc/application/index/controller/Index.php ]
[ info ] [ VIEW ] /home/wwwroot/pc/pc/public/../application/index/view/index/index.html [ array (
  0 => 'name',
) ]
[ info ] [ LOG ] INIT File

---------------------------------------------------------------
[ 2018-05-30T13:02:34+08:00 ] 172.16.197.238 189.163.243.1 POST /GponForm/diag_Form?images/
[ log ] 127.0.0.1:8080/GponForm/diag_Form?images/ [运行时间：0.008799s][吞吐率：113.65req/s] [内存消耗：937.33kb] [文件加载：27]
[ info ] [ LANG ] /home/wwwroot/pc/pc/thinkphp/lang/zh-cn.php
[ info ] [ ROUTE ] array (
  'type' => 'module',
  'module' => 
  array (
    0 => 'GponForm',
    1 => 'diag_Form',
    2 => NULL,
  ),
)
[ info ] [ HEADER ] array (
  'content-length' => '118',
  'user-agent' => 'Hello, World',
  'accept' => '*/*',
  'accept-encoding' => 'gzip, deflate',
  'connection' => 'keep-alive',
  'host' => '127.0.0.1:8080',
  'content-type' => '',
)
[ info ] [ PARAM ] array (
  'images/' => '',
)
[ info ] [ LOG ] INIT File

---------------------------------------------------------------
[ 2018-05-30T13:12:34+08:00 ] 172.16.197.238 103.55.78.214 GET /
[ log ] 47.98.122.163:8080/ [运行时间：0.011815s][吞吐率：84.64req/s] [内存消耗：1,298.33kb] [文件加载：37]
[ info ] [ LANG ] /home/wwwroot/pc/pc/thinkphp/lang/zh-cn.php
[ info ] [ ROUTE ] array (
  'type' => 'module',
  'module' => 
  array (
    0 => '',
    1 => NULL,
    2 => NULL,
  ),
)
[ info ] [ HEADER ] array (
  'content-length' => '0',
  'user-agent' => 'Mozilla/5.0 (Windows NT 6.1; WOW64) AppleWebKit/537.36 (KHTML, like Gecko) Chrome/52.0.2743.116 Safari/537.36',
  'host' => '47.98.122.163:8080',
  'content-type' => '',
)
[ info ] [ PARAM ] array (
)
[ info ] [ DB ] INIT mysql
[ info ] [ RUN ] app\index\Controller\Index->index[ /home/wwwroot/pc/pc/application/index/controller/Index.php ]
[ info ] [ VIEW ] /home/wwwroot/pc/pc/public/../application/index/view/index/index.html [ array (
  0 => 'name',
) ]
[ info ] [ LOG ] INIT File

---------------------------------------------------------------
[ 2018-05-30T13:15:39+08:00 ] 172.16.197.238 47.92.119.45 GET /
[ log ] 47.98.122.163:8080/ [运行时间：0.012480s][吞吐率：80.13req/s] [内存消耗：1,298.53kb] [文件加载：37]
[ info ] [ LANG ] /home/wwwroot/pc/pc/thinkphp/lang/zh-cn.php
[ info ] [ ROUTE ] array (
  'type' => 'module',
  'module' => 
  array (
    0 => '',
    1 => NULL,
    2 => NULL,
  ),
)
[ info ] [ HEADER ] array (
  'connection' => 'keep-alive',
  'accept' => 'text/html, image/gif, image/jpeg, *; q=.2, */*; q=.2',
  'host' => '47.98.122.163:8080',
  'user-agent' => 'Mozilla/5.0 (X11; Ubuntu; Linux x86_64; rv:36.0) Gecko/20100101 Firefox/36.0',
  'content-type' => '',
  'content-length' => '',
)
[ info ] [ PARAM ] array (
)
[ info ] [ DB ] INIT mysql
[ info ] [ RUN ] app\index\Controller\Index->index[ /home/wwwroot/pc/pc/application/index/controller/Index.php ]
[ info ] [ VIEW ] /home/wwwroot/pc/pc/public/../application/index/view/index/index.html [ array (
  0 => 'name',
) ]
[ info ] [ LOG ] INIT File

---------------------------------------------------------------
[ 2018-05-30T13:36:24+08:00 ] 172.16.197.238 189.232.6.180 POST /GponForm/diag_Form?images/
[ log ] 127.0.0.1:8080/GponForm/diag_Form?images/ [运行时间：0.008626s][吞吐率：115.93req/s] [内存消耗：937.33kb] [文件加载：27]
[ info ] [ LANG ] /home/wwwroot/pc/pc/thinkphp/lang/zh-cn.php
[ info ] [ ROUTE ] array (
  'type' => 'module',
  'module' => 
  array (
    0 => 'GponForm',
    1 => 'diag_Form',
    2 => NULL,
  ),
)
[ info ] [ HEADER ] array (
  'content-length' => '118',
  'user-agent' => 'Hello, World',
  'accept' => '*/*',
  'accept-encoding' => 'gzip, deflate',
  'connection' => 'keep-alive',
  'host' => '127.0.0.1:8080',
  'content-type' => '',
)
[ info ] [ PARAM ] array (
  'images/' => '',
)
[ info ] [ LOG ] INIT File

---------------------------------------------------------------
[ 2018-05-30T14:37:58+08:00 ] 172.16.197.238 5.221.255.249 GET /
[ log ] 47.98.122.163:8080/ [运行时间：0.012376s][吞吐率：80.80req/s] [内存消耗：1,298.33kb] [文件加载：37]
[ info ] [ LANG ] /home/wwwroot/pc/pc/thinkphp/lang/zh-cn.php
[ info ] [ ROUTE ] array (
  'type' => 'module',
  'module' => 
  array (
    0 => '',
    1 => NULL,
    2 => NULL,
  ),
)
[ info ] [ HEADER ] array (
  'content-length' => '0',
  'user-agent' => 'Mozilla/5.0 (Macintosh; Intel Mac OS X 10_11_6) AppleWebKit/601.7.7 (KHTML, like Gecko) Version/9.1.2 Safari/601.7.7',
  'host' => '47.98.122.163:8080',
  'content-type' => '',
)
[ info ] [ PARAM ] array (
)
[ info ] [ DB ] INIT mysql
[ info ] [ RUN ] app\index\Controller\Index->index[ /home/wwwroot/pc/pc/application/index/controller/Index.php ]
[ info ] [ VIEW ] /home/wwwroot/pc/pc/public/../application/index/view/index/index.html [ array (
  0 => 'name',
) ]
[ info ] [ LOG ] INIT File

---------------------------------------------------------------
[ 2018-05-30T15:24:28+08:00 ] 172.16.197.238 187.225.158.71 GET /
[ log ] 47.98.122.163:8080/ [运行时间：0.011816s][吞吐率：84.63req/s] [内存消耗：1,298.33kb] [文件加载：37]
[ info ] [ LANG ] /home/wwwroot/pc/pc/thinkphp/lang/zh-cn.php
[ info ] [ ROUTE ] array (
  'type' => 'module',
  'module' => 
  array (
    0 => '',
    1 => NULL,
    2 => NULL,
  ),
)
[ info ] [ HEADER ] array (
  'content-length' => '0',
  'user-agent' => 'Mozilla/5.0 (Windows NT 10.0; WOW64) AppleWebKit/537.36 (KHTML, like Gecko) Chrome/52.0.2743.116 Safari/537.36',
  'host' => '47.98.122.163:8080',
  'content-type' => '',
)
[ info ] [ PARAM ] array (
)
[ info ] [ DB ] INIT mysql
[ info ] [ RUN ] app\index\Controller\Index->index[ /home/wwwroot/pc/pc/application/index/controller/Index.php ]
[ info ] [ VIEW ] /home/wwwroot/pc/pc/public/../application/index/view/index/index.html [ array (
  0 => 'name',
) ]
[ info ] [ LOG ] INIT File

---------------------------------------------------------------
[ 2018-05-30T15:24:28+08:00 ] 172.16.197.238 187.225.158.71 GET /
[ log ] 47.98.122.163:8080/ [运行时间：0.011050s][吞吐率：90.50req/s] [内存消耗：1,298.33kb] [文件加载：37]
[ info ] [ LANG ] /home/wwwroot/pc/pc/thinkphp/lang/zh-cn.php
[ info ] [ ROUTE ] array (
  'type' => 'module',
  'module' => 
  array (
    0 => '',
    1 => NULL,
    2 => NULL,
  ),
)
[ info ] [ HEADER ] array (
  'content-length' => '0',
  'user-agent' => 'Mozilla/5.0 (Windows NT 10.0; WOW64) AppleWebKit/537.36 (KHTML, like Gecko) Chrome/51.0.2704.103 Safari/537.36',
  'host' => '47.98.122.163:8080',
  'content-type' => '',
)
[ info ] [ PARAM ] array (
)
[ info ] [ DB ] INIT mysql
[ info ] [ RUN ] app\index\Controller\Index->index[ /home/wwwroot/pc/pc/application/index/controller/Index.php ]
[ info ] [ VIEW ] /home/wwwroot/pc/pc/public/../application/index/view/index/index.html [ array (
  0 => 'name',
) ]
[ info ] [ LOG ] INIT File

---------------------------------------------------------------
[ 2018-05-30T15:45:30+08:00 ] 172.16.197.238 170.254.45.85 GET /
[ log ] 47.98.122.163:8080/ [运行时间：0.012158s][吞吐率：82.25req/s] [内存消耗：1,298.33kb] [文件加载：37]
[ info ] [ LANG ] /home/wwwroot/pc/pc/thinkphp/lang/zh-cn.php
[ info ] [ ROUTE ] array (
  'type' => 'module',
  'module' => 
  array (
    0 => '',
    1 => NULL,
    2 => NULL,
  ),
)
[ info ] [ HEADER ] array (
  'content-length' => '0',
  'user-agent' => 'Mozilla/5.0 (Windows NT 6.1; WOW64) AppleWebKit/537.36 (KHTML, like Gecko) Chrome/51.0.2704.103 Safari/537.36',
  'host' => '47.98.122.163:8080',
  'content-type' => '',
)
[ info ] [ PARAM ] array (
)
[ info ] [ DB ] INIT mysql
[ info ] [ RUN ] app\index\Controller\Index->index[ /home/wwwroot/pc/pc/application/index/controller/Index.php ]
[ info ] [ VIEW ] /home/wwwroot/pc/pc/public/../application/index/view/index/index.html [ array (
  0 => 'name',
) ]
[ info ] [ LOG ] INIT File

---------------------------------------------------------------
[ 2018-05-30T16:08:45+08:00 ] 172.16.197.238 47.92.2.1 GET /
[ log ] 39.104.86.56:8080/ [运行时间：0.012210s][吞吐率：81.90req/s] [内存消耗：1,297.94kb] [文件加载：37]
[ info ] [ LANG ] /home/wwwroot/pc/pc/thinkphp/lang/zh-cn.php
[ info ] [ ROUTE ] array (
  'type' => 'module',
  'module' => 
  array (
    0 => '',
    1 => NULL,
    2 => NULL,
  ),
)
[ info ] [ HEADER ] array (
  'accept-encoding' => 'identity',
  'connection' => 'Close',
  'host' => '39.104.86.56:8080',
  'content-type' => '',
  'content-length' => '',
)
[ info ] [ PARAM ] array (
)
[ info ] [ DB ] INIT mysql
[ info ] [ RUN ] app\index\Controller\Index->index[ /home/wwwroot/pc/pc/application/index/controller/Index.php ]
[ info ] [ VIEW ] /home/wwwroot/pc/pc/public/../application/index/view/index/index.html [ array (
  0 => 'name',
) ]
[ info ] [ LOG ] INIT File

---------------------------------------------------------------
[ 2018-05-30T17:32:50+08:00 ] 172.16.197.238 195.200.245.236 GET /
[ log ] 47.98.122.163:8080/ [运行时间：0.012166s][吞吐率：82.20req/s] [内存消耗：1,298.33kb] [文件加载：37]
[ info ] [ LANG ] /home/wwwroot/pc/pc/thinkphp/lang/zh-cn.php
[ info ] [ ROUTE ] array (
  'type' => 'module',
  'module' => 
  array (
    0 => '',
    1 => NULL,
    2 => NULL,
  ),
)
[ info ] [ HEADER ] array (
  'content-length' => '0',
  'user-agent' => 'Mozilla/5.0 (Windows NT 6.1; WOW64) AppleWebKit/537.36 (KHTML, like Gecko) Chrome/51.0.2704.103 Safari/537.36',
  'host' => '47.98.122.163:8080',
  'content-type' => '',
)
[ info ] [ PARAM ] array (
)
[ info ] [ DB ] INIT mysql
[ info ] [ RUN ] app\index\Controller\Index->index[ /home/wwwroot/pc/pc/application/index/controller/Index.php ]
[ info ] [ VIEW ] /home/wwwroot/pc/pc/public/../application/index/view/index/index.html [ array (
  0 => 'name',
) ]
[ info ] [ LOG ] INIT File

---------------------------------------------------------------
[ 2018-05-30T17:40:11+08:00 ] 172.16.197.238 187.147.111.37 POST /GponForm/diag_Form?images/
[ log ] 127.0.0.1:8080/GponForm/diag_Form?images/ [运行时间：0.009416s][吞吐率：106.20req/s] [内存消耗：937.33kb] [文件加载：27]
[ info ] [ LANG ] /home/wwwroot/pc/pc/thinkphp/lang/zh-cn.php
[ info ] [ ROUTE ] array (
  'type' => 'module',
  'module' => 
  array (
    0 => 'GponForm',
    1 => 'diag_Form',
    2 => NULL,
  ),
)
[ info ] [ HEADER ] array (
  'content-length' => '118',
  'user-agent' => 'Hello, World',
  'accept' => '*/*',
  'accept-encoding' => 'gzip, deflate',
  'connection' => 'keep-alive',
  'host' => '127.0.0.1:8080',
  'content-type' => '',
)
[ info ] [ PARAM ] array (
  'images/' => '',
)
[ info ] [ LOG ] INIT File

---------------------------------------------------------------
[ 2018-05-30T18:43:07+08:00 ] 172.16.197.238 189.47.224.162 GET /
[ log ] 47.98.122.163:8080/ [运行时间：0.012074s][吞吐率：82.82req/s] [内存消耗：1,298.33kb] [文件加载：37]
[ info ] [ LANG ] /home/wwwroot/pc/pc/thinkphp/lang/zh-cn.php
[ info ] [ ROUTE ] array (
  'type' => 'module',
  'module' => 
  array (
    0 => '',
    1 => NULL,
    2 => NULL,
  ),
)
[ info ] [ HEADER ] array (
  'content-length' => '0',
  'user-agent' => 'Mozilla/5.0 (Windows NT 10.0; WOW64) AppleWebKit/537.36 (KHTML, like Gecko) Chrome/52.0.2743.116 Safari/537.36',
  'host' => '47.98.122.163:8080',
  'content-type' => '',
)
[ info ] [ PARAM ] array (
)
[ info ] [ DB ] INIT mysql
[ info ] [ RUN ] app\index\Controller\Index->index[ /home/wwwroot/pc/pc/application/index/controller/Index.php ]
[ info ] [ VIEW ] /home/wwwroot/pc/pc/public/../application/index/view/index/index.html [ array (
  0 => 'name',
) ]
[ info ] [ LOG ] INIT File

---------------------------------------------------------------
[ 2018-05-30T20:43:41+08:00 ] 172.16.197.238 188.38.14.73 GET /
[ log ] 47.98.122.163:8080/ [运行时间：0.011410s][吞吐率：87.64req/s] [内存消耗：1,298.33kb] [文件加载：37]
[ info ] [ LANG ] /home/wwwroot/pc/pc/thinkphp/lang/zh-cn.php
[ info ] [ ROUTE ] array (
  'type' => 'module',
  'module' => 
  array (
    0 => '',
    1 => NULL,
    2 => NULL,
  ),
)
[ info ] [ HEADER ] array (
  'content-length' => '0',
  'user-agent' => 'Mozilla/5.0 (Macintosh; Intel Mac OS X 10_11_6) AppleWebKit/601.7.7 (KHTML, like Gecko) Version/9.1.2 Safari/601.7.7',
  'host' => '47.98.122.163:8080',
  'content-type' => '',
)
[ info ] [ PARAM ] array (
)
[ info ] [ DB ] INIT mysql
[ info ] [ RUN ] app\index\Controller\Index->index[ /home/wwwroot/pc/pc/application/index/controller/Index.php ]
[ info ] [ VIEW ] /home/wwwroot/pc/pc/public/../application/index/view/index/index.html [ array (
  0 => 'name',
) ]
[ info ] [ LOG ] INIT File

---------------------------------------------------------------
[ 2018-05-30T20:53:19+08:00 ] 172.16.197.238 200.85.169.194 GET /
[ log ] 47.98.122.163:8080/ [运行时间：0.011433s][吞吐率：87.47req/s] [内存消耗：1,298.33kb] [文件加载：37]
[ info ] [ LANG ] /home/wwwroot/pc/pc/thinkphp/lang/zh-cn.php
[ info ] [ ROUTE ] array (
  'type' => 'module',
  'module' => 
  array (
    0 => '',
    1 => NULL,
    2 => NULL,
  ),
)
[ info ] [ HEADER ] array (
  'content-length' => '0',
  'user-agent' => 'Mozilla/5.0 (Windows NT 6.1; WOW64) AppleWebKit/537.36 (KHTML, like Gecko) Chrome/52.0.2743.116 Safari/537.36',
  'host' => '47.98.122.163:8080',
  'content-type' => '',
)
[ info ] [ PARAM ] array (
)
[ info ] [ DB ] INIT mysql
[ info ] [ RUN ] app\index\Controller\Index->index[ /home/wwwroot/pc/pc/application/index/controller/Index.php ]
[ info ] [ VIEW ] /home/wwwroot/pc/pc/public/../application/index/view/index/index.html [ array (
  0 => 'name',
) ]
[ info ] [ LOG ] INIT File

---------------------------------------------------------------
[ 2018-05-30T21:00:20+08:00 ] 172.16.197.238 203.83.168.118 GET /
[ log ] 47.98.122.163:8080/ [运行时间：0.012031s][吞吐率：83.12req/s] [内存消耗：1,298.33kb] [文件加载：37]
[ info ] [ LANG ] /home/wwwroot/pc/pc/thinkphp/lang/zh-cn.php
[ info ] [ ROUTE ] array (
  'type' => 'module',
  'module' => 
  array (
    0 => '',
    1 => NULL,
    2 => NULL,
  ),
)
[ info ] [ HEADER ] array (
  'content-length' => '0',
  'user-agent' => 'Mozilla/5.0 (Windows NT 6.1; WOW64) AppleWebKit/537.36 (KHTML, like Gecko) Chrome/51.0.2704.103 Safari/537.36',
  'host' => '47.98.122.163:8080',
  'content-type' => '',
)
[ info ] [ PARAM ] array (
)
[ info ] [ DB ] INIT mysql
[ info ] [ RUN ] app\index\Controller\Index->index[ /home/wwwroot/pc/pc/application/index/controller/Index.php ]
[ info ] [ VIEW ] /home/wwwroot/pc/pc/public/../application/index/view/index/index.html [ array (
  0 => 'name',
) ]
[ info ] [ LOG ] INIT File

---------------------------------------------------------------
[ 2018-05-30T21:24:39+08:00 ] 172.16.197.238 202.74.243.187 GET /
[ log ] 47.98.122.163:8080/ [运行时间：0.011183s][吞吐率：89.42req/s] [内存消耗：1,298.33kb] [文件加载：37]
[ info ] [ LANG ] /home/wwwroot/pc/pc/thinkphp/lang/zh-cn.php
[ info ] [ ROUTE ] array (
  'type' => 'module',
  'module' => 
  array (
    0 => '',
    1 => NULL,
    2 => NULL,
  ),
)
[ info ] [ HEADER ] array (
  'content-length' => '0',
  'user-agent' => 'Mozilla/5.0 (Macintosh; Intel Mac OS X 10_11_6) AppleWebKit/601.7.7 (KHTML, like Gecko) Version/9.1.2 Safari/601.7.7',
  'host' => '47.98.122.163:8080',
  'content-type' => '',
)
[ info ] [ PARAM ] array (
)
[ info ] [ DB ] INIT mysql
[ info ] [ RUN ] app\index\Controller\Index->index[ /home/wwwroot/pc/pc/application/index/controller/Index.php ]
[ info ] [ VIEW ] /home/wwwroot/pc/pc/public/../application/index/view/index/index.html [ array (
  0 => 'name',
) ]
[ info ] [ LOG ] INIT File

---------------------------------------------------------------
[ 2018-05-30T22:08:44+08:00 ] 172.16.197.238 203.202.248.42 GET /
[ log ] 47.98.122.163:8080/ [运行时间：0.011275s][吞吐率：88.69req/s] [内存消耗：1,298.33kb] [文件加载：37]
[ info ] [ LANG ] /home/wwwroot/pc/pc/thinkphp/lang/zh-cn.php
[ info ] [ ROUTE ] array (
  'type' => 'module',
  'module' => 
  array (
    0 => '',
    1 => NULL,
    2 => NULL,
  ),
)
[ info ] [ HEADER ] array (
  'content-length' => '0',
  'user-agent' => 'Mozilla/5.0 (Windows NT 6.1; WOW64) AppleWebKit/537.36 (KHTML, like Gecko) Chrome/51.0.2704.103 Safari/537.36',
  'host' => '47.98.122.163:8080',
  'content-type' => '',
)
[ info ] [ PARAM ] array (
)
[ info ] [ DB ] INIT mysql
[ info ] [ RUN ] app\index\Controller\Index->index[ /home/wwwroot/pc/pc/application/index/controller/Index.php ]
[ info ] [ VIEW ] /home/wwwroot/pc/pc/public/../application/index/view/index/index.html [ array (
  0 => 'name',
) ]
[ info ] [ LOG ] INIT File

---------------------------------------------------------------
[ 2018-05-30T23:02:03+08:00 ] 172.16.197.238 120.26.211.148 GET /
[ log ] 42.232.88.55:8080/ [运行时间：0.011410s][吞吐率：87.64req/s] [内存消耗：1,297.94kb] [文件加载：37]
[ info ] [ LANG ] /home/wwwroot/pc/pc/thinkphp/lang/zh-cn.php
[ info ] [ ROUTE ] array (
  'type' => 'module',
  'module' => 
  array (
    0 => '',
    1 => NULL,
    2 => NULL,
  ),
)
[ info ] [ HEADER ] array (
  'accept-encoding' => 'identity',
  'connection' => 'Close',
  'host' => '42.232.88.55:8080',
  'content-type' => '',
  'content-length' => '',
)
[ info ] [ PARAM ] array (
)
[ info ] [ DB ] INIT mysql
[ info ] [ RUN ] app\index\Controller\Index->index[ /home/wwwroot/pc/pc/application/index/controller/Index.php ]
[ info ] [ VIEW ] /home/wwwroot/pc/pc/public/../application/index/view/index/index.html [ array (
  0 => 'name',
) ]
[ info ] [ LOG ] INIT File

---------------------------------------------------------------
[ 2018-05-30T23:12:22+08:00 ] 172.16.197.238 45.115.172.123 GET /
[ log ] 47.98.122.163:8080/ [运行时间：0.012284s][吞吐率：81.41req/s] [内存消耗：1,298.33kb] [文件加载：37]
[ info ] [ LANG ] /home/wwwroot/pc/pc/thinkphp/lang/zh-cn.php
[ info ] [ ROUTE ] array (
  'type' => 'module',
  'module' => 
  array (
    0 => '',
    1 => NULL,
    2 => NULL,
  ),
)
[ info ] [ HEADER ] array (
  'content-length' => '0',
  'user-agent' => 'Mozilla/5.0 (Windows NT 6.1; WOW64) AppleWebKit/537.36 (KHTML, like Gecko) Chrome/52.0.2743.116 Safari/537.36',
  'host' => '47.98.122.163:8080',
  'content-type' => '',
)
[ info ] [ PARAM ] array (
)
[ info ] [ DB ] INIT mysql
[ info ] [ RUN ] app\index\Controller\Index->index[ /home/wwwroot/pc/pc/application/index/controller/Index.php ]
[ info ] [ VIEW ] /home/wwwroot/pc/pc/public/../application/index/view/index/index.html [ array (
  0 => 'name',
) ]
[ info ] [ LOG ] INIT File

---------------------------------------------------------------
[ 2018-05-30T23:28:49+08:00 ] 172.16.197.238 177.74.159.150 GET /
[ log ] 47.98.122.163:8080/ [运行时间：0.011649s][吞吐率：85.84req/s] [内存消耗：1,298.33kb] [文件加载：37]
[ info ] [ LANG ] /home/wwwroot/pc/pc/thinkphp/lang/zh-cn.php
[ info ] [ ROUTE ] array (
  'type' => 'module',
  'module' => 
  array (
    0 => '',
    1 => NULL,
    2 => NULL,
  ),
)
[ info ] [ HEADER ] array (
  'content-length' => '0',
  'user-agent' => 'Mozilla/5.0 (Macintosh; Intel Mac OS X 10_11_6) AppleWebKit/601.7.7 (KHTML, like Gecko) Version/9.1.2 Safari/601.7.7',
  'host' => '47.98.122.163:8080',
  'content-type' => '',
)
[ info ] [ PARAM ] array (
)
[ info ] [ DB ] INIT mysql
[ info ] [ RUN ] app\index\Controller\Index->index[ /home/wwwroot/pc/pc/application/index/controller/Index.php ]
[ info ] [ VIEW ] /home/wwwroot/pc/pc/public/../application/index/view/index/index.html [ array (
  0 => 'name',
) ]
[ info ] [ LOG ] INIT File

---------------------------------------------------------------
